TN:
SF:renderer\engine\auto-pipeline.ts
FN:2,executePipeline
FN:11,getDefaultPipelineConfig
FNF:2
FNH:0
FNDA:0,executePipeline
FNDA:0,getDefaultPipelineConfig
DA:2,0
DA:3,0
DA:11,0
DA:12,0
LF:4
LH:0
BRF:0
BRH:0
end_of_record
TN:
SF:renderer\engine\director.ts
FN:2,analyzeManuscript
FN:6,calculateQualityTag
FNF:2
FNH:0
FNDA:0,analyzeManuscript
FNDA:0,calculateQualityTag
DA:2,0
DA:3,0
DA:6,0
DA:7,0
LF:4
LH:0
BRF:0
BRH:0
end_of_record
TN:
SF:renderer\engine\pipeline.ts
FN:2,stripEngineArtifacts
FNF:1
FNH:0
FNDA:0,stripEngineArtifacts
DA:2,0
DA:3,0
LF:2
LH:0
BRF:0
BRH:0
end_of_record
TN:
SF:renderer\engine\proactive-suggestions.ts
FN:2,generateSuggestions
FN:6,getDefaultSuggestionConfig
FNF:2
FNH:0
FNDA:0,generateSuggestions
FNDA:0,getDefaultSuggestionConfig
DA:2,0
DA:3,0
DA:6,0
DA:7,0
LF:4
LH:0
BRF:0
BRH:0
end_of_record
TN:
SF:renderer\engine\quality-gate.ts
FN:2,evaluateQuality
FN:6,getDefaultThresholds
FN:10,buildRetryHint
FN:14,getDefaultGateConfig
FNF:4
FNH:0
FNDA:0,evaluateQuality
FNDA:0,getDefaultThresholds
FNDA:0,buildRetryHint
FNDA:0,getDefaultGateConfig
DA:2,0
DA:3,0
DA:6,0
DA:7,0
DA:10,0
DA:11,0
DA:14,0
DA:15,0
LF:8
LH:0
BRF:0
BRH:0
end_of_record
TN:
SF:renderer\engine\validator.ts
FN:2,filterTrademarks
FNF:1
FNH:0
FNDA:0,filterTrademarks
DA:2,0
DA:3,0
LF:2
LH:0
BRF:0
BRH:0
end_of_record
TN:
SF:renderer\engine\writer-profile.ts
FN:2,updateProfile
FN:6,loadProfile
FN:10,saveProfile
FN:12,buildProfileHint
FNF:4
FNH:0
FNDA:0,updateProfile
FNDA:0,loadProfile
FNDA:0,saveProfile
FNDA:0,buildProfileHint
DA:2,0
DA:3,0
DA:6,0
DA:7,0
DA:10,0
DA:12,0
DA:13,0
LF:7
LH:0
BRF:0
BRH:0
end_of_record
TN:
SF:renderer\engine\scene-parser\index.ts
FNF:0
FNH:0
DA:2,0
DA:3,0
LF:2
LH:0
BRF:0
BRH:0
end_of_record
TN:
SF:renderer\lib\analytics.ts
FN:3,trackAIGeneration
FNF:1
FNH:0
FNDA:0,trackAIGeneration
DA:3,0
LF:1
LH:0
BRF:0
BRH:0
end_of_record
TN:
SF:renderer\lib\browser.ts
FN:8,acquireWakeLock
FN:17,releaseWakeLock
FN:26,requestNotificationPermission
FN:33,notifyCodeVerifyComplete
FN:44,incrementBadge
FN:47,(anonymous_5)
FN:51,cacheResponse
FNF:7
FNH:0
FNDA:0,acquireWakeLock
FNDA:0,releaseWakeLock
FNDA:0,requestNotificationPermission
FNDA:0,notifyCodeVerifyComplete
FNDA:0,incrementBadge
FNDA:0,(anonymous_5)
FNDA:0,cacheResponse
DA:6,0
DA:8,0
DA:9,0
DA:10,0
DA:11,0
DA:17,0
DA:18,0
DA:19,0
DA:23,0
DA:26,0
DA:27,0
DA:28,0
DA:29,0
DA:33,0
DA:34,0
DA:35,0
DA:36,0
DA:44,0
DA:45,0
DA:46,0
DA:47,0
DA:51,0
LF:22
LH:0
BRDA:9,0,0,0
BRDA:9,0,1,0
BRDA:9,1,0,0
BRDA:9,1,1,0
BRDA:19,2,0,0
BRDA:19,2,1,0
BRDA:19,3,0,0
BRDA:19,3,1,0
BRDA:27,4,0,0
BRDA:27,4,1,0
BRDA:28,5,0,0
BRDA:28,5,1,0
BRDA:34,6,0,0
BRDA:34,6,1,0
BRDA:34,7,0,0
BRDA:34,7,1,0
BRDA:46,8,0,0
BRDA:46,8,1,0
BRF:18
BRH:0
end_of_record
TN:
SF:renderer\lib\desktop-bridge.ts
FN:19,hasBridge
FN:23,requireBridge
FN:35,(anonymous_2)
FN:36,(anonymous_3)
FN:38,(anonymous_4)
FN:41,(anonymous_5)
FN:42,(anonymous_6)
FN:43,(anonymous_7)
FN:44,(anonymous_8)
FN:45,(anonymous_9)
FN:46,(anonymous_10)
FN:47,(anonymous_11)
FN:48,(anonymous_12)
FN:57,(anonymous_13)
FN:58,(anonymous_14)
FN:59,(anonymous_15)
FN:61,(anonymous_16)
FN:62,(anonymous_17)
FN:63,(anonymous_18)
FN:64,(anonymous_19)
FN:66,(anonymous_20)
FN:74,(anonymous_21)
FN:76,(anonymous_22)
FN:77,(anonymous_23)
FN:79,(anonymous_24)
FN:81,(anonymous_25)
FN:82,(anonymous_26)
FN:83,(anonymous_27)
FN:85,(anonymous_28)
FN:87,(anonymous_29)
FN:96,(anonymous_30)
FN:97,(anonymous_31)
FN:98,(anonymous_32)
FN:99,(anonymous_33)
FN:100,(anonymous_34)
FN:101,(anonymous_35)
FN:120,desktopAiChat
FN:132,(anonymous_37)
FN:139,(anonymous_38)
FN:163,(anonymous_39)
FN:164,(anonymous_40)
FN:168,(anonymous_41)
FN:170,(anonymous_42)
FN:171,(anonymous_43)
FN:172,(anonymous_44)
FN:173,(anonymous_45)
FN:175,(anonymous_46)
FNF:47
FNH:0
FNDA:0,hasBridge
FNDA:0,requireBridge
FNDA:0,(anonymous_2)
FNDA:0,(anonymous_3)
FNDA:0,(anonymous_4)
FNDA:0,(anonymous_5)
FNDA:0,(anonymous_6)
FNDA:0,(anonymous_7)
FNDA:0,(anonymous_8)
FNDA:0,(anonymous_9)
FNDA:0,(anonymous_10)
FNDA:0,(anonymous_11)
FNDA:0,(anonymous_12)
FNDA:0,(anonymous_13)
FNDA:0,(anonymous_14)
FNDA:0,(anonymous_15)
FNDA:0,(anonymous_16)
FNDA:0,(anonymous_17)
FNDA:0,(anonymous_18)
FNDA:0,(anonymous_19)
FNDA:0,(anonymous_20)
FNDA:0,(anonymous_21)
FNDA:0,(anonymous_22)
FNDA:0,(anonymous_23)
FNDA:0,(anonymous_24)
FNDA:0,(anonymous_25)
FNDA:0,(anonymous_26)
FNDA:0,(anonymous_27)
FNDA:0,(anonymous_28)
FNDA:0,(anonymous_29)
FNDA:0,(anonymous_30)
FNDA:0,(anonymous_31)
FNDA:0,(anonymous_32)
FNDA:0,(anonymous_33)
FNDA:0,(anonymous_34)
FNDA:0,(anonymous_35)
FNDA:0,desktopAiChat
FNDA:0,(anonymous_37)
FNDA:0,(anonymous_38)
FNDA:0,(anonymous_39)
FNDA:0,(anonymous_40)
FNDA:0,(anonymous_41)
FNDA:0,(anonymous_42)
FNDA:0,(anonymous_43)
FNDA:0,(anonymous_44)
FNDA:0,(anonymous_45)
FNDA:0,(anonymous_46)
DA:19,2
DA:20,0
DA:24,0
DA:25,0
DA:27,0
DA:34,2
DA:35,0
DA:37,0
DA:39,0
DA:41,0
DA:42,0
DA:43,0
DA:44,0
DA:45,0
DA:46,0
DA:47,0
DA:48,0
DA:56,2
DA:57,0
DA:58,0
DA:60,0
DA:61,0
DA:62,0
DA:63,0
DA:65,0
DA:66,0
DA:73,2
DA:75,0
DA:76,0
DA:77,0
DA:80,0
DA:81,0
DA:82,0
DA:83,0
DA:86,0
DA:88,0
DA:95,2
DA:96,0
DA:97,0
DA:98,0
DA:99,0
DA:100,0
DA:101,0
DA:120,2
DA:128,0
DA:129,0
DA:130,0
DA:131,0
DA:132,0
DA:133,0
DA:134,0
DA:135,0
DA:136,0
DA:138,0
DA:140,0
DA:141,0
DA:142,0
DA:162,2
DA:163,0
DA:164,0
DA:167,2
DA:169,0
DA:170,0
DA:171,0
DA:172,0
DA:174,0
DA:176,0
LF:67
LH:8
BRDA:20,0,0,0
BRDA:20,0,1,0
BRDA:24,1,0,0
BRDA:24,1,1,0
BRDA:24,2,0,0
BRDA:24,2,1,0
BRDA:64,3,0,0
BRDA:74,4,0,0
BRF:8
BRH:0
end_of_record
TN:
SF:renderer\lib\env.ts
FN:38,validateEnv
FNF:1
FNH:1
FNDA:3,validateEnv
DA:6,2
DA:21,2
DA:38,2
DA:39,3
DA:41,3
DA:42,21
DA:43,21
DA:44,0
DA:49,3
DA:50,0
DA:51,0
DA:55,3
DA:59,2
LF:13
LH:10
BRDA:42,0,0,21
BRDA:42,0,1,0
BRDA:43,1,0,0
BRDA:43,1,1,21
BRDA:43,2,0,21
BRDA:43,2,1,0
BRDA:49,3,0,0
BRDA:49,3,1,3
BRDA:49,4,0,3
BRDA:49,4,1,0
BRF:10
BRH:5
end_of_record
TN:
SF:renderer\lib\errors.ts
FN:9,classifyAsStudioError
FNF:1
FNH:0
FNDA:0,classifyAsStudioError
DA:4,0
DA:9,0
DA:14,0
LF:3
LH:0
BRF:0
BRH:0
end_of_record
TN:
SF:renderer\lib\feature-flags.ts
FN:18,parseEnvBoolean
FN:26,isFeatureEnabledServer
FNF:2
FNH:0
FNDA:0,parseEnvBoolean
FNDA:0,isFeatureEnabledServer
DA:9,0
DA:19,0
DA:20,0
DA:21,0
DA:22,0
DA:23,0
DA:26,0
DA:27,0
DA:28,0
DA:29,0
DA:30,0
LF:11
LH:0
BRDA:19,0,0,0
BRDA:19,0,1,0
BRDA:21,1,0,0
BRDA:21,1,1,0
BRDA:21,2,0,0
BRDA:21,2,1,0
BRDA:21,2,2,0
BRDA:21,2,3,0
BRDA:22,3,0,0
BRDA:22,3,1,0
BRDA:22,4,0,0
BRDA:22,4,1,0
BRDA:22,4,2,0
BRDA:22,4,3,0
BRDA:29,5,0,0
BRDA:29,5,1,0
BRF:16
BRH:0
end_of_record
TN:
SF:renderer\lib\firebase.ts
FN:12,lazyFirebaseAuth
FNF:1
FNH:0
FNDA:0,lazyFirebaseAuth
DA:10,17
DA:12,17
DA:13,0
DA:14,0
DA:16,0
LF:5
LH:2
BRDA:13,0,0,0
BRDA:13,0,1,0
BRF:2
BRH:0
end_of_record
TN:
SF:renderer\lib\force-graph.ts
FN:20,initializePositions
FN:25,(anonymous_1)
FN:37,simulateForceLayout
FN:42,(anonymous_3)
FN:49,tickForceLayout
FN:63,(anonymous_5)
FN:69,(anonymous_6)
FN:69,(anonymous_7)
FNF:8
FNH:0
FNDA:0,initializePositions
FNDA:0,(anonymous_1)
FNDA:0,simulateForceLayout
FNDA:0,(anonymous_3)
FNDA:0,tickForceLayout
FNDA:0,(anonymous_5)
FNDA:0,(anonymous_6)
FNDA:0,(anonymous_7)
DA:20,0
DA:21,0
DA:22,0
DA:23,0
DA:24,0
DA:25,0
DA:26,0
DA:27,0
DA:37,0
DA:42,0
DA:43,0
DA:44,0
DA:46,0
DA:49,0
DA:54,0
DA:55,0
DA:56,0
DA:57,0
DA:58,0
DA:59,0
DA:60,0
DA:61,0
DA:63,0
DA:69,0
DA:71,0
DA:72,0
DA:73,0
DA:74,0
DA:76,0
DA:77,0
DA:78,0
DA:79,0
DA:80,0
DA:81,0
DA:82,0
DA:83,0
DA:84,0
DA:87,0
DA:88,0
DA:90,0
DA:91,0
DA:92,0
DA:93,0
DA:96,0
DA:97,0
DA:98,0
DA:99,0
DA:100,0
DA:101,0
DA:102,0
DA:103,0
DA:104,0
DA:105,0
DA:106,0
DA:107,0
DA:108,0
DA:110,0
DA:111,0
DA:112,0
DA:116,0
DA:117,0
DA:118,0
DA:121,0
LF:63
LH:0
BRDA:21,0,0,0
BRDA:21,0,1,0
BRDA:42,1,0,0
BRDA:42,1,1,0
BRDA:42,2,0,0
BRDA:42,2,1,0
BRDA:42,3,0,0
BRDA:42,3,1,0
BRDA:42,4,0,0
BRDA:42,4,1,0
BRDA:65,5,0,0
BRDA:65,5,1,0
BRDA:65,6,0,0
BRDA:65,6,1,0
BRDA:66,7,0,0
BRDA:66,7,1,0
BRDA:66,8,0,0
BRDA:66,8,1,0
BRDA:72,9,0,0
BRDA:72,9,1,0
BRDA:77,10,0,0
BRDA:77,10,1,0
BRDA:99,11,0,0
BRDA:99,11,1,0
BRDA:99,12,0,0
BRDA:99,12,1,0
BRDA:106,13,0,0
BRDA:106,13,1,0
BRDA:110,14,0,0
BRDA:110,14,1,0
BRF:30
BRH:0
end_of_record
TN:
SF:renderer\lib\i18n.ts
FN:7,L4
FN:21,createT
FN:28,t
FNF:3
FNH:3
FNDA:157,L4
FNDA:4,createT
FNDA:19,t
DA:3,25
DA:7,25
DA:8,157
DA:9,157
DA:10,157
DA:11,20
DA:12,20
DA:13,20
DA:21,25
DA:22,4
DA:28,4
DA:29,19
DA:31,19
DA:33,38
DA:34,38
DA:35,38
DA:36,76
DA:37,38
DA:38,38
DA:40,38
DA:42,38
DA:45,19
LF:22
LH:22
BRDA:8,0,0,0
BRDA:8,0,1,157
BRDA:10,1,0,137
BRDA:10,1,1,20
BRDA:10,2,0,137
BRDA:10,2,1,0
BRDA:11,3,0,0
BRDA:11,3,1,20
BRDA:11,4,0,20
BRDA:11,4,1,20
BRDA:11,5,0,0
BRDA:11,5,1,0
BRDA:11,5,2,0
BRDA:12,6,0,0
BRDA:12,6,1,20
BRDA:12,7,0,20
BRDA:12,7,1,20
BRDA:12,8,0,0
BRDA:12,8,1,0
BRDA:12,8,2,0
BRDA:36,9,0,38
BRDA:36,9,1,38
BRDA:36,10,0,76
BRDA:36,10,1,38
BRDA:42,11,0,0
BRDA:42,11,1,38
BRDA:42,12,0,38
BRDA:42,12,1,0
BRDA:45,13,0,0
BRDA:45,13,1,19
BRDA:45,14,0,19
BRDA:45,14,1,19
BRF:32
BRH:19
end_of_record
TN:
SF:renderer\lib\logger.ts
FN:8,fmt
FN:14,(anonymous_1)
FN:18,(anonymous_2)
FN:22,(anonymous_3)
FN:26,(anonymous_4)
FNF:5
FNH:2
FNDA:1,fmt
FNDA:0,(anonymous_1)
FNDA:0,(anonymous_2)
FNDA:1,(anonymous_3)
FNDA:0,(anonymous_4)
DA:6,25
DA:9,1
DA:12,25
DA:15,0
DA:19,0
DA:23,1
DA:27,0
DA:31,25
LF:8
LH:5
BRDA:6,0,0,25
BRDA:6,0,1,25
BRDA:9,1,0,1
BRDA:9,1,1,0
BRDA:15,2,0,0
BRDA:15,2,1,0
BRDA:19,3,0,0
BRDA:19,3,1,0
BRF:8
BRH:3
end_of_record
TN:
SF:renderer\lib\multi-key-bridge.ts
FN:56,streamWithMultiKey
FN:70,(anonymous_1)
FN:88,(anonymous_2)
FN:99,(anonymous_3)
FN:125,(anonymous_4)
FN:133,(anonymous_5)
FN:172,streamWithCrossValidation
FN:192,(anonymous_7)
FN:223,(anonymous_8)
FN:239,(anonymous_9)
FN:257,(anonymous_10)
FN:262,(anonymous_11)
FN:279,(anonymous_12)
FN:295,isMultiKeyActive
FN:301,getSlotInfoForRole
FN:319,getActiveRoleMap
FN:328,(anonymous_16)
FN:329,(anonymous_17)
FNF:18
FNH:0
FNDA:0,streamWithMultiKey
FNDA:0,(anonymous_1)
FNDA:0,(anonymous_2)
FNDA:0,(anonymous_3)
FNDA:0,(anonymous_4)
FNDA:0,(anonymous_5)
FNDA:0,streamWithCrossValidation
FNDA:0,(anonymous_7)
FNDA:0,(anonymous_8)
FNDA:0,(anonymous_9)
FNDA:0,(anonymous_10)
FNDA:0,(anonymous_11)
FNDA:0,(anonymous_12)
FNDA:0,isMultiKeyActive
FNDA:0,getSlotInfoForRole
FNDA:0,getActiveRoleMap
FNDA:0,(anonymous_16)
FNDA:0,(anonymous_17)
DA:12,4
DA:26,4
DA:56,4
DA:62,0
DA:63,0
DA:66,0
DA:67,0
DA:68,0
DA:71,0
DA:72,0
DA:75,0
DA:84,0
DA:85,0
DA:87,0
DA:88,0
DA:90,0
DA:91,0
DA:95,0
DA:96,0
DA:97,0
DA:100,0
DA:101,0
DA:104,0
DA:113,0
DA:114,0
DA:115,0
DA:117,0
DA:118,0
DA:119,0
DA:121,0
DA:122,0
DA:123,0
DA:126,0
DA:127,0
DA:132,0
DA:133,0
DA:135,0
DA:136,0
DA:137,0
DA:139,0
DA:147,0
DA:148,0
DA:149,0
DA:172,4
DA:175,0
DA:177,0
DA:179,0
DA:180,0
DA:181,0
DA:184,0
DA:185,0
DA:192,0
DA:195,0
DA:196,0
DA:206,0
DA:207,0
DA:209,0
DA:210,0
DA:211,0
DA:214,0
DA:215,0
DA:223,0
DA:226,0
DA:227,0
DA:237,0
DA:241,0
DA:242,0
DA:243,0
DA:245,0
DA:246,0
DA:247,0
DA:249,0
DA:250,0
DA:251,0
DA:257,0
DA:261,0
DA:262,0
DA:264,0
DA:265,0
DA:266,0
DA:268,0
DA:270,0
DA:271,0
DA:272,0
DA:279,0
DA:287,0
DA:295,4
DA:296,0
DA:297,0
DA:301,4
DA:307,0
DA:308,0
DA:309,0
DA:310,0
DA:319,4
DA:326,0
DA:327,0
DA:328,0
DA:329,0
LF:99
LH:7
BRDA:66,0,0,0
BRDA:66,0,1,0
BRDA:84,1,0,0
BRDA:84,1,1,0
BRDA:84,2,0,0
BRDA:84,2,1,0
BRDA:87,3,0,0
BRDA:87,3,1,0
BRDA:88,4,0,0
BRDA:88,4,1,0
BRDA:88,5,0,0
BRDA:88,5,1,0
BRDA:88,6,0,0
BRDA:88,6,1,0
BRDA:88,6,2,0
BRDA:90,7,0,0
BRDA:90,7,1,0
BRDA:95,8,0,0
BRDA:95,8,1,0
BRDA:149,9,0,0
BRDA:149,9,1,0
BRDA:177,10,0,0
BRDA:177,10,1,0
BRDA:180,11,0,0
BRDA:180,11,1,0
BRDA:207,12,0,0
BRDA:207,12,1,0
BRDA:209,13,0,0
BRDA:209,13,1,0
BRDA:209,14,0,0
BRDA:209,14,1,0
BRDA:210,15,0,0
BRDA:210,15,1,0
BRDA:272,16,0,0
BRDA:272,16,1,0
BRDA:309,17,0,0
BRDA:309,17,1,0
BRDA:328,18,0,0
BRDA:328,18,1,0
BRF:39
BRH:0
end_of_record
TN:
SF:renderer\lib\multi-key-manager.ts
FN:77,createEmptySlot
FN:90,createDefaultConfig
FN:92,(anonymous_2)
FN:103,saveMultiKeyConfig
FN:109,(anonymous_4)
FN:118,loadMultiKeyConfig
FN:125,(anonymous_6)
FN:142,obfuscate
FN:144,(anonymous_8)
FN:147,deobfuscate
FN:151,(anonymous_10)
FN:161,saveMultiKeyConfigAsync
FN:165,(anonymous_12)
FN:176,loadMultiKeyConfigAsync
FN:183,(anonymous_14)
FN:205,getSlotForRole
FN:207,(anonymous_16)
FN:210,(anonymous_17)
FN:215,getSlotsForCrossValidation
FN:216,(anonymous_19)
FN:221,getActiveSlotCount
FN:222,(anonymous_21)
FN:226,getTotalUsage
FN:227,(anonymous_23)
FN:239,trackSlotUsage
FN:247,(anonymous_25)
FN:265,resetSlotUsage
FN:268,(anonymous_27)
FN:292,executeParallel
FN:299,(anonymous_29)
FN:313,(anonymous_30)
FN:314,(anonymous_31)
FN:338,evaluateCrossValidation
FN:345,(anonymous_33)
FN:346,(anonymous_34)
FNF:35
FNH:0
FNDA:0,createEmptySlot
FNDA:0,createDefaultConfig
FNDA:0,(anonymous_2)
FNDA:0,saveMultiKeyConfig
FNDA:0,(anonymous_4)
FNDA:0,loadMultiKeyConfig
FNDA:0,(anonymous_6)
FNDA:0,obfuscate
FNDA:0,(anonymous_8)
FNDA:0,deobfuscate
FNDA:0,(anonymous_10)
FNDA:0,saveMultiKeyConfigAsync
FNDA:0,(anonymous_12)
FNDA:0,loadMultiKeyConfigAsync
FNDA:0,(anonymous_14)
FNDA:0,getSlotForRole
FNDA:0,(anonymous_16)
FNDA:0,(anonymous_17)
FNDA:0,getSlotsForCrossValidation
FNDA:0,(anonymous_19)
FNDA:0,getActiveSlotCount
FNDA:0,(anonymous_21)
FNDA:0,getTotalUsage
FNDA:0,(anonymous_23)
FNDA:0,trackSlotUsage
FNDA:0,(anonymous_25)
FNDA:0,resetSlotUsage
FNDA:0,(anonymous_27)
FNDA:0,executeParallel
FNDA:0,(anonymous_29)
FNDA:0,(anonymous_30)
FNDA:0,(anonymous_31)
FNDA:0,evaluateCrossValidation
FNDA:0,(anonymous_33)
FNDA:0,(anonymous_34)
DA:7,5
DA:54,5
DA:56,5
DA:67,5
DA:77,5
DA:78,0
DA:90,5
DA:91,0
DA:92,0
DA:103,5
DA:104,0
DA:105,0
DA:107,0
DA:109,0
DA:114,0
DA:118,5
DA:119,0
DA:120,0
DA:121,0
DA:122,0
DA:123,0
DA:125,0
DA:130,0
DA:131,0
DA:133,0
DA:134,0
DA:143,0
DA:144,0
DA:148,0
DA:149,0
DA:150,0
DA:151,0
DA:161,5
DA:162,0
DA:163,0
DA:164,0
DA:165,0
DA:170,0
DA:171,0
DA:176,5
DA:177,0
DA:178,0
DA:179,0
DA:180,0
DA:181,0
DA:182,0
DA:184,0
DA:187,0
DA:190,0
DA:193,0
DA:194,0
DA:196,0
DA:197,0
DA:205,5
DA:207,0
DA:208,0
DA:210,0
DA:211,0
DA:215,5
DA:216,0
DA:217,0
DA:221,5
DA:222,0
DA:226,5
DA:227,0
DA:239,5
DA:245,0
DA:248,0
DA:249,0
DA:250,0
DA:265,5
DA:266,0
DA:269,0
DA:292,5
DA:297,0
DA:298,0
DA:300,0
DA:301,0
DA:302,0
DA:312,0
DA:313,0
DA:314,0
DA:338,5
DA:341,0
DA:342,0
DA:345,0
DA:346,0
DA:347,0
DA:348,0
DA:350,0
LF:90
LH:18
BRDA:104,0,0,0
BRDA:104,0,1,0
BRDA:111,1,0,0
BRDA:111,1,1,0
BRDA:119,2,0,0
BRDA:119,2,1,0
BRDA:122,3,0,0
BRDA:122,3,1,0
BRDA:127,4,0,0
BRDA:127,4,1,0
BRDA:148,5,0,0
BRDA:148,5,1,0
BRDA:162,6,0,0
BRDA:162,6,1,0
BRDA:167,7,0,0
BRDA:167,7,1,0
BRDA:177,8,0,0
BRDA:177,8,1,0
BRDA:180,9,0,0
BRDA:180,9,1,0
BRDA:184,10,0,0
BRDA:184,10,1,0
BRDA:187,11,0,0
BRDA:187,11,1,0
BRDA:207,12,0,0
BRDA:207,12,1,0
BRDA:207,12,2,0
BRDA:208,13,0,0
BRDA:208,13,1,0
BRDA:210,14,0,0
BRDA:210,14,1,0
BRDA:210,14,2,0
BRDA:211,15,0,0
BRDA:211,15,1,0
BRDA:211,16,0,0
BRDA:211,16,1,0
BRDA:216,17,0,0
BRDA:216,17,1,0
BRDA:216,17,2,0
BRDA:216,17,3,0
BRDA:222,18,0,0
BRDA:222,18,1,0
BRDA:248,19,0,0
BRDA:248,19,1,0
BRDA:249,20,0,0
BRDA:249,20,1,0
BRDA:249,21,0,0
BRDA:249,21,1,0
BRDA:269,22,0,0
BRDA:269,22,1,0
BRDA:295,23,0,0
BRDA:341,24,0,0
BRDA:341,24,1,0
BRF:53
BRH:0
end_of_record
TN:
SF:renderer\lib\studio-translations.ts
FN:2,(anonymous_0)
FNF:1
FNH:0
FNDA:0,(anonymous_0)
DA:1,23
DA:2,23
LF:2
LH:2
BRF:0
BRH:0
end_of_record
TN:
SF:renderer\lib\use-code-studio-translations.ts
FN:23,useCodeStudioT
FN:25,(anonymous_1)
FN:27,(anonymous_2)
FNF:3
FNH:0
FNDA:0,useCodeStudioT
FNDA:0,(anonymous_1)
FNDA:0,(anonymous_2)
DA:4,0
DA:7,0
DA:23,0
DA:24,0
DA:26,0
DA:28,0
DA:29,0
LF:7
LH:0
BRDA:28,0,0,0
BRDA:28,0,1,0
BRDA:29,1,0,0
BRDA:29,1,1,0
BRDA:29,2,0,0
BRDA:29,2,1,0
BRF:6
BRH:0
end_of_record
TN:
SF:renderer\lib\web-features.ts
FN:11,createShareLink
FN:17,copyShareLink
FN:24,printContent
FN:40,copyDeepLink
FNF:4
FNH:0
FNDA:0,createShareLink
FNDA:0,copyShareLink
FNDA:0,printContent
FNDA:0,copyDeepLink
DA:11,0
DA:12,0
DA:13,0
DA:14,0
DA:17,0
DA:18,0
DA:19,0
DA:21,0
DA:24,0
DA:25,0
DA:26,0
DA:27,0
DA:28,0
DA:29,0
DA:30,0
DA:31,0
DA:32,0
DA:33,0
DA:36,0
DA:37,0
DA:40,0
DA:41,0
DA:42,0
DA:44,0
DA:47,0
LF:25
LH:0
BRDA:18,0,0,0
BRDA:18,0,1,0
BRDA:18,1,0,0
BRDA:18,1,1,0
BRDA:18,2,0,0
BRDA:18,2,1,0
BRDA:18,3,0,0
BRDA:18,3,1,0
BRDA:25,4,0,0
BRDA:25,4,1,0
BRDA:27,5,0,0
BRDA:27,5,1,0
BRDA:29,6,0,0
BRDA:29,6,1,0
BRDA:37,7,0,0
BRDA:37,7,1,0
BRDA:37,8,0,0
BRDA:37,8,1,0
BRDA:41,9,0,0
BRDA:41,9,1,0
BRDA:41,10,0,0
BRDA:41,10,1,0
BRDA:41,11,0,0
BRDA:41,11,1,0
BRDA:41,12,0,0
BRDA:41,12,1,0
BRDA:44,13,0,0
BRDA:44,13,1,0
BRDA:46,14,0,0
BRDA:46,14,1,0
BRF:30
BRH:0
end_of_record
TN:
SF:renderer\lib\ai-providers\index.ts
FN:15,(anonymous_0)
FN:16,(anonymous_1)
FN:17,(anonymous_2)
FN:19,(anonymous_3)
FN:20,(anonymous_4)
FN:21,(anonymous_5)
FN:22,(anonymous_6)
FN:23,(anonymous_7)
FN:28,(anonymous_8)
FN:29,(anonymous_9)
FN:31,(anonymous_10)
FN:32,(anonymous_11)
FN:33,(anonymous_12)
FN:34,(anonymous_13)
FN:36,(anonymous_14)
FN:37,(anonymous_15)
FN:38,(anonymous_16)
FN:39,(anonymous_17)
FN:40,(anonymous_18)
FN:41,(anonymous_19)
FN:42,(anonymous_20)
FN:43,(anonymous_21)
FN:45,(anonymous_22)
FN:46,(anonymous_23)
FN:47,(anonymous_24)
FN:52,(anonymous_25)
FN:53,(anonymous_26)
FNF:27
FNH:13
FNDA:1,(anonymous_0)
FNDA:4,(anonymous_1)
FNDA:0,(anonymous_2)
FNDA:1,(anonymous_3)
FNDA:2,(anonymous_4)
FNDA:6,(anonymous_5)
FNDA:4,(anonymous_6)
FNDA:8,(anonymous_7)
FNDA:0,(anonymous_8)
FNDA:0,(anonymous_9)
FNDA:1,(anonymous_10)
FNDA:1,(anonymous_11)
FNDA:1,(anonymous_12)
FNDA:0,(anonymous_13)
FNDA:0,(anonymous_14)
FNDA:5,(anonymous_15)
FNDA:3,(anonymous_16)
FNDA:6,(anonymous_17)
FNDA:0,(anonymous_18)
FNDA:0,(anonymous_19)
FNDA:0,(anonymous_20)
FNDA:0,(anonymous_21)
FNDA:0,(anonymous_22)
FNDA:0,(anonymous_23)
FNDA:0,(anonymous_24)
FNDA:0,(anonymous_25)
FNDA:0,(anonymous_26)
DA:7,17
DA:15,18
DA:16,21
DA:17,17
DA:19,18
DA:20,19
DA:21,23
DA:22,21
DA:23,25
DA:26,17
DA:28,17
DA:29,17
DA:31,18
DA:32,18
DA:33,18
DA:34,17
DA:36,17
DA:37,22
DA:38,20
DA:39,23
DA:40,17
DA:41,17
DA:42,17
DA:43,17
DA:45,17
DA:46,17
DA:47,17
DA:50,17
DA:52,17
DA:53,17
LF:30
LH:30
BRF:0
BRH:0
end_of_record
TN:
SF:renderer\lib\ai-providers\key-management.ts
FN:11,(anonymous_0)
FN:25,(anonymous_1)
FN:28,(anonymous_2)
FN:29,(anonymous_3)
FN:30,(anonymous_4)
FN:34,_isSubtleCryptoAvailable
FN:42,_deriveAesKey
FN:74,_encryptAesGcm
FN:89,_decryptAesGcm
FN:110,_xorMask
FN:119,_generateSalt
FN:129,_obfuscateKeySync
FN:134,(anonymous_12)
FN:148,deobfuscateKeySync
FN:159,(anonymous_14)
FN:198,encryptKey
FN:211,decryptKey
FN:236,migrateProviderStorage
FN:251,getActiveProvider
FN:271,setActiveProvider
FN:281,activeSupportsStructured
FN:295,hasStoredApiKey
FN:303,getApiKey
FN:314,getApiKeyAsync
FN:326,setApiKey
FN:341,setApiKeyAsync
FN:361,getKeyAge
FN:372,isKeyExpiringSoon
FN:380,hydrateAllApiKeys
FN:382,(anonymous_29)
FN:391,getStoredModelForProvider
FN:410,getActiveModel
FN:415,getPreferredModel
FN:420,setActiveModel
FNF:34
FNH:14
FNDA:0,(anonymous_0)
FNDA:17,(anonymous_1)
FNDA:0,(anonymous_2)
FNDA:0,(anonymous_3)
FNDA:0,(anonymous_4)
FNDA:0,_isSubtleCryptoAvailable
FNDA:0,_deriveAesKey
FNDA:0,_encryptAesGcm
FNDA:0,_decryptAesGcm
FNDA:10,_xorMask
FNDA:5,_generateSalt
FNDA:5,_obfuscateKeySync
FNDA:245,(anonymous_12)
FNDA:7,deobfuscateKeySync
FNDA:245,(anonymous_14)
FNDA:0,encryptKey
FNDA:3,decryptKey
FNDA:1,migrateProviderStorage
FNDA:1,getActiveProvider
FNDA:1,setActiveProvider
FNDA:0,activeSupportsStructured
FNDA:0,hasStoredApiKey
FNDA:5,getApiKey
FNDA:3,getApiKeyAsync
FNDA:6,setApiKey
FNDA:0,setApiKeyAsync
FNDA:0,getKeyAge
FNDA:0,isKeyExpiringSoon
FNDA:0,hydrateAllApiKeys
FNDA:0,(anonymous_29)
FNDA:0,getStoredModelForProvider
FNDA:0,getActiveModel
FNDA:0,getPreferredModel
FNDA:0,setActiveModel
DA:8,17
DA:11,17
DA:17,17
DA:18,17
DA:19,17
DA:20,17
DA:21,17
DA:22,17
DA:25,17
DA:26,17
DA:27,17
DA:28,0
DA:29,0
DA:30,0
DA:35,0
DA:43,0
DA:44,0
DA:45,0
DA:46,0
DA:50,0
DA:57,0
DA:64,0
DA:65,0
DA:75,0
DA:76,0
DA:77,0
DA:78,0
DA:83,0
DA:84,0
DA:85,0
DA:86,0
DA:90,0
DA:91,0
DA:92,0
DA:93,0
DA:94,0
DA:95,0
DA:96,0
DA:101,0
DA:111,10
DA:114,10
DA:115,490
DA:116,10
DA:120,5
DA:121,5
DA:123,0
DA:124,0
DA:125,0
DA:130,5
DA:131,5
DA:132,5
DA:133,5
DA:134,245
DA:135,5
DA:136,5
DA:137,73
DA:138,5
DA:139,5
DA:140,5
DA:141,5
DA:143,0
DA:149,7
DA:151,6
DA:152,5
DA:153,5
DA:154,5
DA:155,5
DA:156,157
DA:157,5
DA:158,5
DA:159,245
DA:160,5
DA:161,77
DA:162,5
DA:164,0
DA:168,1
DA:169,0
DA:170,0
DA:171,0
DA:172,0
DA:173,0
DA:174,0
DA:176,0
DA:180,1
DA:181,0
DA:182,0
DA:184,0
DA:188,1
DA:198,17
DA:199,0
DA:200,0
DA:201,0
DA:202,0
DA:207,0
DA:211,17
DA:212,3
DA:213,2
DA:214,0
DA:215,0
DA:217,0
DA:220,2
DA:229,17
DA:230,17
DA:236,17
DA:237,1
DA:238,1
DA:239,1
DA:240,0
DA:241,0
DA:242,0
DA:244,1
DA:245,1
DA:246,1
DA:251,17
DA:252,1
DA:253,1
DA:254,1
DA:255,1
DA:256,1
DA:257,1
DA:258,1
DA:259,1
DA:262,1
DA:263,1
DA:264,0
DA:265,0
DA:267,1
DA:271,17
DA:272,1
DA:273,1
DA:276,1
DA:277,1
DA:281,17
DA:282,0
DA:292,17
DA:295,17
DA:296,0
DA:297,0
DA:298,0
DA:299,0
DA:300,0
DA:303,17
DA:304,5
DA:305,5
DA:306,5
DA:307,5
DA:308,5
DA:309,0
DA:311,5
DA:314,17
DA:315,3
DA:316,3
DA:317,3
DA:318,3
DA:319,3
DA:320,3
DA:321,0
DA:323,3
DA:326,17
DA:327,6
DA:328,6
DA:329,6
DA:330,6
DA:331,1
DA:332,1
DA:334,5
DA:335,5
DA:337,6
DA:338,6
DA:341,17
DA:342,0
DA:343,0
DA:344,0
DA:345,0
DA:346,0
DA:347,0
DA:348,0
DA:349,0
DA:350,0
DA:352,0
DA:353,0
DA:354,0
DA:355,0
DA:356,0
DA:358,0
DA:361,17
DA:362,0
DA:363,0
DA:364,0
DA:365,0
DA:366,0
DA:367,0
DA:368,0
DA:369,0
DA:372,17
DA:373,0
DA:374,0
DA:380,17
DA:381,0
DA:382,0
DA:392,0
DA:393,0
DA:395,0
DA:396,0
DA:397,0
DA:399,0
DA:400,0
DA:402,0
DA:403,0
DA:405,0
DA:406,0
DA:410,17
DA:411,0
DA:415,17
DA:416,0
DA:420,17
DA:421,0
DA:422,0
DA:423,0
DA:424,0
DA:425,0
DA:426,0
DA:427,0
DA:428,0
LF:224
LH:112
BRDA:36,0,0,0
BRDA:36,0,1,0
BRDA:36,0,2,0
BRDA:44,1,0,0
BRDA:44,1,1,0
BRDA:47,2,0,0
BRDA:47,2,1,0
BRDA:48,3,0,0
BRDA:48,3,1,0
BRDA:111,4,0,10
BRDA:111,4,1,0
BRDA:120,5,0,5
BRDA:120,5,1,0
BRDA:120,6,0,5
BRDA:120,6,1,5
BRDA:130,7,0,0
BRDA:130,7,1,5
BRDA:149,8,0,1
BRDA:149,8,1,6
BRDA:151,9,0,5
BRDA:151,9,1,1
BRDA:168,10,0,0
BRDA:168,10,1,1
BRDA:180,11,0,0
BRDA:180,11,1,1
BRDA:199,12,0,0
BRDA:199,12,1,0
BRDA:200,13,0,0
BRDA:200,13,1,0
BRDA:212,14,0,1
BRDA:212,14,1,2
BRDA:213,15,0,0
BRDA:213,15,1,2
BRDA:237,16,0,0
BRDA:237,16,1,1
BRDA:239,17,0,0
BRDA:239,17,1,1
BRDA:245,18,0,1
BRDA:245,18,1,0
BRDA:245,19,0,1
BRDA:245,19,1,1
BRDA:245,19,2,1
BRDA:252,20,0,0
BRDA:252,20,1,1
BRDA:255,21,0,1
BRDA:255,21,1,0
BRDA:255,22,0,1
BRDA:255,22,1,1
BRDA:257,23,0,1
BRDA:257,23,1,0
BRDA:257,24,0,1
BRDA:257,24,1,1
BRDA:263,25,0,0
BRDA:263,25,1,1
BRDA:263,26,0,1
BRDA:263,26,1,1
BRDA:263,26,2,1
BRDA:263,26,3,0
BRDA:272,27,0,0
BRDA:272,27,1,1
BRDA:273,28,0,0
BRDA:273,28,1,1
BRDA:273,29,0,1
BRDA:273,29,1,1
BRDA:273,29,2,1
BRDA:296,30,0,0
BRDA:296,30,1,0
BRDA:298,31,0,0
BRDA:298,31,1,0
BRDA:300,32,0,0
BRDA:300,32,1,0
BRDA:304,33,0,0
BRDA:304,33,1,5
BRDA:306,34,0,0
BRDA:306,34,1,5
BRDA:307,35,0,5
BRDA:307,35,1,1
BRDA:308,36,0,0
BRDA:308,36,1,5
BRDA:309,37,0,0
BRDA:309,37,1,0
BRDA:309,38,0,0
BRDA:309,38,1,0
BRDA:315,39,0,0
BRDA:315,39,1,3
BRDA:317,40,0,0
BRDA:317,40,1,3
BRDA:318,41,0,3
BRDA:318,41,1,1
BRDA:320,42,0,0
BRDA:320,42,1,3
BRDA:320,43,0,3
BRDA:320,43,1,2
BRDA:327,44,0,0
BRDA:327,44,1,6
BRDA:329,45,0,0
BRDA:329,45,1,6
BRDA:330,46,0,1
BRDA:330,46,1,5
BRDA:342,47,0,0
BRDA:342,47,1,0
BRDA:344,48,0,0
BRDA:344,48,1,0
BRDA:345,49,0,0
BRDA:345,49,1,0
BRDA:355,50,0,0
BRDA:355,50,1,0
BRDA:362,51,0,0
BRDA:362,51,1,0
BRDA:364,52,0,0
BRDA:364,52,1,0
BRDA:366,53,0,0
BRDA:366,53,1,0
BRDA:368,54,0,0
BRDA:368,54,1,0
BRDA:372,55,0,0
BRDA:374,56,0,0
BRDA:374,56,1,0
BRDA:392,57,0,0
BRDA:392,57,1,0
BRDA:392,58,0,0
BRDA:392,58,1,0
BRDA:393,59,0,0
BRDA:393,59,1,0
BRDA:397,60,0,0
BRDA:397,60,1,0
BRDA:397,61,0,0
BRDA:397,61,1,0
BRDA:399,62,0,0
BRDA:399,62,1,0
BRDA:400,63,0,0
BRDA:400,63,1,0
BRDA:400,64,0,0
BRDA:400,64,1,0
BRDA:400,64,2,0
BRDA:402,65,0,0
BRDA:402,65,1,0
BRDA:421,66,0,0
BRDA:421,66,1,0
BRDA:423,67,0,0
BRDA:423,67,1,0
BRDA:423,68,0,0
BRDA:423,68,1,0
BRDA:425,69,0,0
BRDA:425,69,1,0
BRF:145
BRH:52
end_of_record
TN:
SF:renderer\lib\ai-providers\streaming.ts
FN:25,streamLocalDirect
FN:47,(anonymous_1)
FN:64,(anonymous_2)
FN:83,(anonymous_3)
FN:94,streamViaProxy
FN:111,(anonymous_5)
FN:114,(anonymous_6)
FN:119,(anonymous_7)
FN:125,(anonymous_8)
FN:130,(anonymous_9)
FN:147,(anonymous_10)
FN:153,(anonymous_11)
FN:258,(anonymous_12)
FN:269,isQuotaError
FN:273,getFallbackProviders
FN:277,(anonymous_15)
FN:278,(anonymous_16)
FN:279,(anonymous_17)
FN:285,streamChat
FN:291,(anonymous_19)
FN:294,(anonymous_20)
FN:337,(anonymous_21)
FN:368,(anonymous_22)
FN:409,testApiKey
FNF:24
FNH:0
FNDA:0,streamLocalDirect
FNDA:0,(anonymous_1)
FNDA:0,(anonymous_2)
FNDA:0,(anonymous_3)
FNDA:0,streamViaProxy
FNDA:0,(anonymous_5)
FNDA:0,(anonymous_6)
FNDA:0,(anonymous_7)
FNDA:0,(anonymous_8)
FNDA:0,(anonymous_9)
FNDA:0,(anonymous_10)
FNDA:0,(anonymous_11)
FNDA:0,(anonymous_12)
FNDA:0,isQuotaError
FNDA:0,getFallbackProviders
FNDA:0,(anonymous_15)
FNDA:0,(anonymous_16)
FNDA:0,(anonymous_17)
FNDA:0,streamChat
FNDA:0,(anonymous_19)
FNDA:0,(anonymous_20)
FNDA:0,(anonymous_21)
FNDA:0,(anonymous_22)
FNDA:0,testApiKey
DA:8,17
DA:9,17
DA:10,17
DA:11,17
DA:12,17
DA:16,17
DA:28,0
DA:32,0
DA:40,0
DA:46,0
DA:47,0
DA:48,0
DA:50,0
DA:51,0
DA:52,0
DA:53,0
DA:54,0
DA:55,0
DA:56,0
DA:57,0
DA:58,0
DA:59,0
DA:60,0
DA:61,0
DA:62,0
DA:63,0
DA:64,0
DA:65,0
DA:67,0
DA:68,0
DA:69,0
DA:70,0
DA:71,0
DA:72,0
DA:73,0
DA:74,0
DA:75,0
DA:76,0
DA:77,0
DA:78,0
DA:83,0
DA:85,0
DA:107,0
DA:108,0
DA:109,0
DA:111,0
DA:112,0
DA:114,0
DA:115,0
DA:116,0
DA:119,0
DA:120,0
DA:121,0
DA:122,0
DA:125,0
DA:126,0
DA:127,0
DA:130,0
DA:131,0
DA:132,0
DA:133,0
DA:136,0
DA:148,0
DA:149,0
DA:152,0
DA:153,0
DA:154,0
DA:155,0
DA:162,0
DA:163,0
DA:164,0
DA:168,0
DA:169,0
DA:170,0
DA:171,0
DA:172,0
DA:173,0
DA:174,0
DA:175,0
DA:182,0
DA:199,0
DA:200,0
DA:201,0
DA:202,0
DA:203,0
DA:204,0
DA:205,0
DA:206,0
DA:208,0
DA:210,0
DA:211,0
DA:212,0
DA:213,0
DA:216,0
DA:219,0
DA:220,0
DA:222,0
DA:223,0
DA:224,0
DA:225,0
DA:227,0
DA:228,0
DA:229,0
DA:230,0
DA:231,0
DA:233,0
DA:234,0
DA:237,0
DA:238,0
DA:240,0
DA:241,0
DA:242,0
DA:243,0
DA:244,0
DA:245,0
DA:246,0
DA:247,0
DA:250,0
DA:251,0
DA:252,0
DA:258,0
DA:260,0
DA:270,0
DA:276,0
DA:277,0
DA:278,0
DA:279,0
DA:285,17
DA:286,0
DA:289,0
DA:290,0
DA:291,0
DA:292,0
DA:293,0
DA:294,0
DA:295,0
DA:296,0
DA:297,0
DA:298,0
DA:303,0
DA:304,0
DA:305,0
DA:306,0
DA:307,0
DA:308,0
DA:309,0
DA:311,0
DA:312,0
DA:318,0
DA:319,0
DA:322,0
DA:324,0
DA:328,0
DA:329,0
DA:331,0
DA:332,0
DA:334,0
DA:335,0
DA:336,0
DA:337,0
DA:340,0
DA:341,0
DA:342,0
DA:343,0
DA:344,0
DA:346,0
DA:348,0
DA:349,0
DA:351,0
DA:353,0
DA:354,0
DA:355,0
DA:356,0
DA:359,0
DA:360,0
DA:365,0
DA:366,0
DA:367,0
DA:368,0
DA:370,0
DA:371,0
DA:372,0
DA:373,0
DA:374,0
DA:375,0
DA:376,0
DA:380,0
DA:381,0
DA:387,0
DA:388,0
DA:390,0
DA:391,0
DA:392,0
DA:397,0
DA:409,17
DA:410,0
DA:411,0
DA:412,0
DA:413,0
DA:415,0
DA:416,0
DA:417,0
DA:418,0
DA:422,0
DA:425,0
DA:439,0
DA:441,0
LF:207
LH:8
BRDA:29,0,0,0
BRDA:29,0,1,0
BRDA:35,1,0,0
BRDA:35,1,1,0
BRDA:35,2,0,0
BRDA:35,2,1,0
BRDA:46,3,0,0
BRDA:46,3,1,0
BRDA:50,4,0,0
BRDA:50,4,1,0
BRDA:50,5,0,0
BRDA:50,5,1,0
BRDA:51,6,0,0
BRDA:51,6,1,0
BRDA:60,7,0,0
BRDA:60,7,1,0
BRDA:63,8,0,0
BRDA:63,8,1,0
BRDA:69,9,0,0
BRDA:69,9,1,0
BRDA:72,10,0,0
BRDA:72,10,1,0
BRDA:74,11,0,0
BRDA:74,11,1,0
BRDA:77,12,0,0
BRDA:77,12,1,0
BRDA:77,13,0,0
BRDA:77,13,1,0
BRDA:77,14,0,0
BRDA:77,14,1,0
BRDA:77,15,0,0
BRDA:77,15,1,0
BRDA:77,16,0,0
BRDA:77,16,1,0
BRDA:77,17,0,0
BRDA:77,17,1,0
BRDA:78,18,0,0
BRDA:78,18,1,0
BRDA:107,19,0,0
BRDA:107,19,1,0
BRDA:108,20,0,0
BRDA:108,20,1,0
BRDA:108,21,0,0
BRDA:108,21,1,0
BRDA:108,22,0,0
BRDA:108,22,1,0
BRDA:121,23,0,0
BRDA:121,23,1,0
BRDA:121,24,0,0
BRDA:121,24,1,0
BRDA:121,25,0,0
BRDA:121,25,1,0
BRDA:121,26,0,0
BRDA:121,26,1,0
BRDA:142,27,0,0
BRDA:142,27,1,0
BRDA:142,28,0,0
BRDA:142,28,1,0
BRDA:144,29,0,0
BRDA:144,29,1,0
BRDA:152,30,0,0
BRDA:152,30,1,0
BRDA:162,31,0,0
BRDA:162,31,1,0
BRDA:162,32,0,0
BRDA:162,32,1,0
BRDA:162,33,0,0
BRDA:162,33,1,0
BRDA:163,34,0,0
BRDA:163,34,1,0
BRDA:169,35,0,0
BRDA:169,35,1,0
BRDA:172,36,0,0
BRDA:172,36,1,0
BRDA:172,37,0,0
BRDA:172,37,1,0
BRDA:173,38,0,0
BRDA:173,38,1,0
BRDA:190,39,0,0
BRDA:190,39,1,0
BRDA:190,40,0,0
BRDA:190,40,1,0
BRDA:192,41,0,0
BRDA:192,41,1,0
BRDA:199,42,0,0
BRDA:199,42,1,0
BRDA:203,43,0,0
BRDA:203,43,1,0
BRDA:203,44,0,0
BRDA:203,44,1,0
BRDA:203,45,0,0
BRDA:203,45,1,0
BRDA:205,46,0,0
BRDA:205,46,1,0
BRDA:208,47,0,0
BRDA:208,47,1,0
BRDA:208,48,0,0
BRDA:208,48,1,0
BRDA:210,49,0,0
BRDA:210,49,1,0
BRDA:212,50,0,0
BRDA:212,50,1,0
BRDA:219,51,0,0
BRDA:219,51,1,0
BRDA:219,52,0,0
BRDA:219,52,1,0
BRDA:220,53,0,0
BRDA:220,53,1,0
BRDA:230,54,0,0
BRDA:230,54,1,0
BRDA:233,55,0,0
BRDA:233,55,1,0
BRDA:238,56,0,0
BRDA:238,56,1,0
BRDA:242,57,0,0
BRDA:242,57,1,0
BRDA:242,58,0,0
BRDA:242,58,1,0
BRDA:244,59,0,0
BRDA:244,59,1,0
BRDA:247,60,0,0
BRDA:247,60,1,0
BRDA:247,60,2,0
BRDA:247,61,0,0
BRDA:247,61,1,0
BRDA:247,62,0,0
BRDA:247,62,1,0
BRDA:247,63,0,0
BRDA:247,63,1,0
BRDA:247,64,0,0
BRDA:247,64,1,0
BRDA:247,65,0,0
BRDA:247,65,1,0
BRDA:247,66,0,0
BRDA:247,66,1,0
BRDA:248,67,0,0
BRDA:248,67,1,0
BRDA:248,68,0,0
BRDA:248,68,1,0
BRDA:248,69,0,0
BRDA:248,69,1,0
BRDA:248,70,0,0
BRDA:248,70,1,0
BRDA:248,71,0,0
BRDA:248,71,1,0
BRDA:248,72,0,0
BRDA:248,72,1,0
BRDA:248,73,0,0
BRDA:248,73,1,0
BRDA:248,74,0,0
BRDA:248,74,1,0
BRDA:248,75,0,0
BRDA:248,75,1,0
BRDA:248,76,0,0
BRDA:248,76,1,0
BRDA:249,77,0,0
BRDA:249,77,1,0
BRDA:249,78,0,0
BRDA:249,78,1,0
BRDA:249,79,0,0
BRDA:249,79,1,0
BRDA:250,80,0,0
BRDA:250,80,1,0
BRDA:289,81,0,0
BRDA:289,81,1,0
BRDA:292,82,0,0
BRDA:292,82,1,0
BRDA:295,83,0,0
BRDA:295,83,1,0
BRDA:297,84,0,0
BRDA:297,84,1,0
BRDA:312,85,0,0
BRDA:312,85,1,0
BRDA:312,86,0,0
BRDA:312,86,1,0
BRDA:318,87,0,0
BRDA:318,87,1,0
BRDA:324,88,0,0
BRDA:324,88,1,0
BRDA:335,89,0,0
BRDA:335,89,1,0
BRDA:346,90,0,0
BRDA:346,90,1,0
BRDA:346,91,0,0
BRDA:346,91,1,0
BRDA:348,92,0,0
BRDA:348,92,1,0
BRDA:353,93,0,0
BRDA:353,93,1,0
BRDA:353,94,0,0
BRDA:353,94,1,0
BRDA:354,95,0,0
BRDA:354,95,1,0
BRDA:359,96,0,0
BRDA:359,96,1,0
BRDA:365,97,0,0
BRDA:365,97,1,0
BRDA:365,98,0,0
BRDA:365,98,1,0
BRDA:371,99,0,0
BRDA:371,99,1,0
BRDA:375,100,0,0
BRDA:375,100,1,0
BRDA:391,101,0,0
BRDA:391,101,1,0
BRDA:391,102,0,0
BRDA:391,102,1,0
BRDA:392,103,0,0
BRDA:392,103,1,0
BRDA:397,104,0,0
BRDA:397,104,1,0
BRDA:397,105,0,0
BRDA:397,105,1,0
BRDA:410,106,0,0
BRDA:410,106,1,0
BRDA:413,107,0,0
BRDA:413,107,1,0
BRDA:415,108,0,0
BRDA:415,108,1,0
BRF:219
BRH:0
end_of_record
TN:
SF:renderer\lib\ai-providers\types.ts
FN:154,getCapabilities
FN:159,supportsStructuredOutput
FN:167,(anonymous_2)
FN:174,isPreviewModel
FN:176,(anonymous_4)
FN:180,getModelWarning
FN:192,normalizeProviderId
FNF:7
FNH:7
FNDA:1,getCapabilities
FNDA:2,supportsStructuredOutput
FNDA:119,(anonymous_2)
FNDA:10,isPreviewModel
FNDA:25,(anonymous_4)
FNDA:4,getModelWarning
FNDA:12,normalizeProviderId
DA:7,17
DA:14,17
DA:65,17
DA:154,17
DA:155,1
DA:159,17
DA:160,2
DA:163,17
DA:166,17
DA:167,119
DA:171,17
DA:174,17
DA:175,10
DA:176,25
DA:180,17
DA:181,4
DA:182,3
DA:192,17
DA:193,12
DA:194,10
DA:195,10
DA:196,8
DA:201,8
DA:202,8
DA:203,1
LF:25
LH:25
BRDA:155,0,0,1
BRDA:155,0,1,0
BRDA:155,1,0,1
BRDA:155,1,1,1
BRDA:155,2,0,0
BRDA:155,2,1,1
BRDA:155,3,0,1
BRDA:155,3,1,1
BRDA:160,4,0,2
BRDA:160,4,1,0
BRDA:160,5,0,2
BRDA:160,5,1,2
BRDA:160,6,0,0
BRDA:160,6,1,2
BRDA:160,7,0,2
BRDA:160,7,1,2
BRDA:167,8,0,119
BRDA:167,8,1,17
BRDA:180,9,0,1
BRDA:181,10,0,1
BRDA:181,10,1,3
BRDA:193,11,0,2
BRDA:193,11,1,10
BRDA:193,12,0,12
BRDA:193,12,1,11
BRDA:195,13,0,2
BRDA:195,13,1,8
BRDA:202,14,0,7
BRDA:202,14,1,1
BRDA:202,15,0,8
BRDA:202,15,1,7
BRF:31
BRH:27
end_of_record
TN:
SF:renderer\lib\api-logger\index.ts
FNF:0
FNH:0
DA:2,0
DA:3,0
LF:2
LH:0
BRF:0
BRH:0
end_of_record
TN:
SF:renderer\lib\articles\index.ts
FNF:0
FNH:0
DA:2,0
DA:3,0
LF:2
LH:0
BRF:0
BRH:0
end_of_record
TN:
SF:renderer\lib\build-prompt\index.ts
FNF:0
FNH:0
DA:2,0
DA:3,0
LF:2
LH:0
BRF:0
BRH:0
end_of_record
TN:
SF:renderer\lib\code-studio\activity-bar-order.ts
FN:33,normalizeActivityBarOrder
FN:51,loadActivityBarOrder
FN:60,(anonymous_2)
FN:66,saveActivityBarOrder
FNF:4
FNH:4
FNDA:1,normalizeActivityBarOrder
FNDA:2,loadActivityBarOrder
FNDA:12,(anonymous_2)
FNDA:2,saveActivityBarOrder
DA:5,1
DA:7,1
DA:31,1
DA:33,1
DA:34,1
DA:35,1
DA:36,1
DA:37,12
DA:38,12
DA:39,12
DA:42,1
DA:43,12
DA:44,0
DA:45,0
DA:48,1
DA:51,1
DA:52,2
DA:53,0
DA:55,2
DA:56,2
DA:57,2
DA:58,1
DA:59,1
DA:60,12
DA:62,0
DA:66,1
DA:67,2
DA:68,2
DA:69,2
LF:29
LH:25
BRDA:37,0,0,12
BRDA:37,0,1,0
BRDA:37,1,0,12
BRDA:37,1,1,12
BRDA:43,2,0,0
BRDA:43,2,1,12
BRDA:52,3,0,0
BRDA:52,3,1,2
BRDA:57,4,0,1
BRDA:57,4,1,1
BRDA:59,5,0,0
BRDA:59,5,1,1
BRDA:67,6,0,0
BRDA:67,6,1,2
BRF:14
BRH:9
end_of_record
TN:
SF:renderer\lib\code-studio\ai\agents.ts
FN:51,(anonymous_0)
FN:51,(anonymous_1)
FN:16,(anonymous_2)
FN:16,(anonymous_3)
FN:308,getVerifyRolesForTier
FN:340,generateId
FN:347,createAgentSession
FN:388,computeConfidence
FN:447,detectRejection
FN:448,(anonymous_9)
FN:451,detectTestFailure
FN:452,(anonymous_11)
FN:464,detectDesignConflict
FN:483,detectImplementationConflict
FN:499,buildAgentInput
FN:522,runSingleAgent
FN:557,(anonymous_16)
FN:583,rerunAgentWithFeedback
FN:613,runAgentPipeline
FN:633,(anonymous_19)
FN:637,(anonymous_20)
FN:714,(anonymous_21)
FN:717,(anonymous_22)
FNF:23
FNH:0
FNDA:0,(anonymous_0)
FNDA:0,(anonymous_1)
FNDA:0,(anonymous_2)
FNDA:0,(anonymous_3)
FNDA:0,getVerifyRolesForTier
FNDA:0,generateId
FNDA:0,createAgentSession
FNDA:0,computeConfidence
FNDA:0,detectRejection
FNDA:0,(anonymous_9)
FNDA:0,detectTestFailure
FNDA:0,(anonymous_11)
FNDA:0,detectDesignConflict
FNDA:0,detectImplementationConflict
FNDA:0,buildAgentInput
FNDA:0,runSingleAgent
FNDA:0,(anonymous_16)
FNDA:0,rerunAgentWithFeedback
FNDA:0,runAgentPipeline
FNDA:0,(anonymous_19)
FNDA:0,(anonymous_20)
FNDA:0,(anonymous_21)
FNDA:0,(anonymous_22)
DA:6,3
DA:7,3
DA:9,3
DA:10,3
DA:11,3
DA:12,3
DA:13,3
DA:16,3
DA:18,3
DA:21,3
DA:51,3
DA:57,3
DA:107,3
DA:296,3
DA:299,3
DA:308,3
DA:309,0
DA:311,0
DA:312,0
DA:316,3
DA:328,3
DA:341,0
DA:347,3
DA:351,0
DA:368,3
DA:389,0
DA:391,0
DA:394,0
DA:395,0
DA:396,0
DA:397,0
DA:401,0
DA:402,0
DA:403,0
DA:404,0
DA:405,0
DA:407,0
DA:410,0
DA:411,0
DA:412,0
DA:413,0
DA:416,0
DA:426,3
DA:438,3
DA:448,0
DA:452,0
DA:465,0
DA:472,0
DA:473,0
DA:474,0
DA:477,0
DA:484,0
DA:485,0
DA:487,0
DA:504,0
DA:506,0
DA:508,0
DA:509,0
DA:512,0
DA:513,0
DA:516,0
DA:528,0
DA:529,0
DA:538,0
DA:539,0
DA:542,0
DA:543,0
DA:547,0
DA:548,0
DA:552,0
DA:558,0
DA:559,0
DA:560,0
DA:565,0
DA:566,0
DA:571,0
DA:574,0
DA:575,0
DA:576,0
DA:577,0
DA:593,0
DA:594,0
DA:601,0
DA:613,3
DA:620,0
DA:621,0
DA:622,0
DA:625,0
DA:626,0
DA:630,0
DA:633,0
DA:635,0
DA:637,0
DA:639,0
DA:642,0
DA:644,0
DA:651,0
DA:652,0
DA:653,0
DA:655,0
DA:656,0
DA:659,0
DA:660,0
DA:661,0
DA:664,0
DA:665,0
DA:666,0
DA:669,0
DA:670,0
DA:671,0
DA:673,0
DA:674,0
DA:676,0
DA:677,0
DA:684,0
DA:685,0
DA:688,0
DA:690,0
DA:691,0
DA:692,0
DA:700,0
DA:701,0
DA:703,0
DA:704,0
DA:705,0
DA:707,0
DA:708,0
DA:713,0
DA:714,0
DA:716,0
DA:717,0
DA:720,0
DA:728,0
LF:133
LH:23
BRDA:309,0,0,0
BRDA:309,0,1,0
BRDA:349,1,0,0
BRDA:389,2,0,0
BRDA:389,2,1,0
BRDA:389,3,0,0
BRDA:389,3,1,0
BRDA:394,4,0,0
BRDA:394,4,1,0
BRDA:396,5,0,0
BRDA:396,5,1,0
BRDA:405,6,0,0
BRDA:405,6,1,0
BRDA:410,7,0,0
BRDA:410,7,1,0
BRDA:410,8,0,0
BRDA:410,8,1,0
BRDA:412,9,0,0
BRDA:412,9,1,0
BRDA:473,10,0,0
BRDA:473,10,1,0
BRDA:484,11,0,0
BRDA:484,11,1,0
BRDA:508,12,0,0
BRDA:508,12,1,0
BRDA:538,13,0,0
BRDA:538,13,1,0
BRDA:539,14,0,0
BRDA:539,14,1,0
BRDA:542,15,0,0
BRDA:542,15,1,0
BRDA:542,15,2,0
BRDA:543,16,0,0
BRDA:543,16,1,0
BRDA:543,17,0,0
BRDA:543,17,1,0
BRDA:548,18,0,0
BRDA:548,18,1,0
BRDA:555,19,0,0
BRDA:555,19,1,0
BRDA:565,20,0,0
BRDA:565,20,1,0
BRDA:568,21,0,0
BRDA:568,21,1,0
BRDA:568,22,0,0
BRDA:568,22,1,0
BRDA:625,23,0,0
BRDA:625,23,1,0
BRDA:639,24,0,0
BRDA:639,24,1,0
BRDA:651,25,0,0
BRDA:651,25,1,0
BRDA:656,26,0,0
BRDA:656,26,1,0
BRDA:660,27,0,0
BRDA:660,27,1,0
BRDA:660,28,0,0
BRDA:660,28,1,0
BRDA:660,29,0,0
BRDA:660,29,1,0
BRDA:669,30,0,0
BRDA:669,30,1,0
BRDA:673,31,0,0
BRDA:673,31,1,0
BRDA:673,32,0,0
BRDA:673,32,1,0
BRDA:674,33,0,0
BRDA:674,33,1,0
BRDA:676,34,0,0
BRDA:676,34,1,0
BRDA:684,35,0,0
BRDA:684,35,1,0
BRDA:691,36,0,0
BRDA:691,36,1,0
BRDA:691,37,0,0
BRDA:691,37,1,0
BRDA:701,38,0,0
BRDA:701,38,1,0
BRDA:701,39,0,0
BRDA:701,39,1,0
BRDA:701,40,0,0
BRDA:701,40,1,0
BRDA:701,41,0,0
BRDA:701,41,1,0
BRDA:703,42,0,0
BRDA:703,42,1,0
BRDA:703,43,0,0
BRDA:703,43,1,0
BRDA:708,44,0,0
BRDA:708,44,1,0
BRDA:716,45,0,0
BRDA:716,45,1,0
BRF:92
BRH:0
end_of_record
TN:
SF:renderer\lib\code-studio\ai\ai-features.ts
FN:40,callAI
FN:52,(anonymous_1)
FN:64,extractJSON
FN:74,safeParseJSON
FN:92,validateSchema
FN:99,(anonymous_5)
FN:105,validateSingleItem
FN:119,delay
FN:120,(anonymous_8)
FN:144,safeAICall
FN:231,getHoverExplanation
FN:246,findMissingImports
FN:276,generateDocstring
FN:296,lintCode
FN:322,(anonymous_14)
FN:343,suggestRename
FN:355,(anonymous_16)
FN:362,semanticSearchReplace
FN:381,predictNextEdit
FN:397,getCodeActions
FN:426,pairProgramComment
FN:451,generateDiffFromDescription
FN:480,executeToolCall
FN:487,(anonymous_23)
FN:509,estimateTaskCost
FN:520,(anonymous_25)
FN:533,selectModel
FN:545,(anonymous_27)
FN:553,(anonymous_28)
FN:556,(anonymous_29)
FN:574,generateCommitMessage
FN:600,generatePRDescription
FN:609,(anonymous_32)
FN:618,explainCode
FNF:34
FNH:0
FNDA:0,callAI
FNDA:0,(anonymous_1)
FNDA:0,extractJSON
FNDA:0,safeParseJSON
FNDA:0,validateSchema
FNDA:0,(anonymous_5)
FNDA:0,validateSingleItem
FNDA:0,delay
FNDA:0,(anonymous_8)
FNDA:0,safeAICall
FNDA:0,getHoverExplanation
FNDA:0,findMissingImports
FNDA:0,generateDocstring
FNDA:0,lintCode
FNDA:0,(anonymous_14)
FNDA:0,suggestRename
FNDA:0,(anonymous_16)
FNDA:0,semanticSearchReplace
FNDA:0,predictNextEdit
FNDA:0,getCodeActions
FNDA:0,pairProgramComment
FNDA:0,generateDiffFromDescription
FNDA:0,executeToolCall
FNDA:0,(anonymous_23)
FNDA:0,estimateTaskCost
FNDA:0,(anonymous_25)
FNDA:0,selectModel
FNDA:0,(anonymous_27)
FNDA:0,(anonymous_28)
FNDA:0,(anonymous_29)
FNDA:0,generateCommitMessage
FNDA:0,generatePRDescription
FNDA:0,(anonymous_32)
FNDA:0,explainCode
DA:7,1
DA:8,1
DA:9,1
DA:46,0
DA:47,0
DA:48,0
DA:56,0
DA:57,0
DA:58,0
DA:60,0
DA:65,0
DA:66,0
DA:67,0
DA:68,0
DA:69,0
DA:75,0
DA:76,0
DA:78,0
DA:96,0
DA:98,0
DA:99,0
DA:102,0
DA:109,0
DA:110,0
DA:111,0
DA:112,0
DA:113,0
DA:115,0
DA:120,0
DA:145,0
DA:146,0
DA:148,0
DA:150,0
DA:151,0
DA:152,0
DA:153,0
DA:157,0
DA:158,0
DA:165,0
DA:166,0
DA:167,0
DA:168,0
DA:169,0
DA:171,0
DA:174,0
DA:176,0
DA:177,0
DA:179,0
DA:180,0
DA:181,0
DA:182,0
DA:184,0
DA:188,0
DA:189,0
DA:190,0
DA:191,0
DA:192,0
DA:193,0
DA:195,0
DA:200,0
DA:201,0
DA:204,0
DA:207,0
DA:208,0
DA:209,0
DA:210,0
DA:211,0
DA:216,0
DA:231,1
DA:237,0
DA:238,0
DA:239,0
DA:246,1
DA:251,0
DA:276,1
DA:281,0
DA:286,0
DA:287,0
DA:288,0
DA:296,1
DA:302,0
DA:303,0
DA:323,0
DA:324,0
DA:325,0
DA:326,0
DA:327,0
DA:328,0
DA:343,1
DA:349,0
DA:355,0
DA:362,1
DA:368,0
DA:381,1
DA:387,0
DA:388,0
DA:389,0
DA:390,0
DA:397,1
DA:403,0
DA:426,1
DA:432,0
DA:451,1
DA:458,0
DA:459,0
DA:460,0
DA:461,0
DA:462,0
DA:470,0
DA:471,0
DA:473,0
DA:480,1
DA:486,0
DA:487,0
DA:489,0
DA:490,0
DA:491,0
DA:498,1
DA:509,1
DA:512,0
DA:513,0
DA:515,0
DA:519,0
DA:520,0
DA:521,0
DA:522,0
DA:526,0
DA:533,1
DA:536,0
DA:537,0
DA:539,0
DA:542,0
DA:544,0
DA:545,0
DA:546,0
DA:549,0
DA:551,0
DA:552,0
DA:553,0
DA:554,0
DA:556,0
DA:557,0
DA:561,0
DA:574,1
DA:578,0
DA:591,0
DA:592,0
DA:593,0
DA:600,1
DA:604,0
DA:609,0
DA:610,0
DA:611,0
DA:618,1
DA:623,0
DA:628,0
DA:629,0
LF:157
LH:20
BRDA:44,0,0,0
BRDA:56,1,0,0
BRDA:56,1,1,0
BRDA:56,2,0,0
BRDA:56,2,1,0
BRDA:66,3,0,0
BRDA:66,3,1,0
BRDA:68,4,0,0
BRDA:68,4,1,0
BRDA:96,5,0,0
BRDA:96,5,1,0
BRDA:96,6,0,0
BRDA:96,6,1,0
BRDA:98,7,0,0
BRDA:98,7,1,0
BRDA:109,8,0,0
BRDA:109,8,1,0
BRDA:109,9,0,0
BRDA:109,9,1,0
BRDA:109,9,2,0
BRDA:112,10,0,0
BRDA:112,10,1,0
BRDA:113,11,0,0
BRDA:113,11,1,0
BRDA:150,12,0,0
BRDA:150,12,1,0
BRDA:152,13,0,0
BRDA:152,13,1,0
BRDA:162,14,0,0
BRDA:162,14,1,0
BRDA:162,15,0,0
BRDA:162,15,1,0
BRDA:165,16,0,0
BRDA:165,16,1,0
BRDA:166,17,0,0
BRDA:166,17,1,0
BRDA:180,18,0,0
BRDA:180,18,1,0
BRDA:188,19,0,0
BRDA:188,19,1,0
BRDA:189,20,0,0
BRDA:189,20,1,0
BRDA:191,21,0,0
BRDA:191,21,1,0
BRDA:200,22,0,0
BRDA:200,22,1,0
BRDA:200,23,0,0
BRDA:200,23,1,0
BRDA:207,24,0,0
BRDA:207,24,1,0
BRDA:207,25,0,0
BRDA:207,25,1,0
BRDA:209,26,0,0
BRDA:209,26,1,0
BRDA:239,27,0,0
BRDA:239,27,1,0
BRDA:281,28,0,0
BRDA:281,28,1,0
BRDA:283,29,0,0
BRDA:283,29,1,0
BRDA:283,30,0,0
BRDA:283,30,1,0
BRDA:288,31,0,0
BRDA:288,31,1,0
BRDA:324,32,0,0
BRDA:324,32,1,0
BRDA:324,33,0,0
BRDA:324,33,1,0
BRDA:325,34,0,0
BRDA:325,34,1,0
BRDA:325,35,0,0
BRDA:325,35,1,0
BRDA:327,36,0,0
BRDA:327,36,1,0
BRDA:355,37,0,0
BRDA:355,37,1,0
BRDA:390,38,0,0
BRDA:390,38,1,0
BRDA:470,39,0,0
BRDA:470,39,1,0
BRDA:470,40,0,0
BRDA:470,40,1,0
BRDA:491,41,0,0
BRDA:491,41,1,0
BRDA:513,42,0,0
BRDA:513,42,1,0
BRDA:513,43,0,0
BRDA:513,43,1,0
BRDA:519,44,0,0
BRDA:519,44,1,0
BRDA:519,45,0,0
BRDA:519,45,1,0
BRDA:521,46,0,0
BRDA:521,46,1,0
BRDA:521,47,0,0
BRDA:521,47,1,0
BRDA:521,47,2,0
BRDA:537,48,0,0
BRDA:537,48,1,0
BRDA:537,49,0,0
BRDA:537,49,1,0
BRDA:542,50,0,0
BRDA:542,50,1,0
BRDA:546,51,0,0
BRDA:546,51,1,0
BRDA:546,52,0,0
BRDA:546,52,1,0
BRDA:546,53,0,0
BRDA:546,53,1,0
BRDA:546,54,0,0
BRDA:546,54,1,0
BRDA:549,55,0,0
BRDA:549,55,1,0
BRDA:553,56,0,0
BRDA:553,56,1,0
BRDA:554,57,0,0
BRDA:554,57,1,0
BRDA:557,58,0,0
BRDA:557,58,1,0
BRDA:557,59,0,0
BRDA:557,59,1,0
BRDA:592,60,0,0
BRDA:592,60,1,0
BRDA:611,61,0,0
BRDA:611,61,1,0
BRDA:629,62,0,0
BRDA:629,62,1,0
BRF:127
BRH:0
end_of_record
TN:
SF:renderer\lib\code-studio\ai\ari-engine.ts
FN:18,(anonymous_0)
FN:21,(anonymous_1)
FN:31,(anonymous_2)
FN:35,(anonymous_3)
FN:39,(anonymous_4)
FN:43,(anonymous_5)
FN:60,(anonymous_6)
FN:62,(anonymous_7)
FNF:8
FNH:8
FNDA:22,(anonymous_0)
FNDA:24,(anonymous_1)
FNDA:6,(anonymous_2)
FNDA:3,(anonymous_3)
FNDA:2,(anonymous_4)
FNDA:15,(anonymous_5)
FNDA:1,(anonymous_6)
FNDA:1,(anonymous_7)
DA:6,17
DA:7,17
DA:8,17
DA:18,17
DA:19,22
DA:22,24
DA:23,24
DA:25,6
DA:26,6
DA:28,24
DA:32,6
DA:36,3
DA:40,2
DA:44,15
DA:45,15
DA:46,3
DA:47,3
DA:48,3
DA:49,0
DA:52,12
DA:53,12
DA:54,12
DA:55,1
DA:61,1
DA:62,1
DA:66,17
LF:26
LH:25
BRDA:23,0,0,6
BRDA:23,0,1,18
BRDA:45,1,0,3
BRDA:45,1,1,12
BRDA:48,2,0,0
BRDA:48,2,1,3
BRDA:48,3,0,3
BRDA:48,3,1,0
BRDA:54,4,0,1
BRDA:54,4,1,11
BRDA:54,5,0,12
BRDA:54,5,1,4
BRDA:61,6,0,0
BRDA:61,6,1,1
BRDA:62,7,0,1
BRDA:62,7,1,0
BRF:16
BRH:12
end_of_record
TN:
SF:renderer\lib\code-studio\ai\autopilot.ts
FN:107,isUIStep
FN:112,buildStepSystemPrompt
FN:126,classifyStepType
FN:140,getStepTemperature
FN:151,generateStepId
FN:161,validateParsedSteps
FN:166,(anonymous_6)
FN:177,parseStepsFromResponse
FN:200,(anonymous_8)
FN:201,(anonymous_9)
FN:211,selectFallbackTemplate
FN:229,resolveStepDependencies
FN:249,(anonymous_12)
FN:250,(anonymous_13)
FN:271,createAutopilotPlan
FN:299,(anonymous_15)
FN:322,(anonymous_16)
FN:345,looksLikeCode
FN:371,checkBalancedBrackets
FN:454,validateStepOutput
FN:477,buildPriorContext
FN:482,(anonymous_21)
FN:490,(anonymous_22)
FN:491,(anonymous_23)
FN:495,(anonymous_24)
FN:506,estimateTokenUsage
FN:522,executeAutopilotStep
FN:548,(anonymous_27)
FN:568,retryStep
FN:600,(anonymous_29)
FN:633,createEmptyMetrics
FN:647,executeAndValidateStep
FN:722,runAutopilot
FN:797,runAutopilotFromStep
FN:892,stripCodeFences
FNF:35
FNH:0
FNDA:0,isUIStep
FNDA:0,buildStepSystemPrompt
FNDA:0,classifyStepType
FNDA:0,getStepTemperature
FNDA:0,generateStepId
FNDA:0,validateParsedSteps
FNDA:0,(anonymous_6)
FNDA:0,parseStepsFromResponse
FNDA:0,(anonymous_8)
FNDA:0,(anonymous_9)
FNDA:0,selectFallbackTemplate
FNDA:0,resolveStepDependencies
FNDA:0,(anonymous_12)
FNDA:0,(anonymous_13)
FNDA:0,createAutopilotPlan
FNDA:0,(anonymous_15)
FNDA:0,(anonymous_16)
FNDA:0,looksLikeCode
FNDA:0,checkBalancedBrackets
FNDA:0,validateStepOutput
FNDA:0,buildPriorContext
FNDA:0,(anonymous_21)
FNDA:0,(anonymous_22)
FNDA:0,(anonymous_23)
FNDA:0,(anonymous_24)
FNDA:0,estimateTokenUsage
FNDA:0,executeAutopilotStep
FNDA:0,(anonymous_27)
FNDA:0,retryStep
FNDA:0,(anonymous_29)
FNDA:0,createEmptyMetrics
FNDA:0,executeAndValidateStep
FNDA:0,runAutopilot
FNDA:0,runAutopilotFromStep
FNDA:0,stripCodeFences
DA:6,1
DA:7,1
DA:8,1
DA:57,1
DA:65,1
DA:89,1
DA:96,1
DA:98,1
DA:108,0
DA:113,0
DA:114,0
DA:116,0
DA:127,0
DA:129,0
DA:130,0
DA:132,0
DA:133,0
DA:136,0
DA:141,0
DA:142,0
DA:152,0
DA:162,0
DA:163,0
DA:165,0
DA:166,0
DA:169,0
DA:170,0
DA:178,0
DA:181,0
DA:182,0
DA:183,0
DA:184,0
DA:188,0
DA:189,0
DA:190,0
DA:191,0
DA:192,0
DA:193,0
DA:198,0
DA:200,0
DA:201,0
DA:203,0
DA:205,0
DA:212,0
DA:213,0
DA:214,0
DA:216,0
DA:217,0
DA:219,0
DA:220,0
DA:222,0
DA:232,0
DA:233,0
DA:234,0
DA:236,0
DA:238,0
DA:239,0
DA:243,0
DA:247,0
DA:249,0
DA:250,0
DA:252,0
DA:253,0
DA:255,0
DA:256,0
DA:257,0
DA:258,0
DA:260,0
DA:265,0
DA:266,0
DA:271,1
DA:276,0
DA:282,0
DA:283,0
DA:284,0
DA:286,0
DA:287,0
DA:288,0
DA:289,0
DA:302,0
DA:303,0
DA:309,0
DA:312,0
DA:313,0
DA:314,0
DA:318,0
DA:319,0
DA:322,0
DA:329,0
DA:331,0
DA:332,0
DA:347,0
DA:350,0
DA:353,0
DA:356,0
DA:359,0
DA:362,0
DA:363,0
DA:372,0
DA:373,0
DA:374,0
DA:376,0
DA:377,0
DA:379,0
DA:380,0
DA:383,0
DA:384,0
DA:385,0
DA:389,0
DA:390,0
DA:391,0
DA:392,0
DA:393,0
DA:397,0
DA:398,0
DA:399,0
DA:400,0
DA:401,0
DA:403,0
DA:404,0
DA:408,0
DA:409,0
DA:410,0
DA:411,0
DA:412,0
DA:414,0
DA:415,0
DA:419,0
DA:420,0
DA:421,0
DA:422,0
DA:423,0
DA:425,0
DA:426,0
DA:430,0
DA:431,0
DA:432,0
DA:433,0
DA:434,0
DA:436,0
DA:439,0
DA:442,0
DA:443,0
DA:445,0
DA:455,0
DA:456,0
DA:459,0
DA:460,0
DA:463,0
DA:481,0
DA:482,0
DA:484,0
DA:487,0
DA:488,0
DA:489,0
DA:490,0
DA:491,0
DA:492,0
DA:495,0
DA:496,0
DA:499,0
DA:507,0
DA:508,0
DA:509,0
DA:522,1
DA:529,0
DA:533,0
DA:534,0
DA:535,0
DA:537,0
DA:538,0
DA:549,0
DA:553,0
DA:554,0
DA:560,0
DA:562,0
DA:576,0
DA:580,0
DA:590,0
DA:591,0
DA:592,0
DA:594,0
DA:595,0
DA:601,0
DA:605,0
DA:606,0
DA:612,0
DA:613,0
DA:614,0
DA:615,0
DA:616,0
DA:618,0
DA:621,0
DA:634,0
DA:655,0
DA:658,0
DA:661,0
DA:662,0
DA:664,0
DA:665,0
DA:668,0
DA:669,0
DA:670,0
DA:675,0
DA:679,0
DA:680,0
DA:682,0
DA:683,0
DA:686,0
DA:688,0
DA:689,0
DA:691,0
DA:692,0
DA:693,0
DA:698,0
DA:702,0
DA:703,0
DA:704,0
DA:709,0
DA:711,0
DA:712,0
DA:713,0
DA:718,0
DA:722,1
DA:728,0
DA:731,0
DA:732,0
DA:733,0
DA:735,0
DA:738,0
DA:739,0
DA:741,0
DA:742,0
DA:743,0
DA:744,0
DA:745,0
DA:746,0
DA:749,0
DA:750,0
DA:752,0
DA:753,0
DA:757,0
DA:758,0
DA:759,0
DA:761,0
DA:762,0
DA:763,0
DA:764,0
DA:767,0
DA:768,0
DA:769,0
DA:770,0
DA:771,0
DA:772,0
DA:775,0
DA:779,0
DA:780,0
DA:782,0
DA:783,0
DA:784,0
DA:797,1
DA:804,0
DA:805,0
DA:807,0
DA:808,0
DA:811,0
DA:814,0
DA:815,0
DA:816,0
DA:817,0
DA:818,0
DA:819,0
DA:820,0
DA:821,0
DA:826,0
DA:827,0
DA:828,0
DA:829,0
DA:830,0
DA:831,0
DA:832,0
DA:835,0
DA:837,0
DA:838,0
DA:840,0
DA:841,0
DA:842,0
DA:843,0
DA:844,0
DA:845,0
DA:848,0
DA:849,0
DA:851,0
DA:852,0
DA:856,0
DA:857,0
DA:858,0
DA:860,0
DA:861,0
DA:862,0
DA:863,0
DA:866,0
DA:867,0
DA:868,0
DA:869,0
DA:870,0
DA:871,0
DA:874,0
DA:877,0
DA:878,0
DA:880,0
DA:881,0
DA:882,0
DA:893,0
DA:894,0
DA:895,0
DA:896,0
LF:317
LH:12
BRDA:113,0,0,0
BRDA:113,0,1,0
BRDA:129,1,0,0
BRDA:129,1,1,0
BRDA:130,2,0,0
BRDA:130,2,1,0
BRDA:132,3,0,0
BRDA:132,3,1,0
BRDA:162,4,0,0
BRDA:162,4,1,0
BRDA:163,5,0,0
BRDA:163,5,1,0
BRDA:166,6,0,0
BRDA:166,6,1,0
BRDA:169,7,0,0
BRDA:169,7,1,0
BRDA:184,8,0,0
BRDA:184,8,1,0
BRDA:189,9,0,0
BRDA:189,9,1,0
BRDA:193,10,0,0
BRDA:193,10,1,0
BRDA:203,11,0,0
BRDA:203,11,1,0
BRDA:213,12,0,0
BRDA:213,12,1,0
BRDA:216,13,0,0
BRDA:216,13,1,0
BRDA:219,14,0,0
BRDA:219,14,1,0
BRDA:239,15,0,0
BRDA:239,15,1,0
BRDA:240,16,0,0
BRDA:240,16,1,0
BRDA:253,17,0,0
BRDA:253,17,1,0
BRDA:256,18,0,0
BRDA:256,18,1,0
BRDA:257,19,0,0
BRDA:257,19,1,0
BRDA:265,20,0,0
BRDA:265,20,1,0
BRDA:307,21,0,0
BRDA:307,21,1,0
BRDA:313,22,0,0
BRDA:313,22,1,0
BRDA:318,23,0,0
BRDA:318,23,1,0
BRDA:347,24,0,0
BRDA:347,24,1,0
BRDA:350,25,0,0
BRDA:350,25,1,0
BRDA:353,26,0,0
BRDA:353,26,1,0
BRDA:356,27,0,0
BRDA:356,27,1,0
BRDA:356,28,0,0
BRDA:356,28,1,0
BRDA:359,29,0,0
BRDA:359,29,1,0
BRDA:362,30,0,0
BRDA:362,30,1,0
BRDA:383,31,0,0
BRDA:383,31,1,0
BRDA:383,32,0,0
BRDA:383,32,1,0
BRDA:384,33,0,0
BRDA:384,33,1,0
BRDA:389,34,0,0
BRDA:389,34,1,0
BRDA:389,35,0,0
BRDA:389,35,1,0
BRDA:391,36,0,0
BRDA:391,36,1,0
BRDA:391,37,0,0
BRDA:391,37,1,0
BRDA:397,38,0,0
BRDA:397,38,1,0
BRDA:399,39,0,0
BRDA:399,39,1,0
BRDA:400,40,0,0
BRDA:400,40,1,0
BRDA:408,41,0,0
BRDA:408,41,1,0
BRDA:410,42,0,0
BRDA:410,42,1,0
BRDA:411,43,0,0
BRDA:411,43,1,0
BRDA:419,44,0,0
BRDA:419,44,1,0
BRDA:421,45,0,0
BRDA:421,45,1,0
BRDA:422,46,0,0
BRDA:422,46,1,0
BRDA:430,47,0,0
BRDA:430,47,1,0
BRDA:432,48,0,0
BRDA:432,48,1,0
BRDA:433,49,0,0
BRDA:433,49,1,0
BRDA:433,50,0,0
BRDA:433,50,1,0
BRDA:442,51,0,0
BRDA:442,51,1,0
BRDA:455,52,0,0
BRDA:455,52,1,0
BRDA:455,53,0,0
BRDA:455,53,1,0
BRDA:459,54,0,0
BRDA:459,54,1,0
BRDA:482,55,0,0
BRDA:482,55,1,0
BRDA:484,56,0,0
BRDA:484,56,1,0
BRDA:488,57,0,0
BRDA:488,57,1,0
BRDA:488,58,0,0
BRDA:488,58,1,0
BRDA:488,59,0,0
BRDA:488,59,1,0
BRDA:488,60,0,0
BRDA:488,60,1,0
BRDA:529,61,0,0
BRDA:529,61,1,0
BRDA:549,62,0,0
BRDA:549,62,1,0
BRDA:553,63,0,0
BRDA:553,63,1,0
BRDA:553,64,0,0
BRDA:553,64,1,0
BRDA:555,65,0,0
BRDA:555,65,1,0
BRDA:576,66,0,0
BRDA:576,66,1,0
BRDA:601,67,0,0
BRDA:601,67,1,0
BRDA:605,68,0,0
BRDA:605,68,1,0
BRDA:605,69,0,0
BRDA:605,69,1,0
BRDA:607,70,0,0
BRDA:607,70,1,0
BRDA:613,71,0,0
BRDA:613,71,1,0
BRDA:668,72,0,0
BRDA:668,72,1,0
BRDA:684,73,0,0
BRDA:684,73,1,0
BRDA:684,74,0,0
BRDA:684,74,1,0
BRDA:691,75,0,0
BRDA:691,75,1,0
BRDA:703,76,0,0
BRDA:703,76,1,0
BRDA:703,77,0,0
BRDA:703,77,1,0
BRDA:712,78,0,0
BRDA:712,78,1,0
BRDA:735,79,0,0
BRDA:735,79,1,0
BRDA:741,80,0,0
BRDA:741,80,1,0
BRDA:741,81,0,0
BRDA:741,81,1,0
BRDA:741,82,0,0
BRDA:741,82,1,0
BRDA:757,83,0,0
BRDA:757,83,1,0
BRDA:759,84,0,0
BRDA:759,84,1,0
BRDA:759,85,0,0
BRDA:759,85,1,0
BRDA:759,86,0,0
BRDA:759,86,1,0
BRDA:759,87,0,0
BRDA:759,87,1,0
BRDA:759,88,0,0
BRDA:759,88,1,0
BRDA:759,89,0,0
BRDA:759,89,1,0
BRDA:759,90,0,0
BRDA:759,90,1,0
BRDA:759,91,0,0
BRDA:759,91,1,0
BRDA:768,92,0,0
BRDA:768,92,1,0
BRDA:779,93,0,0
BRDA:779,93,1,0
BRDA:807,94,0,0
BRDA:807,94,1,0
BRDA:819,95,0,0
BRDA:819,95,1,0
BRDA:821,96,0,0
BRDA:821,96,1,0
BRDA:821,97,0,0
BRDA:821,97,1,0
BRDA:821,98,0,0
BRDA:821,98,1,0
BRDA:821,99,0,0
BRDA:821,99,1,0
BRDA:821,100,0,0
BRDA:821,100,1,0
BRDA:821,101,0,0
BRDA:821,101,1,0
BRDA:821,102,0,0
BRDA:821,102,1,0
BRDA:821,103,0,0
BRDA:821,103,1,0
BRDA:840,104,0,0
BRDA:840,104,1,0
BRDA:840,105,0,0
BRDA:840,105,1,0
BRDA:840,106,0,0
BRDA:840,106,1,0
BRDA:856,107,0,0
BRDA:856,107,1,0
BRDA:858,108,0,0
BRDA:858,108,1,0
BRDA:858,109,0,0
BRDA:858,109,1,0
BRDA:858,110,0,0
BRDA:858,110,1,0
BRDA:858,111,0,0
BRDA:858,111,1,0
BRDA:858,112,0,0
BRDA:858,112,1,0
BRDA:858,113,0,0
BRDA:858,113,1,0
BRDA:858,114,0,0
BRDA:858,114,1,0
BRDA:858,115,0,0
BRDA:858,115,1,0
BRDA:867,116,0,0
BRDA:867,116,1,0
BRDA:877,117,0,0
BRDA:877,117,1,0
BRDA:895,118,0,0
BRDA:895,118,1,0
BRF:238
BRH:0
end_of_record
TN:
SF:renderer\lib\code-studio\ai\calc-protocol.ts
FN:3,buildCalcProtocolPrompt
FNF:1
FNH:0
FNDA:0,buildCalcProtocolPrompt
DA:3,3
DA:9,0
DA:10,0
DA:12,0
LF:4
LH:1
BRDA:9,0,0,0
BRDA:9,0,1,0
BRDA:9,1,0,0
BRDA:9,1,1,0
BRDA:10,2,0,0
BRDA:10,2,1,0
BRF:6
BRH:0
end_of_record
TN:
SF:renderer\lib\code-studio\ai\ghost.ts
FN:28,getAcceptanceRate
FN:32,trackAccepted
FN:37,trackSuggested
FN:56,getDefaultStyleProfile
FN:68,loadStyleProfile
FN:85,saveStyleProfile
FN:96,detectNamingStyle
FN:118,setLastAcceptedText
FN:126,learnFromAccepted
FN:133,(anonymous_9)
FN:137,(anonymous_10)
FN:150,(anonymous_11)
FN:161,buildStyleHint
FN:188,getAdaptiveDebounceMs
FN:204,getAdaptiveMaxTokens
FN:223,detectIncompleteBlock
FN:225,(anonymous_16)
FN:254,applyIndentation
FN:267,(anonymous_18)
FN:305,cancelGhostText
FN:311,requestGhostCompletion
FN:366,(anonymous_21)
FN:406,registerGhostTextProvider
FN:411,(anonymous_23)
FN:419,(anonymous_24)
FN:420,(anonymous_25)
FNF:26
FNH:0
FNDA:0,getAcceptanceRate
FNDA:0,trackAccepted
FNDA:0,trackSuggested
FNDA:0,getDefaultStyleProfile
FNDA:0,loadStyleProfile
FNDA:0,saveStyleProfile
FNDA:0,detectNamingStyle
FNDA:0,setLastAcceptedText
FNDA:0,learnFromAccepted
FNDA:0,(anonymous_9)
FNDA:0,(anonymous_10)
FNDA:0,(anonymous_11)
FNDA:0,buildStyleHint
FNDA:0,getAdaptiveDebounceMs
FNDA:0,getAdaptiveMaxTokens
FNDA:0,detectIncompleteBlock
FNDA:0,(anonymous_16)
FNDA:0,applyIndentation
FNDA:0,(anonymous_18)
FNDA:0,cancelGhostText
FNDA:0,requestGhostCompletion
FNDA:0,(anonymous_21)
FNDA:0,registerGhostTextProvider
FNDA:0,(anonymous_23)
FNDA:0,(anonymous_24)
FNDA:0,(anonymous_25)
DA:10,1
DA:14,1
DA:15,1
DA:17,1
DA:18,1
DA:21,1
DA:22,1
DA:25,1
DA:26,1
DA:28,1
DA:29,0
DA:32,1
DA:33,0
DA:34,0
DA:37,1
DA:38,0
DA:47,1
DA:57,0
DA:68,1
DA:69,0
DA:70,0
DA:71,0
DA:72,0
DA:73,0
DA:74,0
DA:81,0
DA:86,0
DA:87,0
DA:97,0
DA:98,0
DA:99,0
DA:100,0
DA:102,0
DA:103,0
DA:104,0
DA:105,0
DA:106,0
DA:109,0
DA:110,0
DA:111,0
DA:112,0
DA:116,1
DA:118,1
DA:119,0
DA:127,0
DA:129,0
DA:130,0
DA:132,0
DA:133,0
DA:136,0
DA:137,0
DA:138,0
DA:139,0
DA:143,0
DA:144,0
DA:145,0
DA:149,0
DA:150,0
DA:151,0
DA:152,0
DA:154,0
DA:155,0
DA:162,0
DA:163,0
DA:165,0
DA:166,0
DA:167,0
DA:168,0
DA:170,0
DA:171,0
DA:173,0
DA:189,0
DA:190,0
DA:193,0
DA:194,0
DA:195,0
DA:205,0
DA:206,0
DA:208,0
DA:209,0
DA:210,0
DA:224,0
DA:225,0
DA:226,0
DA:228,0
DA:231,0
DA:232,0
DA:235,0
DA:236,0
DA:237,0
DA:238,0
DA:239,0
DA:240,0
DA:241,0
DA:242,0
DA:246,0
DA:248,0
DA:255,0
DA:256,0
DA:257,0
DA:259,0
DA:260,0
DA:264,0
DA:266,0
DA:268,0
DA:269,0
DA:271,0
DA:273,0
DA:274,0
DA:275,0
DA:286,1
DA:305,1
DA:306,0
DA:307,0
DA:311,1
DA:317,0
DA:318,0
DA:319,0
DA:322,0
DA:323,0
DA:326,0
DA:327,0
DA:328,0
DA:331,0
DA:332,0
DA:335,0
DA:336,0
DA:341,0
DA:343,0
DA:345,0
DA:358,0
DA:359,0
DA:360,0
DA:366,0
DA:369,0
DA:373,0
DA:379,0
DA:380,0
DA:384,0
DA:385,0
DA:386,0
DA:387,0
DA:389,0
DA:390,0
DA:393,0
DA:406,1
DA:410,0
DA:412,0
DA:415,0
DA:417,0
DA:419,0
DA:420,0
DA:421,0
DA:423,0
DA:424,0
DA:427,0
DA:428,0
DA:429,0
DA:430,0
DA:431,0
DA:433,0
DA:434,0
DA:435,0
DA:436,0
DA:437,0
DA:441,0
DA:444,0
DA:445,0
DA:447,0
DA:451,0
DA:463,0
LF:171
LH:20
BRDA:29,0,0,0
BRDA:29,0,1,0
BRDA:71,1,0,0
BRDA:71,1,1,0
BRDA:73,2,0,0
BRDA:73,2,1,0
BRDA:73,3,0,0
BRDA:73,3,1,0
BRDA:75,4,0,0
BRDA:75,4,1,0
BRDA:76,5,0,0
BRDA:76,5,1,0
BRDA:77,6,0,0
BRDA:77,6,1,0
BRDA:78,7,0,0
BRDA:78,7,1,0
BRDA:97,8,0,0
BRDA:97,8,1,0
BRDA:97,9,0,0
BRDA:97,9,1,0
BRDA:103,10,0,0
BRDA:103,10,1,0
BRDA:104,11,0,0
BRDA:104,11,1,0
BRDA:105,12,0,0
BRDA:105,12,1,0
BRDA:106,13,0,0
BRDA:106,13,1,0
BRDA:109,14,0,0
BRDA:109,14,1,0
BRDA:109,15,0,0
BRDA:109,15,1,0
BRDA:109,15,2,0
BRDA:110,16,0,0
BRDA:110,16,1,0
BRDA:110,17,0,0
BRDA:110,17,1,0
BRDA:110,17,2,0
BRDA:111,18,0,0
BRDA:111,18,1,0
BRDA:127,19,0,0
BRDA:127,19,1,0
BRDA:136,20,0,0
BRDA:136,20,1,0
BRDA:144,21,0,0
BRDA:144,21,1,0
BRDA:150,22,0,0
BRDA:150,22,1,0
BRDA:151,23,0,0
BRDA:151,23,1,0
BRDA:152,24,0,0
BRDA:152,24,1,0
BRDA:152,25,0,0
BRDA:152,25,1,0
BRDA:163,26,0,0
BRDA:163,26,1,0
BRDA:167,27,0,0
BRDA:167,27,1,0
BRDA:170,28,0,0
BRDA:170,28,1,0
BRDA:171,29,0,0
BRDA:171,29,1,0
BRDA:190,30,0,0
BRDA:190,30,1,0
BRDA:193,31,0,0
BRDA:193,31,1,0
BRDA:194,32,0,0
BRDA:194,32,1,0
BRDA:206,33,0,0
BRDA:206,33,1,0
BRDA:208,34,0,0
BRDA:208,34,1,0
BRDA:209,35,0,0
BRDA:209,35,1,0
BRDA:226,36,0,0
BRDA:226,36,1,0
BRDA:231,37,0,0
BRDA:231,37,1,0
BRDA:232,38,0,0
BRDA:232,38,1,0
BRDA:235,39,0,0
BRDA:235,39,1,0
BRDA:236,40,0,0
BRDA:236,40,1,0
BRDA:237,41,0,0
BRDA:237,41,1,0
BRDA:238,42,0,0
BRDA:238,42,1,0
BRDA:239,43,0,0
BRDA:239,43,1,0
BRDA:240,44,0,0
BRDA:240,44,1,0
BRDA:241,45,0,0
BRDA:241,45,1,0
BRDA:246,46,0,0
BRDA:246,46,1,0
BRDA:246,47,0,0
BRDA:246,47,1,0
BRDA:256,48,0,0
BRDA:256,48,1,0
BRDA:256,49,0,0
BRDA:256,49,1,0
BRDA:257,50,0,0
BRDA:257,50,1,0
BRDA:257,51,0,0
BRDA:257,51,1,0
BRDA:257,52,0,0
BRDA:257,52,1,0
BRDA:257,53,0,0
BRDA:257,53,1,0
BRDA:260,54,0,0
BRDA:260,54,1,0
BRDA:264,55,0,0
BRDA:264,55,1,0
BRDA:264,56,0,0
BRDA:264,56,1,0
BRDA:264,57,0,0
BRDA:264,57,1,0
BRDA:264,58,0,0
BRDA:264,58,1,0
BRDA:268,59,0,0
BRDA:268,59,1,0
BRDA:269,60,0,0
BRDA:269,60,1,0
BRDA:271,61,0,0
BRDA:271,61,1,0
BRDA:271,62,0,0
BRDA:271,62,1,0
BRDA:271,63,0,0
BRDA:271,63,1,0
BRDA:271,64,0,0
BRDA:271,64,1,0
BRDA:306,65,0,0
BRDA:306,65,1,0
BRDA:307,66,0,0
BRDA:307,66,1,0
BRDA:319,67,0,0
BRDA:319,67,1,0
BRDA:327,68,0,0
BRDA:327,68,1,0
BRDA:332,69,0,0
BRDA:332,69,1,0
BRDA:336,70,0,0
BRDA:336,70,1,0
BRDA:379,71,0,0
BRDA:379,71,1,0
BRDA:384,72,0,0
BRDA:384,72,1,0
BRDA:385,73,0,0
BRDA:385,73,1,0
BRDA:387,74,0,0
BRDA:387,74,1,0
BRDA:408,75,0,0
BRDA:415,76,0,0
BRDA:415,76,1,0
BRDA:421,77,0,0
BRDA:421,77,1,0
BRDA:435,78,0,0
BRDA:435,78,1,0
BRDA:435,79,0,0
BRDA:435,79,1,0
BRDA:447,80,0,0
BRDA:447,80,1,0
BRDA:458,81,0,0
BRDA:458,81,1,0
BRF:165
BRH:0
end_of_record
TN:
SF:renderer\lib\code-studio\ai\idiom-presets.ts
FN:277,buildIdiomDirective
FN:285,(anonymous_1)
FN:288,(anonymous_2)
FN:313,(anonymous_3)
FN:314,(anonymous_4)
FN:318,(anonymous_5)
FN:319,(anonymous_6)
FN:323,(anonymous_7)
FN:327,(anonymous_8)
FN:331,(anonymous_9)
FN:341,detectFramework
FNF:11
FNH:0
FNDA:0,buildIdiomDirective
FNDA:0,(anonymous_1)
FNDA:0,(anonymous_2)
FNDA:0,(anonymous_3)
FNDA:0,(anonymous_4)
FNDA:0,(anonymous_5)
FNDA:0,(anonymous_6)
FNDA:0,(anonymous_7)
FNDA:0,(anonymous_8)
FNDA:0,(anonymous_9)
FNDA:0,detectFramework
DA:38,3
DA:78,3
DA:118,3
DA:157,3
DA:190,3
DA:223,3
DA:261,3
DA:277,3
DA:278,0
DA:279,0
DA:281,0
DA:285,0
DA:288,0
DA:310,3
DA:313,0
DA:314,0
DA:318,0
DA:319,0
DA:323,0
DA:327,0
DA:331,0
DA:341,3
DA:344,0
DA:346,0
DA:350,0
DA:351,0
DA:352,0
DA:356,0
DA:357,0
DA:363,0
DA:364,0
DA:366,0
DA:367,0
DA:368,0
DA:369,0
DA:374,0
LF:36
LH:10
BRDA:279,0,0,0
BRDA:279,0,1,0
BRDA:313,1,0,0
BRDA:313,1,1,0
BRDA:331,2,0,0
BRDA:331,2,1,0
BRDA:344,3,0,0
BRDA:344,3,1,0
BRDA:352,4,0,0
BRDA:352,4,1,0
BRDA:353,5,0,0
BRDA:353,5,1,0
BRDA:356,6,0,0
BRDA:356,6,1,0
BRDA:356,7,0,0
BRDA:356,7,1,0
BRDA:367,8,0,0
BRDA:367,8,1,0
BRDA:374,9,0,0
BRDA:374,9,1,0
BRF:20
BRH:0
end_of_record
TN:
SF:renderer\lib\code-studio\ai\nod.ts
FN:126,buildNodDiagnosisPrompt
FN:142,buildNodVerificationPrompt
FN:165,buildNodModifyPrompt
FNF:3
FNH:0
FNDA:0,buildNodDiagnosisPrompt
FNDA:0,buildNodVerificationPrompt
FNDA:0,buildNodModifyPrompt
DA:18,0
DA:75,0
DA:126,0
DA:127,0
DA:142,0
DA:147,0
DA:149,0
DA:150,0
DA:151,0
DA:153,0
DA:154,0
DA:156,0
DA:157,0
DA:160,0
DA:161,0
DA:165,0
DA:166,0
LF:17
LH:0
BRDA:132,0,0,0
BRDA:132,0,1,0
BRDA:149,1,0,0
BRDA:149,1,1,0
BRDA:151,2,0,0
BRDA:151,2,1,0
BRDA:153,3,0,0
BRDA:153,3,1,0
BRDA:156,4,0,0
BRDA:156,4,1,0
BRDA:157,5,0,0
BRDA:157,5,1,0
BRF:12
BRH:0
end_of_record
TN:
SF:renderer\lib\code-studio\ai\quality-rules-from-catalog.ts
FN:3,buildQualityRulesPrompt
FNF:1
FNH:0
FNDA:0,buildQualityRulesPrompt
DA:3,0
DA:4,0
LF:2
LH:0
BRF:0
BRH:0
end_of_record
TN:
SF:renderer\lib\code-studio\ai\tier-registry.ts
FN:66,resolveTierConfig
FNF:1
FNH:1
FNDA:6,resolveTierConfig
DA:22,2
DA:61,2
DA:66,2
DA:67,6
DA:70,6
DA:71,0
DA:72,0
DA:75,6
LF:8
LH:6
BRDA:66,0,0,0
BRDA:70,1,0,0
BRDA:70,1,1,6
BRDA:70,2,0,6
BRDA:70,2,1,6
BRF:5
BRH:3
end_of_record
TN:
SF:renderer\lib\code-studio\audit\audit-engine.ts
FN:6,(anonymous_0)
FN:7,(anonymous_1)
FNF:2
FNH:0
FNDA:0,(anonymous_0)
FNDA:0,(anonymous_1)
DA:5,0
DA:6,0
DA:7,0
LF:3
LH:0
BRF:0
BRH:0
end_of_record
TN:
SF:renderer\lib\code-studio\core\adr.ts
FN:41,readStore
FN:53,writeStore
FN:62,getADRs
FN:66,getADR
FN:67,(anonymous_4)
FN:70,createADR
FN:86,updateADR
FN:91,(anonymous_7)
FN:98,deleteADR
FN:100,(anonymous_9)
FN:115,checkADRCompliance
FN:120,(anonymous_11)
FN:164,buildADRContext
FN:165,(anonymous_13)
FN:168,(anonymous_14)
FNF:15
FNH:0
FNDA:0,readStore
FNDA:0,writeStore
FNDA:0,getADRs
FNDA:0,getADR
FNDA:0,(anonymous_4)
FNDA:0,createADR
FNDA:0,updateADR
FNDA:0,(anonymous_7)
FNDA:0,deleteADR
FNDA:0,(anonymous_9)
FNDA:0,checkADRCompliance
FNDA:0,(anonymous_11)
FNDA:0,buildADRContext
FNDA:0,(anonymous_13)
FNDA:0,(anonymous_14)
DA:35,0
DA:42,0
DA:43,0
DA:44,0
DA:45,0
DA:46,0
DA:47,0
DA:49,0
DA:54,0
DA:55,0
DA:62,0
DA:63,0
DA:66,0
DA:67,0
DA:70,0
DA:73,0
DA:74,0
DA:75,0
DA:81,0
DA:82,0
DA:83,0
DA:86,0
DA:90,0
DA:91,0
DA:92,0
DA:93,0
DA:94,0
DA:95,0
DA:98,0
DA:99,0
DA:100,0
DA:101,0
DA:102,0
DA:103,0
DA:115,0
DA:119,0
DA:120,0
DA:122,0
DA:123,0
DA:124,0
DA:125,0
DA:126,0
DA:127,0
DA:138,0
DA:139,0
DA:140,0
DA:141,0
DA:142,0
DA:154,0
DA:164,0
DA:165,0
DA:166,0
DA:168,0
DA:169,0
DA:182,0
LF:55
LH:0
BRDA:42,0,0,0
BRDA:42,0,1,0
BRDA:45,1,0,0
BRDA:45,1,1,0
BRDA:47,2,0,0
BRDA:47,2,1,0
BRDA:54,3,0,0
BRDA:54,3,1,0
BRDA:67,4,0,0
BRDA:67,4,1,0
BRDA:67,5,0,0
BRDA:67,5,1,0
BRDA:92,6,0,0
BRDA:92,6,1,0
BRDA:101,7,0,0
BRDA:101,7,1,0
BRDA:123,8,0,0
BRDA:123,8,1,0
BRDA:123,9,0,0
BRDA:123,9,1,0
BRDA:126,10,0,0
BRDA:126,10,1,0
BRDA:138,11,0,0
BRDA:138,11,1,0
BRDA:141,12,0,0
BRDA:141,12,1,0
BRDA:165,13,0,0
BRDA:165,13,1,0
BRDA:166,14,0,0
BRDA:166,14,1,0
BRDA:174,15,0,0
BRDA:174,15,1,0
BRF:32
BRH:0
end_of_record
TN:
SF:renderer\lib\code-studio\core\ansi.ts
FN:31,parseAnsi
FN:108,stripAnsi
FNF:2
FNH:2
FNDA:6,parseAnsi
FNDA:3,stripAnsi
DA:19,1
DA:31,1
DA:32,6
DA:33,6
DA:35,6
DA:37,6
DA:38,6
DA:39,6
DA:40,6
DA:43,6
DA:45,8
DA:46,4
DA:57,8
DA:58,8
DA:59,10
DA:60,4
DA:61,4
DA:62,4
DA:63,4
DA:64,4
DA:65,6
DA:66,2
DA:67,4
DA:68,0
DA:69,4
DA:70,1
DA:71,3
DA:72,1
DA:73,2
DA:74,0
DA:75,0
DA:76,2
DA:77,0
DA:78,2
DA:79,0
DA:80,2
DA:81,2
DA:82,0
DA:83,0
DA:89,8
DA:93,6
DA:94,2
DA:104,6
DA:108,1
DA:109,3
LF:45
LH:38
BRDA:45,0,0,4
BRDA:45,0,1,4
BRDA:59,1,0,4
BRDA:59,1,1,6
BRDA:65,2,0,2
BRDA:65,2,1,4
BRDA:67,3,0,0
BRDA:67,3,1,4
BRDA:69,4,0,1
BRDA:69,4,1,3
BRDA:71,5,0,1
BRDA:71,5,1,2
BRDA:73,6,0,0
BRDA:73,6,1,2
BRDA:76,7,0,0
BRDA:76,7,1,2
BRDA:78,8,0,0
BRDA:78,8,1,2
BRDA:80,9,0,2
BRDA:80,9,1,0
BRDA:82,10,0,0
BRDA:82,10,1,0
BRDA:93,11,0,2
BRDA:93,11,1,4
BRF:24
BRH:17
end_of_record
TN:
SF:renderer\lib\code-studio\core\architecture-spec.ts
FN:10,(anonymous_0)
FNF:1
FNH:1
FNDA:24,(anonymous_0)
DA:7,3
DA:9,3
DA:10,24
DA:17,3
LF:4
LH:4
BRDA:10,0,0,6
BRDA:10,0,1,18
BRF:2
BRH:2
end_of_record
TN:
SF:renderer\lib\code-studio\core\composer-state.ts
FN:49,canTransition
FN:59,createModeTransition
FN:63,(anonymous_2)
FNF:3
FNH:3
FNDA:89,canTransition
FNDA:32,createModeTransition
FNDA:14,(anonymous_2)
DA:2,3
DA:30,3
DA:49,3
DA:50,89
DA:59,3
DA:63,32
DA:64,14
DA:65,5
DA:69,5
DA:71,9
DA:72,9
LF:11
LH:11
BRDA:50,0,0,89
BRDA:50,0,1,0
BRDA:50,1,0,89
BRDA:50,1,1,89
BRDA:50,2,0,0
BRDA:50,2,1,89
BRDA:50,3,0,89
BRDA:50,3,1,89
BRDA:64,4,0,5
BRDA:64,4,1,9
BRF:10
BRH:8
end_of_record
TN:
SF:renderer\lib\code-studio\core\cross-file.ts
FN:41,onNavigateToFile
FN:44,(anonymous_1)
FN:50,emitOpenFile
FN:60,resolveFilePath
FN:83,uriToFilePath
FN:88,filePathToUri
FN:95,_findModelByPath
FN:105,isNodeModulesPath
FN:115,getWorkerForUri
FN:131,getDefinitionAtPosition
FN:166,findReferences
FN:202,peekDefinition
FN:259,findRenameLocations
FN:312,(anonymous_13)
FN:316,(anonymous_14)
FN:328,applyRename
FN:345,(anonymous_16)
FN:352,formatRenamePreview
FN:391,registerCrossFileProviders
FN:404,(anonymous_19)
FN:415,(anonymous_20)
FN:422,(anonymous_21)
FN:429,(anonymous_22)
FN:451,(anonymous_23)
FN:459,(anonymous_24)
FN:467,(anonymous_25)
FN:495,(anonymous_26)
FN:530,(anonymous_27)
FNF:28
FNH:0
FNDA:0,onNavigateToFile
FNDA:0,(anonymous_1)
FNDA:0,emitOpenFile
FNDA:0,resolveFilePath
FNDA:0,uriToFilePath
FNDA:0,filePathToUri
FNDA:0,_findModelByPath
FNDA:0,isNodeModulesPath
FNDA:0,getWorkerForUri
FNDA:0,getDefinitionAtPosition
FNDA:0,findReferences
FNDA:0,peekDefinition
FNDA:0,findRenameLocations
FNDA:0,(anonymous_13)
FNDA:0,(anonymous_14)
FNDA:0,applyRename
FNDA:0,(anonymous_16)
FNDA:0,formatRenamePreview
FNDA:0,registerCrossFileProviders
FNDA:0,(anonymous_19)
FNDA:0,(anonymous_20)
FNDA:0,(anonymous_21)
FNDA:0,(anonymous_22)
FNDA:0,(anonymous_23)
FNDA:0,(anonymous_24)
FNDA:0,(anonymous_25)
FNDA:0,(anonymous_26)
FNDA:0,(anonymous_27)
DA:10,1
DA:35,1
DA:41,1
DA:42,0
DA:43,0
DA:45,0
DA:51,0
DA:60,1
DA:61,0
DA:62,0
DA:65,0
DA:66,0
DA:67,0
DA:68,0
DA:69,0
DA:70,0
DA:71,0
DA:72,0
DA:74,0
DA:78,0
DA:84,0
DA:85,0
DA:89,0
DA:90,0
DA:91,0
DA:92,0
DA:96,0
DA:97,0
DA:98,0
DA:99,0
DA:100,0
DA:102,0
DA:106,0
DA:116,0
DA:117,0
DA:122,0
DA:126,0
DA:127,0
DA:128,0
DA:136,0
DA:137,0
DA:139,0
DA:140,0
DA:141,0
DA:142,0
DA:143,0
DA:145,0
DA:146,0
DA:147,0
DA:148,0
DA:149,0
DA:150,0
DA:151,0
DA:152,0
DA:157,0
DA:160,0
DA:162,0
DA:171,0
DA:172,0
DA:174,0
DA:175,0
DA:176,0
DA:177,0
DA:178,0
DA:180,0
DA:181,0
DA:182,0
DA:183,0
DA:184,0
DA:185,0
DA:186,0
DA:187,0
DA:193,0
DA:195,0
DA:212,0
DA:213,0
DA:215,0
DA:216,0
DA:217,0
DA:219,0
DA:220,0
DA:221,0
DA:222,0
DA:223,0
DA:227,0
DA:259,1
DA:265,0
DA:266,0
DA:268,0
DA:269,0
DA:271,0
DA:272,0
DA:274,0
DA:275,0
DA:276,0
DA:278,0
DA:281,0
DA:283,0
DA:286,0
DA:288,0
DA:289,0
DA:290,0
DA:291,0
DA:292,0
DA:294,0
DA:295,0
DA:296,0
DA:304,0
DA:311,0
DA:312,0
DA:315,0
DA:316,0
DA:318,0
DA:320,0
DA:321,0
DA:328,1
DA:329,0
DA:330,0
DA:331,0
DA:333,0
DA:334,0
DA:335,0
DA:336,0
DA:345,0
DA:352,1
DA:353,0
DA:359,0
DA:360,0
DA:361,0
DA:362,0
DA:363,0
DA:364,0
DA:365,0
DA:367,0
DA:370,0
DA:391,1
DA:395,0
DA:396,0
DA:398,0
DA:399,0
DA:403,0
DA:405,0
DA:406,0
DA:408,0
DA:409,0
DA:410,0
DA:411,0
DA:415,0
DA:418,0
DA:421,0
DA:423,0
DA:424,0
DA:425,0
DA:426,0
DA:427,0
DA:429,0
DA:430,0
DA:431,0
DA:432,0
DA:433,0
DA:434,0
DA:435,0
DA:440,0
DA:443,0
DA:447,0
DA:450,0
DA:452,0
DA:455,0
DA:458,0
DA:460,0
DA:463,0
DA:466,0
DA:468,0
DA:469,0
DA:470,0
DA:473,0
DA:474,0
DA:475,0
DA:476,0
DA:477,0
DA:478,0
DA:492,0
DA:496,0
DA:497,0
DA:498,0
DA:499,0
DA:503,0
DA:504,0
DA:511,0
DA:512,0
DA:514,0
DA:519,0
DA:527,0
DA:529,0
DA:531,0
DA:539,1
DA:540,1
DA:541,1
DA:542,1
DA:543,1
LF:200
LH:13
BRDA:45,0,0,0
BRDA:45,0,1,0
BRDA:51,1,0,0
BRDA:51,1,1,0
BRDA:61,2,0,0
BRDA:61,2,1,0
BRDA:65,3,0,0
BRDA:65,3,1,0
BRDA:70,4,0,0
BRDA:70,4,1,0
BRDA:71,5,0,0
BRDA:71,5,1,0
BRDA:90,6,0,0
BRDA:90,6,1,0
BRDA:91,7,0,0
BRDA:91,7,1,0
BRDA:100,8,0,0
BRDA:100,8,1,0
BRDA:117,9,0,0
BRDA:117,9,1,0
BRDA:118,10,0,0
BRDA:118,10,1,0
BRDA:126,11,0,0
BRDA:126,11,1,0
BRDA:137,12,0,0
BRDA:137,12,1,0
BRDA:143,13,0,0
BRDA:143,13,1,0
BRDA:143,14,0,0
BRDA:143,14,1,0
BRDA:149,15,0,0
BRDA:149,15,1,0
BRDA:172,16,0,0
BRDA:172,16,1,0
BRDA:178,17,0,0
BRDA:178,17,1,0
BRDA:178,18,0,0
BRDA:178,18,1,0
BRDA:184,19,0,0
BRDA:184,19,1,0
BRDA:213,20,0,0
BRDA:213,20,1,0
BRDA:217,21,0,0
BRDA:217,21,1,0
BRDA:266,22,0,0
BRDA:266,22,1,0
BRDA:269,23,0,0
BRDA:269,23,1,0
BRDA:272,24,0,0
BRDA:272,24,1,0
BRDA:281,25,0,0
BRDA:281,25,1,0
BRDA:286,26,0,0
BRDA:286,26,1,0
BRDA:286,27,0,0
BRDA:286,27,1,0
BRDA:292,28,0,0
BRDA:292,28,1,0
BRDA:295,29,0,0
BRDA:295,29,1,0
BRDA:355,30,0,0
BRDA:355,30,1,0
BRDA:355,31,0,0
BRDA:355,31,1,0
BRDA:361,32,0,0
BRDA:361,32,1,0
BRDA:398,33,0,0
BRDA:398,33,1,0
BRDA:398,34,0,0
BRDA:398,34,1,0
BRDA:398,35,0,0
BRDA:398,35,1,0
BRDA:406,36,0,0
BRDA:406,36,1,0
BRDA:409,37,0,0
BRDA:409,37,1,0
BRDA:427,38,0,0
BRDA:427,38,1,0
BRDA:427,39,0,0
BRDA:427,39,1,0
BRDA:432,40,0,0
BRDA:432,40,1,0
BRDA:469,41,0,0
BRDA:469,41,1,0
BRDA:503,42,0,0
BRDA:503,42,1,0
BRDA:503,43,0,0
BRDA:503,43,1,0
BRDA:507,44,0,0
BRDA:507,44,1,0
BRDA:516,45,0,0
BRDA:516,45,1,0
BRDA:516,46,0,0
BRDA:516,46,1,0
BRF:94
BRH:0
end_of_record
TN:
SF:renderer\lib\code-studio\core\design-linter.ts
FNF:0
FNH:0
DA:11,4
DA:28,4
DA:64,4
DA:88,4
DA:162,4
DA:206,4
LF:6
LH:6
BRF:0
BRH:0
end_of_record
TN:
SF:renderer\lib\code-studio\core\design-presets.ts
FN:135,detectPreset
FN:156,buildPresetPrompt
FNF:2
FNH:2
FNDA:7,detectPreset
FNDA:1,buildPresetPrompt
DA:18,4
DA:118,4
DA:135,4
DA:136,7
DA:137,7
DA:138,1
DA:139,1
DA:142,6
DA:143,6
DA:144,5
DA:145,4
DA:146,3
DA:147,2
DA:149,1
DA:156,4
DA:157,1
DA:158,1
DA:159,1
DA:160,1
LF:19
LH:19
BRDA:137,0,0,1
BRDA:137,0,1,6
BRDA:139,1,0,1
BRDA:139,1,1,0
BRDA:139,2,0,1
BRDA:139,2,1,1
BRDA:143,3,0,1
BRDA:143,3,1,5
BRDA:144,4,0,1
BRDA:144,4,1,4
BRDA:145,5,0,1
BRDA:145,5,1,3
BRDA:146,6,0,1
BRDA:146,6,1,2
BRDA:147,7,0,1
BRDA:147,7,1,1
BRDA:157,8,0,0
BRDA:157,8,1,1
BRDA:157,9,0,1
BRDA:157,9,1,0
BRDA:159,10,0,1
BRDA:159,10,1,0
BRF:22
BRH:18
end_of_record
TN:
SF:renderer\lib\code-studio\core\design-system-spec.ts
FNF:0
FNH:0
DA:12,6
DA:56,6
DA:83,6
DA:154,6
DA:183,6
DA:215,6
DA:252,6
DA:292,6
DA:339,6
DA:360,6
DA:411,6
LF:11
LH:11
BRF:0
BRH:0
end_of_record
TN:
SF:renderer\lib\code-studio\core\module-profile.ts
FN:35,readStore
FN:47,writeStore
FN:56,getProfiles
FN:60,createProfile
FN:76,updateProfile
FN:81,(anonymous_5)
FN:88,deleteProfile
FN:90,(anonymous_7)
FN:100,getProfileForFile
FN:122,buildModuleDirective
FN:134,(anonymous_10)
FN:140,(anonymous_11)
FNF:12
FNH:0
FNDA:0,readStore
FNDA:0,writeStore
FNDA:0,getProfiles
FNDA:0,createProfile
FNDA:0,updateProfile
FNDA:0,(anonymous_5)
FNDA:0,deleteProfile
FNDA:0,(anonymous_7)
FNDA:0,getProfileForFile
FNDA:0,buildModuleDirective
FNDA:0,(anonymous_10)
FNDA:0,(anonymous_11)
DA:29,0
DA:36,0
DA:37,0
DA:38,0
DA:39,0
DA:40,0
DA:41,0
DA:43,0
DA:48,0
DA:49,0
DA:56,0
DA:57,0
DA:60,0
DA:63,0
DA:64,0
DA:65,0
DA:71,0
DA:72,0
DA:73,0
DA:76,0
DA:80,0
DA:81,0
DA:82,0
DA:83,0
DA:84,0
DA:85,0
DA:88,0
DA:89,0
DA:90,0
DA:91,0
DA:92,0
DA:93,0
DA:100,0
DA:101,0
DA:102,0
DA:104,0
DA:105,0
DA:106,0
DA:107,0
DA:108,0
DA:112,0
DA:122,0
DA:123,0
DA:128,0
DA:129,0
DA:132,0
DA:133,0
DA:134,0
DA:138,0
DA:139,0
DA:140,0
DA:144,0
DA:145,0
DA:148,0
DA:150,0
LF:55
LH:0
BRDA:36,0,0,0
BRDA:36,0,1,0
BRDA:39,1,0,0
BRDA:39,1,1,0
BRDA:41,2,0,0
BRDA:41,2,1,0
BRDA:48,3,0,0
BRDA:48,3,1,0
BRDA:82,4,0,0
BRDA:82,4,1,0
BRDA:91,5,0,0
BRDA:91,5,1,0
BRDA:107,6,0,0
BRDA:107,6,1,0
BRDA:128,7,0,0
BRDA:128,7,1,0
BRDA:132,8,0,0
BRDA:132,8,1,0
BRDA:138,9,0,0
BRDA:138,9,1,0
BRDA:144,10,0,0
BRDA:144,10,1,0
BRF:22
BRH:0
end_of_record
TN:
SF:renderer\lib\code-studio\core\panel-registry.ts
FN:147,(anonymous_0)
FN:148,(anonymous_1)
FN:154,(anonymous_2)
FN:160,(anonymous_3)
FN:167,(anonymous_4)
FN:168,(anonymous_5)
FN:171,(anonymous_6)
FNF:7
FNH:7
FNDA:61,(anonymous_0)
FNDA:1506,(anonymous_1)
FNDA:2,(anonymous_2)
FNDA:2,(anonymous_3)
FNDA:1,(anonymous_4)
FNDA:51,(anonymous_5)
FNDA:102,(anonymous_6)
DA:2,2
DA:17,2
DA:62,2
DA:147,2
DA:148,1506
DA:154,2
DA:155,2
DA:160,2
DA:161,2
DA:167,2
DA:168,51
DA:171,102
LF:12
LH:12
BRDA:168,0,0,0
BRDA:168,0,1,1
BRF:2
BRH:1
end_of_record
TN:
SF:renderer\lib\code-studio\core\pipeline-execution-model.ts
FNF:0
FNH:0
DA:28,3
LF:1
LH:1
BRF:0
BRH:0
end_of_record
TN:
SF:renderer\lib\code-studio\core\project-spec-bridge.ts
FN:19,answerAsString
FN:20,(anonymous_1)
FN:25,answerAsArray
FN:26,(anonymous_3)
FN:27,(anonymous_4)
FN:28,(anonymous_5)
FN:32,toCoreProjectSpec
FN:74,buildProjectSpecChatSeed
FN:80,(anonymous_8)
FN:81,(anonymous_9)
FNF:10
FNH:7
FNDA:6,answerAsString
FNDA:11,(anonymous_1)
FNDA:2,answerAsArray
FNDA:3,(anonymous_3)
FNDA:5,(anonymous_4)
FNDA:0,(anonymous_5)
FNDA:2,toCoreProjectSpec
FNDA:1,buildProjectSpecChatSeed
FNDA:0,(anonymous_8)
FNDA:0,(anonymous_9)
DA:3,3
DA:4,3
DA:17,3
DA:20,11
DA:21,6
DA:22,6
DA:26,3
DA:27,5
DA:28,0
DA:29,0
DA:32,3
DA:33,2
DA:34,2
DA:35,2
DA:36,2
DA:37,2
DA:38,2
DA:42,2
DA:57,3
DA:66,3
DA:74,3
DA:75,1
DA:78,1
DA:79,1
DA:80,0
DA:81,0
DA:82,0
DA:83,0
DA:84,0
DA:85,0
DA:86,0
DA:88,0
DA:95,1
LF:33
LH:23
BRDA:20,0,0,3
BRDA:20,0,1,3
BRDA:20,1,0,6
BRDA:20,1,1,6
BRDA:21,2,0,0
BRDA:21,2,1,6
BRDA:22,3,0,3
BRDA:22,3,1,3
BRDA:26,4,0,0
BRDA:26,4,1,2
BRDA:26,5,0,2
BRDA:26,5,1,2
BRDA:27,6,0,2
BRDA:27,6,1,0
BRDA:28,7,0,0
BRDA:28,7,1,0
BRDA:33,8,0,2
BRDA:33,8,1,0
BRDA:38,9,0,1
BRDA:38,9,1,1
BRDA:38,10,0,1
BRDA:38,10,1,1
BRDA:79,11,0,0
BRDA:79,11,1,1
BRDA:80,12,0,0
BRDA:80,12,1,0
BRDA:80,13,0,0
BRDA:80,13,1,0
BRDA:81,14,0,0
BRDA:81,14,1,0
BRDA:81,15,0,0
BRDA:81,15,1,0
BRDA:82,16,0,0
BRDA:82,16,1,0
BRDA:83,17,0,0
BRDA:83,17,1,0
BRDA:84,18,0,0
BRDA:84,18,1,0
BRDA:84,19,0,0
BRDA:84,19,1,0
BRDA:86,20,0,0
BRDA:86,20,1,0
BRDA:86,21,0,0
BRDA:86,21,1,0
BRF:44
BRH:17
end_of_record
TN:
SF:renderer\lib\code-studio\core\project-spec.ts
FN:26,createProjectSpec
FN:41,detectTechStack
FN:75,saveProjectSpec
FN:84,loadProjectSpec
FN:95,formatSpecForAI
FNF:5
FNH:1
FNDA:0,createProjectSpec
FNDA:0,detectTechStack
FNDA:0,saveProjectSpec
FNDA:0,loadProjectSpec
FNDA:1,formatSpecForAI
DA:23,3
DA:26,3
DA:27,0
DA:41,3
DA:42,0
DA:43,0
DA:44,0
DA:45,0
DA:47,0
DA:48,0
DA:49,0
DA:50,0
DA:51,0
DA:52,0
DA:53,0
DA:54,0
DA:55,0
DA:56,0
DA:57,0
DA:58,0
DA:59,0
DA:61,0
DA:70,0
DA:75,3
DA:76,0
DA:77,0
DA:78,0
DA:79,0
DA:84,3
DA:85,0
DA:86,0
DA:87,0
DA:88,0
DA:90,0
DA:95,3
DA:96,1
DA:104,1
LF:37
LH:8
BRDA:47,0,0,0
BRDA:47,0,1,0
BRDA:48,1,0,0
BRDA:48,1,1,0
BRDA:49,2,0,0
BRDA:49,2,1,0
BRDA:50,3,0,0
BRDA:50,3,1,0
BRDA:50,4,0,0
BRDA:50,4,1,0
BRDA:51,5,0,0
BRDA:51,5,1,0
BRDA:52,6,0,0
BRDA:52,6,1,0
BRDA:53,7,0,0
BRDA:53,7,1,0
BRDA:53,8,0,0
BRDA:53,8,1,0
BRDA:54,9,0,0
BRDA:54,9,1,0
BRDA:55,10,0,0
BRDA:55,10,1,0
BRDA:56,11,0,0
BRDA:56,11,1,0
BRDA:57,12,0,0
BRDA:57,12,1,0
BRDA:57,13,0,0
BRDA:57,13,1,0
BRDA:58,14,0,0
BRDA:58,14,1,0
BRDA:59,15,0,0
BRDA:59,15,1,0
BRDA:62,16,0,0
BRDA:62,16,1,0
BRDA:62,17,0,0
BRDA:62,17,1,0
BRDA:63,18,0,0
BRDA:63,18,1,0
BRDA:63,19,0,0
BRDA:63,19,1,0
BRDA:65,20,0,0
BRDA:65,20,1,0
BRDA:65,21,0,0
BRDA:65,21,1,0
BRDA:66,22,0,0
BRDA:66,22,1,0
BRDA:66,23,0,0
BRDA:66,23,1,0
BRDA:67,24,0,0
BRDA:67,24,1,0
BRDA:67,25,0,0
BRDA:67,25,1,0
BRDA:76,26,0,0
BRDA:76,26,1,0
BRDA:85,27,0,0
BRDA:85,27,1,0
BRDA:88,28,0,0
BRDA:88,28,1,0
BRDA:98,29,0,0
BRDA:98,29,1,1
BRDA:99,30,0,1
BRDA:99,30,1,0
BRDA:100,31,0,1
BRDA:100,31,1,0
BRDA:101,32,0,0
BRDA:101,32,1,1
BRDA:102,33,0,0
BRDA:102,33,1,1
BRF:68
BRH:5
end_of_record
TN:
SF:renderer\lib\code-studio\core\scope-policy.ts
FN:13,(anonymous_0)
FN:21,(anonymous_1)
FN:25,(anonymous_2)
FN:30,(anonymous_3)
FN:35,(anonymous_4)
FN:40,(anonymous_5)
FN:50,(anonymous_6)
FN:64,(anonymous_7)
FN:69,(anonymous_8)
FN:70,(anonymous_9)
FN:72,(anonymous_10)
FNF:11
FNH:10
FNDA:4,(anonymous_0)
FNDA:4,(anonymous_1)
FNDA:4,(anonymous_2)
FNDA:3,(anonymous_3)
FNDA:2,(anonymous_4)
FNDA:3,(anonymous_5)
FNDA:5,(anonymous_6)
FNDA:2,(anonymous_7)
FNDA:1,(anonymous_8)
FNDA:0,(anonymous_9)
FNDA:2,(anonymous_10)
DA:13,1
DA:14,1
DA:16,4
DA:17,4
DA:18,4
DA:19,4
DA:22,4
DA:26,4
DA:27,4
DA:31,3
DA:32,3
DA:36,2
DA:37,2
DA:41,3
DA:42,3
DA:43,3
DA:44,3
DA:46,3
DA:47,3
DA:51,5
DA:52,3
DA:54,2
DA:55,1
DA:57,1
DA:58,1
DA:59,1
DA:61,0
DA:65,2
DA:66,2
DA:68,2
DA:69,2
DA:70,2
DA:71,2
DA:72,2
DA:74,2
DA:75,2
DA:76,2
DA:77,2
DA:79,2
DA:80,2
LF:40
LH:39
BRDA:26,0,0,4
BRDA:26,0,1,0
BRDA:42,1,0,3
BRDA:42,1,1,0
BRDA:51,2,0,3
BRDA:51,2,1,2
BRDA:54,3,0,1
BRDA:54,3,1,1
BRDA:58,4,0,1
BRDA:58,4,1,0
BRDA:58,5,0,0
BRDA:58,5,1,1
BRDA:58,6,0,1
BRDA:58,6,1,1
BRDA:66,7,0,0
BRDA:66,7,1,2
BRDA:72,8,0,2
BRDA:72,8,1,0
BRF:18
BRH:12
end_of_record
TN:
SF:renderer\lib\code-studio\core\shell-parser.ts
FN:39,tokenize
FN:44,peek
FN:48,advance
FN:52,skipWhitespace
FN:204,expandVariables
FN:210,(anonymous_5)
FN:226,globToRegex
FN:271,escapeRegex
FN:276,containsGlob
FN:281,expandGlob
FN:283,(anonymous_10)
FN:312,parseCommandChain
FN:321,flushCommand
FN:334,flushPipeline
FN:407,joinContinuations
FN:417,isIncomplete
FN:456,highlightShellInput
FNF:17
FNH:16
FNDA:12,tokenize
FNDA:43,peek
FNDA:7,advance
FNDA:36,skipWhitespace
FNDA:4,expandVariables
FNDA:4,(anonymous_5)
FNDA:6,globToRegex
FNDA:26,escapeRegex
FNDA:6,containsGlob
FNDA:2,expandGlob
FNDA:7,(anonymous_10)
FNDA:2,parseCommandChain
FNDA:4,flushCommand
FNDA:2,flushPipeline
FNDA:1,joinContinuations
FNDA:5,isIncomplete
FNDA:0,highlightShellInput
DA:39,3
DA:40,12
DA:41,12
DA:42,12
DA:45,43
DA:49,7
DA:53,36
DA:56,12
DA:57,36
DA:58,36
DA:60,36
DA:61,36
DA:64,36
DA:65,0
DA:66,0
DA:67,0
DA:71,36
DA:72,0
DA:73,0
DA:74,0
DA:78,36
DA:79,4
DA:80,4
DA:81,0
DA:82,0
DA:84,4
DA:86,4
DA:90,32
DA:91,1
DA:92,1
DA:93,1
DA:94,1
DA:96,0
DA:98,1
DA:102,31
DA:103,0
DA:104,0
DA:105,0
DA:109,31
DA:110,1
DA:111,0
DA:112,0
DA:113,0
DA:114,0
DA:116,0
DA:119,1
DA:120,1
DA:121,0
DA:122,0
DA:124,1
DA:127,1
DA:131,30
DA:132,30
DA:134,30
DA:135,128
DA:137,128
DA:142,19
DA:146,109
DA:147,0
DA:148,0
DA:149,0
DA:153,109
DA:154,1
DA:155,1
DA:156,11
DA:157,1
DA:158,1
DA:162,108
DA:163,2
DA:164,2
DA:165,2
DA:166,22
DA:167,22
DA:169,2
DA:170,2
DA:174,106
DA:175,0
DA:176,0
DA:177,0
DA:178,0
DA:179,0
DA:182,106
DA:183,106
DA:186,30
DA:187,30
DA:191,12
DA:204,3
DA:208,4
DA:211,4
DA:212,4
DA:214,4
DA:215,2
DA:216,1
DA:217,1
DA:226,3
DA:227,6
DA:228,6
DA:230,6
DA:231,32
DA:233,32
DA:234,6
DA:235,1
DA:236,0
DA:238,5
DA:240,26
DA:241,1
DA:242,25
DA:243,0
DA:244,0
DA:245,0
DA:246,0
DA:247,0
DA:248,0
DA:249,0
DA:250,25
DA:251,1
DA:252,1
DA:253,1
DA:254,1
DA:255,5
DA:256,4
DA:257,5
DA:259,1
DA:260,1
DA:261,1
DA:263,24
DA:267,6
DA:268,6
DA:272,26
DA:276,3
DA:277,6
DA:281,3
DA:282,2
DA:283,7
DA:312,3
DA:313,2
DA:315,2
DA:316,2
DA:317,2
DA:318,2
DA:319,2
DA:322,4
DA:323,4
DA:328,4
DA:329,4
DA:330,4
DA:335,2
DA:336,2
DA:337,2
DA:341,2
DA:345,2
DA:346,8
DA:348,8
DA:350,6
DA:351,6
DA:353,2
DA:354,2
DA:356,0
DA:357,0
DA:358,0
DA:360,0
DA:361,0
DA:362,0
DA:365,0
DA:366,0
DA:367,0
DA:369,0
DA:370,0
DA:371,0
DA:372,0
DA:374,0
DA:375,0
DA:376,0
DA:379,0
DA:380,0
DA:381,0
DA:384,0
DA:385,0
DA:386,0
DA:389,0
DA:390,0
DA:392,0
DA:396,2
DA:397,2
DA:407,3
DA:408,1
DA:409,1
DA:410,2
DA:411,1
DA:413,1
DA:417,3
DA:418,5
DA:420,4
DA:421,4
DA:422,4
DA:423,4
DA:425,4
DA:426,44
DA:427,44
DA:428,44
DA:429,43
DA:430,40
DA:431,40
DA:432,40
DA:435,4
DA:443,3
DA:449,3
DA:456,3
DA:457,0
DA:459,0
DA:460,0
DA:461,0
DA:462,0
DA:463,0
DA:465,0
DA:466,0
DA:467,0
DA:470,0
DA:472,0
DA:477,0
DA:478,0
DA:479,0
DA:484,0
DA:485,0
DA:487,0
DA:488,0
DA:490,0
DA:491,0
DA:492,0
DA:493,0
DA:494,0
DA:496,0
DA:498,0
DA:499,0
DA:500,0
DA:501,0
DA:502,0
DA:503,0
DA:504,0
DA:505,0
DA:506,0
DA:507,0
DA:509,0
DA:511,0
DA:514,0
DA:517,0
DA:520,0
DA:521,0
DA:524,0
LF:249
LH:148
BRDA:44,0,0,42
BRDA:45,1,0,42
BRDA:45,1,1,1
BRDA:53,2,0,61
BRDA:53,2,1,61
BRDA:53,2,2,36
BRDA:58,3,0,0
BRDA:58,3,1,36
BRDA:64,4,0,0
BRDA:64,4,1,36
BRDA:64,5,0,36
BRDA:64,5,1,0
BRDA:71,6,0,0
BRDA:71,6,1,36
BRDA:78,7,0,4
BRDA:78,7,1,32
BRDA:80,8,0,0
BRDA:80,8,1,4
BRDA:90,9,0,1
BRDA:90,9,1,31
BRDA:92,10,0,1
BRDA:92,10,1,0
BRDA:102,11,0,0
BRDA:102,11,1,31
BRDA:109,12,0,1
BRDA:109,12,1,30
BRDA:109,13,0,31
BRDA:109,13,1,30
BRDA:109,13,2,0
BRDA:110,14,0,0
BRDA:110,14,1,1
BRDA:110,15,0,1
BRDA:110,15,1,0
BRDA:112,16,0,0
BRDA:112,16,1,0
BRDA:112,17,0,0
BRDA:112,17,1,0
BRDA:120,18,0,0
BRDA:120,18,1,1
BRDA:137,19,0,19
BRDA:137,19,1,109
BRDA:138,20,0,128
BRDA:138,20,1,109
BRDA:138,20,2,109
BRDA:138,20,3,109
BRDA:138,20,4,109
BRDA:138,20,5,109
BRDA:138,20,6,109
BRDA:138,20,7,109
BRDA:138,20,8,1
BRDA:146,21,0,0
BRDA:146,21,1,109
BRDA:148,22,0,0
BRDA:148,22,1,0
BRDA:153,23,0,1
BRDA:153,23,1,108
BRDA:156,24,0,12
BRDA:156,24,1,12
BRDA:157,25,0,1
BRDA:157,25,1,0
BRDA:162,26,0,2
BRDA:162,26,1,106
BRDA:165,27,0,24
BRDA:165,27,1,24
BRDA:166,28,0,0
BRDA:166,28,1,22
BRDA:166,29,0,22
BRDA:166,29,1,0
BRDA:169,30,0,2
BRDA:169,30,1,0
BRDA:174,31,0,0
BRDA:174,31,1,106
BRDA:177,32,0,0
BRDA:177,32,1,0
BRDA:178,33,0,0
BRDA:178,33,1,0
BRDA:186,34,0,30
BRDA:186,34,1,0
BRDA:211,35,0,4
BRDA:211,35,1,2
BRDA:214,36,0,2
BRDA:214,36,1,2
BRDA:214,37,0,4
BRDA:214,37,1,2
BRDA:215,38,0,1
BRDA:215,38,1,1
BRDA:215,39,0,1
BRDA:215,39,1,0
BRDA:215,40,0,1
BRDA:215,40,1,1
BRDA:216,41,0,0
BRDA:216,41,1,1
BRDA:216,42,0,0
BRDA:216,42,1,0
BRDA:216,43,0,0
BRDA:216,43,1,0
BRDA:233,44,0,6
BRDA:233,44,1,26
BRDA:234,45,0,1
BRDA:234,45,1,5
BRDA:235,46,0,1
BRDA:235,46,1,0
BRDA:240,47,0,1
BRDA:240,47,1,25
BRDA:242,48,0,0
BRDA:242,48,1,25
BRDA:245,49,0,0
BRDA:245,49,1,0
BRDA:245,50,0,0
BRDA:245,50,1,0
BRDA:246,51,0,0
BRDA:246,51,1,0
BRDA:250,52,0,1
BRDA:250,52,1,24
BRDA:254,53,0,6
BRDA:254,53,1,6
BRDA:255,54,0,1
BRDA:255,54,1,4
BRDA:322,55,0,4
BRDA:322,55,1,0
BRDA:336,56,0,2
BRDA:336,56,1,0
BRDA:348,57,0,6
BRDA:348,57,1,2
BRDA:348,57,2,0
BRDA:348,57,3,0
BRDA:348,57,4,0
BRDA:348,57,5,0
BRDA:348,57,6,0
BRDA:348,57,7,0
BRDA:348,57,8,0
BRDA:348,57,9,0
BRDA:348,57,10,0
BRDA:348,57,11,0
BRDA:375,58,0,0
BRDA:375,58,1,0
BRDA:375,59,0,0
BRDA:375,59,1,0
BRDA:375,60,0,0
BRDA:375,60,1,0
BRDA:380,61,0,0
BRDA:380,61,1,0
BRDA:380,62,0,0
BRDA:380,62,1,0
BRDA:380,63,0,0
BRDA:380,63,1,0
BRDA:385,64,0,0
BRDA:385,64,1,0
BRDA:385,65,0,0
BRDA:385,65,1,0
BRDA:385,66,0,0
BRDA:385,66,1,0
BRDA:410,67,0,1
BRDA:410,67,1,1
BRDA:418,68,0,1
BRDA:418,68,1,4
BRDA:427,69,0,0
BRDA:427,69,1,44
BRDA:427,70,0,44
BRDA:427,70,1,0
BRDA:428,71,0,1
BRDA:428,71,1,43
BRDA:428,72,0,44
BRDA:428,72,1,1
BRDA:428,72,2,1
BRDA:429,73,0,3
BRDA:429,73,1,40
BRDA:429,74,0,43
BRDA:429,74,1,3
BRDA:429,74,2,3
BRDA:430,75,0,0
BRDA:430,75,1,40
BRDA:430,76,0,40
BRDA:430,76,1,0
BRDA:430,76,2,0
BRDA:431,77,0,0
[...]
BRDA:201,24,0,0
BRDA:201,24,1,0
BRDA:221,25,0,0
BRDA:221,25,1,0
BRDA:221,26,0,0
BRDA:221,26,1,0
BRDA:224,27,0,0
BRDA:224,27,1,0
BRDA:224,28,0,0
BRDA:224,28,1,0
BRDA:227,29,0,0
BRDA:227,29,1,0
BRDA:231,30,0,0
BRDA:231,30,1,0
BRDA:234,31,0,0
BRDA:234,31,1,0
BRDA:238,32,0,0
BRDA:238,32,1,0
BRDA:241,33,0,0
BRDA:241,33,1,0
BRDA:241,34,0,0
BRDA:241,34,1,0
BRDA:245,35,0,0
BRDA:245,35,1,0
BRDA:245,36,0,0
BRDA:245,36,1,0
BRDA:245,36,2,0
BRDA:248,37,0,0
BRDA:248,37,1,0
BRDA:248,38,0,0
BRDA:248,38,1,0
BRDA:248,38,2,0
BRDA:252,39,0,0
BRDA:252,39,1,0
BRDA:255,40,0,0
BRDA:255,40,1,0
BRDA:271,41,0,0
BRDA:271,41,1,0
BRDA:271,41,2,0
BRDA:273,42,0,0
BRDA:273,42,1,0
BRDA:288,43,0,0
BRDA:288,43,1,0
BRDA:294,44,0,0
BRDA:294,44,1,0
BRDA:300,45,0,0
BRDA:300,45,1,0
BRDA:310,46,0,0
BRDA:310,46,1,0
BRDA:311,47,0,0
BRDA:311,47,1,0
BRDA:318,48,0,0
BRDA:318,48,1,0
BRDA:318,49,0,0
BRDA:318,49,1,0
BRDA:319,50,0,0
BRDA:319,50,1,0
BRDA:319,51,0,0
BRDA:319,51,1,0
BRF:108
BRH:0
end_of_record
TN:
SF:renderer\lib\code-studio\harness\build-test-loop.ts
FN:64,(anonymous_0)
FN:68,runCommand
FN:93,parseSingleError
FN:124,runHarnessLoop
FN:146,(anonymous_4)
FN:150,(anonymous_5)
FN:155,(anonymous_6)
FN:222,(anonymous_7)
FN:226,(anonymous_8)
FN:227,(anonymous_9)
FN:245,errorsToPrompt
FNF:11
FNH:0
FNDA:0,(anonymous_0)
FNDA:0,runCommand
FNDA:0,parseSingleError
FNDA:0,runHarnessLoop
FNDA:0,(anonymous_4)
FNDA:0,(anonymous_5)
FNDA:0,(anonymous_6)
FNDA:0,(anonymous_7)
FNDA:0,(anonymous_8)
FNDA:0,(anonymous_9)
FNDA:0,errorsToPrompt
DA:11,0
DA:12,0
DA:57,0
DA:64,0
DA:73,0
DA:74,0
DA:75,0
DA:77,0
DA:78,0
DA:79,0
DA:80,0
DA:81,0
DA:84,0
DA:85,0
DA:89,0
DA:95,0
DA:96,0
DA:97,0
DA:101,0
DA:102,0
DA:103,0
DA:107,0
DA:108,0
DA:109,0
DA:113,0
DA:114,0
DA:115,0
DA:118,0
DA:124,0
DA:129,0
DA:130,0
DA:131,0
DA:133,0
DA:134,0
DA:135,0
DA:136,0
DA:137,0
DA:139,0
DA:140,0
DA:141,0
DA:144,0
DA:145,0
DA:146,0
DA:147,0
DA:148,0
DA:149,0
DA:150,0
DA:154,0
DA:155,0
DA:158,0
DA:163,0
DA:164,0
DA:171,0
DA:173,0
DA:175,0
DA:176,0
DA:179,0
DA:180,0
DA:181,0
DA:182,0
DA:183,0
DA:184,0
DA:188,0
DA:191,0
DA:192,0
DA:193,0
DA:194,0
DA:196,0
DA:202,0
DA:203,0
DA:218,0
DA:219,0
DA:222,0
DA:226,0
DA:227,0
DA:228,0
DA:230,0
DA:245,0
DA:246,0
DA:247,0
DA:250,0
DA:251,0
DA:252,0
DA:253,0
DA:261,0
DA:265,0
DA:266,0
DA:267,0
DA:268,0
DA:269,0
DA:270,0
DA:273,0
DA:274,0
DA:275,0
DA:276,0
DA:277,0
DA:282,0
LF:97
LH:0
BRDA:77,0,0,0
BRDA:77,0,1,0
BRDA:81,1,0,0
BRDA:81,1,1,0
BRDA:84,2,0,0
BRDA:84,2,1,0
BRDA:84,3,0,0
BRDA:84,3,1,0
BRDA:96,4,0,0
BRDA:96,4,1,0
BRDA:102,5,0,0
BRDA:102,5,1,0
BRDA:108,6,0,0
BRDA:108,6,1,0
BRDA:114,7,0,0
BRDA:114,7,1,0
BRDA:127,8,0,0
BRDA:144,9,0,0
BRDA:144,9,1,0
BRDA:144,10,0,0
BRDA:144,10,1,0
BRDA:148,11,0,0
BRDA:148,11,1,0
BRDA:150,12,0,0
BRDA:150,12,1,0
BRDA:150,13,0,0
BRDA:150,13,1,0
BRDA:154,14,0,0
BRDA:154,14,1,0
BRDA:158,15,0,0
BRDA:158,15,1,0
BRDA:171,16,0,0
BRDA:171,16,1,0
BRDA:171,17,0,0
BRDA:171,17,1,0
BRDA:175,18,0,0
BRDA:175,18,1,0
BRDA:175,19,0,0
BRDA:175,19,1,0
BRDA:180,20,0,0
BRDA:180,20,1,0
BRDA:180,20,2,0
BRDA:180,20,3,0
BRDA:188,21,0,0
BRDA:188,21,1,0
BRDA:188,22,0,0
BRDA:188,22,1,0
BRDA:191,23,0,0
BRDA:191,23,1,0
BRDA:193,24,0,0
BRDA:193,24,1,0
BRDA:202,25,0,0
BRDA:202,25,1,0
BRDA:220,26,0,0
BRDA:220,26,1,0
BRDA:220,27,0,0
BRDA:220,27,1,0
BRDA:246,28,0,0
BRDA:246,28,1,0
BRDA:246,29,0,0
BRDA:246,29,1,0
BRDA:250,30,0,0
BRDA:250,30,1,0
BRDA:250,31,0,0
BRDA:250,31,1,0
BRDA:265,32,0,0
BRDA:265,32,1,0
BRDA:268,33,0,0
BRDA:268,33,1,0
BRDA:269,34,0,0
BRDA:269,34,1,0
BRDA:277,35,0,0
BRDA:277,35,1,0
BRF:73
BRH:0
end_of_record
TN:
SF:renderer\lib\code-studio\harness\dynamic-executor.ts
FN:32,runWithTimeout
FN:37,(anonymous_1)
FN:38,(anonymous_2)
FN:46,runSpyTest
FN:134,runFuzzTest
FN:150,(anonymous_5)
FN:198,runMutationTest
FN:256,runVisualTest
FN:328,runDynamicSuite
FN:373,(anonymous_9)
FN:375,(anonymous_10)
FNF:11
FNH:0
FNDA:0,runWithTimeout
FNDA:0,(anonymous_1)
FNDA:0,(anonymous_2)
FNDA:0,runSpyTest
FNDA:0,runFuzzTest
FNDA:0,(anonymous_5)
FNDA:0,runMutationTest
FNDA:0,runVisualTest
FNDA:0,runDynamicSuite
FNDA:0,(anonymous_9)
FNDA:0,(anonymous_10)
DA:15,0
DA:30,0
DA:36,0
DA:37,0
DA:38,0
DA:40,0
DA:46,0
DA:51,0
DA:52,0
DA:55,0
DA:99,0
DA:100,0
DA:101,0
DA:102,0
DA:105,0
DA:106,0
DA:107,0
DA:108,0
DA:109,0
DA:110,0
DA:111,0
DA:115,0
DA:116,0
DA:119,0
DA:122,0
DA:134,0
DA:140,0
DA:141,0
DA:142,0
DA:144,0
DA:145,0
DA:146,0
DA:150,0
DA:158,0
DA:159,0
DA:160,0
DA:161,0
DA:163,0
DA:164,0
DA:165,0
DA:166,0
DA:167,0
DA:168,0
DA:172,0
DA:173,0
DA:174,0
DA:178,0
DA:179,0
DA:183,0
DA:184,0
DA:186,0
DA:198,0
DA:203,0
DA:204,0
DA:205,0
DA:207,0
DA:208,0
DA:211,0
DA:212,0
DA:214,0
DA:216,0
DA:217,0
DA:218,0
DA:220,0
DA:221,0
DA:222,0
DA:223,0
DA:225,0
DA:227,0
DA:228,0
DA:230,0
DA:233,0
DA:237,0
DA:238,0
DA:240,0
DA:241,0
DA:244,0
DA:256,0
DA:260,0
DA:261,0
DA:264,0
DA:300,0
DA:302,0
DA:303,0
DA:304,0
DA:306,0
DA:307,0
DA:308,0
DA:309,0
DA:312,0
DA:315,0
DA:316,0
DA:328,0
DA:344,0
DA:345,0
DA:348,0
DA:349,0
DA:350,0
DA:353,0
DA:354,0
DA:355,0
DA:356,0
DA:360,0
DA:361,0
DA:362,0
DA:363,0
DA:367,0
DA:368,0
DA:369,0
DA:370,0
DA:373,0
DA:374,0
DA:375,0
DA:378,0
LF:114
LH:0
BRDA:106,0,0,0
BRDA:106,0,1,0
BRDA:108,1,0,0
BRDA:108,1,1,0
BRDA:110,2,0,0
BRDA:110,2,1,0
BRDA:110,3,0,0
BRDA:110,3,1,0
BRDA:115,4,0,0
BRDA:115,4,1,0
BRDA:126,5,0,0
BRDA:126,5,1,0
BRDA:163,6,0,0
BRDA:163,6,1,0
BRDA:165,7,0,0
BRDA:165,7,1,0
BRDA:172,8,0,0
BRDA:172,8,1,0
BRDA:172,9,0,0
BRDA:172,9,1,0
BRDA:184,10,0,0
BRDA:184,10,1,0
BRDA:207,11,0,0
BRDA:207,11,1,0
BRDA:225,12,0,0
BRDA:225,12,1,0
BRDA:238,13,0,0
BRDA:238,13,1,0
BRDA:240,14,0,0
BRDA:240,14,1,0
BRDA:307,15,0,0
BRDA:307,15,1,0
BRDA:348,16,0,0
BRDA:348,16,1,0
BRDA:348,17,0,0
BRDA:348,17,1,0
BRDA:348,18,0,0
BRDA:348,18,1,0
BRDA:348,19,0,0
BRDA:348,19,1,0
BRDA:349,20,0,0
BRDA:349,20,1,0
BRDA:349,21,0,0
BRDA:349,21,1,0
BRDA:349,22,0,0
BRDA:349,22,1,0
BRDA:353,23,0,0
BRDA:353,23,1,0
BRDA:353,24,0,0
BRDA:353,24,1,0
BRDA:353,24,2,0
BRDA:353,25,0,0
BRDA:353,25,1,0
BRDA:353,26,0,0
BRDA:353,26,1,0
BRDA:353,27,0,0
BRDA:353,27,1,0
BRDA:353,28,0,0
BRDA:353,28,1,0
BRDA:354,29,0,0
BRDA:354,29,1,0
BRDA:354,30,0,0
BRDA:354,30,1,0
BRDA:354,31,0,0
BRDA:354,31,1,0
BRDA:354,32,0,0
BRDA:354,32,1,0
BRDA:360,33,0,0
BRDA:360,33,1,0
BRDA:360,34,0,0
BRDA:360,34,1,0
BRDA:360,35,0,0
BRDA:360,35,1,0
BRDA:361,36,0,0
BRDA:361,36,1,0
BRDA:361,37,0,0
BRDA:361,37,1,0
BRDA:361,38,0,0
BRDA:361,38,1,0
BRDA:361,39,0,0
BRDA:361,39,1,0
BRDA:367,40,0,0
BRDA:367,40,1,0
BRDA:367,41,0,0
BRDA:367,41,1,0
BRDA:367,42,0,0
BRDA:367,42,1,0
BRDA:368,43,0,0
BRDA:368,43,1,0
BRDA:368,44,0,0
BRDA:368,44,1,0
BRDA:368,45,0,0
BRDA:368,45,1,0
BRDA:368,46,0,0
BRDA:368,46,1,0
BRDA:374,47,0,0
BRDA:374,47,1,0
BRF:97
BRH:0
end_of_record
TN:
SF:renderer\lib\code-studio\harness\headless-first.ts
FN:40,verifyPhase1
FN:46,(anonymous_1)
FN:61,verifyPhase2
FN:66,(anonymous_3)
FN:77,runHeadlessFirst
FN:127,buildSkeletonPrompt
FN:148,buildDesignPrompt
FNF:7
FNH:0
FNDA:0,verifyPhase1
FNDA:0,(anonymous_1)
FNDA:0,verifyPhase2
FNDA:0,(anonymous_3)
FNDA:0,runHeadlessFirst
FNDA:0,buildSkeletonPrompt
FNDA:0,buildDesignPrompt
DA:8,0
DA:9,0
DA:10,0
DA:42,0
DA:43,0
DA:46,0
DA:51,0
DA:52,0
DA:55,0
DA:57,0
DA:62,0
DA:63,0
DA:66,0
DA:69,0
DA:77,0
DA:79,0
DA:80,0
DA:83,0
DA:84,0
DA:86,0
DA:88,0
DA:90,0
DA:91,0
DA:101,0
DA:102,0
DA:105,0
DA:106,0
DA:108,0
DA:109,0
DA:115,0
DA:127,0
DA:128,0
DA:148,0
DA:149,0
LF:34
LH:0
BRDA:79,0,0,0
BRDA:79,0,1,0
BRDA:79,1,0,0
BRDA:79,1,1,0
BRDA:83,2,0,0
BRDA:83,2,1,0
BRDA:83,3,0,0
BRDA:83,3,1,0
BRDA:86,4,0,0
BRDA:86,4,1,0
BRDA:86,4,2,0
BRDA:88,5,0,0
BRDA:88,5,1,0
BRDA:101,6,0,0
BRDA:101,6,1,0
BRDA:101,7,0,0
BRDA:101,7,1,0
BRDA:105,8,0,0
BRDA:105,8,1,0
BRDA:105,9,0,0
BRDA:105,9,1,0
BRF:21
BRH:0
end_of_record
TN:
SF:renderer\lib\code-studio\harness\index.ts
FN:9,(anonymous_9)
FN:9,(anonymous_10)
FN:12,(anonymous_11)
FN:12,(anonymous_12)
FN:15,(anonymous_13)
FN:15,(anonymous_14)
FN:15,(anonymous_15)
FN:18,(anonymous_16)
FN:18,(anonymous_17)
FN:21,(anonymous_18)
FN:21,(anonymous_19)
FN:21,(anonymous_20)
FN:21,(anonymous_21)
FN:21,(anonymous_22)
FN:21,(anonymous_23)
FN:24,(anonymous_24)
FN:24,(anonymous_25)
FN:24,(anonymous_26)
FN:27,(anonymous_27)
FN:27,(anonymous_28)
FN:27,(anonymous_29)
FN:27,(anonymous_30)
FN:27,(anonymous_31)
FN:30,(anonymous_32)
FN:30,(anonymous_33)
FN:30,(anonymous_34)
FN:61,runMasterHarness
FN:76,(anonymous_36)
FN:78,(anonymous_37)
FN:83,(anonymous_38)
FN:90,(anonymous_39)
FN:93,(anonymous_40)
FN:100,(anonymous_41)
FN:101,(anonymous_42)
FN:104,(anonymous_43)
FN:105,(anonymous_44)
FN:106,(anonymous_45)
FN:106,(anonymous_46)
FN:118,(anonymous_47)
FN:135,(anonymous_48)
FN:141,(anonymous_49)
FN:146,(anonymous_50)
FN:148,(anonymous_51)
FN:155,(anonymous_52)
FN:158,(anonymous_53)
FN:173,(anonymous_54)
FN:182,(anonymous_55)
FN:189,(anonymous_56)
FN:191,(anonymous_57)
FNF:49
FNH:0
FNDA:0,(anonymous_9)
FNDA:0,(anonymous_10)
FNDA:0,(anonymous_11)
FNDA:0,(anonymous_12)
FNDA:0,(anonymous_13)
FNDA:0,(anonymous_14)
FNDA:0,(anonymous_15)
FNDA:0,(anonymous_16)
FNDA:0,(anonymous_17)
FNDA:0,(anonymous_18)
FNDA:0,(anonymous_19)
FNDA:0,(anonymous_20)
FNDA:0,(anonymous_21)
FNDA:0,(anonymous_22)
FNDA:0,(anonymous_23)
FNDA:0,(anonymous_24)
FNDA:0,(anonymous_25)
FNDA:0,(anonymous_26)
FNDA:0,(anonymous_27)
FNDA:0,(anonymous_28)
FNDA:0,(anonymous_29)
FNDA:0,(anonymous_30)
FNDA:0,(anonymous_31)
FNDA:0,(anonymous_32)
FNDA:0,(anonymous_33)
FNDA:0,(anonymous_34)
FNDA:0,runMasterHarness
FNDA:0,(anonymous_36)
FNDA:0,(anonymous_37)
FNDA:0,(anonymous_38)
FNDA:0,(anonymous_39)
FNDA:0,(anonymous_40)
FNDA:0,(anonymous_41)
FNDA:0,(anonymous_42)
FNDA:0,(anonymous_43)
FNDA:0,(anonymous_44)
FNDA:0,(anonymous_45)
FNDA:0,(anonymous_46)
FNDA:0,(anonymous_47)
FNDA:0,(anonymous_48)
FNDA:0,(anonymous_49)
FNDA:0,(anonymous_50)
FNDA:0,(anonymous_51)
FNDA:0,(anonymous_52)
FNDA:0,(anonymous_53)
FNDA:0,(anonymous_54)
FNDA:0,(anonymous_55)
FNDA:0,(anonymous_56)
FNDA:0,(anonymous_57)
DA:9,0
DA:12,0
DA:15,0
DA:18,0
DA:21,0
DA:24,0
DA:27,0
DA:30,0
DA:61,0
DA:71,0
DA:72,0
DA:73,0
DA:76,0
DA:77,0
DA:78,0
DA:79,0
DA:83,0
DA:87,0
DA:89,0
DA:90,0
DA:91,0
DA:93,0
DA:99,0
DA:100,0
DA:101,0
DA:102,0
DA:103,0
DA:104,0
DA:105,0
DA:106,0
DA:107,0
DA:115,0
DA:117,0
DA:118,0
DA:119,0
DA:127,0
DA:128,0
DA:134,0
DA:135,0
DA:136,0
DA:137,0
DA:141,0
DA:142,0
DA:146,0
DA:148,0
DA:152,0
DA:154,0
DA:155,0
DA:156,0
DA:158,0
DA:164,0
DA:172,0
DA:173,0
DA:174,0
DA:182,0
DA:183,0
DA:186,0
DA:187,0
DA:188,0
DA:189,0
DA:191,0
DA:193,0
DA:198,0
LF:63
LH:0
BRDA:84,0,0,0
BRDA:84,0,1,0
BRDA:89,1,0,0
BRDA:89,1,1,0
BRDA:112,2,0,0
BRDA:112,2,1,0
BRDA:117,3,0,0
BRDA:117,3,1,0
BRDA:127,4,0,0
BRDA:127,4,1,0
BRDA:147,5,0,0
BRDA:147,5,1,0
BRDA:154,6,0,0
BRDA:154,6,1,0
BRDA:186,7,0,0
BRDA:186,7,1,0
BRDA:189,8,0,0
BRDA:189,8,1,0
BRDA:189,9,0,0
BRDA:189,9,1,0
BRF:20
BRH:0
end_of_record
TN:
SF:renderer\lib\code-studio\pipeline\daemon-watcher.ts
FN:19,(anonymous_0)
FN:37,(anonymous_1)
FN:52,(anonymous_2)
FN:66,(anonymous_3)
FN:74,(anonymous_4)
FNF:5
FNH:0
FNDA:0,(anonymous_0)
FNDA:0,(anonymous_1)
FNDA:0,(anonymous_2)
FNDA:0,(anonymous_3)
FNDA:0,(anonymous_4)
DA:1,0
DA:2,0
DA:10,0
DA:11,0
DA:12,0
DA:13,0
DA:20,0
DA:21,0
DA:22,0
DA:25,0
DA:26,0
DA:27,0
DA:30,0
DA:31,0
DA:33,0
DA:34,0
DA:38,0
DA:39,0
DA:44,0
DA:45,0
DA:46,0
DA:48,0
DA:53,0
DA:54,0
DA:55,0
DA:57,0
DA:58,0
DA:59,0
DA:60,0
DA:61,0
DA:67,0
DA:69,0
DA:70,0
DA:74,0
DA:75,0
DA:76,0
DA:77,0
DA:78,0
DA:81,0
DA:82,0
DA:83,0
DA:88,0
DA:89,0
DA:90,0
LF:44
LH:0
BRDA:20,0,0,0
BRDA:20,0,1,0
BRDA:20,1,0,0
BRDA:20,1,1,0
BRDA:25,2,0,0
BRDA:25,2,1,0
BRDA:38,3,0,0
BRDA:38,3,1,0
BRDA:38,4,0,0
BRDA:38,4,1,0
BRDA:38,4,2,0
BRDA:44,5,0,0
BRDA:44,5,1,0
BRDA:53,6,0,0
BRDA:53,6,1,0
BRDA:57,7,0,0
BRDA:57,7,1,0
BRDA:69,8,0,0
BRDA:69,8,1,0
BRDA:82,9,0,0
BRDA:82,9,1,0
BRDA:89,10,0,0
BRDA:89,10,1,0
BRF:23
BRH:0
end_of_record
TN:
SF:renderer\lib\code-studio\pipeline\design-transpiler.ts
FN:20,transpileVendorCode
FN:71,(anonymous_1)
FNF:2
FNH:0
FNDA:0,transpileVendorCode
FNDA:0,(anonymous_1)
DA:1,0
DA:18,0
DA:20,0
DA:21,0
DA:22,0
DA:23,0
DA:26,0
DA:27,0
DA:28,0
DA:29,0
DA:35,0
DA:36,0
DA:37,0
DA:38,0
DA:41,0
DA:42,0
DA:43,0
DA:47,0
DA:48,0
DA:49,0
DA:50,0
DA:54,0
DA:55,0
DA:56,0
DA:57,0
DA:62,0
DA:63,0
DA:64,0
DA:65,0
DA:70,0
DA:71,0
DA:72,0
DA:73,0
DA:74,0
DA:77,0
DA:78,0
DA:81,0
DA:82,0
DA:83,0
DA:85,0
DA:88,0
DA:89,0
DA:92,0
LF:43
LH:0
BRDA:27,0,0,0
BRDA:27,0,1,0
BRDA:36,1,0,0
BRDA:36,1,1,0
BRDA:42,2,0,0
BRDA:42,2,1,0
BRDA:48,3,0,0
BRDA:48,3,1,0
BRDA:55,4,0,0
BRDA:55,4,1,0
BRDA:63,5,0,0
BRDA:63,5,1,0
BRDA:73,6,0,0
BRDA:73,6,1,0
BRDA:77,7,0,0
BRDA:77,7,1,0
BRDA:77,8,0,0
BRDA:77,8,1,0
BRDA:77,8,2,0
BRDA:81,9,0,0
BRDA:81,9,1,0
BRDA:88,10,0,0
BRDA:88,10,1,0
BRF:23
BRH:0
end_of_record
TN:
SF:renderer\lib\code-studio\pipeline\master-autopilot.ts
FN:19,(anonymous_0)
FN:25,(anonymous_1)
FN:63,(anonymous_2)
FN:74,(anonymous_3)
FN:92,(anonymous_4)
FN:99,(anonymous_5)
FN:114,(anonymous_6)
FN:143,(anonymous_7)
FN:186,(anonymous_8)
FN:199,runAutonomousFactory
FNF:10
FNH:0
FNDA:0,(anonymous_0)
FNDA:0,(anonymous_1)
FNDA:0,(anonymous_2)
FNDA:0,(anonymous_3)
FNDA:0,(anonymous_4)
FNDA:0,(anonymous_5)
FNDA:0,(anonymous_6)
FNDA:0,(anonymous_7)
FNDA:0,(anonymous_8)
FNDA:0,runAutonomousFactory
DA:1,0
DA:2,0
DA:17,0
DA:20,0
DA:22,0
DA:26,0
DA:27,0
DA:29,0
DA:32,0
DA:40,0
DA:41,0
DA:53,0
DA:60,0
DA:64,0
DA:66,0
DA:67,0
DA:68,0
DA:70,0
DA:75,0
DA:76,0
DA:77,0
DA:78,0
DA:81,0
DA:82,0
DA:85,0
DA:86,0
DA:87,0
DA:89,0
DA:91,0
DA:92,0
DA:94,0
DA:100,0
DA:101,0
DA:102,0
DA:103,0
DA:104,0
DA:106,0
DA:109,0
DA:112,0
DA:114,0
DA:115,0
DA:116,0
DA:117,0
DA:119,0
DA:121,0
DA:122,0
DA:126,0
DA:127,0
DA:128,0
DA:130,0
DA:142,0
DA:144,0
DA:145,0
DA:146,0
DA:149,0
DA:150,0
DA:151,0
DA:153,0
DA:154,0
DA:155,0
DA:157,0
DA:158,0
DA:159,0
DA:163,0
DA:167,0
DA:168,0
DA:171,0
DA:172,0
DA:174,0
DA:175,0
DA:176,0
DA:178,0
DA:179,0
DA:180,0
DA:181,0
DA:186,0
DA:187,0
DA:190,0
DA:199,0
DA:200,0
DA:203,0
DA:206,0
DA:208,0
DA:209,0
DA:211,0
DA:214,0
LF:86
LH:0
BRDA:20,0,0,0
BRDA:20,0,1,0
BRDA:20,0,2,0
BRDA:20,0,3,0
BRDA:22,1,0,0
BRDA:22,1,1,0
BRDA:26,2,0,0
BRDA:26,2,1,0
BRDA:67,3,0,0
BRDA:67,3,1,0
BRDA:76,4,0,0
BRDA:76,4,1,0
BRDA:85,5,0,0
BRDA:85,5,1,0
BRDA:91,6,0,0
BRDA:91,6,1,0
BRDA:100,7,0,0
BRDA:100,7,1,0
BRDA:100,8,0,0
BRDA:100,8,1,0
BRDA:114,9,0,0
BRDA:114,9,1,0
BRDA:114,10,0,0
BRDA:114,10,1,0
BRDA:114,11,0,0
BRDA:114,11,1,0
BRDA:114,12,0,0
BRDA:114,12,1,0
BRDA:115,13,0,0
BRDA:115,13,1,0
BRDA:126,14,0,0
BRDA:126,14,1,0
BRDA:126,15,0,0
BRDA:126,15,1,0
BRDA:143,16,0,0
BRDA:153,17,0,0
BRDA:153,17,1,0
BRDA:163,18,0,0
BRDA:163,18,1,0
BRDA:168,19,0,0
BRDA:168,19,1,0
BRDA:172,20,0,0
BRDA:172,20,1,0
BRDA:179,21,0,0
BRDA:179,21,1,0
BRDA:187,22,0,0
BRDA:187,22,1,0
BRDA:187,23,0,0
BRDA:187,23,1,0
BRDA:208,24,0,0
BRDA:208,24,1,0
BRDA:214,25,0,0
BRDA:214,25,1,0
BRF:53
BRH:0
end_of_record
TN:
SF:renderer\lib\fetch-url-guard\index.ts
FNF:0
FNH:0
DA:2,0
DA:3,0
LF:2
LH:0
BRF:0
BRH:0
end_of_record
TN:
SF:renderer\lib\firebase-id-token\index.ts
FNF:0
FNH:0
DA:2,0
DA:3,0
LF:2
LH:0
BRF:0
BRH:0
end_of_record
TN:
SF:renderer\lib\firestore-service-rest\index.ts
FNF:0
FNH:0
DA:2,0
DA:3,0
LF:2
LH:0
BRF:0
BRH:0
end_of_record
TN:
SF:renderer\lib\google-genai-server\index.ts
FNF:0
FNH:0
DA:2,0
DA:3,0
LF:2
LH:0
BRF:0
BRH:0
end_of_record
TN:
SF:renderer\lib\network-agent-cors\index.ts
FNF:0
FNH:0
DA:2,0
DA:3,0
LF:2
LH:0
BRF:0
BRH:0
end_of_record
TN:
SF:renderer\lib\noa\lora-swap.ts
FN:36,setCodingMode
FN:51,getCodingMode
FN:78,getNarrativeDepth
FN:96,setNarrativeDepth
FN:111,buildProfileHint
FNF:5
FNH:0
FNDA:0,setCodingMode
FNDA:0,getCodingMode
FNDA:0,getNarrativeDepth
FNDA:0,setNarrativeDepth
FNDA:0,buildProfileHint
DA:13,0
DA:21,0
DA:22,0
DA:30,0
DA:36,0
DA:37,0
DA:38,0
DA:39,0
DA:40,0
DA:43,0
DA:51,0
DA:52,0
DA:53,0
DA:54,0
DA:55,0
DA:56,0
DA:57,0
DA:58,0
DA:64,0
DA:78,0
DA:79,0
DA:80,0
DA:81,0
DA:82,0
DA:83,0
DA:84,0
DA:90,0
DA:96,0
DA:97,0
DA:98,0
DA:99,0
DA:100,0
DA:103,0
DA:111,0
DA:112,0
DA:113,0
DA:115,0
DA:117,0
DA:119,0
LF:39
LH:0
BRDA:39,0,0,0
BRDA:39,0,1,0
BRDA:52,1,0,0
BRDA:52,1,1,0
BRDA:54,2,0,0
BRDA:54,2,1,0
BRDA:56,3,0,0
BRDA:56,3,1,0
BRDA:56,4,0,0
BRDA:56,4,1,0
BRDA:80,5,0,0
BRDA:80,5,1,0
BRDA:82,6,0,0
BRDA:82,6,1,0
BRDA:84,7,0,0
BRDA:84,7,1,0
BRDA:84,8,0,0
BRDA:84,8,1,0
BRDA:84,8,2,0
BRDA:99,9,0,0
BRDA:99,9,1,0
BRDA:113,10,0,0
BRDA:113,10,1,0
BRDA:113,10,2,0
BRF:24
BRH:0
end_of_record
TN:
SF:renderer\lib\noa\saga-transaction.ts
FN:49,(anonymous_0)
FN:57,(anonymous_1)
FN:68,(anonymous_2)
FN:92,(anonymous_3)
FN:105,(anonymous_4)
FN:116,(anonymous_5)
FN:137,(anonymous_6)
FN:142,(anonymous_7)
FNF:8
FNH:0
FNDA:0,(anonymous_0)
FNDA:0,(anonymous_1)
FNDA:0,(anonymous_2)
FNDA:0,(anonymous_3)
FNDA:0,(anonymous_4)
FNDA:0,(anonymous_5)
FNDA:0,(anonymous_6)
FNDA:0,(anonymous_7)
DA:11,1
DA:44,1
DA:46,0
DA:47,0
DA:50,0
DA:58,0
DA:59,0
DA:61,0
DA:69,0
DA:70,0
DA:72,0
DA:74,0
DA:75,0
DA:76,0
DA:77,0
DA:78,0
DA:80,0
DA:81,0
DA:84,0
DA:85,0
DA:87,0
DA:88,0
DA:92,0
DA:100,0
DA:101,0
DA:103,0
DA:105,0
DA:119,0
DA:121,0
DA:122,0
DA:123,0
DA:125,0
DA:126,0
DA:127,0
DA:130,0
DA:131,0
DA:138,0
DA:143,0
LF:38
LH:2
BRDA:58,0,0,0
BRDA:58,0,1,0
BRDA:80,1,0,0
BRDA:80,1,1,0
BRDA:123,2,0,0
BRDA:123,2,1,0
BRDA:130,3,0,0
BRDA:130,3,1,0
BRF:8
BRH:0
end_of_record
TN:
SF:renderer\lib\rate-limit\index.ts
FNF:0
FNH:0
DA:2,0
DA:3,0
LF:2
LH:0
BRF:0
BRH:0
end_of_record
TN:
SF:renderer\lib\scene-share\index.ts
FNF:0
FNH:0
DA:2,0
DA:3,0
LF:2
LH:0
BRF:0
BRH:0
end_of_record
TN:
SF:renderer\lib\server-ai\index.ts
FNF:0
FNH:0
DA:2,0
DA:3,0
LF:2
LH:0
BRF:0
BRH:0
end_of_record
TN:
SF:renderer\lib\stripe\index.ts
FNF:0
FNH:0
DA:2,0
DA:3,0
LF:2
LH:0
BRF:0
BRH:0
end_of_record
TN:
SF:renderer\lib\tier\index.ts
FN:4,canGenerate
FN:8,incrementGenerationCount
FNF:2
FNH:0
FNDA:0,canGenerate
FNDA:0,incrementGenerationCount
DA:4,0
DA:5,0
DA:8,0
LF:3
LH:0
BRF:0
BRH:0
end_of_record
TN:
SF:renderer\lib\tier-gate\index.ts
FNF:0
FNH:0
DA:2,0
DA:3,0
LF:2
LH:0
BRF:0
BRH:0
end_of_record
TN:
SF:renderer\lib\token-utils\index.ts
FN:13,isCJKCodePoint
FN:22,estimateTokens
FN:42,getContextLimit
FN:50,getMaxOutputTokens
FN:61,truncateMessages
FN:73,countTotal
FN:75,(anonymous_6)
FNF:7
FNH:7
FNDA:2522981,isCJKCodePoint
FNDA:76,estimateTokens
FNDA:17,getContextLimit
FNDA:4,getMaxOutputTokens
FNDA:6,truncateMessages
FNDA:31,countTotal
FNDA:37,(anonymous_6)
DA:7,18
DA:14,2522981
DA:22,18
DA:23,76
DA:24,73
DA:25,73
DA:26,73
DA:27,2522981
DA:28,2522981
DA:29,300174
DA:31,73
DA:34,18
DA:42,18
DA:43,17
DA:44,17
DA:45,53
DA:47,2
DA:50,18
DA:55,4
DA:56,4
DA:57,4
DA:58,4
DA:61,18
DA:71,6
DA:74,31
DA:75,37
DA:76,31
DA:79,6
DA:80,6
DA:81,6
DA:82,6
DA:84,6
DA:85,3
DA:86,3
DA:87,3
DA:88,3
DA:89,3
DA:90,3
DA:93,6
DA:94,22
DA:95,0
DA:96,0
DA:98,22
DA:99,22
DA:100,22
DA:101,22
DA:102,22
DA:103,22
DA:106,6
DA:107,0
DA:108,0
DA:109,0
DA:110,0
DA:112,0
DA:113,0
DA:114,0
DA:115,0
DA:118,6
LF:58
LH:48
BRDA:15,0,0,2522981
BRDA:15,0,1,2222804
BRDA:15,0,2,2522978
BRDA:15,0,3,2222804
BRDA:15,0,4,2522975
BRDA:15,0,5,2222801
BRDA:23,1,0,3
BRDA:23,1,1,73
BRDA:23,2,0,76
BRDA:23,2,1,74
BRDA:27,3,0,2522981
BRDA:27,3,1,0
BRDA:27,4,0,2522981
BRDA:27,4,1,2522981
BRDA:28,5,0,2222807
BRDA:28,5,1,300174
BRDA:43,6,0,17
BRDA:43,6,1,1
BRDA:45,7,0,15
BRDA:45,7,1,38
BRDA:84,8,0,9
BRDA:84,8,1,4
BRDA:93,9,0,28
BRDA:93,9,1,22
BRDA:94,10,0,0
BRDA:94,10,1,22
BRDA:98,11,0,22
BRDA:98,11,1,0
BRDA:106,12,0,0
BRDA:106,12,1,6
BRDA:106,13,0,6
BRDA:106,13,1,3
BRDA:108,14,0,0
BRDA:108,14,1,0
BRF:34
BRH:28
end_of_record
TN:
SF:renderer\lib\vertex-app-builder\index.ts
FNF:0
FNH:0
DA:2,0
DA:3,0
LF:2
LH:0
BRF:0
BRH:0
end_of_record
TN:
SF:renderer\lib\vertex-network-agent\index.ts
FNF:0
FNH:0
DA:2,0
DA:3,0
LF:2
LH:0
BRF:0
BRH:0
end_of_record
TN:
SF:renderer\services\geminiService.ts
FN:2,generateStoryStream
FNF:1
FNH:0
FNDA:0,generateStoryStream
DA:2,0
DA:3,0
LF:2
LH:0
BRF:0
BRH:0
end_of_record
TN:
SF:renderer\services\aiProviders\index.ts
FNF:0
FNH:0
DA:2,0
DA:3,0
LF:2
LH:0
BRF:0
BRH:0
end_of_record
TN:
SF:renderer\services\aiProvidersStructured\index.ts
FNF:0
FNH:0
DA:2,0
DA:3,0
LF:2
LH:0
BRF:0
BRH:0
end_of_record
TN:
SF:renderer\services\geminiStructuredTaskService\index.ts
FNF:0
FNH:0
DA:2,0
DA:3,0
LF:2
LH:0
BRF:0
BRH:0
end_of_record
