{"C:\\eh-universe-web\\packages\\quill-engine\\src\\autofix-policy.ts": {"path":"C:\\eh-universe-web\\packages\\quill-engine\\src\\autofix-policy.ts","statementMap":{"0":{"start":{"line":45,"column":0},"end":{"line":45,"column":16}},"1":{"start":{"line":17,"column":13},"end":{"line":27,"column":2}},"2":{"start":{"line":30,"column":13},"end":{"line":40,"column":2}},"3":{"start":{"line":46,"column":2},"end":{"line":48,"column":3}},"4":{"start":{"line":47,"column":4},"end":{"line":47,"column":46}},"5":{"start":{"line":47,"column":34},"end":{"line":47,"column":46}},"6":{"start":{"line":49,"column":2},"end":{"line":51,"column":3}},"7":{"start":{"line":50,"column":4},"end":{"line":50,"column":51}},"8":{"start":{"line":50,"column":35},"end":{"line":50,"column":51}},"9":{"start":{"line":52,"column":2},"end":{"line":52,"column":14}}},"fnMap":{"0":{"name":"classifyFixDescription","decl":{"start":{"line":45,"column":16},"end":{"line":45,"column":38}},"loc":{"start":{"line":45,"column":58},"end":{"line":53,"column":1}}}},"branchMap":{"0":{"loc":{"start":{"line":47,"column":4},"end":{"line":47,"column":46}},"type":"if","locations":[{"start":{"line":47,"column":4},"end":{"line":47,"column":46}},{"start":{},"end":{}}]},"1":{"loc":{"start":{"line":50,"column":4},"end":{"line":50,"column":51}},"type":"if","locations":[{"start":{"line":50,"column":4},"end":{"line":50,"column":51}},{"start":{},"end":{}}]}},"s":{"0":1,"1":1,"2":1,"3":0,"4":0,"5":0,"6":0,"7":0,"8":0,"9":0},"f":{"0":0},"b":{"0":[0,0],"1":[0,0]}}
,"C:\\eh-universe-web\\packages\\quill-engine\\src\\good-pattern-catalog.ts": {"path":"C:\\eh-universe-web\\packages\\quill-engine\\src\\good-pattern-catalog.ts","statementMap":{"0":{"start":{"line":241,"column":0},"end":{"line":241,"column":16}},"1":{"start":{"line":246,"column":0},"end":{"line":246,"column":16}},"2":{"start":{"line":251,"column":0},"end":{"line":251,"column":16}},"3":{"start":{"line":28,"column":2},"end":{"line":28,"column":80}},"4":{"start":{"line":31,"column":13},"end":{"line":233,"column":2}},"5":{"start":{"line":239,"column":17},"end":{"line":239,"column":66}},"6":{"start":{"line":239,"column":55},"end":{"line":239,"column":64}},"7":{"start":{"line":242,"column":2},"end":{"line":242,"column":26}},"8":{"start":{"line":247,"column":2},"end":{"line":247,"column":77}},"9":{"start":{"line":247,"column":42},"end":{"line":247,"column":75}},"10":{"start":{"line":252,"column":2},"end":{"line":258,"column":4}},"11":{"start":{"line":254,"column":44},"end":{"line":254,"column":64}},"12":{"start":{"line":255,"column":49},"end":{"line":255,"column":75}},"13":{"start":{"line":256,"column":46},"end":{"line":256,"column":68}},"14":{"start":{"line":257,"column":56},"end":{"line":257,"column":95}},"15":{"start":{"line":262,"column":0},"end":{"line":273,"column":2}},"16":{"start":{"line":276,"column":0},"end":{"line":287,"column":2}},"17":{"start":{"line":290,"column":0},"end":{"line":301,"column":2}},"18":{"start":{"line":304,"column":0},"end":{"line":317,"column":2}}},"fnMap":{"0":{"name":"g","decl":{"start":{"line":23,"column":9},"end":{"line":23,"column":10}},"loc":{"start":{"line":26,"column":23},"end":{"line":29,"column":1}}},"1":{"name":"(anonymous_1)","decl":{"start":{"line":239,"column":50},"end":{"line":239,"column":51}},"loc":{"start":{"line":239,"column":55},"end":{"line":239,"column":64}}},"2":{"name":"getGoodPattern","decl":{"start":{"line":241,"column":16},"end":{"line":241,"column":30}},"loc":{"start":{"line":241,"column":41},"end":{"line":243,"column":1}}},"3":{"name":"getSuppressorsFor","decl":{"start":{"line":246,"column":16},"end":{"line":246,"column":33}},"loc":{"start":{"line":246,"column":51},"end":{"line":248,"column":1}}},"4":{"name":"(anonymous_4)","decl":{"start":{"line":247,"column":37},"end":{"line":247,"column":38}},"loc":{"start":{"line":247,"column":42},"end":{"line":247,"column":75}}},"5":{"name":"getGoodCatalogStats","decl":{"start":{"line":251,"column":16},"end":{"line":251,"column":35}},"loc":{"start":{"line":251,"column":35},"end":{"line":259,"column":1}}},"6":{"name":"(anonymous_6)","decl":{"start":{"line":254,"column":39},"end":{"line":254,"column":40}},"loc":{"start":{"line":254,"column":44},"end":{"line":254,"column":64}}},"7":{"name":"(anonymous_7)","decl":{"start":{"line":255,"column":44},"end":{"line":255,"column":45}},"loc":{"start":{"line":255,"column":49},"end":{"line":255,"column":75}}},"8":{"name":"(anonymous_8)","decl":{"start":{"line":256,"column":41},"end":{"line":256,"column":42}},"loc":{"start":{"line":256,"column":46},"end":{"line":256,"column":68}}},"9":{"name":"(anonymous_9)","decl":{"start":{"line":257,"column":51},"end":{"line":257,"column":52}},"loc":{"start":{"line":257,"column":56},"end":{"line":257,"column":95}}}},"branchMap":{"0":{"loc":{"start":{"line":257,"column":56},"end":{"line":257,"column":95}},"type":"binary-expr","locations":[{"start":{"line":257,"column":56},"end":{"line":257,"column":68}},{"start":{"line":257,"column":72},"end":{"line":257,"column":95}}]}},"s":{"0":5,"1":5,"2":5,"3":1060,"4":5,"5":5,"6":850,"7":0,"8":0,"9":0,"10":0,"11":0,"12":0,"13":0,"14":0,"15":5,"16":5,"17":5,"18":5},"f":{"0":1060,"1":850,"2":0,"3":0,"4":0,"5":0,"6":0,"7":0,"8":0,"9":0},"b":{"0":[0,0]}}
,"C:\\eh-universe-web\\packages\\quill-engine\\src\\patent-scanner.ts": {"path":"C:\\eh-universe-web\\packages\\quill-engine\\src\\patent-scanner.ts","statementMap":{"0":{"start":{"line":105,"column":0},"end":{"line":105,"column":16}},"1":{"start":{"line":42,"column":84},"end":{"line":53,"column":2}},"2":{"start":{"line":55,"column":24},"end":{"line":61,"column":2}},"3":{"start":{"line":64,"column":2},"end":{"line":66,"column":3}},"4":{"start":{"line":65,"column":4},"end":{"line":65,"column":79}},"5":{"start":{"line":65,"column":31},"end":{"line":65,"column":79}},"6":{"start":{"line":67,"column":2},"end":{"line":67,"column":14}},"7":{"start":{"line":71,"column":2},"end":{"line":71,"column":68}},"8":{"start":{"line":71,"column":37},"end":{"line":71,"column":66}},"9":{"start":{"line":80,"column":115},"end":{"line":87,"column":2}},"10":{"start":{"line":90,"column":56},"end":{"line":90,"column":58}},"11":{"start":{"line":91,"column":2},"end":{"line":95,"column":3}},"12":{"start":{"line":92,"column":14},"end":{"line":92,"column":53}},"13":{"start":{"line":93,"column":4},"end":{"line":93,"column":90}},"14":{"start":{"line":93,"column":48},"end":{"line":93,"column":90}},"15":{"start":{"line":94,"column":4},"end":{"line":94,"column":61}},"16":{"start":{"line":94,"column":20},"end":{"line":94,"column":61}},"17":{"start":{"line":96,"column":2},"end":{"line":96,"column":13}},"18":{"start":{"line":106,"column":15},"end":{"line":106,"column":34}},"19":{"start":{"line":107,"column":34},"end":{"line":107,"column":36}},"20":{"start":{"line":108,"column":39},"end":{"line":108,"column":41}},"21":{"start":{"line":110,"column":2},"end":{"line":138,"column":3}},"22":{"start":{"line":112,"column":16},"end":{"line":112,"column":40}},"23":{"start":{"line":113,"column":4},"end":{"line":121,"column":5}},"24":{"start":{"line":114,"column":6},"end":{"line":120,"column":9}},"25":{"start":{"line":124,"column":18},"end":{"line":124,"column":39}},"26":{"start":{"line":125,"column":4},"end":{"line":137,"column":5}},"27":{"start":{"line":125,"column":17},"end":{"line":125,"column":18}},"28":{"start":{"line":126,"column":6},"end":{"line":136,"column":7}},"29":{"start":{"line":127,"column":8},"end":{"line":135,"column":9}},"30":{"start":{"line":128,"column":10},"end":{"line":134,"column":13}},"31":{"start":{"line":140,"column":20},"end":{"line":140,"column":76}},"32":{"start":{"line":140,"column":43},"end":{"line":140,"column":68}},"33":{"start":{"line":141,"column":19},"end":{"line":141,"column":74}},"34":{"start":{"line":141,"column":42},"end":{"line":141,"column":66}},"35":{"start":{"line":142,"column":16},"end":{"line":142,"column":65}},"36":{"start":{"line":144,"column":4},"end":{"line":144,"column":87}},"37":{"start":{"line":146,"column":36},"end":{"line":146,"column":38}},"38":{"start":{"line":147,"column":2},"end":{"line":147,"column":87}},"39":{"start":{"line":147,"column":29},"end":{"line":147,"column":87}},"40":{"start":{"line":148,"column":2},"end":{"line":148,"column":90}},"41":{"start":{"line":148,"column":21},"end":{"line":148,"column":90}},"42":{"start":{"line":149,"column":2},"end":{"line":151,"column":3}},"43":{"start":{"line":149,"column":23},"end":{"line":149,"column":88}},"44":{"start":{"line":150,"column":4},"end":{"line":150,"column":76}},"45":{"start":{"line":153,"column":2},"end":{"line":160,"column":4}}},"fnMap":{"0":{"name":"detectLicense","decl":{"start":{"line":63,"column":9},"end":{"line":63,"column":22}},"loc":{"start":{"line":63,"column":38},"end":{"line":68,"column":1}}},"1":{"name":"hasLicenseHeader","decl":{"start":{"line":70,"column":9},"end":{"line":70,"column":25}},"loc":{"start":{"line":70,"column":41},"end":{"line":72,"column":1}}},"2":{"name":"(anonymous_2)","decl":{"start":{"line":71,"column":30},"end":{"line":71,"column":31}},"loc":{"start":{"line":71,"column":37},"end":{"line":71,"column":66}}},"3":{"name":"flattenFiles","decl":{"start":{"line":89,"column":9},"end":{"line":89,"column":21}},"loc":{"start":{"line":89,"column":52},"end":{"line":97,"column":1}}},"4":{"name":"scanProject","decl":{"start":{"line":105,"column":16},"end":{"line":105,"column":27}},"loc":{"start":{"line":105,"column":45},"end":{"line":161,"column":1}}},"5":{"name":"(anonymous_5)","decl":{"start":{"line":140,"column":36},"end":{"line":140,"column":37}},"loc":{"start":{"line":140,"column":43},"end":{"line":140,"column":68}}},"6":{"name":"(anonymous_6)","decl":{"start":{"line":141,"column":35},"end":{"line":141,"column":36}},"loc":{"start":{"line":141,"column":42},"end":{"line":141,"column":66}}},"7":{"name":"(anonymous_7)","decl":{"start":{"line":149,"column":16},"end":{"line":149,"column":17}},"loc":{"start":{"line":149,"column":23},"end":{"line":149,"column":88}}}},"branchMap":{"0":{"loc":{"start":{"line":65,"column":4},"end":{"line":65,"column":79}},"type":"if","locations":[{"start":{"line":65,"column":4},"end":{"line":65,"column":79}},{"start":{},"end":{}}]},"1":{"loc":{"start":{"line":89,"column":41},"end":{"line":89,"column":52}},"type":"default-arg","locations":[{"start":{"line":89,"column":50},"end":{"line":89,"column":52}}]},"2":{"loc":{"start":{"line":92,"column":14},"end":{"line":92,"column":53}},"type":"cond-expr","locations":[{"start":{"line":92,"column":23},"end":{"line":92,"column":44}},{"start":{"line":92,"column":47},"end":{"line":92,"column":53}}]},"3":{"loc":{"start":{"line":93,"column":4},"end":{"line":93,"column":90}},"type":"if","locations":[{"start":{"line":93,"column":4},"end":{"line":93,"column":90}},{"start":{},"end":{}}]},"4":{"loc":{"start":{"line":93,"column":8},"end":{"line":93,"column":46}},"type":"binary-expr","locations":[{"start":{"line":93,"column":8},"end":{"line":93,"column":25}},{"start":{"line":93,"column":29},"end":{"line":93,"column":46}}]},"5":{"loc":{"start":{"line":94,"column":4},"end":{"line":94,"column":61}},"type":"if","locations":[{"start":{"line":94,"column":4},"end":{"line":94,"column":61}},{"start":{},"end":{}}]},"6":{"loc":{"start":{"line":113,"column":4},"end":{"line":121,"column":5}},"type":"if","locations":[{"start":{"line":113,"column":4},"end":{"line":121,"column":5}},{"start":{},"end":{}}]},"7":{"loc":{"start":{"line":113,"column":8},"end":{"line":113,"column":38}},"type":"binary-expr","locations":[{"start":{"line":113,"column":8},"end":{"line":113,"column":11}},{"start":{"line":113,"column":15},"end":{"line":113,"column":38}}]},"8":{"loc":{"start":{"line":116,"column":17},"end":{"line":116,"column":42}},"type":"binary-expr","locations":[{"start":{"line":116,"column":17},"end":{"line":116,"column":29}},{"start":{"line":116,"column":33},"end":{"line":116,"column":42}}]},"9":{"loc":{"start":{"line":117,"column":16},"end":{"line":117,"column":33}},"type":"binary-expr","locations":[{"start":{"line":117,"column":16},"end":{"line":117,"column":27}},{"start":{"line":117,"column":31},"end":{"line":117,"column":33}}]},"10":{"loc":{"start":{"line":127,"column":8},"end":{"line":135,"column":9}},"type":"if","locations":[{"start":{"line":127,"column":8},"end":{"line":135,"column":9}},{"start":{},"end":{}}]},"11":{"loc":{"start":{"line":144,"column":4},"end":{"line":144,"column":87}},"type":"cond-expr","locations":[{"start":{"line":144,"column":18},"end":{"line":144,"column":21}},{"start":{"line":144,"column":24},"end":{"line":144,"column":87}}]},"12":{"loc":{"start":{"line":144,"column":24},"end":{"line":144,"column":87}},"type":"cond-expr","locations":[{"start":{"line":144,"column":38},"end":{"line":144,"column":41}},{"start":{"line":144,"column":44},"end":{"line":144,"column":87}}]},"13":{"loc":{"start":{"line":144,"column":44},"end":{"line":144,"column":87}},"type":"cond-expr","locations":[{"start":{"line":144,"column":58},"end":{"line":144,"column":61}},{"start":{"line":144,"column":64},"end":{"line":144,"column":87}}]},"14":{"loc":{"start":{"line":144,"column":64},"end":{"line":144,"column":87}},"type":"cond-expr","locations":[{"start":{"line":144,"column":78},"end":{"line":144,"column":81}},{"start":{"line":144,"column":84},"end":{"line":144,"column":87}}]},"15":{"loc":{"start":{"line":147,"column":2},"end":{"line":147,"column":87}},"type":"if","locations":[{"start":{"line":147,"column":2},"end":{"line":147,"column":87}},{"start":{},"end":{}}]},"16":{"loc":{"start":{"line":148,"column":2},"end":{"line":148,"column":90}},"type":"if","locations":[{"start":{"line":148,"column":2},"end":{"line":148,"column":90}},{"start":{},"end":{}}]},"17":{"loc":{"start":{"line":149,"column":2},"end":{"line":151,"column":3}},"type":"if","locations":[{"start":{"line":149,"column":2},"end":{"line":151,"column":3}},{"start":{},"end":{}}]},"18":{"loc":{"start":{"line":149,"column":23},"end":{"line":149,"column":88}},"type":"binary-expr","locations":[{"start":{"line":149,"column":23},"end":{"line":149,"column":51}},{"start":{"line":149,"column":55},"end":{"line":149,"column":88}}]}},"s":{"0":1,"1":1,"2":1,"3":0,"4":0,"5":0,"6":0,"7":0,"8":0,"9":1,"10":0,"11":0,"12":0,"13":0,"14":0,"15":0,"16":0,"17":0,"18":0,"19":0,"20":0,"21":0,"22":0,"23":0,"24":0,"25":0,"26":0,"27":0,"28":0,"29":0,"30":0,"31":0,"32":0,"33":0,"34":0,"35":0,"36":0,"37":0,"38":0,"39":0,"40":0,"41":0,"42":0,"43":0,"44":0,"45":0},"f":{"0":0,"1":0,"2":0,"3":0,"4":0,"5":0,"6":0,"7":0},"b":{"0":[0,0],"1":[0],"2":[0,0],"3":[0,0],"4":[0,0],"5":[0,0],"6":[0,0],"7":[0,0],"8":[0,0],"9":[0,0],"10":[0,0],"11":[0,0],"12":[0,0],"13":[0,0],"14":[0,0],"15":[0,0],"16":[0,0],"17":[0,0],"18":[0,0]}}
,"C:\\eh-universe-web\\packages\\quill-engine\\src\\quality-rules-from-catalog.ts": {"path":"C:\\eh-universe-web\\packages\\quill-engine\\src\\quality-rules-from-catalog.ts","statementMap":{"0":{"start":{"line":149,"column":0},"end":{"line":149,"column":16}},"1":{"start":{"line":191,"column":0},"end":{"line":191,"column":16}},"2":{"start":{"line":271,"column":0},"end":{"line":271,"column":16}},"3":{"start":{"line":16,"column":0},"end":{"line":16,"column":null}},"4":{"start":{"line":27,"column":45},"end":{"line":32,"column":2}},"5":{"start":{"line":35,"column":50},"end":{"line":39,"column":2}},"6":{"start":{"line":44,"column":2},"end":{"line":49,"column":5}},"7":{"start":{"line":45,"column":15},"end":{"line":45,"column":56}},"8":{"start":{"line":46,"column":15},"end":{"line":46,"column":56}},"9":{"start":{"line":47,"column":4},"end":{"line":47,"column":34}},"10":{"start":{"line":47,"column":19},"end":{"line":47,"column":34}},"11":{"start":{"line":48,"column":4},"end":{"line":48,"column":91}},"12":{"start":{"line":63,"column":16},"end":{"line":63,"column":38}},"13":{"start":{"line":64,"column":2},"end":{"line":66,"column":3}},"14":{"start":{"line":65,"column":4},"end":{"line":65,"column":18}},"15":{"start":{"line":67,"column":2},"end":{"line":69,"column":3}},"16":{"start":{"line":68,"column":4},"end":{"line":68,"column":22}},"17":{"start":{"line":70,"column":2},"end":{"line":72,"column":3}},"18":{"start":{"line":71,"column":4},"end":{"line":71,"column":25}},"19":{"start":{"line":73,"column":2},"end":{"line":73,"column":19}},"20":{"start":{"line":81,"column":2},"end":{"line":81,"column":45}},"21":{"start":{"line":81,"column":29},"end":{"line":81,"column":45}},"22":{"start":{"line":84,"column":4},"end":{"line":87,"column":10}},"23":{"start":{"line":89,"column":2},"end":{"line":89,"column":39}},"24":{"start":{"line":89,"column":23},"end":{"line":89,"column":39}},"25":{"start":{"line":92,"column":37},"end":{"line":92,"column":39}},"26":{"start":{"line":93,"column":34},"end":{"line":93,"column":36}},"27":{"start":{"line":94,"column":2},"end":{"line":100,"column":3}},"28":{"start":{"line":95,"column":4},"end":{"line":99,"column":5}},"29":{"start":{"line":96,"column":6},"end":{"line":96,"column":22}},"30":{"start":{"line":98,"column":6},"end":{"line":98,"column":19}},"31":{"start":{"line":101,"column":2},"end":{"line":101,"column":31}},"32":{"start":{"line":112,"column":2},"end":{"line":112,"column":36}},"33":{"start":{"line":116,"column":49},"end":{"line":122,"column":2}},"34":{"start":{"line":127,"column":17},"end":{"line":127,"column":35}},"35":{"start":{"line":128,"column":2},"end":{"line":128,"column":42}},"36":{"start":{"line":138,"column":20},"end":{"line":138,"column":45}},"37":{"start":{"line":145,"column":2},"end":{"line":145,"column":55}},"38":{"start":{"line":150,"column":2},"end":{"line":150,"column":22}},"39":{"start":{"line":161,"column":2},"end":{"line":163,"column":4}},"40":{"start":{"line":162,"column":11},"end":{"line":162,"column":89}},"41":{"start":{"line":170,"column":14},"end":{"line":170,"column":50}},"42":{"start":{"line":172,"column":2},"end":{"line":175,"column":3}},"43":{"start":{"line":173,"column":18},"end":{"line":173,"column":57}},"44":{"start":{"line":173,"column":41},"end":{"line":173,"column":56}},"45":{"start":{"line":174,"column":4},"end":{"line":174,"column":44}},"46":{"start":{"line":174,"column":26},"end":{"line":174,"column":44}},"47":{"start":{"line":176,"column":2},"end":{"line":176,"column":13}},"48":{"start":{"line":196,"column":18},"end":{"line":196,"column":45}},"49":{"start":{"line":197,"column":17},"end":{"line":197,"column":39}},"50":{"start":{"line":198,"column":2},"end":{"line":198,"column":38}},"51":{"start":{"line":199,"column":2},"end":{"line":199,"column":53}},"52":{"start":{"line":202,"column":18},"end":{"line":202,"column":43}},"53":{"start":{"line":202,"column":38},"end":{"line":202,"column":42}},"54":{"start":{"line":203,"column":19},"end":{"line":203,"column":58}},"55":{"start":{"line":204,"column":17},"end":{"line":204,"column":42}},"56":{"start":{"line":205,"column":2},"end":{"line":205,"column":28}},"57":{"start":{"line":205,"column":14},"end":{"line":205,"column":28}},"58":{"start":{"line":207,"column":26},"end":{"line":209,"column":4}},"59":{"start":{"line":211,"column":2},"end":{"line":213,"column":3}},"60":{"start":{"line":212,"column":4},"end":{"line":212,"column":165}},"61":{"start":{"line":215,"column":18},"end":{"line":215,"column":42}},"62":{"start":{"line":217,"column":14},"end":{"line":217,"column":15}},"63":{"start":{"line":218,"column":22},"end":{"line":218,"column":23}},"64":{"start":{"line":219,"column":23},"end":{"line":219,"column":24}},"65":{"start":{"line":221,"column":2},"end":{"line":250,"column":3}},"66":{"start":{"line":222,"column":4},"end":{"line":222,"column":33}},"67":{"start":{"line":222,"column":27},"end":{"line":222,"column":33}},"68":{"start":{"line":224,"column":24},"end":{"line":224,"column":40}},"69":{"start":{"line":225,"column":4},"end":{"line":225,"column":28}},"70":{"start":{"line":227,"column":4},"end":{"line":249,"column":5}},"71":{"start":{"line":228,"column":6},"end":{"line":228,"column":35}},"72":{"start":{"line":228,"column":29},"end":{"line":228,"column":35}},"73":{"start":{"line":231,"column":28},"end":{"line":231,"column":57}},"74":{"start":{"line":232,"column":26},"end":{"line":232,"column":65}},"75":{"start":{"line":233,"column":6},"end":{"line":233,"column":59}},"76":{"start":{"line":233,"column":53},"end":{"line":233,"column":59}},"77":{"start":{"line":235,"column":6},"end":{"line":235,"column":14}},"78":{"start":{"line":236,"column":6},"end":{"line":236,"column":32}},"79":{"start":{"line":239,"column":6},"end":{"line":248,"column":7}},"80":{"start":{"line":240,"column":24},"end":{"line":240,"column":50}},"81":{"start":{"line":241,"column":8},"end":{"line":247,"column":9}},"82":{"start":{"line":242,"column":30},"end":{"line":242,"column":85}},"83":{"start":{"line":243,"column":10},"end":{"line":246,"column":11}},"84":{"start":{"line":244,"column":12},"end":{"line":244,"column":64}},"85":{"start":{"line":245,"column":12},"end":{"line":245,"column":28}},"86":{"start":{"line":252,"column":2},"end":{"line":255,"column":4}},"87":{"start":{"line":257,"column":17},"end":{"line":257,"column":33}},"88":{"start":{"line":260,"column":2},"end":{"line":260,"column":36}},"89":{"start":{"line":262,"column":2},"end":{"line":262,"column":16}},"90":{"start":{"line":272,"column":18},"end":{"line":272,"column":45}},"91":{"start":{"line":274,"column":20},"end":{"line":275,"column":null}},"92":{"start":{"line":275,"column":11},"end":{"line":275,"column":82}},"93":{"start":{"line":280,"column":2},"end":{"line":286,"column":3}},"94":{"start":{"line":281,"column":4},"end":{"line":281,"column":46}},"95":{"start":{"line":282,"column":4},"end":{"line":282,"column":60}},"96":{"start":{"line":283,"column":9},"end":{"line":286,"column":3}},"97":{"start":{"line":284,"column":4},"end":{"line":284,"column":46}},"98":{"start":{"line":285,"column":4},"end":{"line":285,"column":64}},"99":{"start":{"line":288,"column":2},"end":{"line":290,"column":3}},"100":{"start":{"line":289,"column":4},"end":{"line":289,"column":14}},"101":{"start":{"line":292,"column":26},"end":{"line":294,"column":4}},"102":{"start":{"line":296,"column":2},"end":{"line":298,"column":3}},"103":{"start":{"line":297,"column":4},"end":{"line":297,"column":73}},"104":{"start":{"line":300,"column":2},"end":{"line":305,"column":3}},"105":{"start":{"line":301,"column":23},"end":{"line":301,"column":53}},"106":{"start":{"line":302,"column":4},"end":{"line":304,"column":6}},"107":{"start":{"line":307,"column":2},"end":{"line":307,"column":26}}},"fnMap":{"0":{"name":"sortBySeverity","decl":{"start":{"line":43,"column":9},"end":{"line":43,"column":23}},"loc":{"start":{"line":43,"column":51},"end":{"line":50,"column":1}}},"1":{"name":"(anonymous_1)","decl":{"start":{"line":44,"column":28},"end":{"line":44,"column":29}},"loc":{"start":{"line":44,"column":37},"end":{"line":49,"column":3}}},"2":{"name":"detectFileContext","decl":{"start":{"line":62,"column":9},"end":{"line":62,"column":26}},"loc":{"start":{"line":62,"column":43},"end":{"line":74,"column":1}}},"3":{"name":"applyContextualBoost","decl":{"start":{"line":77,"column":9},"end":{"line":77,"column":29}},"loc":{"start":{"line":79,"column":22},"end":{"line":102,"column":1}}},"4":{"name":"estimateTokens","decl":{"start":{"line":111,"column":9},"end":{"line":111,"column":23}},"loc":{"start":{"line":111,"column":36},"end":{"line":113,"column":1}}},"5":{"name":"getExampleForRule","decl":{"start":{"line":125,"column":9},"end":{"line":125,"column":26}},"loc":{"start":{"line":125,"column":41},"end":{"line":129,"column":1}}},"6":{"name":"getCacheKey","decl":{"start":{"line":140,"column":9},"end":{"line":140,"column":20}},"loc":{"start":{"line":143,"column":22},"end":{"line":146,"column":1}}},"7":{"name":"clearPromptCache","decl":{"start":{"line":149,"column":16},"end":{"line":149,"column":32}},"loc":{"start":{"line":149,"column":32},"end":{"line":151,"column":1}}},"8":{"name":"selectPromptPatterns","decl":{"start":{"line":160,"column":9},"end":{"line":160,"column":29}},"loc":{"start":{"line":160,"column":29},"end":{"line":164,"column":1}}},"9":{"name":"(anonymous_9)","decl":{"start":{"line":162,"column":4},"end":{"line":162,"column":5}},"loc":{"start":{"line":162,"column":11},"end":{"line":162,"column":89}}},"10":{"name":"groupByQuality","decl":{"start":{"line":167,"column":9},"end":{"line":167,"column":23}},"loc":{"start":{"line":168,"column":29},"end":{"line":177,"column":1}}},"11":{"name":"(anonymous_11)","decl":{"start":{"line":173,"column":34},"end":{"line":173,"column":35}},"loc":{"start":{"line":173,"column":41},"end":{"line":173,"column":56}}},"12":{"name":"buildQualityRulesPrompt","decl":{"start":{"line":191,"column":16},"end":{"line":191,"column":39}},"loc":{"start":{"line":194,"column":20},"end":{"line":263,"column":1}}},"13":{"name":"(anonymous_13)","decl":{"start":{"line":202,"column":31},"end":{"line":202,"column":32}},"loc":{"start":{"line":202,"column":38},"end":{"line":202,"column":42}}},"14":{"name":"buildFPSuppressionPrompt","decl":{"start":{"line":271,"column":16},"end":{"line":271,"column":40}},"loc":{"start":{"line":271,"column":54},"end":{"line":308,"column":1}}},"15":{"name":"(anonymous_15)","decl":{"start":{"line":275,"column":4},"end":{"line":275,"column":5}},"loc":{"start":{"line":275,"column":11},"end":{"line":275,"column":82}}}},"branchMap":{"0":{"loc":{"start":{"line":47,"column":4},"end":{"line":47,"column":34}},"type":"if","locations":[{"start":{"line":47,"column":4},"end":{"line":47,"column":34}},{"start":{},"end":{}}]},"1":{"loc":{"start":{"line":48,"column":12},"end":{"line":48,"column":48}},"type":"binary-expr","locations":[{"start":{"line":48,"column":12},"end":{"line":48,"column":43}},{"start":{"line":48,"column":47},"end":{"line":48,"column":48}}]},"2":{"loc":{"start":{"line":48,"column":53},"end":{"line":48,"column":89}},"type":"binary-expr","locations":[{"start":{"line":48,"column":53},"end":{"line":48,"column":84}},{"start":{"line":48,"column":88},"end":{"line":48,"column":89}}]},"3":{"loc":{"start":{"line":64,"column":2},"end":{"line":66,"column":3}},"type":"if","locations":[{"start":{"line":64,"column":2},"end":{"line":66,"column":3}},{"start":{},"end":{}}]},"4":{"loc":{"start":{"line":64,"column":6},"end":{"line":64,"column":82}},"type":"binary-expr","locations":[{"start":{"line":64,"column":6},"end":{"line":64,"column":51}},{"start":{"line":64,"column":55},"end":{"line":64,"column":82}}]},"5":{"loc":{"start":{"line":67,"column":2},"end":{"line":69,"column":3}},"type":"if","locations":[{"start":{"line":67,"column":2},"end":{"line":69,"column":3}},{"start":{},"end":{}}]},"6":{"loc":{"start":{"line":70,"column":2},"end":{"line":72,"column":3}},"type":"if","locations":[{"start":{"line":70,"column":2},"end":{"line":72,"column":3}},{"start":{},"end":{}}]},"7":{"loc":{"start":{"line":81,"column":2},"end":{"line":81,"column":45}},"type":"if","locations":[{"start":{"line":81,"column":2},"end":{"line":81,"column":45}},{"start":{},"end":{}}]},"8":{"loc":{"start":{"line":84,"column":4},"end":{"line":87,"column":10}},"type":"cond-expr","locations":[{"start":{"line":84,"column":25},"end":{"line":84,"column":38}},{"start":{"line":85,"column":6},"end":{"line":87,"column":10}}]},"9":{"loc":{"start":{"line":85,"column":6},"end":{"line":87,"column":10}},"type":"cond-expr","locations":[{"start":{"line":85,"column":31},"end":{"line":85,"column":41}},{"start":{"line":86,"column":6},"end":{"line":87,"column":10}}]},"10":{"loc":{"start":{"line":86,"column":6},"end":{"line":87,"column":10}},"type":"cond-expr","locations":[{"start":{"line":86,"column":34},"end":{"line":86,"column":47}},{"start":{"line":87,"column":6},"end":{"line":87,"column":10}}]},"11":{"loc":{"start":{"line":89,"column":2},"end":{"line":89,"column":39}},"type":"if","locations":[{"start":{"line":89,"column":2},"end":{"line":89,"column":39}},{"start":{},"end":{}}]},"12":{"loc":{"start":{"line":95,"column":4},"end":{"line":99,"column":5}},"type":"if","locations":[{"start":{"line":95,"column":4},"end":{"line":99,"column":5}},{"start":{"line":97,"column":11},"end":{"line":99,"column":5}}]},"13":{"loc":{"start":{"line":128,"column":9},"end":{"line":128,"column":41}},"type":"binary-expr","locations":[{"start":{"line":128,"column":9},"end":{"line":128,"column":33}},{"start":{"line":128,"column":37},"end":{"line":128,"column":41}}]},"14":{"loc":{"start":{"line":162,"column":11},"end":{"line":162,"column":89}},"type":"binary-expr","locations":[{"start":{"line":162,"column":11},"end":{"line":162,"column":31}},{"start":{"line":162,"column":36},"end":{"line":162,"column":59}},{"start":{"line":162,"column":63},"end":{"line":162,"column":88}}]},"15":{"loc":{"start":{"line":174,"column":4},"end":{"line":174,"column":44}},"type":"if","locations":[{"start":{"line":174,"column":4},"end":{"line":174,"column":44}},{"start":{},"end":{}}]},"16":{"loc":{"start":{"line":192,"column":2},"end":{"line":192,"column":15}},"type":"default-arg","locations":[{"start":{"line":192,"column":13},"end":{"line":192,"column":15}}]},"17":{"loc":{"start":{"line":193,"column":2},"end":{"line":193,"column":15}},"type":"default-arg","locations":[{"start":{"line":193,"column":13},"end":{"line":193,"column":15}}]},"18":{"loc":{"start":{"line":194,"column":2},"end":{"line":194,"column":20}},"type":"default-arg","locations":[{"start":{"line":194,"column":16},"end":{"line":194,"column":20}}]},"19":{"loc":{"start":{"line":205,"column":2},"end":{"line":205,"column":28}},"type":"if","locations":[{"start":{"line":205,"column":2},"end":{"line":205,"column":28}},{"start":{},"end":{}}]},"20":{"loc":{"start":{"line":211,"column":2},"end":{"line":213,"column":3}},"type":"if","locations":[{"start":{"line":211,"column":2},"end":{"line":213,"column":3}},{"start":{},"end":{}}]},"21":{"loc":{"start":{"line":212,"column":54},"end":{"line":212,"column":142}},"type":"cond-expr","locations":[{"start":{"line":212,"column":75},"end":{"line":212,"column":88}},{"start":{"line":212,"column":91},"end":{"line":212,"column":142}}]},"22":{"loc":{"start":{"line":212,"column":91},"end":{"line":212,"column":142}},"type":"cond-expr","locations":[{"start":{"line":212,"column":116},"end":{"line":212,"column":126}},{"start":{"line":212,"column":129},"end":{"line":212,"column":142}}]},"23":{"loc":{"start":{"line":222,"column":4},"end":{"line":222,"column":33}},"type":"if","locations":[{"start":{"line":222,"column":4},"end":{"line":222,"column":33}},{"start":{},"end":{}}]},"24":{"loc":{"start":{"line":228,"column":6},"end":{"line":228,"column":35}},"type":"if","locations":[{"start":{"line":228,"column":6},"end":{"line":228,"column":35}},{"start":{},"end":{}}]},"25":{"loc":{"start":{"line":233,"column":6},"end":{"line":233,"column":59}},"type":"if","locations":[{"start":{"line":233,"column":6},"end":{"line":233,"column":59}},{"start":{},"end":{}}]},"26":{"loc":{"start":{"line":239,"column":6},"end":{"line":248,"column":7}},"type":"if","locations":[{"start":{"line":239,"column":6},"end":{"line":248,"column":7}},{"start":{},"end":{}}]},"27":{"loc":{"start":{"line":241,"column":8},"end":{"line":247,"column":9}},"type":"if","locations":[{"start":{"line":241,"column":8},"end":{"line":247,"column":9}},{"start":{},"end":{}}]},"28":{"loc":{"start":{"line":243,"column":10},"end":{"line":246,"column":11}},"type":"if","locations":[{"start":{"line":243,"column":10},"end":{"line":246,"column":11}},{"start":{},"end":{}}]},"29":{"loc":{"start":{"line":271,"column":41},"end":{"line":271,"column":54}},"type":"default-arg","locations":[{"start":{"line":271,"column":52},"end":{"line":271,"column":54}}]},"30":{"loc":{"start":{"line":275,"column":11},"end":{"line":275,"column":82}},"type":"binary-expr","locations":[{"start":{"line":275,"column":11},"end":{"line":275,"column":37}},{"start":{"line":275,"column":42},"end":{"line":275,"column":54}},{"start":{"line":275,"column":58},"end":{"line":275,"column":81}}]},"31":{"loc":{"start":{"line":280,"column":2},"end":{"line":286,"column":3}},"type":"if","locations":[{"start":{"line":280,"column":2},"end":{"line":286,"column":3}},{"start":{"line":283,"column":9},"end":{"line":286,"column":3}}]},"32":{"loc":{"start":{"line":283,"column":9},"end":{"line":286,"column":3}},"type":"if","locations":[{"start":{"line":283,"column":9},"end":{"line":286,"column":3}},{"start":{},"end":{}}]},"33":{"loc":{"start":{"line":288,"column":2},"end":{"line":290,"column":3}},"type":"if","locations":[{"start":{"line":288,"column":2},"end":{"line":290,"column":3}},{"start":{},"end":{}}]},"34":{"loc":{"start":{"line":296,"column":2},"end":{"line":298,"column":3}},"type":"if","locations":[{"start":{"line":296,"column":2},"end":{"line":298,"column":3}},{"start":{},"end":{}}]},"35":{"loc":{"start":{"line":301,"column":23},"end":{"line":301,"column":53}},"type":"binary-expr","locations":[{"start":{"line":301,"column":23},"end":{"line":301,"column":47}},{"start":{"line":301,"column":51},"end":{"line":301,"column":53}}]}},"s":{"0":2,"1":2,"2":2,"3":2,"4":2,"5":2,"6":0,"7":0,"8":0,"9":0,"10":0,"11":0,"12":2,"13":2,"14":0,"15":2,"16":0,"17":2,"18":0,"19":2,"20":0,"21":0,"22":0,"23":0,"24":0,"25":0,"26":0,"27":0,"28":0,"29":0,"30":0,"31":0,"32":0,"33":2,"34":0,"35":0,"36":2,"37":0,"38":0,"39":0,"40":0,"41":0,"42":0,"43":0,"44":0,"45":0,"46":0,"47":0,"48":0,"49":0,"50":0,"51":0,"52":0,"53":0,"54":0,"55":0,"56":0,"57":0,"58":0,"59":0,"60":0,"61":0,"62":0,"63":0,"64":0,"65":0,"66":0,"67":0,"68":0,"69":0,"70":0,"71":0,"72":0,"73":0,"74":0,"75":0,"76":0,"77":0,"78":0,"79":0,"80":0,"81":0,"82":0,"83":0,"84":0,"85":0,"86":0,"87":0,"88":0,"89":0,"90":2,"91":2,"92":424,"93":2,"94":0,"95":0,"96":2,"97":0,"98":0,"99":2,"100":0,"101":2,"102":2,"103":0,"104":2,"105":50,"106":50,"107":2},"f":{"0":0,"1":0,"2":2,"3":0,"4":0,"5":0,"6":0,"7":0,"8":0,"9":0,"10":0,"11":0,"12":0,"13":0,"14":2,"15":424},"b":{"0":[0,0],"1":[0,0],"2":[0,0],"3":[0,2],"4":[2,2],"5":[0,2],"6":[0,2],"7":[0,0],"8":[0,0],"9":[0,0],"10":[0,0],"11":[0,0],"12":[0,0],"13":[0,0],"14":[0,0,0],"15":[0,0],"16":[0],"17":[0],"18":[0],"19":[0,0],"20":[0,0],"21":[0,0],"22":[0,0],"23":[0,0],"24":[0,0],"25":[0,0],"26":[0,0],"27":[0,0],"28":[0,0],"29":[2],"30":[424,416,172],"31":[0,2],"32":[0,2],"33":[0,2],"34":[0,2],"35":[50,0]}}
,"C:\\eh-universe-web\\packages\\quill-engine\\src\\scope-policy.ts": {"path":"C:\\eh-universe-web\\packages\\quill-engine\\src\\scope-policy.ts","statementMap":{"0":{"start":{"line":259,"column":0},"end":{"line":259,"column":16}},"1":{"start":{"line":283,"column":0},"end":{"line":283,"column":16}},"2":{"start":{"line":28,"column":20},"end":{"line":28,"column":40}},"3":{"start":{"line":31,"column":52},"end":{"line":35,"column":2}},"4":{"start":{"line":44,"column":50},"end":{"line":44,"column":54}},"5":{"start":{"line":46,"column":49},"end":{"line":46,"column":58}},"6":{"start":{"line":47,"column":52},"end":{"line":47,"column":61}},"7":{"start":{"line":49,"column":62},"end":{"line":49,"column":71}},"8":{"start":{"line":52,"column":54},"end":{"line":52,"column":63}},"9":{"start":{"line":55,"column":4},"end":{"line":55,"column":16}},"10":{"start":{"line":59,"column":4},"end":{"line":61,"column":5}},"11":{"start":{"line":60,"column":6},"end":{"line":60,"column":51}},"12":{"start":{"line":62,"column":4},"end":{"line":62,"column":34}},"13":{"start":{"line":67,"column":4},"end":{"line":67,"column":34}},"14":{"start":{"line":73,"column":4},"end":{"line":73,"column":70}},"15":{"start":{"line":74,"column":4},"end":{"line":74,"column":26}},"16":{"start":{"line":78,"column":4},"end":{"line":78,"column":76}},"17":{"start":{"line":79,"column":4},"end":{"line":79,"column":31}},"18":{"start":{"line":83,"column":4},"end":{"line":85,"column":5}},"19":{"start":{"line":84,"column":6},"end":{"line":84,"column":48}},"20":{"start":{"line":86,"column":4},"end":{"line":86,"column":85}},"21":{"start":{"line":87,"column":4},"end":{"line":87,"column":41}},"22":{"start":{"line":93,"column":23},"end":{"line":93,"column":51}},"23":{"start":{"line":94,"column":4},"end":{"line":96,"column":5}},"24":{"start":{"line":95,"column":6},"end":{"line":95,"column":24}},"25":{"start":{"line":98,"column":19},"end":{"line":98,"column":50}},"26":{"start":{"line":99,"column":21},"end":{"line":99,"column":51}},"27":{"start":{"line":100,"column":20},"end":{"line":100,"column":41}},"28":{"start":{"line":102,"column":4},"end":{"line":108,"column":5}},"29":{"start":{"line":104,"column":6},"end":{"line":107,"column":8}},"30":{"start":{"line":110,"column":4},"end":{"line":110,"column":30}},"31":{"start":{"line":110,"column":16},"end":{"line":110,"column":30}},"32":{"start":{"line":112,"column":4},"end":{"line":112,"column":32}},"33":{"start":{"line":112,"column":17},"end":{"line":112,"column":32}},"34":{"start":{"line":115,"column":4},"end":{"line":115,"column":58}},"35":{"start":{"line":121,"column":19},"end":{"line":121,"column":52}},"36":{"start":{"line":122,"column":4},"end":{"line":122,"column":30}},"37":{"start":{"line":122,"column":16},"end":{"line":122,"column":30}},"38":{"start":{"line":124,"column":19},"end":{"line":124,"column":48}},"39":{"start":{"line":127,"column":21},"end":{"line":127,"column":51}},"40":{"start":{"line":128,"column":4},"end":{"line":132,"column":5}},"41":{"start":{"line":129,"column":6},"end":{"line":131,"column":7}},"42":{"start":{"line":130,"column":8},"end":{"line":130,"column":36}},"43":{"start":{"line":135,"column":4},"end":{"line":142,"column":5}},"44":{"start":{"line":136,"column":23},"end":{"line":136,"column":37}},"45":{"start":{"line":137,"column":6},"end":{"line":141,"column":7}},"46":{"start":{"line":138,"column":8},"end":{"line":138,"column":61}},"47":{"start":{"line":140,"column":8},"end":{"line":140,"column":36}},"48":{"start":{"line":145,"column":4},"end":{"line":152,"column":5}},"49":{"start":{"line":146,"column":23},"end":{"line":146,"column":37}},"50":{"start":{"line":147,"column":6},"end":{"line":151,"column":7}},"51":{"start":{"line":148,"column":8},"end":{"line":148,"column":61}},"52":{"start":{"line":150,"column":8},"end":{"line":150,"column":36}},"53":{"start":{"line":155,"column":4},"end":{"line":163,"column":5}},"54":{"start":{"line":156,"column":6},"end":{"line":162,"column":7}},"55":{"start":{"line":157,"column":26},"end":{"line":157,"column":40}},"56":{"start":{"line":158,"column":8},"end":{"line":161,"column":9}},"57":{"start":{"line":160,"column":10},"end":{"line":160,"column":60}},"58":{"start":{"line":165,"column":19},"end":{"line":165,"column":46}},"59":{"start":{"line":166,"column":4},"end":{"line":166,"column":46}},"60":{"start":{"line":167,"column":4},"end":{"line":167,"column":18}},"61":{"start":{"line":173,"column":4},"end":{"line":173,"column":31}},"62":{"start":{"line":177,"column":4},"end":{"line":177,"column":32}},"63":{"start":{"line":183,"column":4},"end":{"line":183,"column":63}},"64":{"start":{"line":183,"column":56},"end":{"line":183,"column":63}},"65":{"start":{"line":185,"column":31},"end":{"line":198,"column":6}},"66":{"start":{"line":187,"column":64},"end":{"line":187,"column":78}},"67":{"start":{"line":190,"column":67},"end":{"line":190,"column":81}},"68":{"start":{"line":193,"column":70},"end":{"line":196,"column":10}},"69":{"start":{"line":195,"column":74},"end":{"line":195,"column":88}},"70":{"start":{"line":200,"column":4},"end":{"line":204,"column":5}},"71":{"start":{"line":201,"column":6},"end":{"line":201,"column":73}},"72":{"start":{"line":208,"column":4},"end":{"line":208,"column":63}},"73":{"start":{"line":208,"column":56},"end":{"line":208,"column":63}},"74":{"start":{"line":210,"column":4},"end":{"line":245,"column":5}},"75":{"start":{"line":211,"column":18},"end":{"line":211,"column":62}},"76":{"start":{"line":212,"column":6},"end":{"line":212,"column":23}},"77":{"start":{"line":212,"column":16},"end":{"line":212,"column":23}},"78":{"start":{"line":214,"column":33},"end":{"line":214,"column":48}},"79":{"start":{"line":216,"column":6},"end":{"line":216,"column":31}},"80":{"start":{"line":217,"column":6},"end":{"line":217,"column":34}},"81":{"start":{"line":218,"column":6},"end":{"line":218,"column":31}},"82":{"start":{"line":220,"column":6},"end":{"line":224,"column":7}},"83":{"start":{"line":221,"column":8},"end":{"line":223,"column":9}},"84":{"start":{"line":222,"column":10},"end":{"line":222,"column":100}},"85":{"start":{"line":226,"column":6},"end":{"line":230,"column":7}},"86":{"start":{"line":227,"column":8},"end":{"line":229,"column":9}},"87":{"start":{"line":228,"column":10},"end":{"line":228,"column":106}},"88":{"start":{"line":232,"column":6},"end":{"line":240,"column":7}},"89":{"start":{"line":233,"column":8},"end":{"line":239,"column":9}},"90":{"start":{"line":234,"column":22},"end":{"line":234,"column":51}},"91":{"start":{"line":235,"column":10},"end":{"line":237,"column":11}},"92":{"start":{"line":236,"column":12},"end":{"line":236,"column":89}},"93":{"start":{"line":238,"column":10},"end":{"line":238,"column":42}},"94":{"start":{"line":242,"column":6},"end":{"line":242,"column":33}},"95":{"start":{"line":43,"column":0},"end":{"line":43,"column":13}},"96":{"start":{"line":264,"column":14},"end":{"line":264,"column":51}},"97":{"start":{"line":265,"column":2},"end":{"line":265,"column":45}},"98":{"start":{"line":265,"column":29},"end":{"line":265,"column":45}},"99":{"start":{"line":267,"column":2},"end":{"line":276,"column":5}},"100":{"start":{"line":269,"column":22},"end":{"line":269,"column":66}},"101":{"start":{"line":270,"column":4},"end":{"line":270,"column":32}},"102":{"start":{"line":270,"column":20},"end":{"line":270,"column":32}},"103":{"start":{"line":272,"column":19},"end":{"line":272,"column":31}},"104":{"start":{"line":273,"column":21},"end":{"line":273,"column":50}},"105":{"start":{"line":275,"column":4},"end":{"line":275,"column":42}},"106":{"start":{"line":290,"column":14},"end":{"line":290,"column":51}},"107":{"start":{"line":291,"column":2},"end":{"line":291,"column":45}},"108":{"start":{"line":291,"column":29},"end":{"line":291,"column":45}},"109":{"start":{"line":293,"column":2},"end":{"line":305,"column":5}},"110":{"start":{"line":294,"column":4},"end":{"line":294,"column":29}},"111":{"start":{"line":294,"column":17},"end":{"line":294,"column":29}},"112":{"start":{"line":296,"column":21},"end":{"line":296,"column":50}},"113":{"start":{"line":298,"column":4},"end":{"line":298,"column":53}},"114":{"start":{"line":298,"column":40},"end":{"line":298,"column":53}},"115":{"start":{"line":300,"column":4},"end":{"line":302,"column":5}},"116":{"start":{"line":301,"column":7},"end":{"line":301,"column":36}},"117":{"start":{"line":304,"column":4},"end":{"line":304,"column":16}}},"fnMap":{"0":{"name":"(anonymous_0)","decl":{"start":{"line":54,"column":2},"end":{"line":54,"column":null}},"loc":{"start":{"line":54,"column":2},"end":{"line":56,"column":3}}},"1":{"name":"(anonymous_1)","decl":{"start":{"line":58,"column":2},"end":{"line":58,"column":8}},"loc":{"start":{"line":58,"column":20},"end":{"line":63,"column":3}}},"2":{"name":"(anonymous_2)","decl":{"start":{"line":66,"column":2},"end":{"line":66,"column":8}},"loc":{"start":{"line":66,"column":22},"end":{"line":68,"column":3}}},"3":{"name":"(anonymous_3)","decl":{"start":{"line":72,"column":2},"end":{"line":72,"column":15}},"loc":{"start":{"line":72,"column":52},"end":{"line":75,"column":3}}},"4":{"name":"(anonymous_4)","decl":{"start":{"line":77,"column":2},"end":{"line":77,"column":18}},"loc":{"start":{"line":77,"column":55},"end":{"line":80,"column":3}}},"5":{"name":"(anonymous_5)","decl":{"start":{"line":82,"column":2},"end":{"line":82,"column":15}},"loc":{"start":{"line":82,"column":70},"end":{"line":88,"column":3}}},"6":{"name":"(anonymous_6)","decl":{"start":{"line":92,"column":2},"end":{"line":92,"column":9}},"loc":{"start":{"line":92,"column":42},"end":{"line":116,"column":3}}},"7":{"name":"(anonymous_7)","decl":{"start":{"line":120,"column":2},"end":{"line":120,"column":14}},"loc":{"start":{"line":120,"column":31},"end":{"line":168,"column":3}}},"8":{"name":"(anonymous_8)","decl":{"start":{"line":172,"column":2},"end":{"line":172,"column":16}},"loc":{"start":{"line":172,"column":16},"end":{"line":174,"column":3}}},"9":{"name":"(anonymous_9)","decl":{"start":{"line":176,"column":10},"end":{"line":176,"column":29}},"loc":{"start":{"line":176,"column":29},"end":{"line":178,"column":3}}},"10":{"name":"(anonymous_10)","decl":{"start":{"line":182,"column":2},"end":{"line":182,"column":6}},"loc":{"start":{"line":182,"column":6},"end":{"line":205,"column":3}}},"11":{"name":"(anonymous_11)","decl":{"start":{"line":187,"column":51},"end":{"line":187,"column":52}},"loc":{"start":{"line":187,"column":64},"end":{"line":187,"column":78}}},"12":{"name":"(anonymous_12)","decl":{"start":{"line":190,"column":54},"end":{"line":190,"column":55}},"loc":{"start":{"line":190,"column":67},"end":{"line":190,"column":81}}},"13":{"name":"(anonymous_13)","decl":{"start":{"line":193,"column":51},"end":{"line":193,"column":52}},"loc":{"start":{"line":193,"column":70},"end":{"line":196,"column":10}}},"14":{"name":"(anonymous_14)","decl":{"start":{"line":195,"column":61},"end":{"line":195,"column":62}},"loc":{"start":{"line":195,"column":74},"end":{"line":195,"column":88}}},"15":{"name":"(anonymous_15)","decl":{"start":{"line":207,"column":2},"end":{"line":207,"column":6}},"loc":{"start":{"line":207,"column":6},"end":{"line":246,"column":3}}},"16":{"name":"applyScopePolicy","decl":{"start":{"line":259,"column":16},"end":{"line":259,"column":32}},"loc":{"start":{"line":262,"column":24},"end":{"line":277,"column":1}}},"17":{"name":"(anonymous_17)","decl":{"start":{"line":267,"column":25},"end":{"line":267,"column":26}},"loc":{"start":{"line":267,"column":37},"end":{"line":276,"column":3}}},"18":{"name":"applyScopePolicyToFindings","decl":{"start":{"line":283,"column":16},"end":{"line":283,"column":42}},"loc":{"start":{"line":288,"column":24},"end":{"line":306,"column":1}}},"19":{"name":"(anonymous_19)","decl":{"start":{"line":293,"column":25},"end":{"line":293,"column":26}},"loc":{"start":{"line":293,"column":31},"end":{"line":305,"column":3}}}},"branchMap":{"0":{"loc":{"start":{"line":59,"column":4},"end":{"line":61,"column":5}},"type":"if","locations":[{"start":{"line":59,"column":4},"end":{"line":61,"column":5}},{"start":{},"end":{}}]},"1":{"loc":{"start":{"line":83,"column":4},"end":{"line":85,"column":5}},"type":"if","locations":[{"start":{"line":83,"column":4},"end":{"line":85,"column":5}},{"start":{},"end":{}}]},"2":{"loc":{"start":{"line":94,"column":4},"end":{"line":96,"column":5}},"type":"if","locations":[{"start":{"line":94,"column":4},"end":{"line":96,"column":5}},{"start":{},"end":{}}]},"3":{"loc":{"start":{"line":102,"column":4},"end":{"line":108,"column":5}},"type":"if","locations":[{"start":{"line":102,"column":4},"end":{"line":108,"column":5}},{"start":{},"end":{}}]},"4":{"loc":{"start":{"line":102,"column":8},"end":{"line":102,"column":25}},"type":"binary-expr","locations":[{"start":{"line":102,"column":8},"end":{"line":102,"column":14}},{"start":{"line":102,"column":18},"end":{"line":102,"column":25}}]},"5":{"loc":{"start":{"line":110,"column":4},"end":{"line":110,"column":30}},"type":"if","locations":[{"start":{"line":110,"column":4},"end":{"line":110,"column":30}},{"start":{},"end":{}}]},"6":{"loc":{"start":{"line":112,"column":4},"end":{"line":112,"column":32}},"type":"if","locations":[{"start":{"line":112,"column":4},"end":{"line":112,"column":32}},{"start":{},"end":{}}]},"7":{"loc":{"start":{"line":122,"column":4},"end":{"line":122,"column":30}},"type":"if","locations":[{"start":{"line":122,"column":4},"end":{"line":122,"column":30}},{"start":{},"end":{}}]},"8":{"loc":{"start":{"line":128,"column":4},"end":{"line":132,"column":5}},"type":"if","locations":[{"start":{"line":128,"column":4},"end":{"line":132,"column":5}},{"start":{},"end":{}}]},"9":{"loc":{"start":{"line":137,"column":6},"end":{"line":141,"column":7}},"type":"if","locations":[{"start":{"line":137,"column":6},"end":{"line":141,"column":7}},{"start":{"line":139,"column":13},"end":{"line":141,"column":7}}]},"10":{"loc":{"start":{"line":147,"column":6},"end":{"line":151,"column":7}},"type":"if","locations":[{"start":{"line":147,"column":6},"end":{"line":151,"column":7}},{"start":{"line":149,"column":13},"end":{"line":151,"column":7}}]},"11":{"loc":{"start":{"line":155,"column":4},"end":{"line":163,"column":5}},"type":"if","locations":[{"start":{"line":155,"column":4},"end":{"line":163,"column":5}},{"start":{},"end":{}}]},"12":{"loc":{"start":{"line":158,"column":8},"end":{"line":161,"column":9}},"type":"if","locations":[{"start":{"line":158,"column":8},"end":{"line":161,"column":9}},{"start":{},"end":{}}]},"13":{"loc":{"start":{"line":158,"column":12},"end":{"line":158,"column":53}},"type":"binary-expr","locations":[{"start":{"line":158,"column":12},"end":{"line":158,"column":21}},{"start":{"line":158,"column":25},"end":{"line":158,"column":53}}]},"14":{"loc":{"start":{"line":183,"column":4},"end":{"line":183,"column":63}},"type":"if","locations":[{"start":{"line":183,"column":4},"end":{"line":183,"column":63}},{"start":{},"end":{}}]},"15":{"loc":{"start":{"line":208,"column":4},"end":{"line":208,"column":63}},"type":"if","locations":[{"start":{"line":208,"column":4},"end":{"line":208,"column":63}},{"start":{},"end":{}}]},"16":{"loc":{"start":{"line":212,"column":6},"end":{"line":212,"column":23}},"type":"if","locations":[{"start":{"line":212,"column":6},"end":{"line":212,"column":23}},{"start":{},"end":{}}]},"17":{"loc":{"start":{"line":220,"column":6},"end":{"line":224,"column":7}},"type":"if","locations":[{"start":{"line":220,"column":6},"end":{"line":224,"column":7}},{"start":{},"end":{}}]},"18":{"loc":{"start":{"line":226,"column":6},"end":{"line":230,"column":7}},"type":"if","locations":[{"start":{"line":226,"column":6},"end":{"line":230,"column":7}},{"start":{},"end":{}}]},"19":{"loc":{"start":{"line":232,"column":6},"end":{"line":240,"column":7}},"type":"if","locations":[{"start":{"line":232,"column":6},"end":{"line":240,"column":7}},{"start":{},"end":{}}]},"20":{"loc":{"start":{"line":264,"column":14},"end":{"line":264,"column":51}},"type":"binary-expr","locations":[{"start":{"line":264,"column":14},"end":{"line":264,"column":20}},{"start":{"line":264,"column":24},"end":{"line":264,"column":51}}]},"21":{"loc":{"start":{"line":265,"column":2},"end":{"line":265,"column":45}},"type":"if","locations":[{"start":{"line":265,"column":2},"end":{"line":265,"column":45}},{"start":{},"end":{}}]},"22":{"loc":{"start":{"line":270,"column":4},"end":{"line":270,"column":32}},"type":"if","locations":[{"start":{"line":270,"column":4},"end":{"line":270,"column":32}},{"start":{},"end":{}}]},"23":{"loc":{"start":{"line":290,"column":14},"end":{"line":290,"column":51}},"type":"binary-expr","locations":[{"start":{"line":290,"column":14},"end":{"line":290,"column":20}},{"start":{"line":290,"column":24},"end":{"line":290,"column":51}}]},"24":{"loc":{"start":{"line":291,"column":2},"end":{"line":291,"column":45}},"type":"if","locations":[{"start":{"line":291,"column":2},"end":{"line":291,"column":45}},{"start":{},"end":{}}]},"25":{"loc":{"start":{"line":294,"column":4},"end":{"line":294,"column":29}},"type":"if","locations":[{"start":{"line":294,"column":4},"end":{"line":294,"column":29}},{"start":{},"end":{}}]},"26":{"loc":{"start":{"line":298,"column":4},"end":{"line":298,"column":53}},"type":"if","locations":[{"start":{"line":298,"column":4},"end":{"line":298,"column":53}},{"start":{},"end":{}}]},"27":{"loc":{"start":{"line":300,"column":4},"end":{"line":302,"column":5}},"type":"if","locations":[{"start":{"line":300,"column":4},"end":{"line":302,"column":5}},{"start":{},"end":{}}]},"28":{"loc":{"start":{"line":300,"column":8},"end":{"line":300,"column":63}},"type":"binary-expr","locations":[{"start":{"line":300,"column":8},"end":{"line":300,"column":34}},{"start":{"line":300,"column":38},"end":{"line":300,"column":63}}]}},"s":{"0":4,"1":4,"2":4,"3":4,"4":4,"5":0,"6":0,"7":0,"8":0,"9":0,"10":0,"11":0,"12":0,"13":0,"14":0,"15":0,"16":0,"17":0,"18":0,"19":0,"20":0,"21":0,"22":0,"23":0,"24":0,"25":0,"26":0,"27":0,"28":0,"29":0,"30":0,"31":0,"32":0,"33":0,"34":0,"35":0,"36":0,"37":0,"38":0,"39":0,"40":0,"41":0,"42":0,"43":0,"44":0,"45":0,"46":0,"47":0,"48":0,"49":0,"50":0,"51":0,"52":0,"53":0,"54":0,"55":0,"56":0,"57":0,"58":0,"59":0,"60":0,"61":0,"62":0,"63":0,"64":0,"65":0,"66":0,"67":0,"68":0,"69":0,"70":0,"71":0,"72":0,"73":0,"74":0,"75":0,"76":0,"77":0,"78":0,"79":0,"80":0,"81":0,"82":0,"83":0,"84":0,"85":0,"86":0,"87":0,"88":0,"89":0,"90":0,"91":0,"92":0,"93":0,"94":0,"95":4,"96":0,"97":0,"98":0,"99":0,"100":0,"101":0,"102":0,"103":0,"104":0,"105":0,"106":0,"107":0,"108":0,"109":0,"110":0,"111":0,"112":0,"113":0,"114":0,"115":0,"116":0,"117":0},"f":{"0":0,"1":0,"2":0,"3":0,"4":0,"5":0,"6":0,"7":0,"8":0,"9":0,"10":0,"11":0,"12":0,"13":0,"14":0,"15":0,"16":0,"17":0,"18":0,"19":0},"b":{"0":[0,0],"1":[0,0],"2":[0,0],"3":[0,0],"4":[0,0],"5":[0,0],"6":[0,0],"7":[0,0],"8":[0,0],"9":[0,0],"10":[0,0],"11":[0,0],"12":[0,0],"13":[0,0],"14":[0,0],"15":[0,0],"16":[0,0],"17":[0,0],"18":[0,0],"19":[0,0],"20":[0,0],"21":[0,0],"22":[0,0],"23":[0,0],"24":[0,0],"25":[0,0],"26":[0,0],"27":[0,0],"28":[0,0]}}
,"C:\\eh-universe-web\\packages\\quill-engine\\src\\_stubs\\ai-providers.ts": {"path":"C:\\eh-universe-web\\packages\\quill-engine\\src\\_stubs\\ai-providers.ts","statementMap":{"0":{"start":{"line":62,"column":0},"end":{"line":62,"column":16}},"1":{"start":{"line":69,"column":0},"end":{"line":69,"column":7}},"2":{"start":{"line":73,"column":0},"end":{"line":73,"column":16}},"3":{"start":{"line":78,"column":0},"end":{"line":78,"column":16}},"4":{"start":{"line":82,"column":0},"end":{"line":82,"column":16}},"5":{"start":{"line":22,"column":13},"end":{"line":47,"column":2}},"6":{"start":{"line":57,"column":2},"end":{"line":59,"column":4}},"7":{"start":{"line":63,"column":2},"end":{"line":63,"column":33}},"8":{"start":{"line":70,"column":2},"end":{"line":70,"column":31}},"9":{"start":{"line":75,"column":2},"end":{"line":75,"column":14}},"10":{"start":{"line":79,"column":2},"end":{"line":79,"column":14}},"11":{"start":{"line":83,"column":2},"end":{"line":83,"column":23}}},"fnMap":{"0":{"name":"notImplemented","decl":{"start":{"line":56,"column":9},"end":{"line":56,"column":23}},"loc":{"start":{"line":56,"column":36},"end":{"line":60,"column":1}}},"1":{"name":"callProvider","decl":{"start":{"line":62,"column":16},"end":{"line":62,"column":28}},"loc":{"start":{"line":62,"column":28},"end":{"line":64,"column":1}}},"2":{"name":"streamChat","decl":{"start":{"line":69,"column":22},"end":{"line":69,"column":32}},"loc":{"start":{"line":69,"column":52},"end":{"line":71,"column":1}}},"3":{"name":"getApiKey","decl":{"start":{"line":73,"column":16},"end":{"line":73,"column":25}},"loc":{"start":{"line":73,"column":44},"end":{"line":76,"column":1}}},"4":{"name":"getActiveProvider","decl":{"start":{"line":78,"column":16},"end":{"line":78,"column":33}},"loc":{"start":{"line":78,"column":33},"end":{"line":80,"column":1}}},"5":{"name":"getProviderConfig","decl":{"start":{"line":82,"column":16},"end":{"line":82,"column":33}},"loc":{"start":{"line":82,"column":50},"end":{"line":84,"column":1}}}},"branchMap":{},"s":{"0":4,"1":4,"2":4,"3":4,"4":4,"5":4,"6":0,"7":0,"8":0,"9":0,"10":0,"11":0},"f":{"0":0,"1":0,"2":0,"3":0,"4":0,"5":0},"b":{}}
,"C:\\eh-universe-web\\packages\\quill-engine\\src\\_stubs\\logger.ts": {"path":"C:\\eh-universe-web\\packages\\quill-engine\\src\\_stubs\\logger.ts","statementMap":{"0":{"start":{"line":20,"column":30},"end":{"line":25,"column":2}},"1":{"start":{"line":21,"column":22},"end":{"line":21,"column":55}},"2":{"start":{"line":22,"column":21},"end":{"line":22,"column":53}},"3":{"start":{"line":23,"column":21},"end":{"line":23,"column":53}},"4":{"start":{"line":24,"column":22},"end":{"line":24,"column":55}},"5":{"start":{"line":27,"column":13},"end":{"line":27,"column":44}},"6":{"start":{"line":28,"column":0},"end":{"line":28,"column":22}}},"fnMap":{"0":{"name":"(anonymous_0)","decl":{"start":{"line":21,"column":9},"end":{"line":21,"column":10}},"loc":{"start":{"line":21,"column":22},"end":{"line":21,"column":55}}},"1":{"name":"(anonymous_1)","decl":{"start":{"line":22,"column":8},"end":{"line":22,"column":9}},"loc":{"start":{"line":22,"column":21},"end":{"line":22,"column":53}}},"2":{"name":"(anonymous_2)","decl":{"start":{"line":23,"column":8},"end":{"line":23,"column":9}},"loc":{"start":{"line":23,"column":21},"end":{"line":23,"column":53}}},"3":{"name":"(anonymous_3)","decl":{"start":{"line":24,"column":9},"end":{"line":24,"column":10}},"loc":{"start":{"line":24,"column":22},"end":{"line":24,"column":55}}}},"branchMap":{},"s":{"0":3,"1":0,"2":0,"3":0,"4":0,"5":3,"6":3},"f":{"0":0,"1":0,"2":0,"3":0},"b":{}}
,"C:\\eh-universe-web\\packages\\quill-engine\\src\\audit\\audit-code-health.ts": {"path":"C:\\eh-universe-web\\packages\\quill-engine\\src\\audit\\audit-code-health.ts","statementMap":{"0":{"start":{"line":30,"column":0},"end":{"line":30,"column":16}},"1":{"start":{"line":179,"column":0},"end":{"line":179,"column":16}},"2":{"start":{"line":280,"column":0},"end":{"line":280,"column":16}},"3":{"start":{"line":396,"column":0},"end":{"line":396,"column":16}},"4":{"start":{"line":10,"column":0},"end":{"line":10,"column":53}},"5":{"start":{"line":12,"column":21},"end":{"line":12,"column":22}},"6":{"start":{"line":14,"column":2},"end":{"line":14,"column":39}},"7":{"start":{"line":18,"column":2},"end":{"line":18,"column":30}},"8":{"start":{"line":18,"column":19},"end":{"line":18,"column":30}},"9":{"start":{"line":19,"column":2},"end":{"line":19,"column":30}},"10":{"start":{"line":19,"column":19},"end":{"line":19,"column":30}},"11":{"start":{"line":20,"column":2},"end":{"line":20,"column":30}},"12":{"start":{"line":20,"column":19},"end":{"line":20,"column":30}},"13":{"start":{"line":21,"column":2},"end":{"line":21,"column":30}},"14":{"start":{"line":21,"column":19},"end":{"line":21,"column":30}},"15":{"start":{"line":22,"column":2},"end":{"line":22,"column":30}},"16":{"start":{"line":22,"column":19},"end":{"line":22,"column":30}},"17":{"start":{"line":23,"column":2},"end":{"line":23,"column":13}},"18":{"start":{"line":31,"column":35},"end":{"line":31,"column":37}},"19":{"start":{"line":32,"column":15},"end":{"line":32,"column":16}},"20":{"start":{"line":33,"column":15},"end":{"line":33,"column":16}},"21":{"start":{"line":35,"column":21},"end":{"line":35,"column":37}},"22":{"start":{"line":36,"column":21},"end":{"line":36,"column":84}},"23":{"start":{"line":36,"column":48},"end":{"line":36,"column":80}},"24":{"start":{"line":39,"column":2},"end":{"line":39,"column":11}},"25":{"start":{"line":40,"column":21},"end":{"line":40,"column":78}},"26":{"start":{"line":40,"column":43},"end":{"line":40,"column":77}},"27":{"start":{"line":41,"column":29},"end":{"line":41,"column":71}},"28":{"start":{"line":42,"column":2},"end":{"line":53,"column":3}},"29":{"start":{"line":43,"column":4},"end":{"line":43,"column":13}},"30":{"start":{"line":45,"column":4},"end":{"line":52,"column":5}},"31":{"start":{"line":46,"column":20},"end":{"line":46,"column":48}},"32":{"start":{"line":47,"column":6},"end":{"line":51,"column":9}},"33":{"start":{"line":56,"column":2},"end":{"line":56,"column":11}},"34":{"start":{"line":57,"column":17},"end":{"line":57,"column":18}},"35":{"start":{"line":58,"column":2},"end":{"line":62,"column":3}},"36":{"start":{"line":59,"column":4},"end":{"line":59,"column":70}},"37":{"start":{"line":59,"column":61},"end":{"line":59,"column":70}},"38":{"start":{"line":60,"column":20},"end":{"line":60,"column":72}},"39":{"start":{"line":61,"column":4},"end":{"line":61,"column":44}},"40":{"start":{"line":61,"column":17},"end":{"line":61,"column":44}},"41":{"start":{"line":64,"column":18},"end":{"line":64,"column":99}},"42":{"start":{"line":64,"column":40},"end":{"line":64,"column":91}},"43":{"start":{"line":65,"column":23},"end":{"line":65,"column":62}},"44":{"start":{"line":66,"column":2},"end":{"line":74,"column":3}},"45":{"start":{"line":67,"column":4},"end":{"line":67,"column":13}},"46":{"start":{"line":69,"column":4},"end":{"line":73,"column":7}},"47":{"start":{"line":78,"column":27},"end":{"line":78,"column":106}},"48":{"start":{"line":79,"column":2},"end":{"line":79,"column":11}},"49":{"start":{"line":80,"column":21},"end":{"line":80,"column":22}},"50":{"start":{"line":81,"column":2},"end":{"line":93,"column":3}},"51":{"start":{"line":82,"column":4},"end":{"line":82,"column":76}},"52":{"start":{"line":82,"column":67},"end":{"line":82,"column":76}},"53":{"start":{"line":83,"column":4},"end":{"line":83,"column":65}},"54":{"start":{"line":83,"column":35},"end":{"line":83,"column":53}},"55":{"start":{"line":83,"column":56},"end":{"line":83,"column":65}},"56":{"start":{"line":84,"column":18},"end":{"line":84,"column":39}},"57":{"start":{"line":85,"column":4},"end":{"line":92,"column":5}},"58":{"start":{"line":86,"column":6},"end":{"line":86,"column":67}},"59":{"start":{"line":86,"column":58},"end":{"line":86,"column":67}},"60":{"start":{"line":88,"column":22},"end":{"line":88,"column":33}},"61":{"start":{"line":89,"column":6},"end":{"line":89,"column":98}},"62":{"start":{"line":89,"column":89},"end":{"line":89,"column":98}},"63":{"start":{"line":90,"column":6},"end":{"line":90,"column":78}},"64":{"start":{"line":90,"column":69},"end":{"line":90,"column":78}},"65":{"start":{"line":91,"column":6},"end":{"line":91,"column":21}},"66":{"start":{"line":95,"column":2},"end":{"line":102,"column":3}},"67":{"start":{"line":96,"column":4},"end":{"line":96,"column":13}},"68":{"start":{"line":98,"column":4},"end":{"line":101,"column":7}},"69":{"start":{"line":106,"column":24},"end":{"line":106,"column":163}},"70":{"start":{"line":107,"column":2},"end":{"line":107,"column":11}},"71":{"start":{"line":108,"column":18},"end":{"line":108,"column":19}},"72":{"start":{"line":109,"column":2},"end":{"line":113,"column":3}},"73":{"start":{"line":110,"column":4},"end":{"line":110,"column":62}},"74":{"start":{"line":110,"column":32},"end":{"line":110,"column":50}},"75":{"start":{"line":110,"column":53},"end":{"line":110,"column":62}},"76":{"start":{"line":111,"column":20},"end":{"line":111,"column":75}},"77":{"start":{"line":112,"column":4},"end":{"line":112,"column":45}},"78":{"start":{"line":112,"column":17},"end":{"line":112,"column":45}},"79":{"start":{"line":114,"column":2},"end":{"line":121,"column":3}},"80":{"start":{"line":115,"column":4},"end":{"line":115,"column":13}},"81":{"start":{"line":117,"column":4},"end":{"line":120,"column":7}},"82":{"start":{"line":124,"column":2},"end":{"line":124,"column":11}},"83":{"start":{"line":125,"column":19},"end":{"line":125,"column":44}},"84":{"start":{"line":126,"column":18},"end":{"line":126,"column":19}},"85":{"start":{"line":127,"column":2},"end":{"line":145,"column":3}},"86":{"start":{"line":128,"column":18},"end":{"line":128,"column":39}},"87":{"start":{"line":129,"column":4},"end":{"line":144,"column":5}},"88":{"start":{"line":129,"column":17},"end":{"line":129,"column":18}},"89":{"start":{"line":130,"column":20},"end":{"line":130,"column":108}},"90":{"start":{"line":130,"column":51},"end":{"line":130,"column":59}},"91":{"start":{"line":130,"column":73},"end":{"line":130,"column":97}},"92":{"start":{"line":131,"column":6},"end":{"line":131,"column":38}},"93":{"start":{"line":131,"column":29},"end":{"line":131,"column":38}},"94":{"start":{"line":132,"column":23},"end":{"line":132,"column":42}},"95":{"start":{"line":133,"column":6},"end":{"line":143,"column":7}},"96":{"start":{"line":134,"column":8},"end":{"line":134,"column":20}},"97":{"start":{"line":135,"column":8},"end":{"line":140,"column":9}},"98":{"start":{"line":136,"column":10},"end":{"line":139,"column":13}},"99":{"start":{"line":142,"column":8},"end":{"line":142,"column":36}},"100":{"start":{"line":147,"column":24},"end":{"line":147,"column":64}},"101":{"start":{"line":148,"column":2},"end":{"line":148,"column":43}},"102":{"start":{"line":148,"column":34},"end":{"line":148,"column":43}},"103":{"start":{"line":151,"column":2},"end":{"line":151,"column":11}},"104":{"start":{"line":152,"column":20},"end":{"line":152,"column":113}},"105":{"start":{"line":152,"column":40},"end":{"line":152,"column":111}},"106":{"start":{"line":153,"column":27},"end":{"line":153,"column":50}},"107":{"start":{"line":154,"column":2},"end":{"line":162,"column":3}},"108":{"start":{"line":155,"column":4},"end":{"line":155,"column":13}},"109":{"start":{"line":157,"column":4},"end":{"line":161,"column":7}},"110":{"start":{"line":164,"column":16},"end":{"line":164,"column":77}},"111":{"start":{"line":166,"column":2},"end":{"line":170,"column":4}},"112":{"start":{"line":180,"column":35},"end":{"line":180,"column":37}},"113":{"start":{"line":181,"column":15},"end":{"line":181,"column":16}},"114":{"start":{"line":182,"column":15},"end":{"line":182,"column":16}},"115":{"start":{"line":184,"column":24},"end":{"line":184,"column":25}},"116":{"start":{"line":185,"column":32},"end":{"line":185,"column":33}},"117":{"start":{"line":186,"column":25},"end":{"line":186,"column":26}},"118":{"start":{"line":187,"column":22},"end":{"line":187,"column":23}},"119":{"start":{"line":189,"column":2},"end":{"line":263,"column":3}},"120":{"start":{"line":190,"column":4},"end":{"line":190,"column":122}},"121":{"start":{"line":190,"column":113},"end":{"line":190,"column":122}},"122":{"start":{"line":191,"column":18},"end":{"line":191,"column":39}},"123":{"start":{"line":194,"column":4},"end":{"line":194,"column":13}},"124":{"start":{"line":195,"column":13},"end":{"line":195,"column":14}},"125":{"start":{"line":196,"column":23},"end":{"line":196,"column":116}},"126":{"start":{"line":197,"column":4},"end":{"line":197,"column":72}},"127":{"start":{"line":197,"column":32},"end":{"line":197,"column":72}},"128":{"start":{"line":198,"column":4},"end":{"line":198,"column":26}},"129":{"start":{"line":200,"column":4},"end":{"line":212,"column":5}},"130":{"start":{"line":201,"column":6},"end":{"line":201,"column":15}},"131":{"start":{"line":202,"column":11},"end":{"line":212,"column":5}},"132":{"start":{"line":203,"column":6},"end":{"line":203,"column":32}},"133":{"start":{"line":204,"column":6},"end":{"line":208,"column":9}},"134":{"start":{"line":210,"column":6},"end":{"line":210,"column":15}},"135":{"start":{"line":211,"column":6},"end":{"line":211,"column":32}},"136":{"start":{"line":215,"column":4},"end":{"line":215,"column":13}},"137":{"start":{"line":216,"column":18},"end":{"line":216,"column":19}},"138":{"start":{"line":217,"column":15},"end":{"line":217,"column":16}},"139":{"start":{"line":218,"column":4},"end":{"line":223,"column":5}},"140":{"start":{"line":219,"column":6},"end":{"line":219,"column":47}},"141":{"start":{"line":220,"column":6},"end":{"line":220,"column":47}},"142":{"start":{"line":221,"column":6},"end":{"line":221,"column":29}},"143":{"start":{"line":221,"column":20},"end":{"line":221,"column":29}},"144":{"start":{"line":222,"column":6},"end":{"line":222,"column":40}},"145":{"start":{"line":224,"column":4},"end":{"line":233,"column":5}},"146":{"start":{"line":225,"column":6},"end":{"line":225,"column":15}},"147":{"start":{"line":227,"column":6},"end":{"line":227,"column":25}},"148":{"start":{"line":228,"column":6},"end":{"line":232,"column":9}},"149":{"start":{"line":236,"column":4},"end":{"line":236,"column":13}},"150":{"start":{"line":237,"column":24},"end":{"line":237,"column":87}},"151":{"start":{"line":239,"column":18},"end":{"line":239,"column":23}},"152":{"start":{"line":240,"column":4},"end":{"line":261,"column":5}},"153":{"start":{"line":241,"column":24},"end":{"line":241,"column":78}},"154":{"start":{"line":243,"column":18},"end":{"line":243,"column":19}},"155":{"start":{"line":244,"column":20},"end":{"line":244,"column":29}},"156":{"start":{"line":245,"column":6},"end":{"line":249,"column":7}},"157":{"start":{"line":245,"column":19},"end":{"line":245,"column":32}},"158":{"start":{"line":246,"column":8},"end":{"line":246,"column":54}},"159":{"start":{"line":247,"column":8},"end":{"line":247,"column":54}},"160":{"start":{"line":248,"column":8},"end":{"line":248,"column":68}},"161":{"start":{"line":248,"column":43},"end":{"line":248,"column":59}},"162":{"start":{"line":248,"column":60},"end":{"line":248,"column":66}},"163":{"start":{"line":250,"column":22},"end":{"line":250,"column":41}},"164":{"start":{"line":251,"column":6},"end":{"line":260,"column":7}},"165":{"start":{"line":252,"column":8},"end":{"line":252,"column":24}},"166":{"start":{"line":253,"column":8},"end":{"line":253,"column":23}},"167":{"start":{"line":254,"column":8},"end":{"line":259,"column":9}},"168":{"start":{"line":255,"column":10},"end":{"line":258,"column":13}},"169":{"start":{"line":262,"column":4},"end":{"line":262,"column":27}},"170":{"start":{"line":262,"column":18},"end":{"line":262,"column":27}},"171":{"start":{"line":265,"column":16},"end":{"line":265,"column":77}},"172":{"start":{"line":267,"column":2},"end":{"line":271,"column":4}},"173":{"start":{"line":281,"column":35},"end":{"line":281,"column":37}},"174":{"start":{"line":282,"column":15},"end":{"line":282,"column":16}},"175":{"start":{"line":283,"column":15},"end":{"line":283,"column":16}},"176":{"start":{"line":286,"column":2},"end":{"line":286,"column":11}},"177":{"start":{"line":287,"column":22},"end":{"line":292,"column":4}},"178":{"start":{"line":288,"column":4},"end":{"line":288,"column":84}},"179":{"start":{"line":288,"column":71},"end":{"line":288,"column":84}},"180":{"start":{"line":289,"column":21},"end":{"line":289,"column":94}},"181":{"start":{"line":289,"column":55},"end":{"line":289,"column":93}},"182":{"start":{"line":290,"column":23},"end":{"line":290,"column":71}},"183":{"start":{"line":290,"column":44},"end":{"line":290,"column":70}},"184":{"start":{"line":291,"column":4},"end":{"line":291,"column":72}},"185":{"start":{"line":293,"column":2},"end":{"line":300,"column":3}},"186":{"start":{"line":294,"column":4},"end":{"line":294,"column":13}},"187":{"start":{"line":296,"column":4},"end":{"line":299,"column":7}},"188":{"start":{"line":303,"column":2},"end":{"line":303,"column":11}},"189":{"start":{"line":304,"column":21},"end":{"line":304,"column":22}},"190":{"start":{"line":305,"column":2},"end":{"line":316,"column":3}},"191":{"start":{"line":306,"column":26},"end":{"line":306,"column":82}},"192":{"start":{"line":307,"column":4},"end":{"line":315,"column":5}},"193":{"start":{"line":308,"column":6},"end":{"line":308,"column":21}},"194":{"start":{"line":309,"column":6},"end":{"line":314,"column":7}},"195":{"start":{"line":310,"column":8},"end":{"line":313,"column":11}},"196":{"start":{"line":318,"column":28},"end":{"line":318,"column":75}},"197":{"start":{"line":319,"column":2},"end":{"line":319,"column":50}},"198":{"start":{"line":319,"column":41},"end":{"line":319,"column":50}},"199":{"start":{"line":322,"column":2},"end":{"line":322,"column":11}},"200":{"start":{"line":323,"column":20},"end":{"line":323,"column":21}},"201":{"start":{"line":324,"column":2},"end":{"line":326,"column":3}},"202":{"start":{"line":325,"column":4},"end":{"line":325,"column":73}},"203":{"start":{"line":327,"column":24},"end":{"line":327,"column":62}},"204":{"start":{"line":328,"column":2},"end":{"line":335,"column":3}},"205":{"start":{"line":329,"column":4},"end":{"line":329,"column":13}},"206":{"start":{"line":331,"column":4},"end":{"line":334,"column":7}},"207":{"start":{"line":338,"column":2},"end":{"line":338,"column":11}},"208":{"start":{"line":339,"column":21},"end":{"line":339,"column":76}},"209":{"start":{"line":339,"column":41},"end":{"line":339,"column":75}},"210":{"start":{"line":340,"column":19},"end":{"line":340,"column":72}},"211":{"start":{"line":340,"column":39},"end":{"line":340,"column":71}},"212":{"start":{"line":341,"column":21},"end":{"line":341,"column":93}},"213":{"start":{"line":341,"column":43},"end":{"line":341,"column":85}},"214":{"start":{"line":342,"column":26},"end":{"line":342,"column":91}},"215":{"start":{"line":342,"column":48},"end":{"line":342,"column":83}},"216":{"start":{"line":343,"column":2},"end":{"line":350,"column":3}},"217":{"start":{"line":344,"column":4},"end":{"line":344,"column":13}},"218":{"start":{"line":346,"column":4},"end":{"line":349,"column":7}},"219":{"start":{"line":354,"column":2},"end":{"line":354,"column":11}},"220":{"start":{"line":355,"column":20},"end":{"line":355,"column":45}},"221":{"start":{"line":356,"column":2},"end":{"line":360,"column":3}},"222":{"start":{"line":357,"column":18},"end":{"line":357,"column":35}},"223":{"start":{"line":358,"column":16},"end":{"line":358,"column":71}},"224":{"start":{"line":359,"column":4},"end":{"line":359,"column":54}},"225":{"start":{"line":362,"column":23},"end":{"line":362,"column":70}},"226":{"start":{"line":363,"column":24},"end":{"line":363,"column":84}},"227":{"start":{"line":363,"column":67},"end":{"line":363,"column":83}},"228":{"start":{"line":364,"column":2},"end":{"line":373,"column":3}},"229":{"start":{"line":365,"column":4},"end":{"line":365,"column":13}},"230":{"start":{"line":367,"column":4},"end":{"line":372,"column":5}},"231":{"start":{"line":368,"column":6},"end":{"line":371,"column":9}},"232":{"start":{"line":375,"column":16},"end":{"line":375,"column":77}},"233":{"start":{"line":377,"column":2},"end":{"line":381,"column":4}},"234":{"start":{"line":390,"column":28},"end":{"line":394,"column":2}},"235":{"start":{"line":397,"column":35},"end":{"line":397,"column":37}},"236":{"start":{"line":398,"column":15},"end":{"line":398,"column":16}},"237":{"start":{"line":399,"column":15},"end":{"line":399,"column":16}},"238":{"start":{"line":402,"column":18},"end":{"line":402,"column":70}},"239":{"start":{"line":402,"column":38},"end":{"line":402,"column":69}},"240":{"start":{"line":403,"column":2},"end":{"line":409,"column":3}},"241":{"start":{"line":404,"column":4},"end":{"line":408,"column":6}},"242":{"start":{"line":412,"column":2},"end":{"line":412,"column":64}},"243":{"start":{"line":412,"column":8},"end":{"line":412,"column":42}},"244":{"start":{"line":412,"column":53},"end":{"line":412,"column":62}},"245":{"start":{"line":413,"column":15},"end":{"line":413,"column":78}},"246":{"start":{"line":414,"column":18},"end":{"line":414,"column":84}},"247":{"start":{"line":417,"column":2},"end":{"line":417,"column":11}},"248":{"start":{"line":418,"column":21},"end":{"line":418,"column":65}},"249":{"start":{"line":418,"column":38},"end":{"line":418,"column":64}},"250":{"start":{"line":419,"column":2},"end":{"line":428,"column":3}},"251":{"start":{"line":420,"column":4},"end":{"line":420,"column":13}},"252":{"start":{"line":422,"column":4},"end":{"line":427,"column":5}},"253":{"start":{"line":423,"column":6},"end":{"line":426,"column":9}},"254":{"start":{"line":431,"column":2},"end":{"line":431,"column":11}},"255":{"start":{"line":432,"column":18},"end":{"line":432,"column":137}},"256":{"start":{"line":433,"column":20},"end":{"line":433,"column":90}},"257":{"start":{"line":433,"column":62},"end":{"line":433,"column":89}},"258":{"start":{"line":434,"column":2},"end":{"line":443,"column":3}},"259":{"start":{"line":435,"column":4},"end":{"line":435,"column":13}},"260":{"start":{"line":437,"column":4},"end":{"line":442,"column":5}},"261":{"start":{"line":438,"column":6},"end":{"line":441,"column":9}},"262":{"start":{"line":446,"column":2},"end":{"line":446,"column":11}},"263":{"start":{"line":447,"column":2},"end":{"line":454,"column":3}},"264":{"start":{"line":448,"column":4},"end":{"line":448,"column":13}},"265":{"start":{"line":450,"column":4},"end":{"line":453,"column":7}},"266":{"start":{"line":457,"column":2},"end":{"line":457,"column":11}},"267":{"start":{"line":459,"column":24},"end":{"line":459,"column":55}},"268":{"start":{"line":460,"column":21},"end":{"line":460,"column":64}},"269":{"start":{"line":460,"column":38},"end":{"line":460,"column":63}},"270":{"start":{"line":461,"column":2},"end":{"line":471,"column":3}},"271":{"start":{"line":462,"column":4},"end":{"line":462,"column":13}},"272":{"start":{"line":464,"column":4},"end":{"line":470,"column":5}},"273":{"start":{"line":465,"column":6},"end":{"line":469,"column":9}},"274":{"start":{"line":474,"column":2},"end":{"line":474,"column":11}},"275":{"start":{"line":475,"column":18},"end":{"line":475,"column":144}},"276":{"start":{"line":475,"column":38},"end":{"line":475,"column":143}},"277":{"start":{"line":476,"column":2},"end":{"line":483,"column":3}},"278":{"start":{"line":477,"column":4},"end":{"line":477,"column":13}},"279":{"start":{"line":479,"column":4},"end":{"line":482,"column":7}},"280":{"start":{"line":485,"column":16},"end":{"line":485,"column":77}},"281":{"start":{"line":487,"column":2},"end":{"line":491,"column":4}}},"fnMap":{"0":{"name":"fid","decl":{"start":{"line":13,"column":9},"end":{"line":13,"column":12}},"loc":{"start":{"line":13,"column":25},"end":{"line":15,"column":1}}},"1":{"name":"gradeFromScore","decl":{"start":{"line":17,"column":9},"end":{"line":17,"column":23}},"loc":{"start":{"line":17,"column":37},"end":{"line":24,"column":1}}},"2":{"name":"auditOperations","decl":{"start":{"line":30,"column":16},"end":{"line":30,"column":31}},"loc":{"start":{"line":30,"column":49},"end":{"line":171,"column":1}}},"3":{"name":"(anonymous_3)","decl":{"start":{"line":36,"column":38},"end":{"line":36,"column":39}},"loc":{"start":{"line":36,"column":48},"end":{"line":36,"column":80}}},"4":{"name":"(anonymous_4)","decl":{"start":{"line":40,"column":38},"end":{"line":40,"column":39}},"loc":{"start":{"line":40,"column":43},"end":{"line":40,"column":77}}},"5":{"name":"(anonymous_5)","decl":{"start":{"line":64,"column":35},"end":{"line":64,"column":36}},"loc":{"start":{"line":64,"column":40},"end":{"line":64,"column":91}}},"6":{"name":"(anonymous_6)","decl":{"start":{"line":83,"column":30},"end":{"line":83,"column":31}},"loc":{"start":{"line":83,"column":35},"end":{"line":83,"column":53}}},"7":{"name":"(anonymous_7)","decl":{"start":{"line":110,"column":27},"end":{"line":110,"column":28}},"loc":{"start":{"line":110,"column":32},"end":{"line":110,"column":50}}},"8":{"name":"(anonymous_8)","decl":{"start":{"line":130,"column":46},"end":{"line":130,"column":47}},"loc":{"start":{"line":130,"column":51},"end":{"line":130,"column":59}}},"9":{"name":"(anonymous_9)","decl":{"start":{"line":130,"column":68},"end":{"line":130,"column":69}},"loc":{"start":{"line":130,"column":73},"end":{"line":130,"column":97}}},"10":{"name":"(anonymous_10)","decl":{"start":{"line":152,"column":34},"end":{"line":152,"column":35}},"loc":{"start":{"line":152,"column":40},"end":{"line":152,"column":111}}},"11":{"name":"auditComplexity","decl":{"start":{"line":179,"column":16},"end":{"line":179,"column":31}},"loc":{"start":{"line":179,"column":49},"end":{"line":272,"column":1}}},"12":{"name":"auditArchitecture","decl":{"start":{"line":280,"column":16},"end":{"line":280,"column":33}},"loc":{"start":{"line":280,"column":51},"end":{"line":382,"column":1}}},"13":{"name":"(anonymous_13)","decl":{"start":{"line":287,"column":39},"end":{"line":287,"column":40}},"loc":{"start":{"line":287,"column":43},"end":{"line":292,"column":3}}},"14":{"name":"(anonymous_14)","decl":{"start":{"line":289,"column":50},"end":{"line":289,"column":51}},"loc":{"start":{"line":289,"column":55},"end":{"line":289,"column":93}}},"15":{"name":"(anonymous_15)","decl":{"start":{"line":290,"column":39},"end":{"line":290,"column":40}},"loc":{"start":{"line":290,"column":44},"end":{"line":290,"column":70}}},"16":{"name":"(anonymous_16)","decl":{"start":{"line":339,"column":36},"end":{"line":339,"column":37}},"loc":{"start":{"line":339,"column":41},"end":{"line":339,"column":75}}},"17":{"name":"(anonymous_17)","decl":{"start":{"line":340,"column":34},"end":{"line":340,"column":35}},"loc":{"start":{"line":340,"column":39},"end":{"line":340,"column":71}}},"18":{"name":"(anonymous_18)","decl":{"start":{"line":341,"column":38},"end":{"line":341,"column":39}},"loc":{"start":{"line":341,"column":43},"end":{
[...]
n":61}}]},"6":{"loc":{"start":{"line":168,"column":9},"end":{"line":174,"column":3}},"type":"if","locations":[{"start":{"line":168,"column":9},"end":{"line":174,"column":3}},{"start":{"line":171,"column":9},"end":{"line":174,"column":3}}]},"7":{"loc":{"start":{"line":168,"column":13},"end":{"line":168,"column":59}},"type":"binary-expr","locations":[{"start":{"line":168,"column":13},"end":{"line":168,"column":31}},{"start":{"line":168,"column":35},"end":{"line":168,"column":59}}]},"8":{"loc":{"start":{"line":183,"column":2},"end":{"line":183,"column":40}},"type":"if","locations":[{"start":{"line":183,"column":2},"end":{"line":183,"column":40}},{"start":{},"end":{}}]},"9":{"loc":{"start":{"line":184,"column":2},"end":{"line":184,"column":45}},"type":"if","locations":[{"start":{"line":184,"column":2},"end":{"line":184,"column":45}},{"start":{},"end":{}}]},"10":{"loc":{"start":{"line":198,"column":2},"end":{"line":200,"column":3}},"type":"if","locations":[{"start":{"line":198,"column":2},"end":{"line":200,"column":3}},{"start":{},"end":{}}]},"11":{"loc":{"start":{"line":201,"column":2},"end":{"line":203,"column":3}},"type":"if","locations":[{"start":{"line":201,"column":2},"end":{"line":203,"column":3}},{"start":{},"end":{}}]},"12":{"loc":{"start":{"line":204,"column":2},"end":{"line":206,"column":3}},"type":"if","locations":[{"start":{"line":204,"column":2},"end":{"line":206,"column":3}},{"start":{},"end":{}}]},"13":{"loc":{"start":{"line":207,"column":2},"end":{"line":209,"column":3}},"type":"if","locations":[{"start":{"line":207,"column":2},"end":{"line":209,"column":3}},{"start":{},"end":{}}]},"14":{"loc":{"start":{"line":221,"column":2},"end":{"line":221,"column":38}},"type":"if","locations":[{"start":{"line":221,"column":2},"end":{"line":221,"column":38}},{"start":{},"end":{}}]},"15":{"loc":{"start":{"line":229,"column":4},"end":{"line":229,"column":54}},"type":"if","locations":[{"start":{"line":229,"column":4},"end":{"line":229,"column":54}},{"start":{},"end":{}}]},"16":{"loc":{"start":{"line":229,"column":8},"end":{"line":229,"column":43}},"type":"binary-expr","locations":[{"start":{"line":229,"column":8},"end":{"line":229,"column":25}},{"start":{"line":229,"column":29},"end":{"line":229,"column":43}}]},"17":{"loc":{"start":{"line":233,"column":4},"end":{"line":238,"column":5}},"type":"if","locations":[{"start":{"line":233,"column":4},"end":{"line":238,"column":5}},{"start":{},"end":{}}]},"18":{"loc":{"start":{"line":260,"column":19},"end":{"line":260,"column":69}},"type":"cond-expr","locations":[{"start":{"line":260,"column":31},"end":{"line":260,"column":57}},{"start":{"line":260,"column":60},"end":{"line":260,"column":69}}]},"19":{"loc":{"start":{"line":261,"column":22},"end":{"line":261,"column":70}},"type":"cond-expr","locations":[{"start":{"line":261,"column":34},"end":{"line":261,"column":64}},{"start":{"line":261,"column":67},"end":{"line":261,"column":70}}]},"20":{"loc":{"start":{"line":264,"column":6},"end":{"line":264,"column":57}},"type":"if","locations":[{"start":{"line":264,"column":6},"end":{"line":264,"column":57}},{"start":{},"end":{}}]},"21":{"loc":{"start":{"line":265,"column":6},"end":{"line":265,"column":53}},"type":"if","locations":[{"start":{"line":265,"column":6},"end":{"line":265,"column":53}},{"start":{},"end":{}}]},"22":{"loc":{"start":{"line":289,"column":4},"end":{"line":289,"column":73}},"type":"if","locations":[{"start":{"line":289,"column":4},"end":{"line":289,"column":73}},{"start":{},"end":{}}]},"23":{"loc":{"start":{"line":289,"column":8},"end":{"line":289,"column":62}},"type":"binary-expr","locations":[{"start":{"line":289,"column":8},"end":{"line":289,"column":27}},{"start":{"line":289,"column":31},"end":{"line":289,"column":62}}]},"24":{"loc":{"start":{"line":290,"column":4},"end":{"line":290,"column":81}},"type":"if","locations":[{"start":{"line":290,"column":4},"end":{"line":290,"column":81}},{"start":{},"end":{}}]},"25":{"loc":{"start":{"line":290,"column":8},"end":{"line":290,"column":70}},"type":"binary-expr","locations":[{"start":{"line":290,"column":8},"end":{"line":290,"column":40}},{"start":{"line":290,"column":44},"end":{"line":290,"column":70}}]},"26":{"loc":{"start":{"line":291,"column":4},"end":{"line":291,"column":48}},"type":"if","locations":[{"start":{"line":291,"column":4},"end":{"line":291,"column":48}},{"start":{},"end":{}}]},"27":{"loc":{"start":{"line":296,"column":4},"end":{"line":307,"column":98}},"type":"if","locations":[{"start":{"line":296,"column":4},"end":{"line":307,"column":98}},{"start":{"line":297,"column":9},"end":{"line":307,"column":98}}]},"28":{"loc":{"start":{"line":296,"column":8},"end":{"line":296,"column":89}},"type":"binary-expr","locations":[{"start":{"line":296,"column":8},"end":{"line":296,"column":34}},{"start":{"line":296,"column":38},"end":{"line":296,"column":89}}]},"29":{"loc":{"start":{"line":297,"column":9},"end":{"line":307,"column":98}},"type":"if","locations":[{"start":{"line":297,"column":9},"end":{"line":307,"column":98}},{"start":{"line":298,"column":9},"end":{"line":307,"column":98}}]},"30":{"loc":{"start":{"line":297,"column":13},"end":{"line":297,"column":128}},"type":"binary-expr","locations":[{"start":{"line":297,"column":13},"end":{"line":297,"column":39}},{"start":{"line":297,"column":44},"end":{"line":297,"column":127}}]},"31":{"loc":{"start":{"line":297,"column":45},"end":{"line":297,"column":75}},"type":"binary-expr","locations":[{"start":{"line":297,"column":45},"end":{"line":297,"column":69}},{"start":{"line":297,"column":73},"end":{"line":297,"column":75}}]},"32":{"loc":{"start":{"line":297,"column":87},"end":{"line":297,"column":115}},"type":"binary-expr","locations":[{"start":{"line":297,"column":87},"end":{"line":297,"column":109}},{"start":{"line":297,"column":113},"end":{"line":297,"column":115}}]},"33":{"loc":{"start":{"line":298,"column":9},"end":{"line":307,"column":98}},"type":"if","locations":[{"start":{"line":298,"column":9},"end":{"line":307,"column":98}},{"start":{"line":299,"column":9},"end":{"line":307,"column":98}}]},"34":{"loc":{"start":{"line":298,"column":13},"end":{"line":298,"column":67}},"type":"binary-expr","locations":[{"start":{"line":298,"column":13},"end":{"line":298,"column":39}},{"start":{"line":298,"column":43},"end":{"line":298,"column":67}}]},"35":{"loc":{"start":{"line":299,"column":9},"end":{"line":307,"column":98}},"type":"if","locations":[{"start":{"line":299,"column":9},"end":{"line":307,"column":98}},{"start":{"line":300,"column":9},"end":{"line":307,"column":98}}]},"36":{"loc":{"start":{"line":299,"column":13},"end":{"line":299,"column":95}},"type":"binary-expr","locations":[{"start":{"line":299,"column":13},"end":{"line":299,"column":39}},{"start":{"line":299,"column":43},"end":{"line":299,"column":95}}]},"37":{"loc":{"start":{"line":300,"column":9},"end":{"line":307,"column":98}},"type":"if","locations":[{"start":{"line":300,"column":9},"end":{"line":307,"column":98}},{"start":{"line":301,"column":9},"end":{"line":307,"column":98}}]},"38":{"loc":{"start":{"line":300,"column":13},"end":{"line":300,"column":88}},"type":"binary-expr","locations":[{"start":{"line":300,"column":13},"end":{"line":300,"column":39}},{"start":{"line":300,"column":43},"end":{"line":300,"column":88}}]},"39":{"loc":{"start":{"line":301,"column":9},"end":{"line":307,"column":98}},"type":"if","locations":[{"start":{"line":301,"column":9},"end":{"line":307,"column":98}},{"start":{"line":302,"column":9},"end":{"line":307,"column":98}}]},"40":{"loc":{"start":{"line":301,"column":13},"end":{"line":301,"column":69}},"type":"binary-expr","locations":[{"start":{"line":301,"column":13},"end":{"line":301,"column":39}},{"start":{"line":301,"column":43},"end":{"line":301,"column":69}}]},"41":{"loc":{"start":{"line":302,"column":9},"end":{"line":307,"column":98}},"type":"if","locations":[{"start":{"line":302,"column":9},"end":{"line":307,"column":98}},{"start":{"line":303,"column":9},"end":{"line":307,"column":98}}]},"42":{"loc":{"start":{"line":302,"column":13},"end":{"line":302,"column":81}},"type":"binary-expr","locations":[{"start":{"line":302,"column":13},"end":{"line":302,"column":39}},{"start":{"line":302,"column":43},"end":{"line":302,"column":81}}]},"43":{"loc":{"start":{"line":303,"column":9},"end":{"line":307,"column":98}},"type":"if","locations":[{"start":{"line":303,"column":9},"end":{"line":307,"column":98}},{"start":{"line":304,"column":9},"end":{"line":307,"column":98}}]},"44":{"loc":{"start":{"line":303,"column":13},"end":{"line":303,"column":95}},"type":"binary-expr","locations":[{"start":{"line":303,"column":13},"end":{"line":303,"column":39}},{"start":{"line":303,"column":43},"end":{"line":303,"column":95}}]},"45":{"loc":{"start":{"line":304,"column":9},"end":{"line":307,"column":98}},"type":"if","locations":[{"start":{"line":304,"column":9},"end":{"line":307,"column":98}},{"start":{"line":305,"column":9},"end":{"line":307,"column":98}}]},"46":{"loc":{"start":{"line":304,"column":13},"end":{"line":304,"column":74}},"type":"binary-expr","locations":[{"start":{"line":304,"column":13},"end":{"line":304,"column":39}},{"start":{"line":304,"column":43},"end":{"line":304,"column":74}}]},"47":{"loc":{"start":{"line":305,"column":9},"end":{"line":307,"column":98}},"type":"if","locations":[{"start":{"line":305,"column":9},"end":{"line":307,"column":98}},{"start":{"line":306,"column":9},"end":{"line":307,"column":98}}]},"48":{"loc":{"start":{"line":305,"column":13},"end":{"line":305,"column":72}},"type":"binary-expr","locations":[{"start":{"line":305,"column":13},"end":{"line":305,"column":39}},{"start":{"line":305,"column":43},"end":{"line":305,"column":72}}]},"49":{"loc":{"start":{"line":306,"column":9},"end":{"line":307,"column":98}},"type":"if","locations":[{"start":{"line":306,"column":9},"end":{"line":307,"column":98}},{"start":{"line":307,"column":9},"end":{"line":307,"column":98}}]},"50":{"loc":{"start":{"line":306,"column":13},"end":{"line":306,"column":71}},"type":"binary-expr","locations":[{"start":{"line":306,"column":13},"end":{"line":306,"column":39}},{"start":{"line":306,"column":43},"end":{"line":306,"column":71}}]},"51":{"loc":{"start":{"line":307,"column":9},"end":{"line":307,"column":98}},"type":"if","locations":[{"start":{"line":307,"column":9},"end":{"line":307,"column":98}},{"start":{},"end":{}}]},"52":{"loc":{"start":{"line":307,"column":13},"end":{"line":307,"column":80}},"type":"binary-expr","locations":[{"start":{"line":307,"column":13},"end":{"line":307,"column":39}},{"start":{"line":307,"column":43},"end":{"line":307,"column":80}}]},"53":{"loc":{"start":{"line":309,"column":4},"end":{"line":313,"column":5}},"type":"if","locations":[{"start":{"line":309,"column":4},"end":{"line":313,"column":5}},{"start":{},"end":{}}]},"54":{"loc":{"start":{"line":327,"column":2},"end":{"line":327,"column":45}},"type":"if","locations":[{"start":{"line":327,"column":2},"end":{"line":327,"column":45}},{"start":{},"end":{}}]},"55":{"loc":{"start":{"line":332,"column":4},"end":{"line":334,"column":5}},"type":"if","locations":[{"start":{"line":332,"column":4},"end":{"line":334,"column":5}},{"start":{},"end":{}}]},"56":{"loc":{"start":{"line":332,"column":8},"end":{"line":332,"column":49}},"type":"binary-expr","locations":[{"start":{"line":332,"column":8},"end":{"line":332,"column":17}},{"start":{"line":332,"column":21},"end":{"line":332,"column":49}}]},"57":{"loc":{"start":{"line":383,"column":6},"end":{"line":392,"column":7}},"type":"if","locations":[{"start":{"line":383,"column":6},"end":{"line":392,"column":7}},{"start":{},"end":{}}]},"58":{"loc":{"start":{"line":387,"column":18},"end":{"line":387,"column":100}},"type":"cond-expr","locations":[{"start":{"line":387,"column":85},"end":{"line":387,"column":91}},{"start":{"line":387,"column":94},"end":{"line":387,"column":100}}]},"59":{"loc":{"start":{"line":387,"column":18},"end":{"line":387,"column":82}},"type":"binary-expr","locations":[{"start":{"line":387,"column":18},"end":{"line":387,"column":48}},{"start":{"line":387,"column":52},"end":{"line":387,"column":82}}]},"60":{"loc":{"start":{"line":398,"column":23},"end":{"line":398,"column":105}},"type":"binary-expr","locations":[{"start":{"line":398,"column":23},"end":{"line":398,"column":45}},{"start":{"line":398,"column":50},"end":{"line":398,"column":71}},{"start":{"line":398,"column":75},"end":{"line":398,"column":104}}]},"61":{"loc":{"start":{"line":399,"column":6},"end":{"line":410,"column":7}},"type":"if","locations":[{"start":{"line":399,"column":6},"end":{"line":410,"column":7}},{"start":{},"end":{}}]},"62":{"loc":{"start":{"line":401,"column":8},"end":{"line":409,"column":9}},"type":"if","locations":[{"start":{"line":401,"column":8},"end":{"line":409,"column":9}},{"start":{},"end":{}}]},"63":{"loc":{"start":{"line":404,"column":20},"end":{"line":404,"column":55}},"type":"cond-expr","locations":[{"start":{"line":404,"column":40},"end":{"line":404,"column":46}},{"start":{"line":404,"column":49},"end":{"line":404,"column":55}}]},"64":{"loc":{"start":{"line":427,"column":4},"end":{"line":433,"column":5}},"type":"if","locations":[{"start":{"line":427,"column":4},"end":{"line":433,"column":5}},{"start":{},"end":{}}]},"65":{"loc":{"start":{"line":427,"column":8},"end":{"line":427,"column":39}},"type":"binary-expr","locations":[{"start":{"line":427,"column":8},"end":{"line":427,"column":24}},{"start":{"line":427,"column":28},"end":{"line":427,"column":39}}]},"66":{"loc":{"start":{"line":437,"column":4},"end":{"line":443,"column":5}},"type":"if","locations":[{"start":{"line":437,"column":4},"end":{"line":443,"column":5}},{"start":{},"end":{}}]},"67":{"loc":{"start":{"line":437,"column":8},"end":{"line":437,"column":38}},"type":"binary-expr","locations":[{"start":{"line":437,"column":8},"end":{"line":437,"column":23}},{"start":{"line":437,"column":27},"end":{"line":437,"column":38}}]},"68":{"loc":{"start":{"line":447,"column":4},"end":{"line":453,"column":5}},"type":"if","locations":[{"start":{"line":447,"column":4},"end":{"line":453,"column":5}},{"start":{},"end":{}}]},"69":{"loc":{"start":{"line":447,"column":8},"end":{"line":447,"column":35}},"type":"binary-expr","locations":[{"start":{"line":447,"column":8},"end":{"line":447,"column":20}},{"start":{"line":447,"column":24},"end":{"line":447,"column":35}}]},"70":{"loc":{"start":{"line":494,"column":25},"end":{"line":494,"column":73}},"type":"cond-expr","locations":[{"start":{"line":494,"column":53},"end":{"line":494,"column":69}},{"start":{"line":494,"column":72},"end":{"line":494,"column":73}}]},"71":{"loc":{"start":{"line":523,"column":4},"end":{"line":525,"column":5}},"type":"if","locations":[{"start":{"line":523,"column":4},"end":{"line":525,"column":5}},{"start":{},"end":{}}]},"72":{"loc":{"start":{"line":523,"column":8},"end":{"line":523,"column":68}},"type":"binary-expr","locations":[{"start":{"line":523,"column":8},"end":{"line":523,"column":42}},{"start":{"line":523,"column":46},"end":{"line":523,"column":68}}]},"73":{"loc":{"start":{"line":528,"column":4},"end":{"line":530,"column":5}},"type":"if","locations":[{"start":{"line":528,"column":4},"end":{"line":530,"column":5}},{"start":{},"end":{}}]},"74":{"loc":{"start":{"line":528,"column":8},"end":{"line":528,"column":59}},"type":"binary-expr","locations":[{"start":{"line":528,"column":8},"end":{"line":528,"column":35}},{"start":{"line":528,"column":39},"end":{"line":528,"column":59}}]},"75":{"loc":{"start":{"line":533,"column":4},"end":{"line":535,"column":5}},"type":"if","locations":[{"start":{"line":533,"column":4},"end":{"line":535,"column":5}},{"start":{},"end":{}}]},"76":{"loc":{"start":{"line":533,"column":8},"end":{"line":533,"column":39}},"type":"binary-expr","locations":[{"start":{"line":533,"column":8},"end":{"line":533,"column":26}},{"start":{"line":533,"column":30},"end":{"line":533,"column":39}}]},"77":{"loc":{"start":{"line":538,"column":4},"end":{"line":543,"column":5}},"type":"if","locations":[{"start":{"line":538,"column":4},"end":{"line":543,"column":5}},{"start":{},"end":{}}]},"78":{"loc":{"start":{"line":540,"column":6},"end":{"line":542,"column":7}},"type":"if","locations":[{"start":{"line":540,"column":6},"end":{"line":542,"column":7}},{"start":{},"end":{}}]},"79":{"loc":{"start":{"line":557,"column":24},"end":{"line":557,"column":80}},"type":"binary-expr","locations":[{"start":{"line":557,"column":24},"end":{"line":557,"column":75}},{"start":{"line":557,"column":79},"end":{"line":557,"column":80}}]},"80":{"loc":{"start":{"line":578,"column":16},"end":{"line":578,"column":40}},"type":"binary-expr","locations":[{"start":{"line":578,"column":16},"end":{"line":578,"column":35}},{"start":{"line":578,"column":39},"end":{"line":578,"column":40}}]},"81":{"loc":{"start":{"line":579,"column":17},"end":{"line":579,"column":39}},"type":"binary-expr","locations":[{"start":{"line":579,"column":17},"end":{"line":579,"column":29}},{"start":{"line":579,"column":33},"end":{"line":579,"column":39}}]},"82":{"loc":{"start":{"line":585,"column":17},"end":{"line":585,"column":41}},"type":"binary-expr","locations":[{"start":{"line":585,"column":17},"end":{"line":585,"column":36}},{"start":{"line":585,"column":40},"end":{"line":585,"column":41}}]},"83":{"loc":{"start":{"line":585,"column":46},"end":{"line":585,"column":71}},"type":"binary-expr","locations":[{"start":{"line":585,"column":46},"end":{"line":585,"column":66}},{"start":{"line":585,"column":70},"end":{"line":585,"column":71}}]}},"s":{"0":1,"1":1,"2":1,"3":1,"4":1,"5":1,"6":1,"7":1,"8":1,"9":1,"10":1,"11":1,"12":0,"13":0,"14":0,"15":0,"16":0,"17":0,"18":0,"19":0,"20":0,"21":0,"22":0,"23":0,"24":0,"25":0,"26":0,"27":0,"28":0,"29":0,"30":0,"31":0,"32":0,"33":0,"34":0,"35":0,"36":0,"37":0,"38":0,"39":0,"40":0,"41":0,"42":0,"43":0,"44":0,"45":0,"46":0,"47":0,"48":0,"49":0,"50":0,"51":0,"52":0,"53":0,"54":0,"55":0,"56":0,"57":0,"58":0,"59":0,"60":0,"61":0,"62":0,"63":0,"64":0,"65":0,"66":0,"67":0,"68":0,"69":0,"70":0,"71":0,"72":0,"73":0,"74":0,"75":0,"76":0,"77":0,"78":0,"79":0,"80":0,"81":0,"82":0,"83":0,"84":0,"85":0,"86":0,"87":0,"88":0,"89":0,"90":0,"91":0,"92":0,"93":0,"94":0,"95":0,"96":0,"97":0,"98":0,"99":0,"100":0,"101":0,"102":0,"103":0,"104":0,"105":0,"106":0,"107":0,"108":0,"109":0,"110":0,"111":0,"112":0,"113":0,"114":0,"115":0,"116":0,"117":0,"118":0,"119":0,"120":0,"121":0,"122":0,"123":0,"124":0,"125":0,"126":0,"127":0,"128":0,"129":0,"130":0,"131":0,"132":0,"133":0,"134":0,"135":0,"136":0,"137":0,"138":0,"139":0,"140":0,"141":0,"142":0,"143":0,"144":0,"145":0,"146":0,"147":0,"148":0,"149":0,"150":0,"151":0,"152":0,"153":0,"154":0,"155":0,"156":0,"157":0,"158":0,"159":0,"160":0,"161":0,"162":0,"163":0,"164":0,"165":0,"166":0,"167":0,"168":0,"169":0,"170":0,"171":0,"172":0,"173":0,"174":0,"175":0,"176":0,"177":0,"178":0,"179":0,"180":0,"181":0,"182":0,"183":0,"184":0,"185":0,"186":0,"187":0,"188":0,"189":0,"190":0,"191":0,"192":0,"193":0,"194":0,"195":0,"196":0,"197":0,"198":0},"f":{"0":0,"1":0,"2":0,"3":0,"4":0,"5":0,"6":0,"7":0,"8":0,"9":0,"10":0,"11":0,"12":0,"13":0,"14":0,"15":0,"16":0,"17":0},"b":{"0":[0,0],"1":[0,0],"2":[0,0],"3":[0,0,0,0],"4":[0,0],"5":[0,0],"6":[0,0],"7":[0,0],"8":[0,0],"9":[0,0],"10":[0,0],"11":[0,0],"12":[0,0],"13":[0,0],"14":[0,0],"15":[0,0],"16":[0,0],"17":[0,0],"18":[0,0],"19":[0,0],"20":[0,0],"21":[0,0],"22":[0,0],"23":[0,0],"24":[0,0],"25":[0,0],"26":[0,0],"27":[0,0],"28":[0,0],"29":[0,0],"30":[0,0],"31":[0,0],"32":[0,0],"33":[0,0],"34":[0,0],"35":[0,0],"36":[0,0],"37":[0,0],"38":[0,0],"39":[0,0],"40":[0,0],"41":[0,0],"42":[0,0],"43":[0,0],"44":[0,0],"45":[0,0],"46":[0,0],"47":[0,0],"48":[0,0],"49":[0,0],"50":[0,0],"51":[0,0],"52":[0,0],"53":[0,0],"54":[0,0],"55":[0,0],"56":[0,0],"57":[0,0],"58":[0,0],"59":[0,0],"60":[0,0,0],"61":[0,0],"62":[0,0],"63":[0,0],"64":[0,0],"65":[0,0],"66":[0,0],"67":[0,0],"68":[0,0],"69":[0,0],"70":[0,0],"71":[0,0],"72":[0,0],"73":[0,0],"74":[0,0],"75":[0,0],"76":[0,0],"77":[0,0],"78":[0,0],"79":[0,0],"80":[0,0],"81":[0,0],"82":[0,0],"83":[0,0]}}
}
