TN:
SF:src\autofix-policy.ts
FN:45,classifyFixDescription
FNF:1
FNH:0
FNDA:0,classifyFixDescription
DA:17,1
DA:30,1
DA:45,1
DA:46,0
DA:47,0
DA:49,0
DA:50,0
DA:52,0
LF:8
LH:3
BRDA:47,0,0,0
BRDA:47,0,1,0
BRDA:50,1,0,0
BRDA:50,1,1,0
BRF:4
BRH:0
end_of_record
TN:
SF:src\good-pattern-catalog.ts
FN:23,g
FN:239,(anonymous_1)
FN:241,getGoodPattern
FN:246,getSuppressorsFor
FN:247,(anonymous_4)
FN:251,getGoodCatalogStats
FN:254,(anonymous_6)
FN:255,(anonymous_7)
FN:256,(anonymous_8)
FN:257,(anonymous_9)
FNF:10
FNH:2
FNDA:1060,g
FNDA:850,(anonymous_1)
FNDA:0,getGoodPattern
FNDA:0,getSuppressorsFor
FNDA:0,(anonymous_4)
FNDA:0,getGoodCatalogStats
FNDA:0,(anonymous_6)
FNDA:0,(anonymous_7)
FNDA:0,(anonymous_8)
FNDA:0,(anonymous_9)
DA:28,1060
DA:31,5
DA:239,850
DA:241,5
DA:242,0
DA:246,5
DA:247,0
DA:251,5
DA:252,0
DA:254,0
DA:255,0
DA:256,0
DA:257,0
DA:262,5
DA:276,5
DA:290,5
DA:304,5
LF:17
LH:10
BRDA:257,0,0,0
BRDA:257,0,1,0
BRF:2
BRH:0
end_of_record
TN:
SF:src\patent-scanner.ts
FN:63,detectLicense
FN:70,hasLicenseHeader
FN:71,(anonymous_2)
FN:89,flattenFiles
FN:105,scanProject
FN:140,(anonymous_5)
FN:141,(anonymous_6)
FN:149,(anonymous_7)
FNF:8
FNH:0
FNDA:0,detectLicense
FNDA:0,hasLicenseHeader
FNDA:0,(anonymous_2)
FNDA:0,flattenFiles
FNDA:0,scanProject
FNDA:0,(anonymous_5)
FNDA:0,(anonymous_6)
FNDA:0,(anonymous_7)
DA:42,1
DA:55,1
DA:64,0
DA:65,0
DA:67,0
DA:71,0
DA:80,1
DA:90,0
DA:91,0
DA:92,0
DA:93,0
DA:94,0
DA:96,0
DA:105,1
DA:106,0
DA:107,0
DA:108,0
DA:110,0
DA:112,0
DA:113,0
DA:114,0
DA:124,0
DA:125,0
DA:126,0
DA:127,0
DA:128,0
DA:140,0
DA:141,0
DA:142,0
DA:144,0
DA:146,0
DA:147,0
DA:148,0
DA:149,0
DA:150,0
DA:153,0
LF:36
LH:4
BRDA:65,0,0,0
BRDA:65,0,1,0
BRDA:89,1,0,0
BRDA:92,2,0,0
BRDA:92,2,1,0
BRDA:93,3,0,0
BRDA:93,3,1,0
BRDA:93,4,0,0
BRDA:93,4,1,0
BRDA:94,5,0,0
BRDA:94,5,1,0
BRDA:113,6,0,0
BRDA:113,6,1,0
BRDA:113,7,0,0
BRDA:113,7,1,0
BRDA:116,8,0,0
BRDA:116,8,1,0
BRDA:117,9,0,0
BRDA:117,9,1,0
BRDA:127,10,0,0
BRDA:127,10,1,0
BRDA:144,11,0,0
BRDA:144,11,1,0
BRDA:144,12,0,0
BRDA:144,12,1,0
BRDA:144,13,0,0
BRDA:144,13,1,0
BRDA:144,14,0,0
BRDA:144,14,1,0
BRDA:147,15,0,0
BRDA:147,15,1,0
BRDA:148,16,0,0
BRDA:148,16,1,0
BRDA:149,17,0,0
BRDA:149,17,1,0
BRDA:149,18,0,0
BRDA:149,18,1,0
BRF:37
BRH:0
end_of_record
TN:
SF:src\quality-rules-from-catalog.ts
FN:43,sortBySeverity
FN:44,(anonymous_1)
FN:62,detectFileContext
FN:77,applyContextualBoost
FN:111,estimateTokens
FN:125,getExampleForRule
FN:140,getCacheKey
FN:149,clearPromptCache
FN:160,selectPromptPatterns
FN:162,(anonymous_9)
FN:167,groupByQuality
FN:173,(anonymous_11)
FN:191,buildQualityRulesPrompt
FN:202,(anonymous_13)
FN:271,buildFPSuppressionPrompt
FN:275,(anonymous_15)
FNF:16
FNH:3
FNDA:0,sortBySeverity
FNDA:0,(anonymous_1)
FNDA:2,detectFileContext
FNDA:0,applyContextualBoost
FNDA:0,estimateTokens
FNDA:0,getExampleForRule
FNDA:0,getCacheKey
FNDA:0,clearPromptCache
FNDA:0,selectPromptPatterns
FNDA:0,(anonymous_9)
FNDA:0,groupByQuality
FNDA:0,(anonymous_11)
FNDA:0,buildQualityRulesPrompt
FNDA:0,(anonymous_13)
FNDA:2,buildFPSuppressionPrompt
FNDA:424,(anonymous_15)
DA:16,2
DA:27,2
DA:35,2
DA:44,0
DA:45,0
DA:46,0
DA:47,0
DA:48,0
DA:63,2
DA:64,2
DA:65,0
DA:67,2
DA:68,0
DA:70,2
DA:71,0
DA:73,2
DA:81,0
DA:84,0
DA:89,0
DA:92,0
DA:93,0
DA:94,0
DA:95,0
DA:96,0
DA:98,0
DA:101,0
DA:112,0
DA:116,2
DA:127,0
DA:128,0
DA:138,2
DA:145,0
DA:149,2
DA:150,0
DA:161,0
DA:162,0
DA:170,0
DA:172,0
DA:173,0
DA:174,0
DA:176,0
DA:191,2
DA:196,0
DA:197,0
DA:198,0
DA:199,0
DA:202,0
DA:203,0
DA:204,0
DA:205,0
DA:207,0
DA:211,0
DA:212,0
DA:215,0
DA:217,0
DA:218,0
DA:219,0
DA:221,0
DA:222,0
DA:224,0
DA:225,0
DA:227,0
DA:228,0
DA:231,0
DA:232,0
DA:233,0
DA:235,0
DA:236,0
DA:239,0
DA:240,0
DA:241,0
DA:242,0
DA:243,0
DA:244,0
DA:245,0
DA:252,0
DA:257,0
DA:260,0
DA:262,0
DA:271,2
DA:272,2
DA:274,2
DA:275,424
DA:280,2
DA:281,0
DA:282,0
DA:283,2
DA:284,0
DA:285,0
DA:288,2
DA:289,0
DA:292,2
DA:296,2
DA:297,0
DA:300,2
DA:301,50
DA:302,50
DA:307,2
LF:98
LH:25
BRDA:47,0,0,0
BRDA:47,0,1,0
BRDA:48,1,0,0
BRDA:48,1,1,0
BRDA:48,2,0,0
BRDA:48,2,1,0
BRDA:64,3,0,0
BRDA:64,3,1,2
BRDA:64,4,0,2
BRDA:64,4,1,2
BRDA:67,5,0,0
BRDA:67,5,1,2
BRDA:70,6,0,0
BRDA:70,6,1,2
BRDA:81,7,0,0
BRDA:81,7,1,0
BRDA:84,8,0,0
BRDA:84,8,1,0
BRDA:85,9,0,0
BRDA:85,9,1,0
BRDA:86,10,0,0
BRDA:86,10,1,0
BRDA:89,11,0,0
BRDA:89,11,1,0
BRDA:95,12,0,0
BRDA:95,12,1,0
BRDA:128,13,0,0
BRDA:128,13,1,0
BRDA:162,14,0,0
BRDA:162,14,1,0
BRDA:162,14,2,0
BRDA:174,15,0,0
BRDA:174,15,1,0
BRDA:192,16,0,0
BRDA:193,17,0,0
BRDA:194,18,0,0
BRDA:205,19,0,0
BRDA:205,19,1,0
BRDA:211,20,0,0
BRDA:211,20,1,0
BRDA:212,21,0,0
BRDA:212,21,1,0
BRDA:212,22,0,0
BRDA:212,22,1,0
BRDA:222,23,0,0
BRDA:222,23,1,0
BRDA:228,24,0,0
BRDA:228,24,1,0
BRDA:233,25,0,0
BRDA:233,25,1,0
BRDA:239,26,0,0
BRDA:239,26,1,0
BRDA:241,27,0,0
BRDA:241,27,1,0
BRDA:243,28,0,0
BRDA:243,28,1,0
BRDA:271,29,0,2
BRDA:275,30,0,424
BRDA:275,30,1,416
BRDA:275,30,2,172
BRDA:280,31,0,0
BRDA:280,31,1,2
BRDA:283,32,0,0
BRDA:283,32,1,2
BRDA:288,33,0,0
BRDA:288,33,1,2
BRDA:296,34,0,0
BRDA:296,34,1,2
BRDA:301,35,0,50
BRDA:301,35,1,0
BRF:70
BRH:14
end_of_record
TN:
SF:src\scope-policy.ts
FN:54,(anonymous_0)
FN:58,(anonymous_1)
FN:66,(anonymous_2)
FN:72,(anonymous_3)
FN:77,(anonymous_4)
FN:82,(anonymous_5)
FN:92,(anonymous_6)
FN:120,(anonymous_7)
FN:172,(anonymous_8)
FN:176,(anonymous_9)
FN:182,(anonymous_10)
FN:187,(anonymous_11)
FN:190,(anonymous_12)
FN:193,(anonymous_13)
FN:195,(anonymous_14)
FN:207,(anonymous_15)
FN:259,applyScopePolicy
FN:267,(anonymous_17)
FN:283,applyScopePolicyToFindings
FN:293,(anonymous_19)
FNF:20
FNH:0
FNDA:0,(anonymous_0)
FNDA:0,(anonymous_1)
FNDA:0,(anonymous_2)
FNDA:0,(anonymous_3)
FNDA:0,(anonymous_4)
FNDA:0,(anonymous_5)
FNDA:0,(anonymous_6)
FNDA:0,(anonymous_7)
FNDA:0,(anonymous_8)
FNDA:0,(anonymous_9)
FNDA:0,(anonymous_10)
FNDA:0,(anonymous_11)
FNDA:0,(anonymous_12)
FNDA:0,(anonymous_13)
FNDA:0,(anonymous_14)
FNDA:0,(anonymous_15)
FNDA:0,applyScopePolicy
FNDA:0,(anonymous_17)
FNDA:0,applyScopePolicyToFindings
FNDA:0,(anonymous_19)
DA:28,4
DA:31,4
DA:43,4
DA:44,4
DA:46,0
DA:47,0
DA:49,0
DA:52,0
DA:55,0
DA:59,0
DA:60,0
DA:62,0
DA:67,0
DA:73,0
DA:74,0
DA:78,0
DA:79,0
DA:83,0
DA:84,0
DA:86,0
DA:87,0
DA:93,0
DA:94,0
DA:95,0
DA:98,0
DA:99,0
DA:100,0
DA:102,0
DA:104,0
DA:110,0
DA:112,0
DA:115,0
DA:121,0
DA:122,0
DA:124,0
DA:127,0
DA:128,0
DA:129,0
DA:130,0
DA:135,0
DA:136,0
DA:137,0
DA:138,0
DA:140,0
DA:145,0
DA:146,0
DA:147,0
DA:148,0
DA:150,0
DA:155,0
DA:156,0
DA:157,0
DA:158,0
DA:160,0
DA:165,0
DA:166,0
DA:167,0
DA:173,0
DA:177,0
DA:183,0
DA:185,0
DA:187,0
DA:190,0
DA:193,0
DA:195,0
DA:200,0
DA:201,0
DA:208,0
DA:210,0
DA:211,0
DA:212,0
DA:214,0
DA:216,0
DA:217,0
DA:218,0
DA:220,0
DA:221,0
DA:222,0
DA:226,0
DA:227,0
DA:228,0
DA:232,0
DA:233,0
DA:234,0
DA:235,0
DA:236,0
DA:238,0
DA:242,0
DA:259,4
DA:264,0
DA:265,0
DA:267,0
DA:269,0
DA:270,0
DA:272,0
DA:273,0
DA:275,0
DA:283,4
DA:290,0
DA:291,0
DA:293,0
DA:294,0
DA:296,0
DA:298,0
DA:300,0
DA:301,0
DA:304,0
LF:107
LH:6
BRDA:59,0,0,0
BRDA:59,0,1,0
BRDA:83,1,0,0
BRDA:83,1,1,0
BRDA:94,2,0,0
BRDA:94,2,1,0
BRDA:102,3,0,0
BRDA:102,3,1,0
BRDA:102,4,0,0
BRDA:102,4,1,0
BRDA:110,5,0,0
BRDA:110,5,1,0
BRDA:112,6,0,0
BRDA:112,6,1,0
BRDA:122,7,0,0
BRDA:122,7,1,0
BRDA:128,8,0,0
BRDA:128,8,1,0
BRDA:137,9,0,0
BRDA:137,9,1,0
BRDA:147,10,0,0
BRDA:147,10,1,0
BRDA:155,11,0,0
BRDA:155,11,1,0
BRDA:158,12,0,0
BRDA:158,12,1,0
BRDA:158,13,0,0
BRDA:158,13,1,0
BRDA:183,14,0,0
BRDA:183,14,1,0
BRDA:208,15,0,0
BRDA:208,15,1,0
BRDA:212,16,0,0
BRDA:212,16,1,0
BRDA:220,17,0,0
BRDA:220,17,1,0
BRDA:226,18,0,0
BRDA:226,18,1,0
BRDA:232,19,0,0
BRDA:232,19,1,0
BRDA:264,20,0,0
BRDA:264,20,1,0
BRDA:265,21,0,0
BRDA:265,21,1,0
BRDA:270,22,0,0
BRDA:270,22,1,0
BRDA:290,23,0,0
BRDA:290,23,1,0
BRDA:291,24,0,0
BRDA:291,24,1,0
BRDA:294,25,0,0
BRDA:294,25,1,0
BRDA:298,26,0,0
BRDA:298,26,1,0
BRDA:300,27,0,0
BRDA:300,27,1,0
BRDA:300,28,0,0
BRDA:300,28,1,0
BRF:58
BRH:0
end_of_record
TN:
SF:src\_stubs\ai-providers.ts
FN:56,notImplemented
FN:62,callProvider
FN:69,streamChat
FN:73,getApiKey
FN:78,getActiveProvider
FN:82,getProviderConfig
FNF:6
FNH:0
FNDA:0,notImplemented
FNDA:0,callProvider
FNDA:0,streamChat
FNDA:0,getApiKey
FNDA:0,getActiveProvider
FNDA:0,getProviderConfig
DA:22,4
DA:57,0
DA:62,4
DA:63,0
DA:69,4
DA:70,0
DA:73,4
DA:75,0
DA:78,4
DA:79,0
DA:82,4
DA:83,0
LF:12
LH:6
BRF:0
BRH:0
end_of_record
TN:
SF:src\_stubs\logger.ts
FN:21,(anonymous_0)
FN:22,(anonymous_1)
FN:23,(anonymous_2)
FN:24,(anonymous_3)
FNF:4
FNH:0
FNDA:0,(anonymous_0)
FNDA:0,(anonymous_1)
FNDA:0,(anonymous_2)
FNDA:0,(anonymous_3)
DA:20,3
DA:21,0
DA:22,0
DA:23,0
DA:24,0
DA:27,3
DA:28,3
LF:7
LH:3
BRF:0
BRH:0
end_of_record
TN:
SF:src\audit\audit-code-health.ts
FN:13,fid
FN:17,gradeFromScore
FN:30,auditOperations
FN:36,(anonymous_3)
FN:40,(anonymous_4)
FN:64,(anonymous_5)
FN:83,(anonymous_6)
FN:110,(anonymous_7)
FN:130,(anonymous_8)
FN:130,(anonymous_9)
FN:152,(anonymous_10)
FN:179,auditComplexity
FN:280,auditArchitecture
FN:287,(anonymous_13)
FN:289,(anonymous_14)
FN:290,(anonymous_15)
FN:339,(anonymous_16)
FN:340,(anonymous_17)
FN:341,(anonymous_18)
FN:342,(anonymous_19)
FN:363,(anonymous_20)
FN:396,auditDependencies
FN:402,(anonymous_22)
FN:418,(anonymous_23)
FN:433,(anonymous_24)
FN:460,(anonymous_25)
FN:475,(anonymous_26)
FNF:27
FNH:0
FNDA:0,fid
FNDA:0,gradeFromScore
FNDA:0,auditOperations
FNDA:0,(anonymous_3)
FNDA:0,(anonymous_4)
FNDA:0,(anonymous_5)
FNDA:0,(anonymous_6)
FNDA:0,(anonymous_7)
FNDA:0,(anonymous_8)
FNDA:0,(anonymous_9)
FNDA:0,(anonymous_10)
FNDA:0,auditComplexity
FNDA:0,auditArchitecture
FNDA:0,(anonymous_13)
FNDA:0,(anonymous_14)
FNDA:0,(anonymous_15)
FNDA:0,(anonymous_16)
FNDA:0,(anonymous_17)
FNDA:0,(anonymous_18)
FNDA:0,(anonymous_19)
FNDA:0,(anonymous_20)
FNDA:0,auditDependencies
FNDA:0,(anonymous_22)
FNDA:0,(anonymous_23)
FNDA:0,(anonymous_24)
FNDA:0,(anonymous_25)
FNDA:0,(anonymous_26)
DA:10,2
DA:12,2
DA:14,0
DA:18,0
DA:19,0
DA:20,0
DA:21,0
DA:22,0
DA:23,0
DA:30,2
DA:31,0
DA:32,0
DA:33,0
DA:35,0
DA:36,0
DA:39,0
DA:40,0
DA:41,0
DA:42,0
DA:43,0
DA:45,0
DA:46,0
DA:47,0
DA:56,0
DA:57,0
DA:58,0
DA:59,0
DA:60,0
DA:61,0
DA:64,0
DA:65,0
DA:66,0
DA:67,0
DA:69,0
DA:78,0
DA:79,0
DA:80,0
DA:81,0
DA:82,0
DA:83,0
DA:84,0
DA:85,0
DA:86,0
DA:88,0
DA:89,0
DA:90,0
DA:91,0
DA:95,0
DA:96,0
DA:98,0
DA:106,0
DA:107,0
DA:108,0
DA:109,0
DA:110,0
DA:111,0
DA:112,0
DA:114,0
DA:115,0
DA:117,0
DA:124,0
DA:125,0
DA:126,0
DA:127,0
DA:128,0
DA:129,0
DA:130,0
DA:131,0
DA:132,0
DA:133,0
DA:134,0
DA:135,0
DA:136,0
DA:142,0
DA:147,0
DA:148,0
DA:151,0
DA:152,0
DA:153,0
DA:154,0
DA:155,0
DA:157,0
DA:164,0
DA:166,0
DA:179,2
DA:180,0
DA:181,0
DA:182,0
DA:184,0
DA:185,0
DA:186,0
DA:187,0
DA:189,0
DA:190,0
DA:191,0
DA:194,0
DA:195,0
DA:196,0
DA:197,0
DA:198,0
DA:200,0
DA:201,0
DA:202,0
DA:203,0
DA:204,0
DA:210,0
DA:211,0
DA:215,0
DA:216,0
DA:217,0
DA:218,0
DA:219,0
DA:220,0
DA:221,0
DA:222,0
DA:224,0
DA:225,0
DA:227,0
DA:228,0
DA:236,0
DA:237,0
DA:239,0
DA:240,0
DA:241,0
DA:243,0
DA:244,0
DA:245,0
DA:246,0
DA:247,0
DA:248,0
DA:250,0
DA:251,0
DA:252,0
DA:253,0
DA:254,0
DA:255,0
DA:262,0
DA:265,0
DA:267,0
DA:280,2
DA:281,0
DA:282,0
DA:283,0
DA:286,0
DA:287,0
DA:288,0
DA:289,0
DA:290,0
DA:291,0
DA:293,0
DA:294,0
DA:296,0
DA:303,0
DA:304,0
DA:305,0
DA:306,0
DA:307,0
DA:308,0
DA:309,0
DA:310,0
DA:318,0
DA:319,0
DA:322,0
DA:323,0
DA:324,0
DA:325,0
DA:327,0
DA:328,0
DA:329,0
DA:331,0
DA:338,0
DA:339,0
DA:340,0
DA:341,0
DA:342,0
DA:343,0
DA:344,0
DA:346,0
DA:354,0
DA:355,0
DA:356,0
DA:357,0
DA:358,0
DA:359,0
DA:362,0
DA:363,0
DA:364,0
DA:365,0
DA:367,0
DA:368,0
DA:375,0
DA:377,0
DA:390,2
DA:396,2
DA:397,0
DA:398,0
DA:399,0
DA:402,0
DA:403,0
DA:404,0
DA:412,0
DA:413,0
DA:414,0
DA:417,0
DA:418,0
DA:419,0
DA:420,0
DA:422,0
DA:423,0
DA:431,0
DA:432,0
DA:433,0
DA:434,0
DA:435,0
DA:437,0
DA:438,0
DA:446,0
DA:447,0
DA:448,0
DA:450,0
DA:457,0
DA:459,0
DA:460,0
DA:461,0
DA:462,0
DA:464,0
DA:465,0
DA:474,0
DA:475,0
DA:476,0
DA:477,0
DA:479,0
DA:485,0
DA:487,0
LF:234
LH:7
BRDA:18,0,0,0
BRDA:18,0,1,0
BRDA:19,1,0,0
BRDA:19,1,1,0
BRDA:20,2,0,0
BRDA:20,2,1,0
BRDA:21,3,0,0
BRDA:21,3,1,0
BRDA:22,4,0,0
BRDA:22,4,1,0
BRDA:42,5,0,0
BRDA:42,5,1,0
BRDA:48,6,0,0
BRDA:48,6,1,0
BRDA:59,7,0,0
BRDA:59,7,1,0
BRDA:59,8,0,0
BRDA:59,8,1,0
BRDA:61,9,0,0
BRDA:61,9,1,0
BRDA:64,10,0,0
BRDA:64,10,1,0
BRDA:66,11,0,0
BRDA:66,11,1,0
BRDA:70,12,0,0
BRDA:70,12,1,0
BRDA:82,13,0,0
BRDA:82,13,1,0
BRDA:82,14,0,0
BRDA:82,14,1,0
BRDA:83,15,0,0
BRDA:83,15,1,0
BRDA:86,16,0,0
BRDA:86,16,1,0
BRDA:89,17,0,0
BRDA:89,17,1,0
BRDA:89,18,0,0
BRDA:89,18,1,0
BRDA:89,18,2,0
BRDA:90,19,0,0
BRDA:90,19,1,0
BRDA:95,20,0,0
BRDA:95,20,1,0
BRDA:99,21,0,0
BRDA:99,21,1,0
BRDA:110,22,0,0
BRDA:110,22,1,0
BRDA:112,23,0,0
BRDA:112,23,1,0
BRDA:114,24,0,0
BRDA:114,24,1,0
BRDA:130,25,0,0
BRDA:130,25,1,0
BRDA:131,26,0,0
BRDA:131,26,1,0
BRDA:133,27,0,0
BRDA:133,27,1,0
BRDA:133,28,0,0
BRDA:133,28,1,0
BRDA:135,29,0,0
BRDA:135,29,1,0
BRDA:148,30,0,0
BRDA:148,30,1,0
BRDA:154,31,0,0
BRDA:154,31,1,0
BRDA:158,32,0,0
BRDA:158,32,1,0
BRDA:190,33,0,0
BRDA:190,33,1,0
BRDA:190,34,0,0
BRDA:190,34,1,0
BRDA:190,34,2,0
BRDA:197,35,0,0
BRDA:197,35,1,0
BRDA:200,36,0,0
BRDA:200,36,1,0
BRDA:202,37,0,0
BRDA:202,37,1,0
BRDA:219,38,0,0
BRDA:219,38,1,0
BRDA:220,39,0,0
BRDA:220,39,1,0
BRDA:221,40,0,0
BRDA:221,40,1,0
BRDA:224,41,0,0
BRDA:224,41,1,0
BRDA:229,42,0,0
BRDA:229,42,1,0
BRDA:246,43,0,0
BRDA:246,43,1,0
BRDA:247,44,0,0
BRDA:247,44,1,0
BRDA:248,45,0,0
BRDA:248,45,1,0
BRDA:248,46,0,0
BRDA:248,46,1,0
BRDA:251,47,0,0
BRDA:251,47,1,0
BRDA:254,48,0,0
BRDA:254,48,1,0
BRDA:256,49,0,0
BRDA:256,49,1,0
BRDA:262,50,0,0
BRDA:262,50,1,0
BRDA:288,51,0,0
BRDA:288,51,1,0
BRDA:288,52,0,0
BRDA:288,52,1,0
BRDA:289,53,0,0
BRDA:289,53,1,0
BRDA:291,54,0,0
BRDA:291,54,1,0
BRDA:293,55,0,0
BRDA:293,55,1,0
BRDA:306,56,0,0
BRDA:306,56,1,0
BRDA:307,57,0,0
BRDA:307,57,1,0
BRDA:309,58,0,0
BRDA:309,58,1,0
BRDA:319,59,0,0
BRDA:319,59,1,0
BRDA:325,60,0,0
BRDA:325,60,1,0
BRDA:328,61,0,0
BRDA:328,61,1,0
BRDA:343,62,0,0
BRDA:343,62,1,0
BRDA:343,63,0,0
BRDA:343,63,1,0
BRDA:343,64,0,0
BRDA:343,64,1,0
BRDA:343,65,0,0
BRDA:343,65,1,0
BRDA:359,66,0,0
BRDA:359,66,1,0
BRDA:364,67,0,0
BRDA:364,67,1,0
BRDA:403,68,0,0
BRDA:403,68,1,0
BRDA:413,69,0,0
BRDA:413,69,1,0
BRDA:414,70,0,0
BRDA:414,70,1,0
BRDA:419,71,0,0
BRDA:419,71,1,0
BRDA:432,72,0,0
BRDA:432,72,1,0
BRDA:432,73,0,0
BRDA:432,73,1,0
BRDA:433,74,0,0
BRDA:433,74,1,0
BRDA:434,75,0,0
BRDA:434,75,1,0
BRDA:447,76,0,0
BRDA:447,76,1,0
BRDA:461,77,0,0
BRDA:461,77,1,0
BRDA:468,78,0,0
BRDA:468,78,1,0
BRDA:468,79,0,0
BRDA:468,79,1,0
BRDA:475,80,0,0
BRDA:475,80,1,0
BRDA:475,80,2,0
BRDA:476,81,0,0
BRDA:476,81,1,0
BRF:167
BRH:0
end_of_record
TN:
SF:src\audit\audit-engine.ts
FN:21,gradeFromScore
FN:36,buildCategoryResult
FN:37,(anonymous_2)
FN:41,(anonymous_3)
FN:56,extractUrgentItems
FN:61,(anonymous_5)
FN:62,(anonymous_6)
FN:64,(anonymous_7)
FN:83,runProjectAudit
FN:91,progress
FN:152,(anonymous_10)
FN:156,(anonymous_11)
FN:159,(anonymous_12)
FN:186,(anonymous_13)
FN:187,(anonymous_14)
FN:199,formatAuditReport
FNF:16
FNH:0
FNDA:0,gradeFromScore
FNDA:0,buildCategoryResult
FNDA:0,(anonymous_2)
FNDA:0,(anonymous_3)
FNDA:0,extractUrgentItems
FNDA:0,(anonymous_5)
FNDA:0,(anonymous_6)
FNDA:0,(anonymous_7)
FNDA:0,runProjectAudit
FNDA:0,progress
FNDA:0,(anonymous_10)
FNDA:0,(anonymous_11)
FNDA:0,(anonymous_12)
FNDA:0,(anonymous_13)
FNDA:0,(anonymous_14)
FNDA:0,formatAuditReport
DA:10,2
DA:12,2
DA:13,2
DA:14,2
DA:15,2
DA:22,0
DA:23,0
DA:24,0
DA:25,0
DA:26,0
DA:27,0
DA:37,0
DA:38,0
DA:39,0
DA:41,0
DA:42,0
DA:57,0
DA:61,0
DA:62,0
DA:64,0
DA:83,2
DA:87,0
DA:88,0
DA:89,0
DA:92,0
DA:96,0
DA:97,0
DA:98,0
DA:99,0
DA:100,0
DA:101,0
DA:102,0
DA:103,0
DA:106,0
DA:107,0
DA:108,0
DA:109,0
DA:110,0
DA:111,0
DA:112,0
DA:113,0
DA:116,0
DA:117,0
DA:118,0
DA:119,0
DA:120,0
DA:121,0
DA:122,0
DA:123,0
DA:126,0
DA:127,0
DA:128,0
DA:129,0
DA:130,0
DA:131,0
DA:132,0
DA:133,0
DA:135,0
DA:143,0
DA:151,0
DA:152,0
DA:156,0
DA:157,0
DA:158,0
DA:159,0
DA:163,0
DA:166,0
DA:167,0
DA:168,0
DA:172,0
DA:173,0
DA:175,0
DA:186,0
DA:187,0
DA:199,2
DA:200,0
DA:204,0
DA:205,0
DA:206,0
DA:208,0
DA:209,0
DA:210,0
DA:211,0
DA:212,0
DA:213,0
DA:215,0
DA:217,0
DA:220,0
DA:221,0
DA:222,0
DA:225,0
DA:226,0
DA:229,0
DA:230,0
DA:233,0
DA:234,0
DA:235,0
DA:238,0
DA:239,0
DA:240,0
DA:243,0
DA:244,0
DA:248,0
DA:249,0
DA:252,0
DA:253,0
DA:254,0
DA:257,0
DA:258,0
DA:259,0
DA:260,0
DA:261,0
DA:262,0
DA:263,0
DA:266,0
DA:267,0
DA:268,0
DA:269,0
DA:270,0
DA:272,0
LF:120
LH:7
BRDA:22,0,0,0
BRDA:22,0,1,0
BRDA:23,1,0,0
BRDA:23,1,1,0
BRDA:24,2,0,0
BRDA:24,2,1,0
BRDA:25,3,0,0
BRDA:25,3,1,0
BRDA:26,4,0,0
BRDA:26,4,1,0
BRDA:38,5,0,0
BRDA:38,5,1,0
BRDA:56,6,0,0
BRDA:152,7,0,0
BRDA:152,7,1,0
BRDA:158,8,0,0
BRDA:158,8,1,0
BRDA:176,9,0,0
BRDA:176,9,1,0
BRDA:176,10,0,0
BRDA:176,10,1,0
BRDA:179,11,0,0
BRDA:179,11,1,0
BRDA:180,12,0,0
BRDA:180,12,1,0
BRDA:199,13,0,0
BRDA:200,14,0,0
BRDA:200,14,1,0
BRDA:212,15,0,0
BRDA:212,15,1,0
BRDA:222,16,0,0
BRDA:222,16,1,0
BRDA:235,17,0,0
BRDA:235,17,1,0
BRDA:240,18,0,0
BRDA:240,18,1,0
BRDA:243,19,0,0
BRDA:243,19,1,0
BRDA:243,20,0,0
BRDA:243,20,1,0
BRDA:243,21,0,0
BRDA:243,21,1,0
BRDA:243,22,0,0
BRDA:243,22,1,0
BRDA:244,23,0,0
BRDA:244,23,1,0
BRDA:262,24,0,0
BRDA:262,24,1,0
BRDA:262,25,0,0
BRDA:262,25,1,0
BRDA:262,26,0,0
BRDA:262,26,1,0
BRDA:263,27,0,0
BRDA:263,27,1,0
BRF:54
BRH:0
end_of_record
TN:
SF:src\audit\audit-infra.ts
FN:11,fid
FN:12,gradeFromScore
FN:21,auditSecurity
FN:33,(anonymous_3)
FN:78,(anonymous_4)
FN:94,(anonymous_5)
FN:127,(anonymous_6)
FN:136,(anonymous_7)
FN:153,auditPerformance
FN:207,(anonymous_9)
FN:272,(anonymous_10)
FN:300,auditAPIHealth
FN:305,(anonymous_12)
FN:345,(anonymous_13)
FN:382,auditEnvConfig
FN:391,(anonymous_15)
FN:392,(anonymous_16)
FN:404,(anonymous_17)
FN:409,(anonymous_18)
FN:441,(anonymous_19)
FN:457,(anonymous_20)
FN:470,(anonymous_21)
FNF:22
FNH:0
FNDA:0,fid
FNDA:0,gradeFromScore
FNDA:0,auditSecurity
FNDA:0,(anonymous_3)
FNDA:0,(anonymous_4)
FNDA:0,(anonymous_5)
FNDA:0,(anonymous_6)
FNDA:0,(anonymous_7)
FNDA:0,auditPerformance
FNDA:0,(anonymous_9)
FNDA:0,(anonymous_10)
FNDA:0,auditAPIHealth
FNDA:0,(anonymous_12)
FNDA:0,(anonymous_13)
FNDA:0,auditEnvConfig
FNDA:0,(anonymous_15)
FNDA:0,(anonymous_16)
FNDA:0,(anonymous_17)
FNDA:0,(anonymous_18)
FNDA:0,(anonymous_19)
FNDA:0,(anonymous_20)
FNDA:0,(anonymous_21)
DA:10,2
DA:11,0
DA:13,0
DA:14,0
DA:21,2
DA:22,0
DA:23,0
DA:24,0
DA:28,0
DA:29,0
DA:30,0
DA:31,0
DA:32,0
DA:33,0
DA:35,0
DA:37,0
DA:38,0
DA:45,0
DA:46,0
DA:47,0
DA:54,0
DA:55,0
DA:56,0
DA:57,0
DA:58,0
DA:59,0
DA:64,0
DA:68,0
DA:74,0
DA:75,0
DA:76,0
DA:77,0
DA:78,0
DA:79,0
DA:80,0
DA:81,0
DA:82,0
DA:85,0
DA:86,0
DA:93,0
DA:94,0
DA:95,0
DA:96,0
DA:98,0
DA:99,0
DA:100,0
DA:101,0
DA:102,0
DA:108,0
DA:111,0
DA:112,0
DA:113,0
DA:114,0
DA:115,0
DA:118,0
DA:119,0
DA:126,0
DA:127,0
DA:128,0
DA:129,0
DA:136,0
DA:137,0
DA:140,0
DA:153,2
DA:154,0
DA:155,0
DA:156,0
DA:159,0
DA:160,0
DA:161,0
DA:162,0
DA:163,0
DA:164,0
DA:165,0
DA:166,0
DA:167,0
DA:168,0
DA:175,0
DA:176,0
DA:177,0
DA:178,0
DA:179,0
DA:186,0
DA:187,0
DA:190,0
DA:191,0
DA:192,0
DA:193,0
DA:194,0
DA:195,0
DA:196,0
DA:197,0
DA:198,0
DA:199,0
DA:200,0
DA:201,0
DA:207,0
DA:208,0
DA:209,0
DA:210,0
DA:217,0
DA:218,0
DA:219,0
DA:220,0
DA:221,0
DA:222,0
DA:223,0
DA:224,0
DA:225,0
DA:226,0
DA:227,0
DA:228,0
DA:240,0
DA:241,0
DA:244,0
DA:245,0
DA:246,0
DA:247,0
DA:248,0
DA:249,0
DA:250,0
DA:251,0
DA:258,0
DA:262,0
DA:263,0
DA:264,0
DA:265,0
DA:266,0
DA:267,0
DA:268,0
DA:269,0
DA:271,0
DA:272,0
DA:274,0
DA:275,0
DA:276,0
DA:277,0
DA:284,0
DA:286,0
DA:287,0
DA:300,2
DA:301,0
DA:302,0
DA:303,0
DA:305,0
DA:308,0
DA:309,0
DA:310,0
DA:318,0
DA:319,0
DA:320,0
DA:321,0
DA:323,0
DA:324,0
DA:331,0
DA:332,0
DA:333,0
DA:334,0
DA:336,0
DA:337,0
DA:344,0
DA:345,0
DA:346,0
DA:347,0
DA:356,0
DA:357,0
DA:358,0
DA:359,0
DA:361,0
DA:362,0
DA:368,0
DA:369,0
DA:382,2
DA:383,0
DA:384,0
DA:385,0
DA:390,0
DA:391,0
DA:392,0
DA:393,0
DA:395,0
DA:396,0
DA:403,0
DA:404,0
DA:405,0
DA:406,0
DA:409,0
DA:410,0
DA:411,0
DA:413,0
DA:414,0
DA:419,0
DA:424,0
DA:425,0
DA:426,0
DA:427,0
DA:428,0
DA:429,0
DA:432,0
DA:433,0
DA:440,0
DA:441,0
DA:442,0
DA:445,0
DA:446,0
DA:456,0
DA:457,0
DA:458,0
DA:459,0
DA:460,0
DA:462,0
DA:470,0
DA:471,0
DA:472,0
DA:479,0
DA:480,0
LF:216
LH:5
BRDA:13,0,0,0
BRDA:13,0,1,0
BRDA:13,1,0,0
BRDA:13,1,1,0
BRDA:13,2,0,0
BRDA:13,2,1,0
BRDA:14,3,0,0
BRDA:14,3,1,0
BRDA:14,4,0,0
BRDA:14,4,1,0
BRDA:32,5,0,0
BRDA:32,5,1,0
BRDA:32,6,0,0
BRDA:32,6,1,0
BRDA:33,7,0,0
BRDA:33,7,1,0
BRDA:35,8,0,0
BRDA:35,8,1,0
BRDA:37,9,0,0
BRDA:37,9,1,0
BRDA:55,10,0,0
BRDA:55,10,1,0
BRDA:55,11,0,0
BRDA:55,11,1,0
BRDA:57,12,0,0
BRDA:57,12,1,0
BRDA:68,13,0,0
BRDA:68,13,1,0
BRDA:78,14,0,0
BRDA:78,14,1,0
BRDA:81,15,0,0
BRDA:81,15,1,0
BRDA:82,16,0,0
BRDA:82,16,1,0
BRDA:85,17,0,0
BRDA:85,17,1,0
BRDA:94,18,0,0
BRDA:94,18,1,0
BRDA:99,19,0,0
BRDA:99,19,1,0
BRDA:100,20,0,0
BRDA:100,20,1,0
BRDA:108,21,0,0
BRDA:108,21,1,0
BRDA:114,22,0,0
BRDA:114,22,1,0
BRDA:118,23,0,0
BRDA:118,23,1,0
BRDA:118,24,0,0
BRDA:118,24,1,0
BRDA:127,25,0,0
BRDA:127,25,1,0
BRDA:128,26,0,0
BRDA:128,26,1,0
BRDA:137,27,0,0
BRDA:137,27,1,0
BRDA:162,28,0,0
BRDA:162,28,1,0
BRDA:162,29,0,0
BRDA:162,29,1,0
BRDA:165,30,0,0
BRDA:165,30,1,0
BRDA:165,31,0,0
BRDA:165,31,1,0
BRDA:167,32,0,0
BRDA:167,32,1,0
BRDA:177,33,0,0
BRDA:177,33,1,0
BRDA:177,34,0,0
BRDA:177,34,1,0
BRDA:187,35,0,0
BRDA:187,35,1,0
BRDA:193,36,0,0
BRDA:193,36,1,0
BRDA:197,37,0,0
BRDA:197,37,1,0
BRDA:198,38,0,0
BRDA:198,38,1,0
BRDA:199,39,0,0
BRDA:199,39,1,0
BRDA:200,40,0,0
BRDA:200,40,1,0
BRDA:201,41,0,0
BRDA:201,41,1,0
BRDA:209,42,0,0
BRDA:209,42,1,0
BRDA:220,43,0,0
BRDA:220,43,1,0
BRDA:223,44,0,0
BRDA:223,44,1,0
BRDA:225,45,0,0
BRDA:225,45,1,0
BRDA:225,46,0,0
BRDA:225,46,1,0
BRDA:227,47,0,0
BRDA:227,47,1,0
BRDA:241,48,0,0
BRDA:241,48,1,0
BRDA:247,49,0,0
BRDA:247,49,1,0
BRDA:248,50,0,0
BRDA:248,50,1,0
BRDA:249,51,0,0
BRDA:249,51,1,0
BRDA:258,52,0,0
BRDA:258,52,1,0
BRDA:266,53,0,0
BRDA:266,53,1,0
BRDA:268,54,0,0
BRDA:268,54,1,0
BRDA:269,55,0,0
BRDA:269,55,1,0
BRDA:272,56,0,0
BRDA:272,56,1,0
BRDA:272,56,2,0
BRDA:274,57,0,0
BRDA:274,57,1,0
BRDA:275,58,0,0
BRDA:275,58,1,0
BRDA:284,59,0,0
BRDA:284,59,1,0
BRDA:305,60,0,0
BRDA:305,60,1,0
BRDA:309,61,0,0
BRDA:309,61,1,0
BRDA:321,62,0,0
BRDA:321,62,1,0
BRDA:323,63,0,0
BRDA:323,63,1,0
BRDA:334,64,0,0
BRDA:334,64,1,0
BRDA:336,65,0,0
BRDA:336,65,1,0
BRDA:346,66,0,0
BRDA:346,66,1,0
BRDA:359,67,0,0
BRDA:359,67,1,0
BRDA:361,68,0,0
BRDA:361,68,1,0
BRDA:372,69,0,0
BRDA:372,69,1,0
BRDA:393,70,0,0
BRDA:393,70,1,0
BRDA:395,71,0,0
BRDA:395,71,1,0
BRDA:395,72,0,0
BRDA:395,72,1,0
BRDA:404,73,0,0
BRDA:404,73,1,0
BRDA:405,74,0,0
BRDA:405,74,1,0
BRDA:411,75,0,0
BRDA:411,75,1,0
BRDA:411,75,2,0
BRDA:413,76,0,0
BRDA:413,76,1,0
BRDA:427,77,0,0
BRDA:427,77,1,0
BRDA:427,78,0,0
BRDA:427,78,1,0
BRDA:428,79,0,0
BRDA:428,79,1,0
BRDA:432,80,0,0
BRDA:432,80,1,0
BRDA:442,81,0,0
BRDA:442,81,1,0
BRDA:442,81,2,0
BRDA:442,81,3,0
BRDA:445,82,0,0
BRDA:445,82,1,0
BRDA:458,83,0,0
BRDA:458,83,1,0
BRDA:459,84,0,0
BRDA:459,84,1,0
BRDA:471,85,0,0
BRDA:471,85,1,0
BRF:176
BRH:0
end_of_record
TN:
SF:src\audit\audit-quality.ts
FN:11,fid
FN:12,gradeFromScore
FN:21,auditTesting
FN:26,(anonymous_3)
FN:27,(anonymous_4)
FN:55,(anonymous_5)
FN:56,(anonymous_6)
FN:68,(anonymous_7)
FN:69,(anonymous_8)
FN:81,(anonymous_9)
FN:105,auditErrorHandling
FN:160,(anonymous_11)
FN:178,auditFeatureCompleteness
FN:249,(anonymous_13)
FN:301,auditDocumentation
FN:309,(anonymous_15)
FN:341,(anonymous_16)
FN:347,(anonymous_17)
FN:357,(anonymous_18)
FNF:19
FNH:19
FNDA:11,fid
FNDA:7,gradeFromScore
FNDA:3,auditTesting
FNDA:5,(anonymous_3)
FNDA:5,(anonymous_4)
FNDA:3,(anonymous_5)
FNDA:2,(anonymous_6)
FNDA:3,(anonymous_7)
FNDA:2,(anonymous_8)
FNDA:5,(anonymous_9)
FNDA:2,auditErrorHandling
FNDA:2,(anonymous_11)
FNDA:1,auditFeatureCompleteness
FNDA:1,(anonymous_13)
FNDA:1,auditDocumentation
FNDA:1,(anonymous_15)
FNDA:1,(anonymous_16)
FNDA:1,(anonymous_17)
FNDA:1,(anonymous_18)
DA:10,3
DA:11,11
DA:13,7
DA:14,4
DA:21,3
DA:22,3
DA:23,3
DA:24,3
DA:26,5
DA:27,3
DA:28,5
DA:33,3
DA:34,3
DA:35,1
DA:41,3
DA:42,3
DA:43,3
DA:44,3
DA:45,1
DA:47,2
DA:54,3
DA:55,3
DA:56,3
DA:57,3
DA:58,3
DA:60,0
DA:67,3
DA:68,3
DA:69,3
DA:70,3
DA:71,3
DA:73,0
DA:80,3
DA:81,5
DA:82,3
DA:83,0
DA:85,3
DA:91,3
DA:92,3
DA:105,3
DA:106,2
DA:107,2
DA:108,2
DA:110,2
DA:111,2
DA:112,2
DA:113,2
DA:116,2
DA:117,2
DA:118,2
DA:119,2
DA:121,1
DA:122,1
DA:126,1
DA:129,2
DA:132,2
DA:133,2
DA:134,2
DA:135,2
DA:136,2
DA:137,2
DA:139,0
DA:146,2
DA:147,2
DA:148,2
DA:149,2
DA:151,0
DA:159,2
DA:160,2
DA:161,2
DA:162,2
DA:165,2
DA:166,2
DA:178,3
DA:179,1
DA:180,1
DA:181,1
DA:184,1
DA:185,1
DA:186,1
DA:187,1
DA:188,1
DA:196,1
DA:197,5
DA:203,1
DA:204,1
DA:205,0
DA:213,1
DA:214,1
DA:215,1
DA:216,1
DA:218,1
DA:219,1
DA:221,1
DA:222,1
DA:223,1
DA:224,0
DA:230,1
DA:231,1
DA:232,0
DA:239,1
DA:240,1
DA:241,1
DA:242,1
DA:243,1
DA:244,1
DA:247,1
DA:248,1
DA:249,1
DA:250,1
DA:252,1
DA:255,1
DA:256,1
DA:257,0
DA:266,1
DA:267,1
DA:268,1
DA:269,1
DA:271,1
DA:272,1
DA:274,0
DA:279,1
DA:280,1
DA:281,0
DA:287,1
DA:288,1
DA:301,3
DA:302,1
DA:303,1
DA:304,1
DA:307,1
DA:309,1
DA:310,0
DA:314,1
DA:315,1
DA:316,1
DA:317,1
DA:318,1
DA:319,1
DA:320,1
DA:321,1
DA:322,0
DA:323,0
DA:324,0
DA:325,0
DA:330,1
DA:331,1
DA:332,0
DA:340,1
DA:341,1
DA:342,1
DA:346,1
DA:347,1
DA:348,1
DA:349,1
DA:356,1
DA:357,1
DA:358,1
DA:360,1
DA:361,1
DA:362,0
DA:364,0
DA:365,0
DA:370,0
DA:373,1
DA:376,0
DA:379,1
DA:380,1
LF:168
LH:146
BRDA:13,0,0,1
BRDA:13,0,1,6
BRDA:13,1,0,0
BRDA:13,1,1,6
BRDA:13,2,0,2
BRDA:13,2,1,4
BRDA:14,3,0,2
BRDA:14,3,1,2
BRDA:14,4,0,2
BRDA:14,4,1,0
BRDA:28,5,0,5
BRDA:28,5,1,3
BRDA:28,5,2,3
BRDA:28,5,3,3
BRDA:28,5,4,3
BRDA:28,5,5,0
BRDA:34,6,0,2
BRDA:34,6,1,1
BRDA:42,7,0,2
BRDA:42,7,1,1
BRDA:43,8,0,0
BRDA:43,8,1,3
BRDA:43,9,0,0
BRDA:43,9,1,3
BRDA:44,10,0,1
BRDA:44,10,1,2
BRDA:48,11,0,2
BRDA:48,11,1,0
BRDA:57,12,0,3
BRDA:57,12,1,0
BRDA:57,13,0,3
BRDA:57,13,1,3
BRDA:70,14,0,3
BRDA:70,14,1,0
BRDA:70,15,0,3
BRDA:70,15,1,0
BRDA:81,16,0,5
BRDA:81,16,1,5
BRDA:82,17,0,0
BRDA:82,17,1,3
BRDA:111,18,0,0
BRDA:111,18,1,2
BRDA:111,19,0,2
BRDA:111,19,1,2
BRDA:112,20,0,0
BRDA:112,20,1,2
BRDA:112,21,0,2
BRDA:112,21,1,0
BRDA:119,22,0,1
BRDA:119,22,1,1
BRDA:119,23,0,2
BRDA:119,23,1,1
BRDA:119,23,2,1
BRDA:119,23,3,0
BRDA:129,24,0,1
BRDA:129,24,1,1
BRDA:136,25,0,2
BRDA:136,25,1,0
BRDA:136,26,0,2
BRDA:136,26,1,0
BRDA:136,26,2,0
BRDA:147,27,0,2
BRDA:147,27,1,0
BRDA:148,28,0,2
BRDA:148,28,1,0
BRDA:161,29,0,0
BRDA:161,29,1,2
BRDA:187,30,0,0
BRDA:187,30,1,1
BRDA:197,31,0,0
BRDA:197,31,1,5
BRDA:204,32,0,1
BRDA:204,32,1,0
BRDA:206,33,0,0
BRDA:206,33,1,0
BRDA:216,34,0,0
BRDA:216,34,1,1
BRDA:219,35,0,0
BRDA:219,35,1,1
BRDA:223,36,0,0
BRDA:223,36,1,1
BRDA:223,37,0,1
BRDA:223,37,1,0
BRDA:231,38,0,1
BRDA:231,38,1,0
BRDA:250,39,0,1
BRDA:250,39,1,0
BRDA:252,40,0,1
BRDA:252,40,1,0
BRDA:256,41,0,1
BRDA:256,41,1,0
BRDA:269,42,0,0
BRDA:269,42,1,1
BRDA:269,43,0,1
BRDA:269,43,1,1
BRDA:269,43,2,1
BRDA:271,44,0,0
BRDA:271,44,1,1
BRDA:271,45,0,1
BRDA:271,45,1,1
BRDA:271,45,2,1
BRDA:272,46,0,0
BRDA:272,46,1,1
BRDA:272,47,0,1
BRDA:272,47,1,1
BRDA:280,48,0,1
BRDA:280,48,1,0
BRDA:309,49,0,1
BRDA:309,49,1,0
BRDA:309,50,0,1
BRDA:309,50,1,0
BRDA:318,51,0,0
BRDA:318,51,1,1
BRDA:318,52,0,1
BRDA:318,52,1,1
BRDA:321,53,0,0
BRDA:321,53,1,1
BRDA:324,54,0,0
BRDA:324,54,1,0
BRDA:324,55,0,0
BRDA:324,55,1,0
BRDA:324,56,0,0
BRDA:324,56,1,0
BRDA:330,57,0,0
BRDA:330,57,1,1
BRDA:331,58,0,1
BRDA:331,58,1,0
BRDA:341,59,0,0
BRDA:341,59,1,1
BRDA:341,60,0,1
BRDA:341,60,1,1
BRDA:348,61,0,0
BRDA:348,61,1,1
BRDA:358,62,0,1
BRDA:358,62,1,0
BRDA:361,63,0,0
BRDA:361,63,1,1
BRDA:364,64,0,0
BRDA:364,64,1,0
BRF:139
BRH:84
end_of_record
TN:
SF:src\audit\audit-types.ts
FNF:0
FNH:0
DA:37,3
DA:56,3
DA:63,3
DA:82,3
LF:4
LH:4
BRF:0
BRH:0
end_of_record
TN:
SF:src\audit\audit-ux.ts
FN:11,fid
FN:12,gradeFromScore
FN:21,auditDesignSystem
FN:35,(anonymous_3)
FN:42,(anonymous_4)
FN:65,(anonymous_5)
FN:108,(anonymous_6)
FN:124,(anonymous_7)
FN:148,auditAccessibility
FN:153,(anonymous_9)
FN:195,(anonymous_10)
FN:196,(anonymous_11)
FN:240,(anonymous_12)
FN:241,(anonymous_13)
FN:315,auditUXQuality
FN:320,(anonymous_15)
FN:384,(anonymous_16)
FN:406,auditI18n
FN:411,(anonymous_18)
FN:415,(anonymous_19)
FN:467,(anonymous_20)
FN:477,(anonymous_21)
FN:480,(anonymous_22)
FNF:23
FNH:0
FNDA:0,fid
FNDA:0,gradeFromScore
FNDA:0,auditDesignSystem
FNDA:0,(anonymous_3)
FNDA:0,(anonymous_4)
FNDA:0,(anonymous_5)
FNDA:0,(anonymous_6)
FNDA:0,(anonymous_7)
FNDA:0,auditAccessibility
FNDA:0,(anonymous_9)
FNDA:0,(anonymous_10)
FNDA:0,(anonymous_11)
FNDA:0,(anonymous_12)
FNDA:0,(anonymous_13)
FNDA:0,auditUXQuality
FNDA:0,(anonymous_15)
FNDA:0,(anonymous_16)
FNDA:0,auditI18n
FNDA:0,(anonymous_18)
FNDA:0,(anonymous_19)
FNDA:0,(anonymous_20)
FNDA:0,(anonymous_21)
FNDA:0,(anonymous_22)
DA:10,2
DA:11,0
DA:13,0
DA:14,0
DA:21,2
DA:22,0
DA:23,0
DA:24,0
DA:29,0
DA:30,0
DA:31,0
DA:32,0
DA:33,0
DA:34,0
DA:35,0
DA:36,0
DA:37,0
DA:42,0
DA:43,0
DA:45,0
DA:46,0
DA:47,0
DA:49,0
DA:57,0
DA:58,0
DA:59,0
DA:60,0
DA:61,0
DA:65,0
DA:66,0
DA:67,0
DA:68,0
DA:70,0
DA:78,0
DA:79,0
DA:81,0
DA:86,0
DA:87,0
DA:88,0
DA:90,0
DA:91,0
DA:92,0
DA:96,0
DA:97,0
DA:98,0
DA:100,0
DA:107,0
DA:108,0
DA:109,0
DA:110,0
DA:111,0
DA:113,0
DA:114,0
DA:116,0
DA:123,0
DA:124,0
DA:125,0
DA:126,0
DA:128,0
DA:134,0
DA:135,0
DA:148,2
DA:149,0
DA:150,0
DA:151,0
DA:153,0
DA:156,0
DA:157,0
DA:158,0
DA:159,0
DA:160,0
DA:161,0
DA:164,0
DA:165,0
DA:172,0
DA:173,0
DA:174,0
DA:175,0
DA:176,0
DA:177,0
DA:179,0
DA:180,0
DA:181,0
DA:186,0
DA:187,0
DA:194,0
DA:195,0
DA:196,0
DA:197,0
DA:198,0
DA:205,0
DA:206,0
DA:207,0
DA:209,0
DA:211,0
DA:217,0
DA:218,0
DA:219,0
DA:226,0
DA:227,0
DA:228,0
DA:229,0
DA:231,0
DA:232,0
DA:239,0
DA:240,0
DA:241,0
DA:242,0
DA:243,0
DA:250,0
DA:251,0
DA:252,0
DA:253,0
DA:254,0
DA:255,0
DA:256,0
DA:257,0
DA:261,0
DA:262,0
DA:263,0
DA:270,0
DA:271,0
DA:272,0
DA:273,0
DA:274,0
DA:275,0
DA:277,0
DA:278,0
DA:279,0
DA:286,0
DA:287,0
DA:288,0
DA:289,0
DA:290,0
DA:291,0
DA:293,0
DA:294,0
DA:295,0
DA:301,0
DA:302,0
DA:315,2
DA:316,0
DA:317,0
DA:318,0
DA:320,0
DA:323,0
DA:324,0
DA:325,0
DA:326,0
DA:328,0
DA:329,0
DA:336,0
DA:337,0
DA:338,0
DA:339,0
DA:341,0
DA:342,0
DA:349,0
DA:350,0
DA:351,0
DA:354,0
DA:355,0
DA:356,0
DA:357,0
DA:361,0
DA:362,0
DA:363,0
DA:370,0
DA:371,0
DA:372,0
DA:373,0
DA:375,0
DA:376,0
DA:383,0
DA:384,0
DA:385,0
DA:386,0
DA:392,0
DA:393,0
DA:406,2
DA:407,0
DA:408,0
DA:409,0
DA:411,0
DA:414,0
DA:415,0
DA:416,0
DA:417,0
DA:424,0
DA:425,0
DA:426,0
DA:427,0
DA:428,0
DA:429,0
DA:430,0
DA:431,0
DA:432,0
DA:433,0
DA:434,0
DA:441,0
DA:442,0
DA:443,0
DA:450,0
DA:451,0
DA:452,0
DA:453,0
DA:455,0
DA:456,0
DA:458,0
DA:459,0
DA:466,0
DA:467,0
DA:468,0
DA:469,0
DA:476,0
DA:477,0
DA:478,0
DA:479,0
DA:480,0
DA:481,0
DA:482,0
DA:488,0
DA:494,0
DA:495,0
LF:224
LH:5
BRDA:13,0,0,0
BRDA:13,0,1,0
BRDA:13,1,0,0
BRDA:13,1,1,0
BRDA:13,2,0,0
BRDA:13,2,1,0
BRDA:14,3,0,0
BRDA:14,3,1,0
BRDA:14,4,0,0
BRDA:14,4,1,0
BRDA:33,5,0,0
BRDA:33,5,1,0
BRDA:33,6,0,0
BRDA:33,6,1,0
BRDA:34,7,0,0
BRDA:34,7,1,0
BRDA:35,8,0,0
BRDA:35,8,1,0
BRDA:37,9,0,0
BRDA:37,9,1,0
BRDA:43,10,0,0
BRDA:43,10,1,0
BRDA:43,10,2,0
BRDA:46,11,0,0
BRDA:46,11,1,0
BRDA:50,12,0,0
BRDA:50,12,1,0
BRDA:60,13,0,0
BRDA:60,13,1,0
BRDA:61,14,0,0
BRDA:61,14,1,0
BRDA:67,15,0,0
BRDA:67,15,1,0
BRDA:92,16,0,0
BRDA:92,16,1,0
BRDA:97,17,0,0
BRDA:97,17,1,0
BRDA:111,18,0,0
BRDA:111,18,1,0
BRDA:113,19,0,0
BRDA:113,19,1,0
BRDA:125,20,0,0
BRDA:125,20,1,0
BRDA:159,21,0,0
BRDA:159,21,1,0
BRDA:161,22,0,0
BRDA:161,22,1,0
BRDA:164,23,0,0
BRDA:164,23,1,0
BRDA:177,24,0,0
BRDA:177,24,1,0
BRDA:177,25,0,0
BRDA:177,25,1,0
BRDA:180,26,0,0
BRDA:180,26,1,0
BRDA:180,27,0,0
BRDA:180,27,1,0
BRDA:186,28,0,0
BRDA:186,28,1,0
BRDA:197,29,0,0
BRDA:197,29,1,0
BRDA:209,30,0,0
BRDA:209,30,1,0
BRDA:209,31,0,0
BRDA:209,31,1,0
BRDA:218,32,0,0
BRDA:218,32,1,0
BRDA:229,33,0,0
BRDA:229,33,1,0
BRDA:231,34,0,0
BRDA:231,34,1,0
BRDA:240,35,0,0
BRDA:240,35,1,0
BRDA:242,36,0,0
BRDA:242,36,1,0
BRDA:253,37,0,0
BRDA:253,37,1,0
BRDA:255,38,0,0
BRDA:255,38,1,0
BRDA:256,39,0,0
BRDA:256,39,1,0
BRDA:256,40,0,0
BRDA:256,40,1,0
BRDA:262,41,0,0
BRDA:262,41,1,0
BRDA:275,42,0,0
BRDA:275,42,1,0
BRDA:275,43,0,0
BRDA:275,43,1,0
BRDA:278,44,0,0
BRDA:278,44,1,0
BRDA:289,45,0,0
BRDA:289,45,1,0
BRDA:291,46,0,0
BRDA:291,46,1,0
BRDA:291,47,0,0
BRDA:291,47,1,0
BRDA:294,48,0,0
BRDA:294,48,1,0
BRDA:326,49,0,0
BRDA:326,49,1,0
BRDA:328,50,0,0
BRDA:328,50,1,0
BRDA:339,51,0,0
BRDA:339,51,1,0
BRDA:341,52,0,0
BRDA:341,52,1,0
BRDA:355,53,0,0
BRDA:355,53,1,0
BRDA:356,54,0,0
BRDA:356,54,1,0
BRDA:362,55,0,0
BRDA:362,55,1,0
BRDA:373,56,0,0
BRDA:373,56,1,0
BRDA:375,57,0,0
BRDA:375,57,1,0
BRDA:384,58,0,0
BRDA:384,58,1,0
BRDA:385,59,0,0
BRDA:385,59,1,0
BRDA:416,60,0,0
BRDA:416,60,1,0
BRDA:428,61,0,0
BRDA:428,61,1,0
BRDA:428,62,0,0
BRDA:428,62,1,0
BRDA:431,63,0,0
BRDA:431,63,1,0
BRDA:431,64,0,0
BRDA:431,64,1,0
BRDA:432,65,0,0
BRDA:432,65,1,0
BRDA:432,66,0,0
BRDA:432,66,1,0
BRDA:442,67,0,0
BRDA:442,67,1,0
BRDA:444,68,0,0
BRDA:444,68,1,0
BRDA:453,69,0,0
BRDA:453,69,1,0
BRDA:453,70,0,0
BRDA:453,70,1,0
BRDA:456,71,0,0
BRDA:456,71,1,0
BRDA:456,72,0,0
BRDA:456,72,1,0
BRDA:458,73,0,0
BRDA:458,73,1,0
BRDA:467,74,0,0
BRDA:467,74,1,0
BRDA:468,75,0,0
BRDA:468,75,1,0
BRDA:477,76,0,0
BRDA:477,76,1,0
BRDA:478,77,0,0
BRDA:478,77,1,0
BRDA:479,78,0,0
BRDA:479,78,1,0
BRDA:481,79,0,0
BRDA:481,79,1,0
BRF:161
BRH:0
end_of_record
TN:
SF:src\pipeline\bugfinder.ts
FN:26,nextId
FN:49,buildUserPrompt
FN:60,parseAiResponse
FN:119,findBugs
FN:140,(anonymous_13)
FN:166,findBugsStatic
FN:191,detectUnusedVariables
FN:243,detectNullDereference
FN:283,detectUnreachableCode
FN:308,detectEmptyCatch
FN:354,detectMissingSwitchDefault
FN:395,detectDivisionByZero
FN:419,escapeRegex
FN:468,loadTs
FN:471,(anonymous_23)
FN:489,findBugsAst
FN:515,lineOf
FN:523,collectIdentifiers
FN:570,detectSwitchNoDefault
FN:575,(anonymous_28)
FN:595,detectAsyncWithoutTryCatch
FN:601,(anonymous_30)
FN:607,walkBody
FN:640,detectUnhandledPromise
FN:675,detectNullDerefAst
FN:732,validateAiResults
FN:733,(anonymous_35)
FN:741,deduplicateBugReports
FN:789,areSimilarMessages
FN:790,(anonymous_38)
FN:795,(anonymous_39)
FN:815,findBugsCombined
FN:826,(anonymous_41)
FN:827,(anonymous_42)
FNF:34
FNH:0
FNDA:0,nextId
FNDA:0,buildUserPrompt
FNDA:0,parseAiResponse
FNDA:0,findBugs
FNDA:0,(anonymous_13)
FNDA:0,findBugsStatic
FNDA:0,detectUnusedVariables
FNDA:0,detectNullDereference
FNDA:0,detectUnreachableCode
FNDA:0,detectEmptyCatch
FNDA:0,detectMissingSwitchDefault
FNDA:0,detectDivisionByZero
FNDA:0,escapeRegex
FNDA:0,loadTs
FNDA:0,(anonymous_23)
FNDA:0,findBugsAst
FNDA:0,lineOf
FNDA:0,collectIdentifiers
FNDA:0,detectSwitchNoDefault
FNDA:0,(anonymous_28)
FNDA:0,detectAsyncWithoutTryCatch
FNDA:0,(anonymous_30)
FNDA:0,walkBody
FNDA:0,detectUnhandledPromise
FNDA:0,detectNullDerefAst
FNDA:0,validateAiResults
FNDA:0,(anonymous_35)
FNDA:0,deduplicateBugReports
FNDA:0,areSimilarMessages
FNDA:0,(anonymous_38)
FNDA:0,(anonymous_39)
FNDA:0,findBugsCombined
FNDA:0,(anonymous_41)
FNDA:0,(anonymous_42)
DA:5,2
DA:6,2
DA:18,2
DA:21,2
DA:25,2
DA:27,0
DA:36,2
DA:38,2
DA:50,0
DA:62,0
DA:63,0
DA:64,0
DA:65,0
DA:69,0
DA:70,0
DA:71,0
DA:74,0
DA:75,0
DA:77,0
DA:80,0
DA:82,0
DA:83,0
DA:84,0
DA:85,0
DA:87,0
DA:88,0
DA:89,0
DA:90,0
DA:91,0
DA:93,0
DA:94,0
DA:96,0
DA:111,0
DA:119,2
DA:125,0
DA:127,0
DA:128,0
DA:129,0
DA:130,0
DA:132,0
DA:134,0
DA:135,0
DA:141,0
DA:146,0
DA:147,0
DA:150,0
DA:151,0
DA:152,0
DA:166,2
DA:167,0
DA:169,0
DA:170,0
DA:174,0
DA:175,0
DA:176,0
DA:177,0
DA:178,0
DA:179,0
DA:182,0
DA:183,0
DA:186,0
DA:196,0
DA:197,0
DA:200,0
DA:201,0
DA:202,0
DA:204,0
DA:205,0
DA:207,0
DA:209,0
DA:211,0
DA:212,0
DA:214,0
DA:216,0
DA:217,0
DA:218,0
DA:219,0
DA:224,0
DA:225,0
DA:227,0
DA:228,0
DA:230,0
DA:231,0
DA:247,0
DA:249,0
DA:250,0
DA:251,0
DA:253,0
DA:254,0
DA:256,0
DA:257,0
DA:259,0
DA:263,0
DA:267,0
DA:268,0
DA:269,0
DA:277,0
DA:286,0
DA:287,0
DA:288,0
DA:290,0
DA:291,0
DA:292,0
DA:293,0
DA:295,0
DA:303,0
DA:313,0
DA:314,0
DA:316,0
DA:317,0
DA:319,0
DA:321,0
DA:322,0
DA:323,0
DA:324,0
DA:335,0
DA:337,0
DA:338,0
DA:339,0
DA:340,0
DA:359,0
DA:360,0
DA:362,0
DA:364,0
DA:367,0
DA:368,0
DA:369,0
DA:370,0
DA:371,0
DA:373,0
DA:374,0
DA:375,0
DA:376,0
DA:377,0
DA:380,0
DA:382,0
DA:383,0
DA:397,0
DA:399,0
DA:400,0
DA:402,0
DA:404,0
DA:405,0
DA:420,0
DA:469,0
DA:471,0
DA:472,0
DA:474,0
DA:489,2
DA:490,0
DA:491,0
DA:493,0
DA:494,0
DA:496,0
DA:498,0
DA:500,0
DA:501,0
DA:508,0
DA:511,0
DA:512,0
DA:516,0
DA:517,0
DA:521,0
DA:525,0
DA:526,0
DA:527,0
DA:528,0
DA:533,0
DA:534,0
DA:535,0
DA:536,0
DA:537,0
DA:540,0
DA:545,0
DA:546,0
DA:551,0
DA:553,0
DA:555,0
DA:556,0
DA:557,0
DA:571,0
DA:572,0
DA:573,0
DA:574,0
DA:575,0
DA:577,0
DA:578,0
DA:590,0
DA:592,0
DA:597,0
DA:601,0
DA:603,0
DA:604,0
DA:605,0
DA:608,0
DA:609,0
DA:611,0
DA:617,0
DA:619,0
DA:621,0
DA:623,0
DA:624,0
DA:635,0
DA:637,0
DA:641,0
DA:642,0
DA:644,0
DA:645,0
DA:648,0
DA:649,0
DA:650,0
DA:651,0
DA:653,0
DA:655,0
DA:656,0
DA:657,0
DA:670,0
DA:672,0
DA:676,0
DA:677,0
DA:679,0
DA:682,0
DA:683,0
DA:684,0
DA:686,0
DA:688,0
DA:689,0
DA:691,0
DA:692,0
DA:693,0
DA:695,0
DA:698,0
DA:700,0
DA:701,0
DA:702,0
DA:711,0
DA:716,0
DA:718,0
DA:720,0
DA:733,0
DA:741,2
DA:742,0
DA:745,0
DA:746,0
DA:747,0
DA:748,0
DA:749,0
DA:752,0
DA:754,0
DA:755,0
DA:756,0
DA:757,0
DA:761,0
DA:762,0
DA:763,0
DA:765,0
DA:766,0
DA:767,0
DA:768,0
DA:769,0
DA:770,0
DA:771,0
DA:772,0
DA:773,0
DA:774,0
DA:778,0
DA:782,0
DA:790,0
DA:791,0
DA:795,0
DA:797,0
DA:798,0
DA:800,0
DA:802,0
DA:803,0
DA:804,0
DA:807,0
DA:808,0
DA:815,2
DA:821,0
DA:824,0
DA:826,0
DA:827,0
DA:830,0
DA:831,0
LF:285
LH:12
BRDA:64,0,0,0
BRDA:64,0,1,0
BRDA:71,1,0,0
BRDA:71,1,1,0
BRDA:71,2,0,0
BRDA:71,2,1,0
BRDA:71,2,2,0
BRDA:80,3,0,0
BRDA:80,3,1,0
BRDA:84,4,0,0
BRDA:84,4,1,0
BRDA:84,5,0,0
BRDA:84,5,1,0
BRDA:87,6,0,0
BRDA:87,6,1,0
BRDA:88,7,0,0
BRDA:88,7,1,0
BRDA:90,8,0,0
BRDA:90,8,1,0
BRDA:91,9,0,0
BRDA:91,9,1,0
BRDA:93,10,0,0
BRDA:93,10,1,0
BRDA:94,11,0,0
BRDA:94,11,1,0
BRDA:94,12,0,0
BRDA:94,12,1,0
BRDA:98,13,0,0
BRDA:98,13,1,0
BRDA:104,14,0,0
BRDA:104,14,1,0
BRDA:125,15,0,0
BRDA:125,15,1,0
BRDA:128,16,0,0
BRDA:128,16,1,0
BRDA:130,17,0,0
BRDA:130,17,1,0
BRDA:146,18,0,0
BRDA:146,18,1,0
BRDA:146,19,0,0
BRDA:146,19,1,0
BRDA:167,20,0,0
BRDA:167,20,1,0
BRDA:201,21,0,0
BRDA:201,21,1,0
BRDA:204,22,0,0
BRDA:204,22,1,0
BRDA:207,23,0,0
BRDA:207,23,1,0
BRDA:214,24,0,0
BRDA:214,24,1,0
BRDA:214,25,0,0
BRDA:214,25,1,0
BRDA:218,26,0,0
BRDA:218,26,1,0
BRDA:230,27,0,0
BRDA:230,27,1,0
BRDA:230,28,0,0
BRDA:230,28,1,0
BRDA:251,29,0,0
BRDA:251,29,1,0
BRDA:267,30,0,0
BRDA:267,30,1,0
BRDA:268,31,0,0
BRDA:268,31,1,0
BRDA:288,32,0,0
BRDA:288,32,1,0
BRDA:292,33,0,0
BRDA:292,33,1,0
BRDA:293,34,0,0
BRDA:293,34,1,0
BRDA:293,35,0,0
BRDA:293,35,1,0
BRDA:293,35,2,0
BRDA:293,35,3,0
BRDA:319,36,0,0
BRDA:319,36,1,0
BRDA:319,37,0,0
BRDA:319,37,1,0
BRDA:323,38,0,0
BRDA:323,38,1,0
BRDA:323,39,0,0
BRDA:323,39,1,0
BRDA:335,40,0,0
BRDA:335,40,1,0
BRDA:335,41,0,0
BRDA:335,41,1,0
BRDA:337,42,0,0
BRDA:337,42,1,0
BRDA:339,43,0,0
BRDA:339,43,1,0
BRDA:339,44,0,0
BRDA:339,44,1,0
BRDA:360,45,0,0
BRDA:360,45,1,0
BRDA:373,46,0,0
BRDA:373,46,1,0
BRDA:374,47,0,0
BRDA:374,47,1,0
BRDA:375,48,0,0
BRDA:375,48,1,0
BRDA:376,49,0,0
BRDA:376,49,1,0
BRDA:380,50,0,0
BRDA:380,50,1,0
BRDA:402,51,0,0
BRDA:402,51,1,0
BRDA:402,52,0,0
BRDA:402,52,1,0
BRDA:402,52,2,0
BRDA:404,53,0,0
BRDA:404,53,1,0
BRDA:472,54,0,0
BRDA:472,54,1,0
BRDA:491,55,0,0
BRDA:491,55,1,0
BRDA:491,56,0,0
BRDA:491,56,1,0
BRDA:494,57,0,0
BRDA:494,57,1,0
BRDA:498,58,0,0
BRDA:498,58,1,0
BRDA:504,59,0,0
BRDA:504,59,1,0
BRDA:516,60,0,0
BRDA:516,60,1,0
BRDA:525,61,0,0
BRDA:525,61,1,0
BRDA:525,62,0,0
BRDA:525,62,1,0
BRDA:526,63,0,0
BRDA:526,63,1,0
BRDA:526,64,0,0
BRDA:526,64,1,0
BRDA:527,65,0,0
BRDA:527,65,1,0
BRDA:527,66,0,0
BRDA:527,66,1,0
BRDA:533,67,0,0
BRDA:533,67,1,0
BRDA:534,68,0,0
BRDA:534,68,1,0
BRDA:534,69,0,0
BRDA:534,69,1,0
BRDA:536,70,0,0
BRDA:536,70,1,0
BRDA:540,71,0,0
BRDA:540,71,1,0
BRDA:540,71,2,0
BRDA:540,71,3,0
BRDA:540,71,4,0
BRDA:545,72,0,0
BRDA:545,72,1,0
BRDA:556,73,0,0
BRDA:556,73,1,0
BRDA:571,74,0,0
BRDA:571,74,1,0
BRDA:573,75,0,0
BRDA:573,75,1,0
BRDA:573,76,0,0
BRDA:573,76,1,0
BRDA:577,77,0,0
BRDA:577,77,1,0
BRDA:597,78,0,0
BRDA:597,78,1,0
BRDA:597,78,2,0
BRDA:597,78,3,0
BRDA:597,78,4,0
BRDA:603,79,0,0
BRDA:603,79,1,0
BRDA:603,80,0,0
BRDA:603,80,1,0
BRDA:608,81,0,0
BRDA:608,81,1,0
BRDA:609,82,0,0
BRDA:609,82,1,0
BRDA:611,83,0,0
BRDA:611,83,1,0
BRDA:612,84,0,0
BRDA:612,84,1,0
BRDA:612,84,2,0
BRDA:612,84,3,0
BRDA:623,85,0,0
BRDA:623,85,1,0
BRDA:623,86,0,0
BRDA:623,86,1,0
BRDA:641,87,0,0
BRDA:641,87,1,0
BRDA:641,88,0,0
BRDA:641,88,1,0
BRDA:644,89,0,0
BRDA:644,89,1,0
BRDA:645,90,0,0
BRDA:645,90,1,0
BRDA:649,91,0,0
BRDA:649,91,1,0
BRDA:653,92,0,0
BRDA:653,92,1,0
BRDA:653,93,0,0
BRDA:653,93,1,0
BRDA:653,93,2,0
BRDA:656,94,0,0
BRDA:656,94,1,0
BRDA:676,95,0,0
BRDA:676,95,1,0
BRDA:676,96,0,0
BRDA:676,96,1,0
BRDA:679,97,0,0
BRDA:679,97,1,0
BRDA:679,97,2,0
BRDA:682,98,0,0
BRDA:682,98,1,0
BRDA:682,99,0,0
BRDA:682,99,1,0
BRDA:683,100,0,0
BRDA:683,100,1,0
BRDA:684,101,0,0
BRDA:684,101,1,0
BRDA:693,102,0,0
BRDA:693,102,1,0
BRDA:698,103,0,0
BRDA:698,103,1,0
BRDA:701,104,0,0
BRDA:701,104,1,0
BRDA:733,105,0,0
BRDA:733,105,1,0
BRDA:747,106,0,0
BRDA:747,106,1,0
BRDA:755,107,0,0
BRDA:755,107,1,0
BRDA:763,108,0,0
BRDA:763,108,1,0
BRDA:767,109,0,0
BRDA:767,109,1,0
BRDA:768,110,0,0
BRDA:768,110,1,0
BRDA:770,111,0,0
BRDA:770,111,1,0
BRDA:770,112,0,0
BRDA:770,112,1,0
BRDA:771,113,0,0
BRDA:771,113,1,0
BRDA:771,114,0,0
BRDA:771,114,1,0
BRDA:772,115,0,0
BRDA:772,115,1,0
BRDA:800,116,0,0
BRDA:800,116,1,0
BRDA:800,117,0,0
BRDA:800,117,1,0
BRDA:804,118,0,0
BRDA:804,118,1,0
BRDA:808,119,0,0
BRDA:808,119,1,0
BRDA:821,120,0,0
BRDA:821,120,1,0
BRF:256
BRH:0
end_of_record
TN:
SF:src\pipeline\chaos-engineering.ts
FN:82,getScenarios
FN:103,computeResilienceMetrics
FN:120,buildResilienceBlock
FN:150,simulateFailure
FN:156,(anonymous_4)
FN:169,(anonymous_5)
FN:206,runChaosReport
FN:212,(anonymous_7)
FN:220,(anonymous_8)
FNF:9
FNH:0
FNDA:0,getScenarios
FNDA:0,computeResilienceMetrics
FNDA:0,buildResilienceBlock
FNDA:0,simulateFailure
FNDA:0,(anonymous_4)
FNDA:0,(anonymous_5)
FNDA:0,runChaosReport
FNDA:0,(anonymous_7)
FNDA:0,(anonymous_8)
DA:5,2
DA:67,2
DA:82,2
DA:83,0
DA:104,0
DA:105,0
DA:107,0
DA:108,0
DA:109,0
DA:111,0
DA:112,0
DA:113,0
DA:114,0
DA:115,0
DA:117,0
DA:121,0
DA:122,0
DA:123,0
DA:124,0
DA:125,0
DA:127,0
DA:144,2
DA:150,2
DA:156,0
DA:157,0
DA:158,0
DA:159,0
DA:161,0
DA:169,0
DA:173,0
DA:174,0
DA:175,0
DA:196,0
DA:206,2
DA:212,0
DA:213,0
DA:215,0
DA:216,0
DA:217,0
DA:220,0
DA:221,0
DA:223,0
DA:225,0
LF:43
LH:6
BRDA:104,0,0,0
BRDA:104,0,1,0
BRDA:105,1,0,0
BRDA:105,1,1,0
BRDA:107,2,0,0
BRDA:107,2,1,0
BRDA:108,3,0,0
BRDA:108,3,1,0
BRDA:111,4,0,0
BRDA:111,4,1,0
BRDA:112,5,0,0
BRDA:112,5,1,0
BRDA:113,6,0,0
BRDA:113,6,1,0
BRDA:114,7,0,0
BRDA:114,7,1,0
BRDA:115,8,0,0
BRDA:115,8,1,0
BRDA:122,9,0,0
BRDA:122,9,1,0
BRDA:123,10,0,0
BRDA:123,10,1,0
BRDA:124,11,0,0
BRDA:124,11,1,0
BRDA:124,12,0,0
BRDA:124,12,1,0
BRDA:125,13,0,0
BRDA:125,13,1,0
BRDA:133,14,0,0
BRDA:133,14,1,0
BRDA:156,15,0,0
BRDA:156,15,1,0
BRDA:179,16,0,0
BRDA:179,16,1,0
BRDA:180,17,0,0
BRDA:180,17,1,0
BRDA:181,18,0,0
BRDA:181,18,1,0
BRDA:182,19,0,0
BRDA:182,19,1,0
BRDA:183,20,0,0
BRDA:183,20,1,0
BRDA:186,21,0,0
BRDA:186,21,1,0
BRDA:187,22,0,0
BRDA:187,22,1,0
BRDA:190,23,0,0
BRDA:190,23,1,0
BRDA:191,24,0,0
BRDA:191,24,1,0
BRDA:192,25,0,0
BRDA:192,25,1,0
BRDA:212,26,0,0
BRDA:212,26,1,0
BRDA:216,27,0,0
BRDA:216,27,1,0
BRDA:223,28,0,0
BRDA:223,28,1,0
BRDA:223,29,0,0
BRDA:223,29,1,0
BRDA:223,30,0,0
BRDA:223,30,1,0
BRDA:223,31,0,0
BRDA:223,31,1,0
BRF:64
BRH:0
end_of_record
TN:
SF:src\pipeline\dead-code.ts
FN:31,findUnreachableCode
FN:70,findUnusedVariables
FN:103,findUnusedImports
FN:150,findUnusedExports
FN:196,scanDeadCode
FN:202,flatten
FN:223,(anonymous_6)
FNF:7
FNH:7
FNDA:5,findUnreachableCode
FNDA:5,findUnusedVariables
FNDA:5,findUnusedImports
FNDA:5,findUnusedExports
FNDA:5,scanDeadCode
FNDA:5,flatten
FNDA:2,(anonymous_6)
DA:32,5
DA:33,5
DA:34,5
DA:35,5
DA:36,5
DA:38,5
DA:39,13
DA:42,13
DA:43,210
DA:44,210
DA:47,13
DA:48,1
DA:58,13
DA:59,2
DA:61,13
DA:62,2
DA:66,5
DA:71,5
DA:72,5
DA:73,5
DA:75,5
DA:76,13
DA:77,13
DA:79,5
DA:80,5
DA:83,4
DA:84,4
DA:85,4
DA:87,4
DA:88,3
DA:99,5
DA:104,5
DA:105,5
DA:106,5
DA:108,5
DA:109,13
DA:110,13
DA:112,1
DA:113,1
DA:114,1
DA:115,1
DA:116,1
DA:117,1
DA:120,1
DA:122,1
DA:124,1
DA:125,1
DA:126,1
DA:127,1
DA:128,1
DA:140,5
DA:153,5
DA:156,5
DA:157,5
DA:158,5
DA:160,5
DA:161,1
DA:162,1
DA:163,1
DA:164,1
DA:171,5
DA:172,5
DA:174,5
DA:175,5
DA:176,1
DA:177,1
DA:178,1
DA:179,1
DA:192,5
DA:196,3
DA:200,5
DA:203,5
DA:204,5
DA:205,5
DA:206,5
DA:208,5
DA:211,5
DA:213,5
DA:215,5
DA:216,5
DA:217,5
DA:218,5
DA:221,5
DA:223,5
LF:84
LH:84
BRDA:43,0,0,3
BRDA:43,0,1,207
BRDA:44,1,0,3
BRDA:44,1,1,207
BRDA:47,2,0,1
BRDA:47,2,1,12
BRDA:47,3,0,13
BRDA:47,3,1,1
BRDA:47,3,2,1
BRDA:47,3,3,1
BRDA:47,3,4,1
BRDA:47,3,5,1
BRDA:58,4,0,2
BRDA:58,4,1,11
BRDA:58,5,0,13
BRDA:58,5,1,2
BRDA:61,6,0,2
BRDA:61,6,1,11
BRDA:61,7,0,13
BRDA:61,7,1,11
BRDA:61,7,2,11
BRDA:77,8,0,8
BRDA:77,8,1,5
BRDA:80,9,0,1
BRDA:80,9,1,4
BRDA:85,10,0,4
BRDA:85,10,1,3
BRDA:87,11,0,3
BRDA:87,11,1,1
BRDA:110,12,0,12
BRDA:110,12,1,1
BRDA:113,13,0,1
BRDA:113,13,1,0
BRDA:114,14,0,1
BRDA:114,14,1,0
BRDA:117,15,0,1
BRDA:117,15,1,0
BRDA:120,16,0,0
BRDA:120,16,1,1
BRDA:126,17,0,1
BRDA:126,17,1,1
BRDA:127,18,0,1
BRDA:127,18,1,0
BRDA:161,19,0,1
BRDA:161,19,1,0
BRDA:164,20,0,1
BRDA:164,20,1,0
BRDA:177,21,0,1
BRDA:177,21,1,0
BRDA:177,22,0,1
BRDA:177,22,1,1
BRDA:198,23,0,5
BRDA:204,24,0,0
BRDA:204,24,1,5
BRDA:205,25,0,5
BRDA:205,25,1,0
BRDA:205,26,0,5
BRDA:205,26,1,5
BRDA:205,26,2,5
BRDA:208,27,0,0
BRDA:208,27,1,5
BRDA:223,28,0,2
BRDA:223,28,1,2
BRF:63
BRH:52
end_of_record
TN:
SF:src\pipeline\design-lint.ts
FN:69,lintRule1_ContrastTokens
FN:83,lintRule2_RawTailwindColors
FN:106,lintRule3_YellowWarning
FN:119,lintRule4_FocusVisible
FN:132,lintRule5_StatusCombination
FN:149,lintRule6_SpacingGrid
FN:168,lintRule7_HexHardcoding
FN:194,lintRule8_TouchTarget
FN:215,lintRule9_TransitionAll
FN:236,lintRule10_ZIndex
FN:250,lintBonusComponentReuse
FN:315,lintRule11_ColorBlindPairs
FN:338,lintRule12_PreciseTouchTarget
FN:389,calcCR
FN:395,lintRule13_DualThemeCR
FN:435,lintRule14_ResponsiveOverflow
FN:495,runDesignLint
FN:526,(anonymous_17)
FN:527,(anonymous_18)
FN:528,(anonymous_19)
FN:544,formatDesignLintReport
FN:569,checkTokenContrast
FN:590,getAvailableTokens
FNF:23
FNH:23
FNDA:46,lintRule1_ContrastTokens
FNDA:46,lintRule2_RawTailwindColors
FNDA:46,lintRule3_YellowWarning
FNDA:46,lintRule4_FocusVisible
FNDA:46,lintRule5_StatusCombination
FNDA:46,lintRule6_SpacingGrid
FNDA:46,lintRule7_HexHardcoding
FNDA:46,lintRule8_TouchTarget
FNDA:46,lintRule9_TransitionAll
FNDA:46,lintRule10_ZIndex
FNDA:46,lintBonusComponentReuse
FNDA:46,lintRule11_ColorBlindPairs
FNDA:46,lintRule12_PreciseTouchTarget
FNDA:20,calcCR
FNDA:46,lintRule13_DualThemeCR
FNDA:46,lintRule14_ResponsiveOverflow
FNDA:47,runDesignLint
FNDA:37,(anonymous_17)
FNDA:37,(anonymous_18)
FNDA:37,(anonymous_19)
FNDA:2,formatDesignLintReport
FNDA:3,checkTokenContrast
FNDA:1,getAvailableTokens
DA:7,2
DA:37,2
DA:38,2
DA:39,2
DA:42,2
DA:45,2
DA:46,2
DA:49,2
DA:52,2
DA:55,2
DA:58,2
DA:59,2
DA:62,2
DA:65,2
DA:66,2
DA:67,2
DA:70,46
DA:71,46
DA:72,46
DA:73,2
DA:80,46
DA:84,46
DA:85,46
DA:86,46
DA:87,83
DA:88,83
DA:90,3
DA:91,3
DA:92,3
DA:93,2
DA:103,46
DA:107,46
DA:108,46
DA:109,1
DA:116,46
DA:120,46
DA:121,46
DA:122,2
DA:129,46
DA:133,46
DA:134,46
DA:135,5
DA:136,5
DA:137,5
DA:138,2
DA:146,46
DA:150,46
DA:152,46
DA:153,46
DA:154,7
DA:155,7
DA:156,2
DA:157,2
DA:165,46
DA:169,46
DA:170,46
DA:171,4
DA:179,46
DA:180,46
DA:181,83
DA:182,4
DA:191,46
DA:195,46
DA:196,46
DA:197,46
DA:198,10
DA:200,10
DA:202,9
DA:203,6
DA:212,46
DA:216,46
DA:217,46
DA:218,1
DA:226,46
DA:227,0
DA:233,46
DA:237,46
DA:238,46
DA:239,3
DA:246,46
DA:251,46
DA:254,46
DA:255,46
DA:256,46
DA:257,1
DA:266,46
DA:267,46
DA:268,1
DA:277,46
DA:278,46
DA:279,46
DA:280,1
DA:289,46
DA:290,46
DA:291,0
DA:299,46
DA:309,2
DA:316,46
DA:317,46
DA:318,138
DA:320,2
DA:321,2
DA:322,1
DA:331,46
DA:339,46
DA:340,46
DA:342,46
DA:343,83
DA:345,83
DA:348,9
DA:349,9
DA:350,9
DA:352,9
DA:354,1
DA:355,1
DA:356,1
DA:367,46
DA:375,2
DA:390,20
DA:391,20
DA:392,20
DA:396,46
DA:399,46
DA:400,46
DA:402,46
DA:404,8
DA:405,8
DA:406,8
DA:408,8
DA:409,8
DA:410,8
DA:412,8
DA:413,8
DA:415,8
DA:416,8
DA:418,8
DA:419,1
DA:420,1
DA:428,8
DA:436,46
DA:439,46
DA:440,46
DA:441,1
DA:442,1
DA:443,1
DA:444,1
DA:455,46
DA:456,2
DA:457,2
DA:458,0
DA:468,46
DA:469,1
DA:477,46
DA:495,2
DA:496,47
DA:497,1
DA:500,46
DA:519,46
DA:520,46
DA:521,46
DA:522,37
DA:524,46
DA:526,46
DA:527,46
DA:528,46
DA:530,46
DA:532,46
DA:536,46
DA:538,46
DA:544,2
DA:545,2
DA:547,1
DA:548,1
DA:549,1
DA:550,1
DA:551,1
DA:552,1
DA:554,1
DA:569,2
DA:574,3
DA:575,3
DA:576,3
DA:578,2
DA:579,2
DA:581,2
DA:590,2
DA:591,1
LF:187
LH:184
BRDA:71,0,0,46
BRDA:71,0,1,28
BRDA:71,0,2,26
BRDA:72,1,0,2
BRDA:72,1,1,44
BRDA:72,2,0,46
BRDA:72,2,1,21
BRDA:88,3,0,3
BRDA:88,3,1,80
BRDA:92,4,0,2
BRDA:92,4,1,1
BRDA:108,5,0,1
BRDA:108,5,1,45
BRDA:108,6,0,46
BRDA:108,6,1,2
BRDA:121,7,0,2
BRDA:121,7,1,44
BRDA:134,8,0,5
BRDA:134,8,1,41
BRDA:137,9,0,2
BRDA:137,9,1,3
BRDA:137,10,0,5
BRDA:137,10,1,3
BRDA:155,11,0,2
BRDA:155,11,1,5
BRDA:155,12,0,7
BRDA:155,12,1,2
BRDA:170,13,0,4
BRDA:170,13,1,42
BRDA:181,14,0,4
BRDA:181,14,1,79
BRDA:197,15,0,10
BRDA:197,15,1,36
BRDA:197,16,0,46
BRDA:197,16,1,10
BRDA:200,17,0,9
BRDA:200,17,1,1
BRDA:200,18,0,10
BRDA:200,18,1,9
BRDA:202,19,0,6
BRDA:202,19,1,3
BRDA:217,20,0,1
BRDA:217,20,1,45
BRDA:226,21,0,0
BRDA:226,21,1,46
BRDA:226,22,0,46
BRDA:226,22,1,0
BRDA:238,23,0,3
BRDA:238,23,1,43
BRDA:238,24,0,46
BRDA:238,24,1,3
BRDA:255,25,0,46
BRDA:255,25,1,10
BRDA:256,26,0,1
BRDA:256,26,1,45
BRDA:256,27,0,46
BRDA:256,27,1,9
BRDA:256,27,2,1
BRDA:256,27,3,1
BRDA:266,28,0,46
BRDA:266,28,1,45
BRDA:267,29,0,1
BRDA:267,29,1,45
BRDA:267,30,0,46
BRDA:267,30,1,1
BRDA:279,31,0,1
BRDA:279,31,1,45
BRDA:279,32,0,46
BRDA:279,32,1,1
BRDA:279,32,2,1
BRDA:290,33,0,0
BRDA:290,33,1,46
BRDA:290,34,0,46
BRDA:290,34,1,0
BRDA:318,35,0,2
BRDA:318,35,1,136
BRDA:318,36,0,138
BRDA:318,36,1,5
BRDA:321,37,0,1
BRDA:321,37,1,1
BRDA:345,38,0,9
BRDA:345,38,1,74
BRDA:348,39,0,9
BRDA:348,39,1,2
BRDA:352,40,0,1
BRDA:352,40,1,8
BRDA:352,41,0,9
BRDA:352,41,1,7
BRDA:352,41,2,2
BRDA:355,42,0,1
BRDA:355,42,1,0
BRDA:402,43,0,38
BRDA:402,43,1,8
BRDA:402,44,0,46
BRDA:402,44,1,18
BRDA:406,45,0,0
BRDA:406,45,1,8
BRDA:410,46,0,0
BRDA:410,46,1,8
BRDA:418,47,0,1
BRDA:418,47,1,7
BRDA:418,48,0,8
BRDA:418,48,1,7
BRDA:419,49,0,0
BRDA:419,49,1,1
BRDA:419,50,0,1
BRDA:419,50,1,1
BRDA:419,51,0,1
BRDA:419,51,1,0
BRDA:440,52,0,1
BRDA:440,52,1,45
BRDA:442,53,0,1
BRDA:442,53,1,0
BRDA:443,54,0,1
BRDA:443,54,1,0
BRDA:455,55,0,2
BRDA:455,55,1,44
BRDA:455,56,0,46
BRDA:455,56,1,2
BRDA:456,57,0,2
BRDA:456,57,1,0
BRDA:457,58,0,0
BRDA:457,58,1,2
BRDA:457,59,0,2
BRDA:457,59,1,0
BRDA:468,60,0,1
BRDA:468,60,1,45
BRDA:468,61,0,46
BRDA:468,61,1,1
BRDA:468,61,2,1
BRDA:496,62,0,1
BRDA:496,62,1,46
BRDA:496,63,0,47
BRDA:496,63,1,47
BRDA:530,64,0,46
BRDA:530,64,1,34
BRDA:532,65,0,20
BRDA:532,65,1,26
BRDA:534,66,0,16
BRDA:534,66,1,10
BRDA:534,67,0,13
BRDA:534,67,1,13
BRDA:534,68,0,14
BRDA:534,68,1,12
BRDA:545,69,0,1
BRDA:545,69,1,1
BRDA:547,70,0,0
BRDA:547,70,1,1
BRDA:549,71,0,0
BRDA:549,71,1,1
BRDA:550,72,0,1
BRDA:550,72,1,0
BRDA:550,73,0,0
BRDA:550,73,1,0
BRDA:552,74,0,1
BRDA:552,74,1,0
BRDA:572,75,0,3
BRDA:576,76,0,1
BRDA:576,76,1,2
BRDA:576,77,0,3
BRDA:576,77,1,2
BRF:161
BRH:141
end_of_record
TN:
SF:src\pipeline\diff-guard.ts
FN:55,splitLines
FN:60,joinLines
FN:67,parseScopeBlocks
FN:117,sameOutsideScope
FN:148,(anonymous_4)
FN:163,(anonymous_5)
FN:173,(anonymous_6)
FN:174,(anonymous_7)
FN:253,findLineIndex
FN:260,extractBlockMetaLines
FN:262,(anonymous_10)
FN:265,checkBlockMetaPreserved
FN:305,hasContractMarker
FN:309,extractContractBlocks
FN:331,(anonymous_14)
FN:337,isTsLike
FN:343,normalizeSig
FN:347,extractTsExportSurface
FN:377,checkContractSurfaceUnchanged
FN:428,setEquals
FN:434,runDiffGuard
FN:447,(anonymous_21)
FNF:22
FNH:22
FNDA:24,splitLines
FNDA:12,joinLines
FNDA:11,parseScopeBlocks
FNDA:6,sameOutsideScope
FNDA:10,(anonymous_4)
FNDA:1,(anonymous_5)
FNDA:7,(anonymous_6)
FNDA:9,(anonymous_7)
FNDA:8,findLineIndex
FNDA:7,extractBlockMetaLines
FNDA:30,(anonymous_10)
FNDA:6,checkBlockMetaPreserved
FNDA:11,hasContractMarker
FNDA:2,extractContractBlocks
FNDA:2,(anonymous_14)
FNDA:1,isTsLike
FNDA:4,normalizeSig
FNDA:2,extractTsExportSurface
FNDA:6,checkContractSurfaceUnchanged
FNDA:1,setEquals
FNDA:6,runDiffGuard
FNDA:5,(anonymous_21)
DA:52,1
DA:53,1
DA:57,24
DA:62,12
DA:63,12
DA:64,12
DA:68,11
DA:69,11
DA:70,11
DA:72,11
DA:73,53
DA:74,53
DA:75,53
DA:76,11
DA:77,11
DA:78,0
DA:85,11
DA:87,11
DA:90,42
DA:91,11
DA:92,0
DA:99,11
DA:100,11
DA:105,11
DA:106,0
DA:114,11
DA:118,6
DA:119,6
DA:121,6
DA:122,6
DA:123,0
DA:127,6
DA:128,1
DA:129,1
DA:142,5
DA:143,5
DA:144,0
DA:148,5
DA:149,10
DA:150,11
DA:151,10
DA:153,5
DA:154,5
DA:155,5
DA:156,5
DA:157,1
DA:163,1
DA:169,4
DA:170,4
DA:172,4
DA:173,7
DA:174,9
DA:175,4
DA:176,0
DA:188,4
DA:189,4
DA:190,4
DA:191,2
DA:203,2
DA:204,2
DA:205,2
DA:206,0
DA:216,2
DA:217,2
DA:218,2
DA:219,0
DA:231,2
DA:232,2
DA:236,2
DA:237,2
DA:238,2
DA:239,1
DA:250,1
DA:254,8
DA:255,16
DA:257,0
DA:261,7
DA:262,30
DA:266,6
DA:267,6
DA:268,6
DA:270,1
DA:271,1
DA:272,1
DA:273,1
DA:278,1
DA:283,1
DA:284,1
DA:285,1
DA:286,4
DA:287,4
DA:288,1
DA:289,1
DA:290,1
DA:291,0
DA:297,0
DA:299,1
DA:302,1
DA:306,11
DA:313,2
DA:314,2
DA:315,2
DA:317,2
DA:318,10
DA:319,10
DA:320,2
DA:321,2
DA:322,0
DA:324,2
DA:327,2
DA:328,2
DA:331,2
DA:338,1
DA:339,0
DA:340,0
DA:344,4
DA:348,2
DA:349,2
DA:351,2
DA:352,8
DA:353,8
DA:356,4
DA:357,4
DA:358,4
DA:362,0
DA:363,0
DA:364,0
DA:368,0
DA:369,0
DA:370,0
DA:374,2
DA:378,6
DA:379,6
DA:381,6
DA:382,6
DA:384,1
DA:385,0
DA:390,0
DA:395,1
DA:396,1
DA:398,1
DA:399,0
DA:404,0
DA:407,1
DA:408,1
DA:409,2
DA:411,1
DA:412,1
DA:413,2
DA:416,1
DA:417,1
DA:418,1
DA:425,1
DA:429,1
DA:430,1
DA:431,0
DA:434,1
DA:435,6
DA:438,6
DA:439,6
DA:442,6
DA:445,6
DA:447,6
DA:448,6
LF:164
LH:139
BRDA:75,0,0,11
BRDA:75,0,1,42
BRDA:76,1,0,11
BRDA:76,1,1,0
BRDA:77,2,0,0
BRDA:77,2,1,11
BRDA:90,3,0,11
BRDA:90,3,1,31
BRDA:90,4,0,42
BRDA:90,4,1,0
BRDA:91,5,0,0
BRDA:91,5,1,11
BRDA:105,6,0,0
BRDA:105,6,1,11
BRDA:122,7,0,0
BRDA:122,7,1,6
BRDA:127,8,0,1
BRDA:127,8,1,5
BRDA:128,9,0,0
BRDA:128,9,1,1
BRDA:143,10,0,0
BRDA:143,10,1,5
BRDA:150,11,0,11
BRDA:150,11,1,10
BRDA:156,12,0,1
BRDA:156,12,1,4
BRDA:156,13,0,5
BRDA:156,13,1,0
BRDA:163,14,0,1
BRDA:163,14,1,0
BRDA:173,15,0,7
BRDA:173,15,1,4
BRDA:173,16,0,4
BRDA:173,16,1,0
BRDA:174,17,0,4
BRDA:174,17,1,0
BRDA:175,18,0,0
BRDA:175,18,1,4
BRDA:175,19,0,4
BRDA:175,19,1,4
BRDA:182,20,0,0
BRDA:182,20,1,0
BRDA:190,21,0,2
BRDA:190,21,1,2
BRDA:203,22,0,2
BRDA:203,22,1,0
BRDA:204,23,0,2
BRDA:204,23,1,0
BRDA:205,24,0,0
BRDA:205,24,1,2
BRDA:216,25,0,2
BRDA:216,25,1,0
BRDA:217,26,0,2
BRDA:217,26,1,0
BRDA:218,27,0,0
BRDA:218,27,1,2
BRDA:238,28,0,1
BRDA:238,28,1,1
BRDA:255,29,0,8
BRDA:255,29,1,8
BRDA:255,30,0,16
BRDA:255,30,1,0
BRDA:268,31,0,5
BRDA:268,31,1,1
BRDA:272,32,0,1
BRDA:272,32,1,0
BRDA:287,33,0,3
BRDA:287,33,1,1
BRDA:288,34,0,1
BRDA:288,34,1,0
BRDA:289,35,0,0
BRDA:289,35,1,1
BRDA:290,36,0,0
BRDA:290,36,1,1
BRDA:319,37,0,8
BRDA:319,37,1,2
BRDA:320,38,0,2
BRDA:320,38,1,0
BRDA:321,39,0,0
BRDA:321,39,1,2
BRDA:327,40,0,2
BRDA:327,40,1,0
BRDA:338,41,0,1
BRDA:338,41,1,0
BRDA:339,42,0,0
BRDA:339,42,1,0
BRDA:339,43,0,0
BRDA:339,43,1,0
BRDA:353,44,0,4
BRDA:353,44,1,4
BRDA:356,45,0,4
BRDA:356,45,1,0
BRDA:362,46,0,0
BRDA:362,46,1,0
BRDA:368,47,0,0
BRDA:368,47,1,0
BRDA:381,48,0,6
BRDA:381,48,1,5
BRDA:382,49,0,5
BRDA:382,49,1,1
BRDA:384,50,0,0
BRDA:384,50,1,1
BRDA:398,51,0,0
BRDA:398,51,1,1
BRDA:398,52,0,1
BRDA:398,52,1,0
BRDA:416,53,0,0
BRDA:416,53,1,1
BRDA:416,54,0,1
BRDA:416,54,1,0
BRDA:417,55,0,1
BRDA:417,55,1,0
BRDA:429,56,0,0
BRDA:429,56,1,1
BRDA:430,57,0,1
BRDA:430,57,1,0
BRDA:439,58,0,5
BRDA:439,58,1,1
BRDA:439,59,0,6
BRDA:439,59,1,5
BRDA:447,60,0,5
BRDA:447,60,1,1
BRDA:447,61,0,5
BRDA:447,61,1,5
BRF:124
BRH:77
end_of_record
TN:
SF:src\pipeline\error-parser.ts
FN:27,parseTypeScriptErrors
FN:71,parseESLintErrors
FN:104,parseRuntimeErrors
FN:149,parseErrors
FN:159,(anonymous_4)
FN:168,parseErrorsWithSource
FN:178,groupErrorsByFile
FN:189,errorSummary
FNF:8
FNH:8
FNDA:6,parseTypeScriptErrors
FNDA:5,parseESLintErrors
FNDA:5,parseRuntimeErrors
FNDA:5,parseErrors
FNDA:4,(anonymous_4)
FNDA:1,parseErrorsWithSource
FNDA:1,groupErrorsByFile
FNDA:1,errorSummary
DA:24,1
DA:25,1
DA:28,6
DA:29,6
DA:30,8
DA:31,8
DA:32,8
DA:33,2
DA:43,2
DA:45,6
DA:46,6
DA:47,1
DA:59,6
DA:68,1
DA:69,1
DA:72,5
DA:73,5
DA:75,5
DA:76,7
DA:78,7
DA:79,1
DA:80,1
DA:83,6
DA:84,6
DA:85,1
DA:98,5
DA:101,1
DA:102,1
DA:105,5
DA:106,5
DA:108,5
DA:109,7
DA:110,7
DA:112,1
DA:113,1
DA:114,1
DA:116,1
DA:117,1
DA:118,1
DA:119,1
DA:120,1
DA:121,1
DA:122,1
DA:126,1
DA:139,5
DA:149,1
DA:150,5
DA:153,5
DA:154,5
DA:155,5
DA:158,5
DA:159,5
DA:160,4
DA:161,4
DA:162,4
DA:163,4
DA:168,1
DA:169,1
DA:170,1
DA:171,0
DA:172,0
DA:173,0
DA:178,1
DA:179,1
DA:180,1
DA:181,3
DA:182,3
DA:183,3
DA:185,1
DA:189,1
DA:190,1
DA:191,1
DA:192,3
DA:193,2
DA:194,1
DA:196,1
LF:76
LH:73
BRDA:32,0,0,2
BRDA:32,0,1,6
BRDA:46,1,0,1
BRDA:46,1,1,5
BRDA:78,2,0,1
BRDA:78,2,1,6
BRDA:84,3,0,1
BRDA:84,3,1,5
BRDA:84,4,0,6
BRDA:84,4,1,1
BRDA:87,5,0,1
BRDA:87,5,1,0
BRDA:110,6,0,1
BRDA:110,6,1,6
BRDA:118,7,0,1
BRDA:118,7,1,0
BRDA:161,8,0,0
BRDA:161,8,1,4
BRDA:169,9,0,1
BRDA:169,9,1,0
BRDA:169,9,2,0
BRDA:169,9,3,0
BRDA:181,10,0,3
BRDA:181,10,1,2
BRDA:192,11,0,1
BRDA:192,11,1,2
BRDA:193,12,0,1
BRDA:193,12,1,1
BRF:28
BRH:22
end_of_record
TN:
SF:src\pipeline\good-pattern-detector.ts
FN:49,(anonymous_0)
FN:56,(anonymous_1)
FN:60,(anonymous_2)
FN:69,(anonymous_3)
FN:73,(anonymous_4)
FN:77,(anonymous_5)
FN:84,(anonymous_6)
FN:90,(anonymous_7)
FN:97,(anonymous_8)
FN:106,(anonymous_9)
FN:110,(anonymous_10)
FN:117,(anonymous_11)
FN:122,(anonymous_12)
FN:126,(anonymous_13)
FN:130,(anonymous_14)
FN:134,(anonymous_15)
FN:146,(anonymous_16)
FN:150,(anonymous_17)
FN:154,(anonymous_18)
FN:164,(anonymous_19)
FN:170,(anonymous_20)
FN:174,(anonymous_21)
FN:178,(anonymous_22)
FN:182,(anonymous_23)
FN:186,(anonymous_24)
FN:197,(anonymous_25)
FN:201,(anonymous_26)
FN:207,(anonymous_27)
FN:211,(anonymous_28)
FN:215,(anonymous_29)
FN:221,(anonymous_30)
FN:226,(anonymous_31)
FN:233,(anonymous_32)
FN:237,(anonymous_33)
FN:241,(anonymous_34)
FN:247,(anonymous_35)
FN:251,(anonymous_36)
FN:257,(anonymous_37)
FN:261,(anonymous_38)
FN:273,(anonymous_39)
FN:279,detectGoodPatterns
FN:339,suppressFindings
FN:347,(anonymous_42)
FN:357,downgradeFindings
FN:374,(anonymous_44)
FNF:45
FNH:45
FNDA:21,(anonymous_0)
FNDA:21,(anonymous_1)
FNDA:21,(anonymous_2)
FNDA:21,(anonymous_3)
FNDA:21,(anonymous_4)
FNDA:21,(anonymous_5)
FNDA:21,(anonymous_6)
FNDA:21,(anonymous_7)
FNDA:21,(anonymous_8)
FNDA:21,(anonymous_9)
FNDA:21,(anonymous_10)
FNDA:21,(anonymous_11)
FNDA:21,(anonymous_12)
FNDA:21,(anonymous_13)
FNDA:21,(anonymous_14)
FNDA:21,(anonymous_15)
FNDA:21,(anonymous_16)
FNDA:21,(anonymous_17)
FNDA:21,(anonymous_18)
FNDA:21,(anonymous_19)
FNDA:21,(anonymous_20)
FNDA:21,(anonymous_21)
FNDA:21,(anonymous_22)
FNDA:21,(anonymous_23)
FNDA:21,(anonymous_24)
FNDA:21,(anonymous_25)
FNDA:21,(anonymous_26)
FNDA:21,(anonymous_27)
FNDA:21,(anonymous_28)
FNDA:21,(anonymous_29)
FNDA:21,(anonymous_30)
FNDA:21,(anonymous_31)
FNDA:21,(anonymous_32)
FNDA:21,(anonymous_33)
FNDA:21,(anonymous_34)
FNDA:21,(anonymous_35)
FNDA:21,(anonymous_36)
FNDA:21,(anonymous_37)
FNDA:21,(anonymous_38)
FNDA:848,(anonymous_39)
FNDA:21,detectGoodPatterns
FNDA:1,suppressFindings
FNDA:3,(anonymous_42)
FNDA:4,downgradeFindings
FNDA:6,(anonymous_44)
DA:11,4
DA:47,4
DA:50,21
DA:51,21
DA:52,154
DA:54,21
DA:57,21
DA:58,21
DA:61,21
DA:62,21
DA:63,154
DA:65,21
DA:70,21
DA:71,21
DA:74,21
DA:75,21
DA:78,21
DA:79,21
DA:80,154
DA:82,21
DA:85,21
DA:86,21
DA:91,21
DA:92,21
DA:93,154
DA:95,21
DA:98,21
DA:99,21
DA:100,21
DA:101,21
DA:102,21
DA:103,10
DA:104,10
DA:107,21
DA:108,21
DA:111,21
DA:112,21
DA:113,21
DA:118,21
DA:119,21
DA:120,21
DA:123,21
DA:124,21
DA:127,21
DA:128,21
DA:131,21
DA:132,21
DA:135,21
DA:136,21
DA:137,154
DA:138,3
DA:139,3
DA:142,21
DA:147,21
DA:148,21
DA:151,21
DA:152,21
DA:155,21
DA:156,21
DA:157,154
DA:158,3
DA:159,3
DA:162,21
DA:165,21
DA:166,21
DA:171,21
DA:172,21
DA:175,21
DA:176,21
DA:179,21
DA:180,21
DA:183,21
DA:184,21
DA:187,21
DA:188,21
DA:189,154
DA:190,154
DA:191,154
DA:193,21
DA:198,21
DA:199,21
DA:202,21
DA:203,21
DA:208,21
DA:209,21
DA:212,21
DA:213,21
DA:216,21
DA:217,21
DA:222,21
DA:223,21
DA:224,21
DA:227,21
DA:228,21
DA:229,21
DA:234,21
DA:235,21
DA:238,21
DA:239,21
DA:242,21
DA:243,21
DA:248,21
DA:249,21
DA:252,21
DA:253,21
DA:258,21
DA:259,21
DA:262,21
DA:263,21
DA:273,848
DA:279,4
DA:280,21
DA:281,21
DA:282,21
DA:283,21
DA:284,21
DA:286,21
DA:287,819
DA:288,819
DA:290,819
DA:291,819
DA:293,31
DA:303,31
DA:304,31
DA:306,31
DA:307,27
DA:308,38
DA:314,21
DA:316,21
DA:339,4
DA:343,1
DA:345,1
DA:347,1
DA:348,3
DA:349,2
DA:357,4
DA:361,4
DA:363,4
DA:364,4
DA:374,4
DA:375,6
DA:376,2
DA:377,2
DA:379,4
LF:144
LH:144
BRDA:52,0,0,0
BRDA:52,0,1,154
BRDA:57,1,0,21
BRDA:57,1,1,19
BRDA:63,2,0,1
BRDA:63,2,1,153
BRDA:70,3,0,21
BRDA:70,3,1,21
BRDA:74,4,0,21
BRDA:74,4,1,21
BRDA:80,5,0,0
BRDA:80,5,1,154
BRDA:80,6,0,154
BRDA:80,6,1,0
BRDA:85,7,0,21
BRDA:85,7,1,21
BRDA:93,8,0,2
BRDA:93,8,1,152
BRDA:98,9,0,21
BRDA:98,9,1,13
BRDA:99,10,0,21
BRDA:99,10,1,19
BRDA:100,11,0,21
BRDA:100,11,1,20
BRDA:102,12,0,11
BRDA:102,12,1,10
BRDA:104,13,0,8
BRDA:104,13,1,2
BRDA:107,14,0,21
BRDA:107,14,1,21
BRDA:111,15,0,21
BRDA:111,15,1,21
BRDA:112,16,0,21
BRDA:112,16,1,21
BRDA:118,17,0,21
BRDA:118,17,1,18
BRDA:119,18,0,21
BRDA:119,18,1,18
BRDA:120,19,0,3
BRDA:120,19,1,18
BRDA:120,20,0,21
BRDA:120,20,1,3
BRDA:123,21,0,21
BRDA:123,21,1,21
BRDA:127,22,0,21
BRDA:127,22,1,21
BRDA:131,23,0,21
BRDA:131,23,1,20
BRDA:137,24,0,3
BRDA:137,24,1,151
BRDA:139,25,0,3
BRDA:139,25,1,0
BRDA:139,26,0,3
BRDA:139,26,1,3
BRDA:147,27,0,21
BRDA:147,27,1,21
BRDA:151,28,0,21
BRDA:151,28,1,21
BRDA:157,29,0,3
BRDA:157,29,1,151
BRDA:159,30,0,3
BRDA:159,30,1,0
BRDA:159,31,0,3
BRDA:159,31,1,1
BRDA:159,31,2,0
BRDA:165,32,0,21
BRDA:165,32,1,18
BRDA:171,33,0,21
BRDA:171,33,1,20
BRDA:175,34,0,21
BRDA:175,34,1,20
BRDA:179,35,0,21
BRDA:179,35,1,21
BRDA:183,36,0,21
BRDA:183,36,1,21
BRDA:189,37,0,1
BRDA:189,37,1,153
BRDA:190,38,0,0
BRDA:190,38,1,154
BRDA:191,39,0,0
BRDA:191,39,1,154
BRDA:191,40,0,154
BRDA:191,40,1,0
BRDA:198,41,0,21
BRDA:198,41,1,21
BRDA:202,42,0,21
BRDA:202,42,1,21
BRDA:208,43,0,21
BRDA:208,43,1,21
BRDA:212,44,0,21
BRDA:212,44,1,21
BRDA:216,45,0,21
BRDA:216,45,1,21
BRDA:222,46,0,21
BRDA:222,46,1,21
BRDA:223,47,0,21
BRDA:223,47,1,21
BRDA:224,48,0,0
BRDA:224,48,1,21
BRDA:224,49,0,21
BRDA:224,49,1,0
BRDA:227,50,0,21
BRDA:227,50,1,20
BRDA:228,51,0,21
BRDA:228,51,1,20
BRDA:229,52,0,1
BRDA:229,52,1,20
BRDA:229,53,0,21
BRDA:229,53,1,1
BRDA:234,54,0,21
BRDA:234,54,1,21
BRDA:238,55,0,21
BRDA:238,55,1,21
BRDA:242,56,0,21
BRDA:242,56,1,21
BRDA:248,57,0,21
BRDA:248,57,1,21
BRDA:252,58,0,21
BRDA:252,58,1,15
BRDA:253,59,0,2
BRDA:253,59,1,19
BRDA:258,60,0,21
BRDA:258,60,1,21
BRDA:262,61,0,21
BRDA:262,61,1,21
BRDA:288,62,0,0
BRDA:288,62,1,819
BRDA:291,63,0,788
BRDA:291,63,1,31
BRDA:303,64,0,30
BRDA:303,64,1,1
BRDA:304,65,0,1
BRDA:304,65,1,30
BRDA:306,66,0,27
BRDA:306,66,1,4
BRDA:343,67,0,0
BRDA:343,67,1,1
BRDA:348,68,0,1
BRDA:348,68,1,2
BRDA:348,69,0,3
BRDA:348,69,1,2
BRDA:361,70,0,0
BRDA:361,70,1,4
BRDA:375,71,0,2
BRDA:375,71,1,4
BRDA:375,72,0,6
BRDA:375,72,1,6
BRDA:377,73,0,2
BRDA:377,73,1,0
BRF:149
BRH:134
end_of_record
TN:
SF:src\pipeline\pipeline-teams.ts
FN:48,classifyIntent
FN:50,(anonymous_1)
FN:55,calculateCyclomaticComplexity
FN:84,calculateCognitiveComplexity
FN:115,runTeam1Simulation
FN:140,(anonymous_5)
FN:141,(anonymous_6)
FN:142,(anonymous_7)
FN:166,extractFunctions
FN:180,(anonymous_9)
FN:193,runTeam2Generation
FN:227,(anonymous_11)
FN:227,(anonymous_12)
FN:238,(anonymous_13)
FN:239,(anonymous_14)
FN:240,(anonymous_15)
FN:268,checkBrackets
FN:294,checkUnusedImports
FN:304,(anonymous_18)
FN:317,checkAsyncPatterns
FN:356,checkNullSafety
FN:389,checkRuntimeCompat
FN:433,runTeam3Validation
FN:458,(anonymous_23)
FN:459,(anonymous_24)
FN:460,(anonymous_25)
FN:480,runTeam4SizeDensity
FN:483,(anonymous_27)
FN:493,(anonymous_28)
FN:518,runTeam5AssetTrace
FN:523,(anonymous_30)
FN:524,(anonymous_31)
FN:525,(anonymous_32)
FN:543,(anonymous_33)
FN:544,(anonymous_34)
FN:590,(anonymous_35)
FN:590,(anonymous_36)
FN:596,(anonymous_37)
FN:620,runTeam6Stability
FN:698,(anonymous_39)
FN:737,(anonymous_40)
FN:780,runTeam7ReleaseIP
FN:817,(anonymous_42)
FN:841,runTeam8Governance
FN:990,filterTeamResultByScope
FNF:45
FNH:14
FNDA:0,classifyIntent
FNDA:0,(anonymous_1)
FNDA:4,calculateCyclomaticComplexity
FNDA:0,calculateCognitiveComplexity
FNDA:0,runTeam1Simulation
FNDA:0,(anonymous_5)
FNDA:0,(anonymous_6)
FNDA:0,(anonymous_7)
FNDA:4,extractFunctions
FNDA:3,(anonymous_9)
FNDA:0,runTeam2Generation
FNDA:0,(anonymous_11)
FNDA:0,(anonymous_12)
FNDA:0,(anonymous_13)
FNDA:0,(anonymous_14)
FNDA:0,(anonymous_15)
FNDA:3,checkBrackets
FNDA:3,checkUnusedImports
FNDA:2,(anonymous_18)
FNDA:3,checkAsyncPatterns
FNDA:3,checkNullSafety
FNDA:3,checkRuntimeCompat
FNDA:3,runTeam3Validation
FNDA:4,(anonymous_23)
FNDA:4,(anonymous_24)
FNDA:4,(anonymous_25)
FNDA:0,runTeam4SizeDensity
FNDA:0,(anonymous_27)
FNDA:0,(anonymous_28)
FNDA:0,runTeam5AssetTrace
FNDA:0,(anonymous_30)
FNDA:0,(anonymous_31)
FNDA:0,(anonymous_32)
FNDA:0,(anonymous_33)
FNDA:0,(anonymous_34)
FNDA:0,(anonymous_35)
FNDA:0,(anonymous_36)
FNDA:0,(anonymous_37)
FNDA:0,runTeam6Stability
FNDA:0,(anonymous_39)
FNDA:0,(anonymous_40)
FNDA:0,runTeam7ReleaseIP
FNDA:0,(anonymous_42)
FNDA:4,runTeam8Governance
FNDA:0,filterTeamResultByScope
DA:7,4
DA:8,4
DA:40,4
DA:49,0
DA:50,0
DA:52,0
DA:56,4
DA:57,4
DA:68,4
DA:69,4
DA:70,4
DA:71,4
DA:73,4
DA:74,32
DA:75,24
DA:78,4
DA:79,4
DA:81,4
DA:85,0
DA:86,0
DA:87,0
DA:88,0
DA:89,0
DA:91,0
DA:92,0
DA:93,0
DA:95,0
DA:96,0
DA:97,0
DA:98,0
DA:99,0
DA:103,0
DA:104,0
DA:106,0
DA:107,0
DA:108,0
DA:109,0
DA:112,0
DA:115,4
DA:116,0
DA:117,0
DA:118,0
DA:119,0
DA:120,0
DA:122,0
DA:123,0
DA:124,0
DA:125,0
DA:128,0
DA:129,0
DA:130,0
DA:131,0
DA:134,0
DA:135,0
DA:136,0
DA:139,0
DA:140,0
DA:141,0
DA:142,0
DA:144,0
DA:167,4
DA:168,4
DA:169,4
DA:170,4
DA:172,4
DA:173,27
DA:174,27
DA:177,27
DA:178,3
DA:179,3
DA:180,3
DA:181,3
DA:182,3
DA:184,27
DA:185,27
DA:186,27
DA:187,27
DA:188,27
DA:190,4
DA:193,4
DA:194,0
DA:195,0
DA:196,0
DA:199,0
DA:200,0
DA:201,0
DA:202,0
DA:203,0
DA:209,0
DA:210,0
DA:211,0
DA:212,0
DA:217,0
DA:218,0
DA:219,0
DA:220,0
DA:225,0
DA:226,0
DA:227,0
DA:228,0
DA:229,0
DA:230,0
DA:231,0
DA:233,0
DA:237,0
DA:238,0
DA:239,0
DA:240,0
DA:241,0
DA:243,0
DA:258,4
DA:269,3
DA:270,3
DA:271,3
DA:272,3
DA:274,3
DA:275,26
DA:276,26
DA:277,416
DA:278,400
DA:279,16
DA:280,16
DA:281,0
DA:287,3
DA:288,0
DA:289,0
DA:291,3
DA:295,3
DA:296,3
DA:298,3
DA:299,26
DA:300,26
DA:302,1
DA:304,2
DA:307,1
DA:308,1
DA:309,2
DA:310,1
DA:314,3
DA:318,3
DA:319,3
DA:322,3
DA:323,3
DA:324,3
DA:325,3
DA:326,3
DA:328,3
DA:329,26
DA:331,26
DA:332,1
DA:333,1
DA:334,1
DA:335,1
DA:338,26
DA:339,26
DA:340,26
DA:342,26
DA:343,11
DA:344,11
DA:345,1
DA:346,0
DA:348,1
DA:353,3
DA:357,3
DA:358,3
DA:360,3
DA:361,26
DA:362,26
DA:363,0
DA:364,0
DA:368,3
DA:373,4
DA:382,4
DA:390,3
DA:391,3
DA:392,3
DA:393,3
DA:396,3
DA:397,1
DA:398,6
DA:399,36
DA:400,0
DA:407,3
DA:408,0
DA:409,0
DA:410,0
DA:411,0
DA:418,3
DA:419,1
DA:420,6
DA:421,0
DA:422,0
DA:423,0
DA:424,0
DA:430,3
DA:433,4
DA:434,3
DA:435,3
DA:437,3
DA:438,26
DA:439,182
DA:440,3
DA:445,3
DA:446,3
DA:447,3
DA:448,3
DA:449,3
DA:450,3
DA:453,3
DA:454,3
DA:458,4
DA:459,4
DA:460,4
DA:461,3
DA:463,3
DA:465,3
DA:480,4
DA:481,0
DA:482,0
DA:483,0
DA:484,0
DA:486,0
DA:487,0
DA:488,0
DA:489,0
DA:490,0
DA:493,0
DA:494,0
DA:495,0
DA:498,0
DA:499,0
DA:500,0
DA:502,0
DA:503,0
DA:518,4
DA:519,0
DA:520,0
DA:523,0
DA:524,0
DA:525,0
DA:527,0
DA:528,0
DA:530,0
DA:531,0
DA:535,0
DA:536,0
DA:538,0
DA:539,0
DA:543,0
DA:544,0
DA:545,0
DA:546,0
DA:552,0
DA:557,0
DA:558,0
DA:559,0
DA:560,0
DA:561,0
DA:562,0
DA:568,0
DA:569,0
DA:570,0
DA:571,0
DA:577,0
DA:578,0
DA:579,0
DA:580,0
DA:581,0
DA:582,0
DA:583,0
DA:584,0
DA:585,0
DA:588,0
DA:589,0
DA:590,0
DA:591,0
DA:595,0
DA:597,0
DA:598,0
DA:599,0
DA:603,0
DA:605,0
DA:620,4
DA:621,0
DA:622,0
DA:625,0
DA:626,0
DA:627,0
DA:628,0
DA:629,0
DA:630,0
DA:631,0
DA:632,0
DA:635,0
DA:636,0
DA:637,0
DA:641,0
DA:642,0
DA:643,0
DA:644,0
DA:649,0
DA:650,0
DA:651,0
DA:656,0
DA:657,0
DA:658,0
DA:659,0
DA:661,0
DA:662,0
DA:663,0
DA:668,0
DA:669,0
DA:670,0
DA:671,0
DA:672,0
DA:680,0
DA:681,0
DA:682,0
DA:683,0
DA:685,0
DA:686,0
DA:691,0
DA:692,0
DA:693,0
DA:695,0
DA:696,0
DA:697,0
DA:698,0
DA:699,0
DA:700,0
DA:707,0
DA:708,0
DA:709,0
DA:711,0
DA:712,0
DA:714,0
DA:715,0
DA:716,0
DA:725,0
DA:726,0
DA:727,0
DA:728,0
DA:729,0
DA:730,0
DA:731,0
DA:736,0
DA:738,0
DA:739,0
DA:740,0
DA:741,0
DA:745,0
DA:747,0
DA:761,4
DA:769,4
DA:774,4
DA:780,4
DA:781,0
DA:782,0
DA:785,0
DA:786,0
DA:787,0
DA:791,0
DA:792,0
DA:793,0
DA:794,0
DA:800,0
DA:801,0
DA:802,0
DA:803,0
DA:809,0
DA:810,0
DA:811,0
DA:812,0
DA:817,0
DA:818,0
DA:820,0
DA:834,4
DA:841,4
DA:842,4
DA:843,4
DA:846,4
DA:847,4
DA:848,4
DA:849,27
DA:850,27
DA:851,27
DA:852,27
DA:854,4
DA:855,1
DA:859,4
DA:860,4
DA:861,4
DA:862,3
DA:863,3
DA:864,0
DA:866,3
DA:867,0
DA:872,4
DA:873,4
DA:874,0
DA:878,4
DA:879,27
DA:880,27
DA:881,0
DA:883,27
DA:884,27
DA:885,0
DA:890,4
DA:891,4
DA:892,1
DA:897,4
DA:898,4
DA:899,27
DA:901,27
DA:902,0
DA:903,0
DA:904,0
DA:908,27
DA:909,0
DA:910,0
DA:911,0
DA:915,4
DA:916,0
DA:922,4
DA:923,27
DA:924,27
DA:925,0
DA:926,0
DA:932,4
DA:933,4
DA:934,4
DA:935,0
DA:939,4
DA:940,27
DA:941,0
DA:942,0
DA:947,4
DA:950,4
DA:951,4
DA:955,4
DA:956,4
DA:958,4
DA:959,4
DA:960,4
DA:962,4
DA:963,0
DA:964,4
DA:965,0
DA:968,4
DA:970,4
DA:990,4
DA:994,0
DA:995,0
DA:998,0
DA:999,0
DA:1001,0
LF:456
LH:190
BRDA:50,0,0,0
BRDA:50,0,1,0
BRDA:52,1,0,0
BRDA:52,1,1,0
BRDA:68,2,0,4
BRDA:68,2,1,2
BRDA:69,3,0,4
BRDA:69,3,1,4
BRDA:74,4,0,8
BRDA:74,4,1,24
BRDA:74,5,0,32
BRDA:74,5,1,28
BRDA:75,6,0,24
BRDA:75,6,1,24
BRDA:78,7,0,4
BRDA:78,7,1,4
BRDA:93,8,0,0
BRDA:93,8,1,0
BRDA:93,9,0,0
BRDA:93,9,1,0
BRDA:93,9,2,0
BRDA:93,9,3,0
BRDA:96,10,0,0
BRDA:96,10,1,0
BRDA:98,11,0,0
BRDA:98,11,1,0
BRDA:104,12,0,0
BRDA:104,12,1,0
BRDA:106,13,0,0
BRDA:106,13,1,0
BRDA:107,14,0,0
BRDA:107,14,1,0
BRDA:109,15,0,0
BRDA:109,15,1,0
BRDA:122,16,0,0
BRDA:122,16,1,0
BRDA:124,17,0,0
BRDA:124,17,1,0
BRDA:128,18,0,0
BRDA:128,18,1,0
BRDA:130,19,0,0
BRDA:130,19,1,0
BRDA:134,20,0,0
BRDA:134,20,1,0
BRDA:135,21,0,0
BRDA:135,21,1,0
BRDA:146,22,0,0
BRDA:146,22,1,0
BRDA:146,23,0,0
BRDA:146,23,1,0
BRDA:177,24,0,3
BRDA:177,24,1,24
BRDA:178,25,0,3
BRDA:178,25,1,0
BRDA:180,26,0,3
BRDA:180,26,1,0
BRDA:184,27,0,27
BRDA:184,27,1,17
BRDA:185,28,0,27
BRDA:185,28,1,17
BRDA:186,29,0,19
BRDA:186,29,1,8
BRDA:188,30,0,3
BRDA:188,30,1,24
BRDA:188,31,0,27
BRDA:188,31,1,11
BRDA:200,32,0,0
BRDA:200,32,1,0
BRDA:201,33,0,0
BRDA:201,33,1,0
BRDA:202,34,0,0
BRDA:202,34,1,0
BRDA:211,35,0,0
BRDA:211,35,1,0
BRDA:211,36,0,0
BRDA:211,36,1,0
BRDA:219,37,0,0
BRDA:219,37,1,0
BRDA:219,38,0,0
BRDA:219,38,1,0
BRDA:227,39,0,0
BRDA:227,39,1,0
BRDA:228,40,0,0
BRDA:228,40,1,0
BRDA:230,41,0,0
BRDA:230,41,1,0
BRDA:230,42,0,0
BRDA:230,42,1,0
BRDA:238,43,0,0
BRDA:238,43,1,0
BRDA:245,44,0,0
BRDA:245,44,1,0
BRDA:277,45,0,16
BRDA:277,45,1,400
BRDA:278,46,0,16
BRDA:278,46,1,384
BRDA:280,47,0,0
BRDA:280,47,1,16
BRDA:280,48,0,16
BRDA:280,48,1,16
BRDA:287,49,0,0
BRDA:287,49,1,3
BRDA:300,50,0,25
BRDA:300,50,1,1
BRDA:302,51,0,1
BRDA:302,51,1,0
BRDA:302,51,2,0
BRDA:309,52,0,1
BRDA:309,52,1,1
BRDA:309,53,0,2
BRDA:309,53,1,2
BRDA:331,54,0,1
BRDA:331,54,1,25
BRDA:338,55,0,26
BRDA:338,55,1,19
BRDA:339,56,0,26
BRDA:339,56,1,19
BRDA:342,57,0,11
BRDA:342,57,1,15
BRDA:343,58,0,1
BRDA:343,58,1,10
BRDA:344,59,0,1
BRDA:344,59,1,10
BRDA:345,60,0,0
BRDA:345,60,1,1
BRDA:362,61,0,0
BRDA:362,61,1,26
BRDA:363,62,0,0
BRDA:363,62,1,0
BRDA:393,63,0,3
BRDA:393,63,1,2
BRDA:396,64,0,1
BRDA:396,64,1,2
BRDA:396,65,0,3
BRDA:396,65,1,3
BRDA:396,65,2,3
BRDA:399,66,0,0
BRDA:399,66,1,36
BRDA:399,67,0,36
BRDA:399,67,1,0
BRDA:407,68,0,0
BRDA:407,68,1,3
BRDA:410,69,0,0
BRDA:410,69,1,0
BRDA:418,70,0,1
BRDA:418,70,1,2
BRDA:418,71,0,3
BRDA:418,71,1,3
BRDA:420,72,0,0
BRDA:420,72,1,6
BRDA:420,73,0,6
BRDA:420,73,1,0
BRDA:422,74,0,0
BRDA:422,74,1,0
BRDA:439,75,0,3
BRDA:439,75,1,179
BRDA:446,76,0,0
BRDA:446,76,1,3
BRDA:454,77,0,2
BRDA:454,77,1,1
BRDA:467,78,0,1
BRDA:467,78,1,2
BRDA:467,79,0,0
BRDA:467,79,1,2
BRDA:487,80,0,0
BRDA:487,80,1,0
BRDA:489,81,0,0
BRDA:489,81,1,0
BRDA:489,82,0,0
BRDA:489,82,1,0
BRDA:494,83,0,0
BRDA:494,83,1,0
BRDA:498,84,0,0
BRDA:498,84,1,0
BRDA:500,85,0,0
BRDA:500,85,1,0
BRDA:505,86,0,0
BRDA:505,86,1,0
BRDA:505,87,0,0
BRDA:505,87,1,0
BRDA:527,88,0,0
BRDA:527,88,1,0
BRDA:530,89,0,0
BRDA:530,89,1,0
BRDA:535,90,0,0
BRDA:535,90,1,0
BRDA:536,91,0,0
BRDA:536,91,1,0
BRDA:538,92,0,0
BRDA:538,92,1,0
BRDA:543,93,0,0
BRDA:543,93,1,0
BRDA:545,94,0,0
BRDA:545,94,1,0
BRDA:545,95,0,0
BRDA:545,95,1,0
BRDA:545,95,2,0
BRDA:560,96,0,0
BRDA:560,96,1,0
BRDA:568,97,0,0
BRDA:568,97,1,0
BRDA:570,98,0,0
BRDA:570,98,1,0
BRDA:580,99,0,0
BRDA:580,99,1,0
BRDA:582,100,0,0
BRDA:582,100,1,0
BRDA:583,101,0,0
BRDA:583,101,1,0
BRDA:590,102,0,0
BRDA:590,102,1,0
BRDA:590,103,0,0
BRDA:590,103,1,0
BRDA:590,103,2,0
BRDA:597,104,0,0
BRDA:597,104,1,0
BRDA:598,105,0,0
BRDA:598,105,1,0
BRDA:607,106,0,0
BRDA:607,106,1,0
BRDA:607,107,0,0
BRDA:607,107,1,0
BRDA:629,108,0,0
BRDA:629,108,1,0
BRDA:631,109,0,0
BRDA:631,109,1,0
BRDA:635,110,0,0
BRDA:635,110,1,0
BRDA:636,111,0,0
BRDA:636,111,1,0
BRDA:637,112,0,0
BRDA:637,112,1,0
BRDA:643,113,0,0
BRDA:643,113,1,0
BRDA:643,114,0,0
BRDA:643,114,1,0
BRDA:650,115,0,0
BRDA:650,115,1,0
BRDA:657,116,0,0
BRDA:657,116,1,0
BRDA:657,117,0,0
BRDA:657,117,1,0
BRDA:661,118,0,0
BRDA:661,118,1,0
BRDA:661,119,0,0
BRDA:661,119,1,0
BRDA:669,120,0,0
BRDA:669,120,1,0
BRDA:671,121,0,0
BRDA:671,121,1,0
BRDA:682,122,0,0
BRDA:682,122,1,0
BRDA:682,123,0,0
BRDA:682,123,1,0
BRDA:682,124,0,0
BRDA:682,124,1,0
BRDA:685,125,0,0
BRDA:685,125,1,0
BRDA:685,126,0,0
BRDA:685,126,1,0
BRDA:693,127,0,0
BRDA:693,127,1,0
BRDA:697,128,0,0
BRDA:697,128,1,0
BRDA:699,129,0,0
BRDA:699,129,1,0
BRDA:709,130,0,0
BRDA:709,130,1,0
BRDA:712,131,0,0
BRDA:712,131,1,0
BRDA:712,132,0,0
BRDA:712,132,1,0
BRDA:715,133,0,0
BRDA:715,133,1,0
BRDA:727,134,0,0
BRDA:727,134,1,0
BRDA:729,135,0,0
BRDA:729,135,1,0
BRDA:730,136,0,0
BRDA:730,136,1,0
BRDA:738,137,0,0
BRDA:738,137,1,0
BRDA:739,138,0,0
BRDA:739,138,1,0
BRDA:740,139,0,0
BRDA:740,139,1,0
BRDA:749,140,0,0
BRDA:749,140,1,0
BRDA:749,141,0,0
BRDA:749,141,1,0
BRDA:786,142,0,0
BRDA:786,142,1,0
BRDA:786,143,0,0
BRDA:786,143,1,0
BRDA:793,144,0,0
BRDA:793,144,1,0
BRDA:802,145,0,0
BRDA:802,145,1,0
BRDA:811,146,0,0
BRDA:811,146,1,0
BRDA:822,147,0,0
BRDA:822,147,1,0
BRDA:822,148,0,0
BRDA:822,148,1,0
BRDA:849,149,0,27
BRDA:849,149,1,17
BRDA:850,150,0,27
BRDA:850,150,1,17
BRDA:854,151,0,1
BRDA:854,151,1,3
BRDA:863,152,0,0
BRDA:863,152,1,3
BRDA:866,153,0,0
BRDA:866,153,1,3
BRDA:873,154,0,0
BRDA:873,154,1,4
BRDA:880,155,0,0
BRDA:880,155,1,27
BRDA:880,156,0,27
BRDA:880,156,1,0
BRDA:884,157,0,0
BRDA:884,157,1,27
BRDA:884,158,0,27
BRDA:884,158,1,0
BRDA:891,159,0,1
BRDA:891,159,1,3
BRDA:901,160,0,0
BRDA:901,160,1,27
BRDA:901,161,0,27
BRDA:901,161,1,0
BRDA:903,162,0,0
BRDA:903,162,1,0
BRDA:908,163,0,0
BRDA:908,163,1,27
BRDA:910,164,0,0
BRDA:910,164,1,0
BRDA:915,165,0,0
BRDA:915,165,1,4
BRDA:924,166,0,0
BRDA:924,166,1,27
BRDA:925,167,0,0
BRDA:925,167,1,0
BRDA:932,168,0,4
BRDA:932,168,1,4
BRDA:933,169,0,4
BRDA:933,169,1,4
BRDA:934,170,0,0
BRDA:934,170,1,4
BRDA:934,171,0,4
BRDA:934,171,1,0
BRDA:940,172,0,0
BRDA:940,172,1,27
BRDA:940,173,0,27
BRDA:940,173,1,0
BRDA:947,174,0,4
BRDA:947,174,1,3
BRDA:951,175,0,1
BRDA:951,175,1,3
BRDA:955,176,0,0
BRDA:955,176,1,4
BRDA:960,177,0,0
BRDA:960,177,1,4
BRDA:960,178,0,0
BRDA:960,178,1,4
BRDA:962,179,0,0
BRDA:962,179,1,4
BRDA:964,180,0,0
BRDA:964,180,1,4
BRDA:972,181,0,0
BRDA:972,181,1,4
BRDA:972,182,0,0
BRDA:972,182,1,4
BRDA:995,183,0,0
BRDA:995,183,1,0
BRDA:1005,184,0,0
BRDA:1005,184,1,0
BRDA:1005,185,0,0
BRDA:1005,185,1,0
BRF:378
BRH:118
end_of_record
TN:
SF:src\pipeline\pipeline-utils.ts
FN:26,getDefaultPipelineConfig
FN:39,loadPipelineConfig
FN:56,savePipelineConfig
FN:61,calculateWeightedScore
FN:76,getStatusFromScore
FN:82,hasBlockingFailure
FN:86,(anonymous_6)
FN:109,generateFix
FN:150,generateFixes
FN:157,(anonymous_9)
FN:182,formatDate
FN:187,generateReport
FN:190,(anonymous_12)
FN:192,(anonymous_13)
FN:195,(anonymous_14)
FN:196,(anonymous_15)
FN:197,(anonymous_16)
FN:198,(anonymous_17)
FN:212,(anonymous_18)
FN:212,(anonymous_19)
FN:228,getReportHistory
FN:235,saveReport
FN:257,getCached
FN:270,setCached
FN:277,clearPipelineCache
FN:284,(anonymous_25)
FN:316,getReviewChecklist
FN:334,compareRuns
FN:338,(anonymous_28)
FN:339,(anonymous_29)
FN:378,recordBeacon
FN:387,getBeaconHistory
FN:394,computeEntropy
FNF:33
FNH:0
FNDA:0,getDefaultPipelineConfig
FNDA:0,loadPipelineConfig
FNDA:0,savePipelineConfig
FNDA:0,calculateWeightedScore
FNDA:0,getStatusFromScore
FNDA:0,hasBlockingFailure
FNDA:0,(anonymous_6)
FNDA:0,generateFix
FNDA:0,generateFixes
FNDA:0,(anonymous_9)
FNDA:0,formatDate
FNDA:0,generateReport
FNDA:0,(anonymous_12)
FNDA:0,(anonymous_13)
FNDA:0,(anonymous_14)
FNDA:0,(anonymous_15)
FNDA:0,(anonymous_16)
FNDA:0,(anonymous_17)
FNDA:0,(anonymous_18)
FNDA:0,(anonymous_19)
FNDA:0,getReportHistory
FNDA:0,saveReport
FNDA:0,getCached
FNDA:0,setCached
FNDA:0,clearPipelineCache
FNDA:0,(anonymous_25)
FNDA:0,getReviewChecklist
FNDA:0,compareRuns
FNDA:0,(anonymous_28)
FNDA:0,(anonymous_29)
FNDA:0,recordBeacon
FNDA:0,getBeaconHistory
FNDA:0,computeEntropy
DA:19,2
DA:21,2
DA:26,2
DA:27,0
DA:39,2
DA:40,0
DA:41,0
DA:42,0
DA:43,0
DA:44,0
DA:45,0
DA:53,0
DA:56,2
DA:57,0
DA:61,2
DA:65,0
DA:66,0
DA:67,0
DA:68,0
DA:69,0
DA:70,0
DA:71,0
DA:73,0
DA:76,2
DA:77,0
DA:78,0
DA:79,0
DA:82,2
DA:86,0
DA:107,2
DA:109,2
DA:110,0
DA:111,0
DA:112,0
DA:113,0
DA:115,0
DA:118,0
DA:120,0
DA:127,0
DA:128,0
DA:129,0
DA:137,0
DA:138,0
DA:139,0
DA:140,0
DA:147,0
DA:150,2
DA:151,0
DA:152,0
DA:153,0
DA:154,0
DA:155,0
DA:157,0
DA:176,2
DA:177,2
DA:179,2
DA:180,2
DA:183,0
DA:184,0
DA:187,2
DA:188,0
DA:189,0
DA:190,0
DA:192,0
DA:193,0
DA:195,0
DA:196,0
DA:197,0
DA:198,0
DA:199,0
DA:201,0
DA:202,0
DA:203,0
DA:204,0
DA:205,0
DA:206,0
DA:207,0
DA:208,0
DA:210,0
DA:212,0
DA:213,0
DA:214,0
DA:215,0
DA:216,0
DA:217,0
DA:221,0
DA:228,2
DA:229,0
DA:230,0
DA:231,0
DA:232,0
DA:235,2
DA:236,0
DA:237,0
DA:238,0
DA:239,0
DA:255,2
DA:257,2
DA:258,0
DA:259,0
DA:260,0
DA:261,0
DA:262,0
DA:263,0
DA:264,0
DA:266,0
DA:267,0
DA:270,2
DA:271,0
DA:272,0
DA:273,0
DA:277,2
DA:278,0
DA:279,0
DA:280,0
DA:281,0
DA:282,0
DA:284,0
DA:307,2
DA:316,2
DA:317,0
DA:334,2
DA:338,0
DA:339,0
DA:340,0
DA:342,0
DA:343,0
DA:344,0
DA:346,0
DA:347,0
DA:348,0
DA:349,0
DA:350,0
DA:351,0
DA:352,0
DA:353,0
DA:354,0
DA:355,0
DA:358,0
DA:359,0
DA:361,0
DA:376,2
DA:378,2
DA:379,0
DA:380,0
DA:381,0
DA:382,0
DA:383,0
DA:387,2
DA:388,0
DA:389,0
DA:390,0
DA:391,0
DA:394,2
DA:395,0
DA:396,0
DA:397,0
DA:398,0
DA:399,0
DA:400,0
DA:401,0
DA:402,0
DA:404,0
DA:405,0
DA:406,0
DA:407,0
DA:408,0
LF:167
LH:29
BRDA:42,0,0,0
BRDA:42,0,1,0
BRDA:46,1,0,0
BRDA:46,1,1,0
BRDA:47,2,0,0
BRDA:47,2,1,0
BRDA:47,3,0,0
BRDA:47,3,1,0
BRDA:49,4,0,0
BRDA:49,4,1,0
BRDA:50,5,0,0
BRDA:50,5,1,0
BRDA:51,6,0,0
BRDA:51,6,1,0
BRDA:68,7,0,0
BRDA:68,7,1,0
BRDA:69,8,0,0
BRDA:69,8,1,0
BRDA:73,9,0,0
BRDA:73,9,1,0
BRDA:77,10,0,0
BRDA:77,10,1,0
BRDA:78,11,0,0
BRDA:78,11,1,0
BRDA:86,12,0,0
BRDA:86,12,1,0
BRDA:110,13,0,0
BRDA:110,13,1,0
BRDA:111,14,0,0
BRDA:111,14,1,0
BRDA:112,15,0,0
BRDA:112,15,1,0
BRDA:113,16,0,0
BRDA:113,16,1,0
BRDA:118,17,0,0
BRDA:118,17,1,0
BRDA:118,18,0,0
BRDA:118,18,1,0
BRDA:118,18,2,0
BRDA:127,19,0,0
BRDA:127,19,1,0
BRDA:127,20,0,0
BRDA:127,20,1,0
BRDA:127,20,2,0
BRDA:128,21,0,0
BRDA:128,21,1,0
BRDA:137,22,0,0
BRDA:137,22,1,0
BRDA:139,23,0,0
BRDA:139,23,1,0
BRDA:139,24,0,0
BRDA:139,24,1,0
BRDA:153,25,0,0
BRDA:153,25,1,0
BRDA:155,26,0,0
BRDA:155,26,1,0
BRDA:157,27,0,0
BRDA:157,27,1,0
BRDA:193,28,0,0
BRDA:193,28,1,0
BRDA:208,29,0,0
BRDA:208,29,1,0
BRDA:213,30,0,0
BRDA:213,30,1,0
BRDA:216,31,0,0
BRDA:216,31,1,0
BRDA:217,32,0,0
BRDA:217,32,1,0
BRDA:231,33,0,0
BRDA:231,33,1,0
BRDA:260,34,0,0
BRDA:260,34,1,0
BRDA:262,35,0,0
BRDA:262,35,1,0
BRDA:270,36,0,0
BRDA:282,37,0,0
BRDA:282,37,1,0
BRDA:316,38,0,0
BRDA:349,39,0,0
[...]
BRDA:63,3,1,0
BRDA:64,4,0,0
BRDA:64,4,1,10
BRDA:64,5,0,10
BRDA:64,5,1,0
BRDA:64,5,2,0
BRDA:73,6,0,1
BRDA:73,6,1,78
BRDA:76,7,0,0
BRDA:76,7,1,1
BRDA:87,8,0,11
BRDA:87,8,1,0
BRDA:87,9,0,0
BRDA:87,9,1,0
BRDA:88,10,0,11
BRDA:88,10,1,11
BRDA:112,11,0,3
BRDA:112,11,1,76
BRDA:114,12,0,3
BRDA:114,12,1,0
BRDA:118,13,0,3
BRDA:118,13,1,8
BRDA:121,14,0,0
BRDA:121,14,1,3
BRDA:124,15,0,1
BRDA:124,15,1,2
BRDA:139,16,0,1
BRDA:139,16,1,78
BRDA:140,17,0,0
BRDA:140,17,1,79
BRDA:143,18,0,2
BRDA:143,18,1,77
BRDA:144,19,0,2
BRDA:144,19,1,0
BRDA:145,20,0,2
BRDA:145,20,1,0
BRDA:146,21,0,1
BRDA:146,21,1,1
BRDA:156,22,0,1
BRDA:156,22,1,10
BRDA:158,23,0,1
BRDA:158,23,1,0
BRDA:158,24,0,1
BRDA:158,24,1,1
BRDA:168,25,0,8
BRDA:168,25,1,71
BRDA:168,26,0,79
BRDA:168,26,1,10
BRDA:171,27,0,8
BRDA:171,27,1,0
BRDA:173,28,0,0
BRDA:173,28,1,79
BRDA:173,29,0,79
BRDA:173,29,1,52
BRDA:173,29,2,8
BRDA:174,30,0,0
BRDA:174,30,1,0
BRDA:182,31,0,0
BRDA:182,31,1,79
BRDA:190,32,0,1
BRDA:190,32,1,78
BRDA:190,33,0,79
BRDA:190,33,1,1
BRDA:200,34,0,5
BRDA:200,34,1,74
BRDA:204,35,0,1
BRDA:204,35,1,10
BRDA:205,36,0,0
BRDA:205,36,1,1
BRDA:212,37,0,11
BRDA:212,37,1,0
BRDA:212,38,0,0
BRDA:212,38,1,0
BRDA:213,39,0,11
BRDA:213,39,1,6
BRDA:230,40,0,9
BRDA:230,40,1,2
BRDA:232,41,0,0
BRDA:232,41,1,61
BRDA:241,42,0,0
BRDA:241,42,1,79
BRDA:249,43,0,0
BRDA:249,43,1,79
BRDA:264,44,0,0
BRDA:264,44,1,0
BRDA:266,45,0,0
BRDA:266,45,1,0
BRDA:277,46,0,11
BRDA:277,46,1,0
BRDA:277,47,0,0
BRDA:277,47,1,0
BRDA:278,48,0,11
BRDA:278,48,1,11
BRDA:298,49,0,1
BRDA:298,49,1,10
BRDA:301,50,0,0
BRDA:301,50,1,10
BRDA:301,51,0,10
BRDA:301,51,1,3
BRDA:308,52,0,0
BRDA:308,52,1,11
BRDA:314,53,0,11
BRDA:314,53,1,3
BRDA:316,54,0,8
BRDA:316,54,1,3
BRDA:318,55,0,0
BRDA:318,55,1,8
BRDA:327,56,0,0
BRDA:327,56,1,79
BRDA:329,57,0,0
BRDA:329,57,1,11
BRDA:337,58,0,11
BRDA:337,58,1,0
BRDA:337,59,0,0
BRDA:337,59,1,0
BRDA:338,60,0,11
BRDA:338,60,1,10
BRDA:353,61,0,11
BRDA:353,61,1,10
BRDA:355,62,0,0
BRDA:355,62,1,11
BRDA:362,63,0,0
BRDA:362,63,1,11
BRDA:367,64,0,11
BRDA:367,64,1,11
BRDA:368,65,0,0
BRDA:368,65,1,11
BRDA:373,66,0,11
BRDA:373,66,1,11
BRDA:374,67,0,0
BRDA:374,67,1,11
BRDA:379,68,0,11
BRDA:379,68,1,11
BRDA:380,69,0,0
BRDA:380,69,1,11
BRDA:384,70,0,11
BRDA:384,70,1,11
BRDA:385,71,0,0
BRDA:385,71,1,11
BRDA:385,72,0,11
BRDA:385,72,1,0
BRDA:390,73,0,11
BRDA:390,73,1,0
BRDA:397,74,0,11
BRDA:397,74,1,0
BRDA:397,75,0,0
BRDA:397,75,1,0
BRDA:398,76,0,11
BRDA:398,76,1,0
BRDA:419,77,0,2
BRDA:419,77,1,77
BRDA:421,78,0,1
BRDA:421,78,1,1
BRDA:421,79,0,2
BRDA:421,79,1,1
BRDA:423,80,0,2
BRDA:423,80,1,77
BRDA:423,81,0,79
BRDA:423,81,1,5
BRDA:426,82,0,1
BRDA:426,82,1,10
BRDA:433,83,0,0
BRDA:433,83,1,79
BRDA:441,84,0,0
BRDA:441,84,1,11
BRDA:441,85,0,11
BRDA:441,85,1,0
BRDA:443,86,0,0
BRDA:443,86,1,0
BRDA:453,87,0,0
BRDA:453,87,1,79
BRDA:463,88,0,11
BRDA:463,88,1,0
BRDA:463,89,0,0
BRDA:463,89,1,0
BRDA:464,90,0,11
BRDA:464,90,1,10
BRDA:482,91,0,0
BRDA:482,91,1,79
BRDA:490,92,0,0
BRDA:490,92,1,11
BRDA:490,93,0,11
BRDA:490,93,1,0
BRDA:490,93,2,0
BRDA:490,93,3,0
BRDA:498,94,0,11
BRDA:498,94,1,0
BRDA:498,95,0,0
BRDA:498,95,1,0
BRDA:499,96,0,11
BRDA:499,96,1,11
BRDA:515,97,0,0
BRDA:515,97,1,11
BRDA:522,98,0,0
BRDA:522,98,1,11
BRDA:522,99,0,11
BRDA:522,99,1,8
BRDA:527,100,0,11
BRDA:527,100,1,6
BRDA:528,101,0,0
BRDA:528,101,1,11
BRDA:536,102,0,11
BRDA:536,102,1,0
BRDA:536,103,0,0
BRDA:536,103,1,0
BRDA:537,104,0,11
BRDA:537,104,1,11
BRDA:575,105,0,0
BRDA:575,105,1,0
BRDA:575,106,0,0
BRDA:575,106,1,0
BRDA:578,107,0,0
BRDA:578,107,1,0
BRDA:583,108,0,0
BRDA:583,108,1,0
BRDA:583,109,0,0
BRDA:583,109,1,0
BRDA:591,110,0,0
BRDA:591,110,1,0
BRDA:591,111,0,0
BRDA:591,111,1,0
BRDA:603,112,0,0
BRDA:603,112,1,0
BRDA:603,113,0,0
BRDA:603,113,1,0
BRDA:603,113,2,0
BRDA:606,114,0,0
BRDA:606,114,1,0
BRDA:606,115,0,0
BRDA:606,115,1,0
BRDA:606,115,2,0
BRDA:606,115,3,0
BRDA:614,116,0,0
BRDA:614,116,1,0
BRDA:636,117,0,0
BRDA:636,117,1,0
BRDA:636,118,0,0
BRDA:636,118,1,0
BRDA:646,119,0,0
BRDA:646,119,1,0
BRDA:650,120,0,0
BRDA:650,120,1,0
BRDA:650,121,0,0
BRDA:650,121,1,0
BRDA:650,121,2,0
BRDA:652,122,0,0
BRDA:652,122,1,0
BRDA:652,123,0,0
BRDA:652,123,1,0
BRDA:660,124,0,0
BRDA:660,124,1,0
BRDA:681,125,0,0
BRDA:681,125,1,0
BRDA:683,126,0,0
BRDA:683,126,1,0
BRDA:685,127,0,0
BRDA:685,127,1,0
BRDA:685,128,0,0
BRDA:685,128,1,0
BRDA:685,128,2,0
BRDA:685,128,3,0
BRDA:696,129,0,0
BRDA:696,129,1,0
BRDA:696,130,0,0
BRDA:696,130,1,0
BRDA:698,131,0,0
BRDA:698,131,1,0
BRDA:699,132,0,0
BRDA:699,132,1,0
BRDA:699,132,2,0
BRDA:699,132,3,0
BRDA:699,132,4,0
BRDA:734,133,0,0
BRDA:734,133,1,0
BRDA:734,134,0,0
BRDA:734,134,1,0
BRDA:736,135,0,0
BRDA:736,135,1,0
BRDA:737,136,0,0
BRDA:737,136,1,0
BRDA:737,137,0,0
BRDA:737,137,1,0
BRDA:739,138,0,0
BRDA:739,138,1,0
BRDA:740,139,0,0
BRDA:740,139,1,0
BRDA:740,140,0,0
BRDA:740,140,1,0
BRDA:740,140,2,0
BRDA:744,141,0,0
BRDA:744,141,1,0
BRDA:744,142,0,0
BRDA:744,142,1,0
BRDA:770,143,0,0
BRDA:770,143,1,0
BRDA:777,144,0,0
BRDA:777,144,1,0
BRDA:777,145,0,0
BRDA:777,145,1,0
BRDA:779,146,0,0
BRDA:779,146,1,0
BRDA:781,147,0,0
BRDA:781,147,1,0
BRDA:818,148,0,0
BRDA:818,148,1,0
BRDA:832,149,0,0
BRDA:832,149,1,0
BRDA:832,150,0,0
BRDA:832,150,1,0
BRDA:838,151,0,0
BRDA:838,151,1,0
BRDA:840,152,0,0
BRDA:840,152,1,0
BRDA:840,153,0,0
BRDA:840,153,1,0
BRDA:848,154,0,0
BRDA:848,154,1,0
BRDA:848,155,0,0
BRDA:848,155,1,0
BRDA:850,156,0,0
BRDA:850,156,1,0
BRDA:860,157,0,18
BRDA:860,157,1,0
BRDA:885,158,0,0
BRDA:885,158,1,11
BRDA:895,159,0,11
BRDA:895,159,1,0
BRDA:895,160,0,0
BRDA:895,160,1,0
BRDA:915,161,0,0
BRDA:915,161,1,0
BRDA:917,162,0,0
BRDA:917,162,1,0
BRDA:917,163,0,0
BRDA:917,163,1,0
BRDA:917,164,0,0
BRDA:917,164,1,0
BRDA:917,165,0,0
BRDA:917,165,1,0
BRDA:921,166,0,0
BRDA:921,166,1,0
BRDA:944,167,0,0
BRDA:944,167,1,0
BRDA:944,168,0,0
BRDA:944,168,1,0
BRDA:983,169,0,0
BRDA:983,169,1,0
BRDA:987,170,0,0
BRDA:987,170,1,0
BRDA:1003,171,0,0
BRDA:1003,171,1,0
BRDA:1004,172,0,0
BRDA:1004,172,1,0
BRDA:1007,173,0,0
BRDA:1007,173,1,0
BRDA:1008,174,0,0
BRDA:1008,174,1,0
BRDA:1009,175,0,0
BRDA:1009,175,1,0
BRDA:1090,176,0,0
BRDA:1090,176,1,0
BRDA:1092,177,0,0
BRDA:1092,177,1,0
BRDA:1112,178,0,0
BRDA:1112,178,1,0
BRDA:1118,179,0,0
BRDA:1118,179,1,0
BRDA:1139,180,0,0
BRDA:1139,180,1,0
BRDA:1148,181,0,0
BRDA:1148,181,1,0
BRDA:1148,182,0,0
BRDA:1148,182,1,0
BRDA:1150,183,0,0
BRDA:1150,183,1,0
BRDA:1150,184,0,0
BRDA:1150,184,1,0
BRF:384
BRH:138
end_of_record
TN:
SF:src\pipeline\quality-checklist.ts
FN:54,check
FN:64,runTier1
FN:143,(anonymous_2)
FN:203,(anonymous_3)
FN:345,selectPrecisionTargets
FN:356,buildPrecisionPrompt
FN:363,(anonymous_6)
FN:364,(anonymous_7)
FN:375,(anonymous_8)
FN:402,generateChecklistReport
FN:408,(anonymous_10)
FN:409,(anonymous_11)
FN:410,(anonymous_12)
FN:411,(anonymous_13)
FN:416,(anonymous_14)
FN:417,(anonymous_15)
FN:419,(anonymous_16)
FN:425,(anonymous_17)
FN:426,(anonymous_18)
FNF:19
FNH:18
FNDA:336,check
FNDA:22,runTier1
FNDA:0,(anonymous_2)
FNDA:1,(anonymous_3)
FNDA:2,selectPrecisionTargets
FNDA:1,buildPrecisionPrompt
FNDA:1,(anonymous_6)
FNDA:1,(anonymous_7)
FNDA:1,(anonymous_8)
FNDA:4,generateChecklistReport
FNDA:64,(anonymous_10)
FNDA:64,(anonymous_11)
FNDA:64,(anonymous_12)
FNDA:64,(anonymous_13)
FNDA:64,(anonymous_14)
FNDA:64,(anonymous_15)
FNDA:60,(anonymous_16)
FNDA:63,(anonymous_17)
FNDA:36,(anonymous_18)
DA:61,336
DA:64,2
DA:65,22
DA:66,22
DA:67,22
DA:72,22
DA:73,22
DA:81,22
DA:82,22
DA:90,22
DA:91,22
DA:99,22
DA:100,22
DA:101,22
DA:102,22
DA:112,22
DA:113,22
DA:114,84
DA:115,84
DA:117,22
DA:125,22
DA:126,22
DA:134,22
DA:135,22
DA:136,22
DA:137,84
DA:138,84
DA:139,0
DA:140,0
DA:143,22
DA:144,22
DA:154,22
DA:155,22
DA:156,84
DA:157,84
DA:158,84
DA:160,22
DA:168,22
DA:169,22
DA:170,22
DA:171,22
DA:179,22
DA:180,22
DA:181,22
DA:191,22
DA:192,22
DA:200,22
DA:201,22
DA:202,22
DA:203,1
DA:204,1
DA:205,1
DA:208,22
DA:216,22
DA:217,22
DA:227,22
DA:228,22
DA:236,22
DA:237,22
DA:247,22
DA:248,22
DA:249,84
DA:250,8
DA:251,8
DA:254,22
DA:255,2
DA:263,22
DA:264,22
DA:265,22
DA:266,22
DA:267,22
DA:268,22
DA:269,2
DA:277,22
DA:278,22
DA:279,84
DA:280,84
DA:282,22
DA:283,1
DA:291,22
DA:292,22
DA:293,22
DA:294,0
DA:302,22
DA:303,22
DA:304,84
DA:306,22
DA:307,1
DA:315,22
DA:316,22
DA:317,0
DA:325,22
DA:326,22
DA:327,0
DA:334,22
DA:345,2
DA:346,2
DA:347,2
DA:348,4
DA:349,2
DA:352,2
DA:356,2
DA:362,1
DA:363,1
DA:364,1
DA:367,1
DA:375,1
DA:377,1
DA:402,2
DA:407,4
DA:408,64
DA:409,64
DA:410,64
DA:411,64
DA:412,4
DA:416,64
DA:417,64
DA:418,4
DA:419,60
DA:422,4
DA:423,4
DA:425,63
DA:426,36
DA:430,4
DA:431,1
DA:432,1
DA:433,3
DA:434,2
DA:435,2
DA:436,1
DA:437,0
DA:438,0
DA:439,1
DA:440,0
DA:441,0
DA:443,1
DA:444,1
DA:447,4
LF:138
LH:129
BRDA:59,0,0,226
BRDA:72,1,0,22
BRDA:72,1,1,20
BRDA:76,2,0,20
BRDA:76,2,1,2
BRDA:76,3,0,1
BRDA:76,3,1,1
BRDA:77,4,0,2
BRDA:77,4,1,20
BRDA:81,5,0,22
BRDA:81,5,1,20
BRDA:85,6,0,20
BRDA:85,6,1,2
BRDA:86,7,0,2
BRDA:86,7,1,20
BRDA:90,8,0,22
BRDA:90,8,1,20
BRDA:94,9,0,20
BRDA:94,9,1,2
BRDA:94,10,0,2
BRDA:94,10,1,0
BRDA:95,11,0,2
BRDA:95,11,1,20
BRDA:99,12,0,22
BRDA:99,12,1,22
BRDA:100,13,0,22
BRDA:100,13,1,17
BRDA:101,14,0,5
BRDA:101,14,1,17
BRDA:105,15,0,17
BRDA:105,15,1,5
BRDA:105,16,0,0
BRDA:105,16,1,5
BRDA:114,17,0,3
BRDA:114,17,1,81
BRDA:115,18,0,3
BRDA:115,18,1,81
BRDA:115,19,0,84
BRDA:115,19,1,22
BRDA:120,20,0,21
BRDA:120,20,1,1
BRDA:120,21,0,0
BRDA:120,21,1,1
BRDA:125,22,0,22
BRDA:125,22,1,18
BRDA:129,23,0,18
BRDA:129,23,1,4
BRDA:129,24,0,3
BRDA:129,24,1,1
BRDA:130,25,0,4
BRDA:130,25,1,18
BRDA:137,26,0,0
BRDA:137,26,1,84
BRDA:138,27,0,0
BRDA:138,27,1,84
BRDA:138,28,0,84
BRDA:138,28,1,0
BRDA:147,29,0,22
BRDA:147,29,1,0
BRDA:147,30,0,0
BRDA:147,30,1,0
BRDA:148,31,0,0
BRDA:148,31,1,22
BRDA:156,32,0,8
BRDA:156,32,1,76
BRDA:157,33,0,8
BRDA:157,33,1,76
BRDA:157,34,0,84
BRDA:157,34,1,22
BRDA:158,35,0,1
BRDA:158,35,1,83
BRDA:158,36,0,84
BRDA:158,36,1,3
BRDA:163,37,0,21
BRDA:163,37,1,1
BRDA:163,38,0,1
BRDA:163,38,1,0
BRDA:164,39,0,1
BRDA:164,39,1,21
BRDA:168,40,0,22
BRDA:168,40,1,20
BRDA:169,41,0,22
BRDA:169,41,1,22
BRDA:174,42,0,20
BRDA:174,42,1,2
BRDA:175,43,0,2
BRDA:175,43,1,20
BRDA:179,44,0,22
BRDA:179,44,1,20
BRDA:180,45,0,22
BRDA:180,45,1,22
BRDA:184,46,0,22
BRDA:184,46,1,0
BRDA:184,47,0,22
BRDA:184,47,1,0
BRDA:191,48,0,22
BRDA:191,48,1,21
BRDA:195,49,0,21
BRDA:195,49,1,1
BRDA:195,50,0,0
BRDA:195,50,1,1
BRDA:196,51,0,1
BRDA:196,51,1,21
BRDA:200,52,0,22
BRDA:200,52,1,21
BRDA:203,53,0,1
BRDA:203,53,1,0
BRDA:205,54,0,0
BRDA:205,54,1,1
BRDA:205,55,0,1
BRDA:205,55,1,1
BRDA:211,56,0,22
BRDA:211,56,1,0
BRDA:211,57,0,0
BRDA:211,57,1,0
BRDA:212,58,0,0
BRDA:212,58,1,22
BRDA:216,59,0,22
BRDA:216,59,1,22
BRDA:220,60,0,22
BRDA:220,60,1,0
BRDA:220,61,0,0
BRDA:220,61,1,0
BRDA:221,62,0,0
BRDA:221,62,1,22
BRDA:227,63,0,22
BRDA:227,63,1,20
BRDA:231,64,0,20
BRDA:231,64,1,2
BRDA:232,65,0,2
BRDA:232,65,1,20
BRDA:236,66,0,22
BRDA:236,66,1,22
BRDA:240,67,0,22
BRDA:240,67,1,0
BRDA:241,68,0,0
BRDA:241,68,1,22
BRDA:249,69,0,8
BRDA:249,69,1,76
BRDA:251,70,0,2
BRDA:251,70,1,6
BRDA:251,71,0,8
BRDA:251,71,1,8
BRDA:254,72,0,2
BRDA:254,72,1,20
BRDA:263,73,0,22
BRDA:263,73,1,9
BRDA:264,74,0,22
BRDA:264,74,1,20
BRDA:265,75,0,22
BRDA:265,75,1,22
BRDA:267,76,0,14
BRDA:267,76,1,8
BRDA:268,77,0,2
BRDA:268,77,1,20
BRDA:268,78,0,22
BRDA:268,78,1,3
BRDA:279,79,0,1
BRDA:279,79,1,83
BRDA:280,80,0,0
BRDA:280,80,1,84
BRDA:282,81,0,1
BRDA:282,81,1,21
BRDA:291,82,0,22
BRDA:291,82,1,22
BRDA:292,83,0,22
BRDA:292,83,1,22
BRDA:293,84,0,0
BRDA:293,84,1,22
BRDA:293,85,0,22
BRDA:293,85,1,22
BRDA:304,86,0,2
BRDA:304,86,1,82
BRDA:306,87,0,1
BRDA:306,87,1,21
BRDA:315,88,0,22
BRDA:315,88,1,22
BRDA:316,89,0,0
BRDA:316,89,1,22
BRDA:325,90,0,22
BRDA:325,90,1,22
BRDA:326,91,0,0
BRDA:326,91,1,22
BRDA:326,92,0,22
BRDA:326,92,1,0
BRDA:348,93,0,2
BRDA:348,93,1,2
BRDA:348,94,0,4
BRDA:348,94,1,3
BRDA:363,95,0,1
BRDA:363,95,1,0
BRDA:364,96,0,1
BRDA:364,96,1,0
BRDA:405,97,0,4
BRDA:416,98,0,64
BRDA:416,98,1,64
BRDA:417,99,0,64
BRDA:417,99,1,4
BRDA:418,100,0,4
BRDA:418,100,1,0
BRDA:419,101,0,55
BRDA:419,101,1,5
BRDA:419,102,0,2
BRDA:419,102,1,3
BRDA:425,103,0,63
BRDA:425,103,1,7
BRDA:426,104,0,36
BRDA:426,104,1,14
BRDA:430,105,0,1
BRDA:430,105,1,3
BRDA:433,106,0,2
BRDA:433,106,1,1
BRDA:436,107,0,0
BRDA:436,107,1,1
BRDA:439,108,0,0
BRDA:439,108,1,1
BRF:216
BRH:180
end_of_record
TN:
SF:src\pipeline\stress-test.ts
FN:64,getScenarios
FN:90,computeStaticMetrics
FN:124,(anonymous_2)
FN:156,buildMetricsBlock
FN:176,analyzeStress
FN:194,(anonymous_5)
FN:235,runStressReport
FN:249,(anonymous_7)
FN:250,(anonymous_8)
FNF:9
FNH:0
FNDA:0,getScenarios
FNDA:0,computeStaticMetrics
FNDA:0,(anonymous_2)
FNDA:0,buildMetricsBlock
FNDA:0,analyzeStress
FNDA:0,(anonymous_5)
FNDA:0,runStressReport
FNDA:0,(anonymous_7)
FNDA:0,(anonymous_8)
DA:5,2
DA:56,2
DA:64,2
DA:65,0
DA:91,0
DA:92,0
DA:95,0
DA:98,0
DA:99,0
DA:100,0
DA:101,0
DA:102,0
DA:103,0
DA:104,0
DA:106,0
DA:110,0
DA:111,0
DA:112,0
DA:113,0
DA:114,0
DA:115,0
DA:118,0
DA:119,0
DA:120,0
DA:121,0
DA:124,0
DA:125,0
DA:126,0
DA:127,0
DA:128,0
DA:131,0
DA:132,0
DA:134,0
DA:150,2
DA:157,0
DA:158,0
DA:159,0
DA:160,0
DA:161,0
DA:162,0
DA:164,0
DA:176,2
DA:182,0
DA:183,0
DA:185,0
DA:186,0
DA:194,0
DA:198,0
DA:199,0
DA:200,0
DA:201,0
DA:203,0
DA:208,0
DA:226,0
DA:235,2
DA:241,0
DA:242,0
DA:244,0
DA:245,0
DA:246,0
DA:249,0
DA:250,0
DA:252,0
DA:254,0
LF:64
LH:6
BRDA:95,0,0,0
BRDA:95,0,1,0
BRDA:102,1,0,0
BRDA:102,1,1,0
BRDA:104,2,0,0
BRDA:104,2,1,0
BRDA:106,3,0,0
BRDA:106,3,1,0
BRDA:106,4,0,0
BRDA:106,4,1,0
BRDA:113,5,0,0
BRDA:113,5,1,0
BRDA:114,6,0,0
BRDA:114,6,1,0
BRDA:114,7,0,0
BRDA:114,7,1,0
BRDA:115,8,0,0
BRDA:115,8,1,0
BRDA:115,9,0,0
BRDA:115,9,1,0
BRDA:118,10,0,0
BRDA:118,10,1,0
BRDA:119,11,0,0
BRDA:119,11,1,0
BRDA:120,12,0,0
BRDA:120,12,1,0
BRDA:121,13,0,0
BRDA:121,13,1,0
BRDA:124,14,0,0
BRDA:124,14,1,0
BRDA:128,15,0,0
BRDA:128,15,1,0
BRDA:128,16,0,0
BRDA:128,16,1,0
BRDA:131,17,0,0
BRDA:131,17,1,0
BRDA:132,18,0,0
BRDA:132,18,1,0
BRDA:158,19,0,0
BRDA:158,19,1,0
BRDA:159,20,0,0
BRDA:159,20,1,0
BRDA:160,21,0,0
BRDA:160,21,1,0
BRDA:161,22,0,0
BRDA:161,22,1,0
BRDA:162,23,0,0
BRDA:162,23,1,0
BRDA:172,24,0,0
BRDA:172,24,1,0
BRDA:200,25,0,0
BRDA:200,25,1,0
BRDA:201,26,0,0
BRDA:201,26,1,0
BRDA:203,27,0,0
BRDA:203,27,1,0
BRDA:203,28,0,0
BRDA:203,28,1,0
BRDA:204,29,0,0
BRDA:204,29,1,0
BRDA:204,30,0,0
BRDA:204,30,1,0
BRDA:205,31,0,0
BRDA:205,31,1,0
BRDA:205,32,0,0
BRDA:205,32,1,0
BRDA:206,33,0,0
BRDA:206,33,1,0
BRDA:212,34,0,0
BRDA:212,34,1,0
BRDA:213,35,0,0
BRDA:213,35,1,0
BRDA:214,36,0,0
BRDA:214,36,1,0
BRDA:215,37,0,0
BRDA:215,37,1,0
BRDA:217,38,0,0
BRDA:217,38,1,0
BRDA:218,39,0,0
BRDA:218,39,1,0
BRDA:219,40,0,0
BRDA:219,40,1,0
BRDA:223,41,0,0
BRDA:223,41,1,0
BRDA:241,42,0,0
BRDA:241,42,1,0
BRDA:245,43,0,0
BRDA:245,43,1,0
BRDA:249,44,0,0
BRDA:249,44,1,0
BRDA:249,45,0,0
BRDA:249,45,1,0
BRDA:249,46,0,0
BRDA:249,46,1,0
BRDA:249,47,0,0
BRDA:249,47,1,0
BRDA:252,48,0,0
BRDA:252,48,1,0
BRDA:252,49,0,0
BRDA:252,49,1,0
BRDA:252,50,0,0
BRDA:252,50,1,0
BRDA:252,51,0,0
BRDA:252,51,1,0
BRF:104
BRH:0
end_of_record
TN:
SF:src\pipeline\verification-loop.ts
FN:112,classifyFix
FN:116,isSafeToApply
FN:145,calculateCombinedScore
FN:179,deriveStatus
FN:195,checkHardGates
FN:220,applyFixes
FN:226,(anonymous_6)
FN:254,extractFindings
FN:285,buildSuppressedRuleIds
FN:322,filterFalsePositives
FN:329,(anonymous_10)
FN:345,runVerificationLoop
FN:384,(anonymous_12)
FN:390,(anonymous_13)
FN:407,(anonymous_14)
FN:422,(anonymous_15)
FN:487,(anonymous_16)
FN:565,buildResult
FNF:18
FNH:0
FNDA:0,classifyFix
FNDA:0,isSafeToApply
FNDA:0,calculateCombinedScore
FNDA:0,deriveStatus
FNDA:0,checkHardGates
FNDA:0,applyFixes
FNDA:0,(anonymous_6)
FNDA:0,extractFindings
FNDA:0,buildSuppressedRuleIds
FNDA:0,filterFalsePositives
FNDA:0,(anonymous_10)
FNDA:0,runVerificationLoop
FNDA:0,(anonymous_12)
FNDA:0,(anonymous_13)
FNDA:0,(anonymous_14)
FNDA:0,(anonymous_15)
FNDA:0,(anonymous_16)
FNDA:0,buildResult
DA:7,1
DA:9,1
DA:11,1
DA:14,1
DA:16,1
DA:18,1
DA:21,1
DA:23,1
DA:27,1
DA:29,1
DA:90,1
DA:113,0
DA:121,0
DA:123,0
DA:124,0
DA:126,0
DA:146,0
DA:147,0
DA:149,0
DA:150,0
DA:153,0
DA:154,0
DA:157,0
DA:158,0
DA:161,0
DA:162,0
DA:163,0
DA:164,0
DA:165,0
DA:166,0
DA:167,0
DA:168,0
DA:169,0
DA:170,0
DA:173,0
DA:176,0
DA:183,0
DA:184,0
DA:185,0
DA:196,0
DA:198,0
DA:199,0
DA:201,0
DA:202,0
DA:204,0
DA:205,0
DA:207,0
DA:208,0
DA:211,0
DA:221,0
DA:223,0
DA:226,0
DA:228,0
DA:229,0
DA:232,0
DA:233,0
DA:234,0
DA:241,0
DA:255,0
DA:257,0
DA:258,0
DA:259,0
DA:260,0
DA:261,0
DA:263,0
DA:264,0
DA:265,0
DA:267,0
DA:271,0
DA:286,0
DA:288,0
DA:289,0
DA:290,0
DA:291,0
DA:294,0
DA:296,0
DA:297,0
DA:298,0
DA:299,0
DA:300,0
DA:301,0
DA:302,0
DA:303,0
DA:304,0
DA:305,0
DA:306,0
DA:307,0
DA:309,0
DA:310,0
DA:311,0
DA:316,0
DA:326,0
DA:327,0
DA:329,0
DA:331,0
DA:332,0
DA:333,0
DA:335,0
DA:345,1
DA:353,0
DA:354,0
DA:355,0
DA:356,0
DA:357,0
DA:359,0
DA:362,0
DA:363,0
DA:365,0
DA:374,0
DA:375,0
DA:381,0
DA:383,0
DA:384,0
DA:385,0
DA:390,0
DA:397,0
DA:398,0
DA:399,0
DA:400,0
DA:401,0
DA:402,0
DA:407,0
DA:415,0
DA:416,0
DA:418,0
DA:421,0
DA:422,0
DA:427,0
DA:428,0
DA:429,0
DA:431,0
DA:437,0
DA:438,0
DA:439,0
DA:441,0
DA:447,0
DA:448,0
DA:449,0
DA:451,0
DA:456,0
DA:466,0
DA:469,0
DA:477,0
DA:478,0
DA:479,0
DA:481,0
DA:482,0
DA:484,0
DA:487,0
DA:488,0
DA:490,0
DA:493,0
DA:494,0
DA:495,0
DA:498,0
DA:519,0
DA:520,0
DA:523,0
DA:524,0
DA:528,0
DA:529,0
DA:533,0
DA:534,0
DA:538,0
DA:539,0
DA:540,0
DA:541,0
DA:546,0
DA:550,0
DA:573,0
DA:574,0
DA:576,0
LF:172
LH:12
BRDA:121,0,0,0
BRDA:121,0,1,0
BRDA:124,1,0,0
BRDA:124,1,1,0
BRDA:161,2,0,0
BRDA:161,2,1,0
BRDA:161,3,0,0
BRDA:161,3,1,0
BRDA:161,3,2,0
BRDA:161,3,3,0
BRDA:165,4,0,0
BRDA:165,4,1,0
BRDA:165,5,0,0
BRDA:165,5,1,0
BRDA:168,6,0,0
BRDA:168,6,1,0
BRDA:168,7,0,0
BRDA:168,7,1,0
BRDA:183,8,0,0
BRDA:183,8,1,0
BRDA:184,9,0,0
BRDA:184,9,1,0
BRDA:198,10,0,0
BRDA:198,10,1,0
BRDA:201,11,0,0
BRDA:201,11,1,0
BRDA:204,12,0,0
BRDA:204,12,1,0
BRDA:207,13,0,0
BRDA:207,13,1,0
BRDA:221,14,0,0
BRDA:221,14,1,0
BRDA:229,15,0,0
BRDA:229,15,1,0
BRDA:229,16,0,0
BRDA:229,16,1,0
BRDA:233,17,0,0
BRDA:233,17,1,0
BRDA:260,18,0,0
BRDA:260,18,1,0
BRDA:261,19,0,0
BRDA:261,19,1,0
BRDA:264,20,0,0
BRDA:264,20,1,0
BRDA:265,21,0,0
BRDA:265,21,1,0
BRDA:289,22,0,0
BRDA:289,22,1,0
BRDA:289,23,0,0
BRDA:289,23,1,0
BRDA:290,24,0,0
BRDA:290,24,1,0
BRDA:290,25,0,0
BRDA:290,25,1,0
BRDA:291,26,0,0
BRDA:291,26,1,0
BRDA:296,27,0,0
BRDA:296,27,1,0
BRDA:296,28,0,0
BRDA:296,28,1,0
BRDA:297,29,0,0
BRDA:297,29,1,0
BRDA:297,30,0,0
BRDA:297,30,1,0
BRDA:297,31,0,0
BRDA:297,31,1,0
BRDA:297,32,0,0
BRDA:297,32,1,0
BRDA:298,33,0,0
BRDA:298,33,1,0
BRDA:298,34,0,0
BRDA:298,34,1,0
BRDA:299,35,0,0
BRDA:299,35,1,0
BRDA:299,36,0,0
BRDA:299,36,1,0
BRDA:300,37,0,0
BRDA:300,37,1,0
BRDA:300,38,0,0
BRDA:300,38,1,0
BRDA:301,39,0,0
BRDA:301,39,1,0
BRDA:301,40,0,0
BRDA:301,40,1,0
BRDA:302,41,0,0
BRDA:302,41,1,0
BRDA:302,42,0,0
BRDA:302,42,1,0
BRDA:303,43,0,0
BRDA:303,43,1,0
BRDA:303,44,0,0
BRDA:303,44,1,0
BRDA:304,45,0,0
BRDA:304,45,1,0
BRDA:304,46,0,0
BRDA:304,46,1,0
BRDA:305,47,0,0
BRDA:305,47,1,0
BRDA:305,48,0,0
BRDA:305,48,1,0
BRDA:306,49,0,0
BRDA:306,49,1,0
BRDA:306,50,0,0
BRDA:306,50,1,0
BRDA:307,51,0,0
BRDA:307,51,1,0
BRDA:307,52,0,0
BRDA:307,52,1,0
BRDA:309,53,0,0
BRDA:309,53,1,0
BRDA:327,54,0,0
BRDA:327,54,1,0
BRDA:332,55,0,0
BRDA:332,55,1,0
BRDA:332,56,0,0
BRDA:332,56,1,0
BRDA:383,57,0,0
BRDA:383,57,1,0
BRDA:387,58,0,0
BRDA:387,58,1,0
BRDA:387,59,0,0
BRDA:387,59,1,0
BRDA:398,60,0,0
BRDA:398,60,1,0
BRDA:398,60,2,0
BRDA:399,61,0,0
BRDA:399,61,1,0
BRDA:401,62,0,0
BRDA:401,62,1,0
BRDA:404,63,0,0
BRDA:404,63,1,0
BRDA:427,64,0,0
BRDA:427,64,1,0
BRDA:427,65,0,0
BRDA:427,65,1,0
BRDA:437,66,0,0
BRDA:437,66,1,0
BRDA:437,67,0,0
BRDA:437,67,1,0
BRDA:447,68,0,0
BRDA:447,68,1,0
BRDA:447,69,0,0
BRDA:447,69,1,0
BRDA:494,70,0,0
BRDA:494,70,1,0
BRDA:523,71,0,0
BRDA:523,71,1,0
BRDA:523,72,0,0
BRDA:523,72,1,0
BRDA:528,73,0,0
BRDA:528,73,1,0
BRDA:528,74,0,0
BRDA:528,74,1,0
BRDA:533,75,0,0
BRDA:533,75,1,0
BRDA:533,76,0,0
BRDA:533,76,1,0
BRDA:538,77,0,0
BRDA:538,77,1,0
BRDA:540,78,0,0
BRDA:540,78,1,0
BRDA:557,79,0,0
BRDA:557,79,1,0
BRDA:578,80,0,0
BRDA:578,80,1,0
BRDA:579,81,0,0
BRDA:579,81,1,0
BRDA:585,82,0,0
BRDA:585,82,1,0
BRDA:585,83,0,0
BRDA:585,83,1,0
BRF:171
BRH:0
end_of_record
